[ 2016-09-02T00:03:34+08:00 ]NOTICE: Undefined variable: goodsD:\wamp\www\Project\3601\App\Home\Controller\ShopcarController.php (17).
[ 2016-09-02T00:03:34+08:00 ]NOTICE: Invalid argument supplied for foreach()D:\wamp\www\Project\3601\App\Home\Controller\ShopcarController.php (17).
[ 2016-09-02T00:03:34+08:00 ]NOTICE: Undefined variable: gidD:\wamp\www\Project\3601\App\Home\Controller\ShopcarController.php (22).
[ 2016-09-02T00:03:34+08:00 ]EXCEPTION: SELECT  *  FROM shop_goods WHERE gid= LIMIT 1 ;BindParams:array (
)42000;1064;You have an error in your SQL syntax; check the manual that corresponds to your MySQL server version for the right syntax to use near 'LIMIT 1' at line 1
[ 2016-09-02T12:50:42+08:00 ]EXCEPTION: INSERT INTO shop_like (`userid`,`qq`)VALUES(?,?) ;BindParams:array (
  0 => 1,
  1 => 51,
)42S22;1054;Unknown column 'qq' in 'field list'
[ 2016-09-02T13:43:57+08:00 ]NOTICE: Undefined variable: gidD:\wamp\www\Project\3601\App\Home\Controller\MemberController.php (107).
[ 2016-09-02T13:43:57+08:00 ]EXCEPTION: SELECT  *  FROM shop_like WHERE userid=1 AND goodsid= ;BindParams:array (
)42000;1064;You have an error in your SQL syntax; check the manual that corresponds to your MySQL server version for the right syntax to use near '' at line 1
[ 2016-09-02T13:50:01+08:00 ]NOTICE: Array to string conversionD:\wamp\www\Project\3601\App\Home\Controller\MemberController.php (107).
[ 2016-09-02T13:50:01+08:00 ]EXCEPTION: SELECT  *  FROM shop_goods WHERE gid IN Array ;BindParams:array (
)42000;1064;You have an error in your SQL syntax; check the manual that corresponds to your MySQL server version for the right syntax to use near 'Array' at line 1
[ 2016-09-02T13:54:33+08:00 ]NOTICE: explode() expects parameter 2 to be string, array givenD:\wamp\www\Project\3601\App\Home\Controller\MemberController.php (107).
[ 2016-09-02T13:54:33+08:00 ]EXCEPTION: SELECT  *  FROM shop_goods WHERE gid IN  ;BindParams:array (
)42000;1064;You have an error in your SQL syntax; check the manual that corresponds to your MySQL server version for the right syntax to use near '' at line 1
[ 2016-09-02T13:55:17+08:00 ]EXCEPTION: SELECT  *  FROM shop_goods WHERE gid IN 51 ;BindParams:array (
)42000;1064;You have an error in your SQL syntax; check the manual that corresponds to your MySQL server version for the right syntax to use near '51' at line 1
[ 2016-09-02T13:58:43+08:00 ]NOTICE: Undefined variable: goodsDataD:\wamp\www\Project\3601\Storage\view\compile\426df984c87333689a2cd2d1df0b25b1.php (189).
[ 2016-09-02T13:58:43+08:00 ]NOTICE: Invalid argument supplied for foreach()D:\wamp\www\Project\3601\Storage\view\compile\426df984c87333689a2cd2d1df0b25b1.php (189).
[ 2016-09-02T14:01:50+08:00 ]NOTICE: Undefined variable: goodsDataD:\wamp\www\Project\3601\App\Home\Controller\MemberController.php (114).
[ 2016-09-02T14:58:06+08:00 ]NOTICE: Undefined index: inD:\wamp\www\Project\3601\Storage\view\compile\2285f5ecd290c2ae060f2c24a56dc0d2.php (651).
[ 2016-09-02T14:58:16+08:00 ]NOTICE: Undefined index: inD:\wamp\www\Project\3601\Storage\view\compile\2285f5ecd290c2ae060f2c24a56dc0d2.php (651).
[ 2016-09-02T14:59:08+08:00 ]NOTICE: Undefined index: inD:\wamp\www\Project\3601\Storage\view\compile\2285f5ecd290c2ae060f2c24a56dc0d2.php (651).
[ 2016-09-02T15:00:56+08:00 ]NOTICE: Undefined index: inD:\wamp\www\Project\3601\Storage\view\compile\2285f5ecd290c2ae060f2c24a56dc0d2.php (650).
[ 2016-09-02T15:00:56+08:00 ]NOTICE: Undefined index: inD:\wamp\www\Project\3601\Storage\view\compile\2285f5ecd290c2ae060f2c24a56dc0d2.php (655).
[ 2016-09-02T15:01:22+08:00 ]NOTICE: Undefined index: inD:\wamp\www\Project\3601\Storage\view\compile\2285f5ecd290c2ae060f2c24a56dc0d2.php (652).
[ 2016-09-02T15:01:41+08:00 ]NOTICE: Undefined index: inD:\wamp\www\Project\3601\Storage\view\compile\2285f5ecd290c2ae060f2c24a56dc0d2.php (652).
[ 2016-09-02T15:01:50+08:00 ]NOTICE: Undefined index: inD:\wamp\www\Project\3601\Storage\view\compile\2285f5ecd290c2ae060f2c24a56dc0d2.php (652).
[ 2016-09-02T15:03:42+08:00 ]NOTICE: Undefined index: inD:\wamp\www\Project\3601\Storage\view\compile\2285f5ecd290c2ae060f2c24a56dc0d2.php (658).
[ 2016-09-02T15:03:51+08:00 ]NOTICE: Undefined index: inD:\wamp\www\Project\3601\Storage\view\compile\2285f5ecd290c2ae060f2c24a56dc0d2.php (658).
[ 2016-09-02T15:06:05+08:00 ]NOTICE: Undefined index: inD:\wamp\www\Project\3601\Storage\view\compile\2285f5ecd290c2ae060f2c24a56dc0d2.php (652).
[ 2016-09-02T15:06:59+08:00 ]NOTICE: Undefined index: inD:\wamp\www\Project\3601\Storage\view\compile\2285f5ecd290c2ae060f2c24a56dc0d2.php (652).
[ 2016-09-02T15:07:41+08:00 ]NOTICE: Undefined index: inD:\wamp\www\Project\3601\Storage\view\compile\2285f5ecd290c2ae060f2c24a56dc0d2.php (652).
[ 2016-09-02T15:07:56+08:00 ]NOTICE: Undefined index: inD:\wamp\www\Project\3601\Storage\view\compile\2285f5ecd290c2ae060f2c24a56dc0d2.php (660).
[ 2016-09-02T15:08:14+08:00 ]NOTICE: Undefined index: inD:\wamp\www\Project\3601\Storage\view\compile\2285f5ecd290c2ae060f2c24a56dc0d2.php (660).
[ 2016-09-02T15:08:20+08:00 ]NOTICE: Undefined index: inD:\wamp\www\Project\3601\Storage\view\compile\2285f5ecd290c2ae060f2c24a56dc0d2.php (671).
[ 2016-09-02T15:08:50+08:00 ]NOTICE: Undefined index: inD:\wamp\www\Project\3601\Storage\view\compile\2285f5ecd290c2ae060f2c24a56dc0d2.php (679).
[ 2016-09-02T15:08:54+08:00 ]NOTICE: Undefined index: inD:\wamp\www\Project\3601\Storage\view\compile\2285f5ecd290c2ae060f2c24a56dc0d2.php (679).
[ 2016-09-02T15:09:22+08:00 ]NOTICE: Undefined index: inD:\wamp\www\Project\3601\Storage\view\compile\2285f5ecd290c2ae060f2c24a56dc0d2.php (658).
[ 2016-09-02T15:09:22+08:00 ]NOTICE: Undefined index: inD:\wamp\www\Project\3601\Storage\view\compile\2285f5ecd290c2ae060f2c24a56dc0d2.php (704).
[ 2016-09-02T15:09:24+08:00 ]NOTICE: Undefined index: inD:\wamp\www\Project\3601\Storage\view\compile\2285f5ecd290c2ae060f2c24a56dc0d2.php (658).
[ 2016-09-02T15:09:24+08:00 ]NOTICE: Undefined index: inD:\wamp\www\Project\3601\Storage\view\compile\2285f5ecd290c2ae060f2c24a56dc0d2.php (704).
[ 2016-09-02T15:10:40+08:00 ]NOTICE: Undefined index: inD:\wamp\www\Project\3601\Storage\view\compile\2285f5ecd290c2ae060f2c24a56dc0d2.php (658).
[ 2016-09-02T15:10:40+08:00 ]NOTICE: Undefined index: inD:\wamp\www\Project\3601\Storage\view\compile\2285f5ecd290c2ae060f2c24a56dc0d2.php (704).
[ 2016-09-02T15:12:14+08:00 ]NOTICE: Undefined index: inD:\wamp\www\Project\3601\Storage\view\compile\2285f5ecd290c2ae060f2c24a56dc0d2.php (657).
[ 2016-09-02T15:12:14+08:00 ]NOTICE: Undefined index: inD:\wamp\www\Project\3601\Storage\view\compile\2285f5ecd290c2ae060f2c24a56dc0d2.php (659).
[ 2016-09-02T15:12:14+08:00 ]NOTICE: Undefined index: inD:\wamp\www\Project\3601\Storage\view\compile\2285f5ecd290c2ae060f2c24a56dc0d2.php (707).
[ 2016-09-02T15:12:15+08:00 ]NOTICE: Undefined index: inD:\wamp\www\Project\3601\Storage\view\compile\2285f5ecd290c2ae060f2c24a56dc0d2.php (657).
[ 2016-09-02T15:12:15+08:00 ]NOTICE: Undefined index: inD:\wamp\www\Project\3601\Storage\view\compile\2285f5ecd290c2ae060f2c24a56dc0d2.php (659).
[ 2016-09-02T15:12:15+08:00 ]NOTICE: Undefined index: inD:\wamp\www\Project\3601\Storage\view\compile\2285f5ecd290c2ae060f2c24a56dc0d2.php (707).
[ 2016-09-02T15:12:38+08:00 ]NOTICE: Undefined index: inD:\wamp\www\Project\3601\Storage\view\compile\2285f5ecd290c2ae060f2c24a56dc0d2.php (657).
[ 2016-09-02T15:12:38+08:00 ]NOTICE: Undefined index: inD:\wamp\www\Project\3601\Storage\view\compile\2285f5ecd290c2ae060f2c24a56dc0d2.php (659).
[ 2016-09-02T15:12:38+08:00 ]NOTICE: Undefined index: inD:\wamp\www\Project\3601\Storage\view\compile\2285f5ecd290c2ae060f2c24a56dc0d2.php (707).
[ 2016-09-02T15:12:44+08:00 ]NOTICE: Undefined index: inD:\wamp\www\Project\3601\Storage\view\compile\2285f5ecd290c2ae060f2c24a56dc0d2.php (657).
[ 2016-09-02T15:12:44+08:00 ]NOTICE: Undefined index: inD:\wamp\www\Project\3601\Storage\view\compile\2285f5ecd290c2ae060f2c24a56dc0d2.php (707).
[ 2016-09-02T15:12:54+08:00 ]NOTICE: Undefined index: inD:\wamp\www\Project\3601\Storage\view\compile\2285f5ecd290c2ae060f2c24a56dc0d2.php (657).
[ 2016-09-02T15:12:54+08:00 ]NOTICE: Undefined index: inD:\wamp\www\Project\3601\Storage\view\compile\2285f5ecd290c2ae060f2c24a56dc0d2.php (693).
[ 2016-09-02T15:13:03+08:00 ]NOTICE: Undefined index: inD:\wamp\www\Project\3601\Storage\view\compile\2285f5ecd290c2ae060f2c24a56dc0d2.php (690).
[ 2016-09-02T15:44:05+08:00 ]NOTICE: Undefined index: inD:\wamp\www\Project\3601\Storage\view\compile\2285f5ecd290c2ae060f2c24a56dc0d2.php (702).
[ 2016-09-02T15:45:03+08:00 ]NOTICE: Undefined index: inD:\wamp\www\Project\3601\Storage\view\compile\2285f5ecd290c2ae060f2c24a56dc0d2.php (702).
[ 2016-09-02T16:11:08+08:00 ]EXCEPTION: Method Home\Controller\MemberController::address() does not exist
[ 2016-09-02T16:15:20+08:00 ]NOTICE: Undefined variable: orD:\wamp\www\Project\3601\Storage\view\compile\86abb8938152e79086879ae8bedbe86f.php (177).
[ 2016-09-02T16:15:20+08:00 ]NOTICE: Undefined variable: ofD:\wamp\www\Project\3601\Storage\view\compile\86abb8938152e79086879ae8bedbe86f.php (178).
[ 2016-09-02T16:15:20+08:00 ]NOTICE: Undefined variable: ozD:\wamp\www\Project\3601\Storage\view\compile\86abb8938152e79086879ae8bedbe86f.php (181).
[ 2016-09-02T16:22:44+08:00 ]NOTICE: Undefined variable: arrAddD:\wamp\www\Project\3601\App\Home\Controller\MemberController.php (136).
[ 2016-09-02T18:07:18+08:00 ]NOTICE: Undefined variable: kD:\wamp\www\Project\3601\Storage\view\compile\86abb8938152e79086879ae8bedbe86f.php (215).
[ 2016-09-02T18:07:18+08:00 ]NOTICE: Undefined variable: kD:\wamp\www\Project\3601\Storage\view\compile\86abb8938152e79086879ae8bedbe86f.php (215).
[ 2016-09-02T18:07:18+08:00 ]NOTICE: Undefined variable: kD:\wamp\www\Project\3601\Storage\view\compile\86abb8938152e79086879ae8bedbe86f.php (215).
[ 2016-09-02T18:07:18+08:00 ]NOTICE: Undefined variable: kD:\wamp\www\Project\3601\Storage\view\compile\86abb8938152e79086879ae8bedbe86f.php (215).
[ 2016-09-02T18:07:18+08:00 ]NOTICE: Undefined variable: kD:\wamp\www\Project\3601\Storage\view\compile\86abb8938152e79086879ae8bedbe86f.php (215).
[ 2016-09-02T18:07:18+08:00 ]NOTICE: Undefined variable: kD:\wamp\www\Project\3601\Storage\view\compile\86abb8938152e79086879ae8bedbe86f.php (215).
[ 2016-09-02T18:07:18+08:00 ]NOTICE: Undefined variable: kD:\wamp\www\Project\3601\Storage\view\compile\86abb8938152e79086879ae8bedbe86f.php (215).
[ 2016-09-02T18:07:18+08:00 ]NOTICE: Undefined variable: kD:\wamp\www\Project\3601\Storage\view\compile\86abb8938152e79086879ae8bedbe86f.php (215).
[ 2016-09-02T18:07:18+08:00 ]NOTICE: Undefined variable: kD:\wamp\www\Project\3601\Storage\view\compile\86abb8938152e79086879ae8bedbe86f.php (215).
[ 2016-09-02T18:07:18+08:00 ]NOTICE: Undefined variable: kD:\wamp\www\Project\3601\Storage\view\compile\86abb8938152e79086879ae8bedbe86f.php (215).
[ 2016-09-02T18:07:18+08:00 ]NOTICE: Undefined variable: kD:\wamp\www\Project\3601\Storage\view\compile\86abb8938152e79086879ae8bedbe86f.php (215).
[ 2016-09-02T18:07:30+08:00 ]NOTICE: Undefined variable: kD:\wamp\www\Project\3601\Storage\view\compile\86abb8938152e79086879ae8bedbe86f.php (215).
[ 2016-09-02T18:07:30+08:00 ]NOTICE: Undefined variable: kD:\wamp\www\Project\3601\Storage\view\compile\86abb8938152e79086879ae8bedbe86f.php (215).
[ 2016-09-02T18:07:30+08:00 ]NOTICE: Undefined variable: kD:\wamp\www\Project\3601\Storage\view\compile\86abb8938152e79086879ae8bedbe86f.php (215).
[ 2016-09-02T18:07:30+08:00 ]NOTICE: Undefined variable: kD:\wamp\www\Project\3601\Storage\view\compile\86abb8938152e79086879ae8bedbe86f.php (215).
[ 2016-09-02T18:07:30+08:00 ]NOTICE: Undefined variable: kD:\wamp\www\Project\3601\Storage\view\compile\86abb8938152e79086879ae8bedbe86f.php (215).
[ 2016-09-02T18:07:30+08:00 ]NOTICE: Undefined variable: kD:\wamp\www\Project\3601\Storage\view\compile\86abb8938152e79086879ae8bedbe86f.php (215).
[ 2016-09-02T18:07:30+08:00 ]NOTICE: Undefined variable: kD:\wamp\www\Project\3601\Storage\view\compile\86abb8938152e79086879ae8bedbe86f.php (215).
[ 2016-09-02T18:07:30+08:00 ]NOTICE: Undefined variable: kD:\wamp\www\Project\3601\Storage\view\compile\86abb8938152e79086879ae8bedbe86f.php (215).
[ 2016-09-02T18:07:30+08:00 ]NOTICE: Undefined variable: kD:\wamp\www\Project\3601\Storage\view\compile\86abb8938152e79086879ae8bedbe86f.php (215).
[ 2016-09-02T18:07:30+08:00 ]NOTICE: Undefined variable: kD:\wamp\www\Project\3601\Storage\view\compile\86abb8938152e79086879ae8bedbe86f.php (215).
[ 2016-09-02T18:07:30+08:00 ]NOTICE: Undefined variable: kD:\wamp\www\Project\3601\Storage\view\compile\86abb8938152e79086879ae8bedbe86f.php (215).
[ 2016-09-02T18:07:38+08:00 ]NOTICE: Undefined variable: kD:\wamp\www\Project\3601\Storage\view\compile\86abb8938152e79086879ae8bedbe86f.php (215).
[ 2016-09-02T18:07:38+08:00 ]NOTICE: Undefined variable: kD:\wamp\www\Project\3601\Storage\view\compile\86abb8938152e79086879ae8bedbe86f.php (215).
[ 2016-09-02T18:07:38+08:00 ]NOTICE: Undefined variable: kD:\wamp\www\Project\3601\Storage\view\compile\86abb8938152e79086879ae8bedbe86f.php (215).
[ 2016-09-02T18:07:38+08:00 ]NOTICE: Undefined variable: kD:\wamp\www\Project\3601\Storage\view\compile\86abb8938152e79086879ae8bedbe86f.php (215).
[ 2016-09-02T18:07:38+08:00 ]NOTICE: Undefined variable: kD:\wamp\www\Project\3601\Storage\view\compile\86abb8938152e79086879ae8bedbe86f.php (215).
[ 2016-09-02T18:07:38+08:00 ]NOTICE: Undefined variable: kD:\wamp\www\Project\3601\Storage\view\compile\86abb8938152e79086879ae8bedbe86f.php (215).
[ 2016-09-02T18:07:38+08:00 ]NOTICE: Undefined variable: kD:\wamp\www\Project\3601\Storage\view\compile\86abb8938152e79086879ae8bedbe86f.php (215).
[ 2016-09-02T18:07:38+08:00 ]NOTICE: Undefined variable: kD:\wamp\www\Project\3601\Storage\view\compile\86abb8938152e79086879ae8bedbe86f.php (215).
[ 2016-09-02T18:07:38+08:00 ]NOTICE: Undefined variable: kD:\wamp\www\Project\3601\Storage\view\compile\86abb8938152e79086879ae8bedbe86f.php (215).
[ 2016-09-02T18:07:38+08:00 ]NOTICE: Undefined variable: kD:\wamp\www\Project\3601\Storage\view\compile\86abb8938152e79086879ae8bedbe86f.php (215).
[ 2016-09-02T18:07:38+08:00 ]NOTICE: Undefined variable: kD:\wamp\www\Project\3601\Storage\view\compile\86abb8938152e79086879ae8bedbe86f.php (215).
[ 2016-09-02T18:07:47+08:00 ]NOTICE: Undefined variable: kD:\wamp\www\Project\3601\Storage\view\compile\86abb8938152e79086879ae8bedbe86f.php (215).
[ 2016-09-02T18:07:47+08:00 ]NOTICE: Undefined variable: kD:\wamp\www\Project\3601\Storage\view\compile\86abb8938152e79086879ae8bedbe86f.php (215).
[ 2016-09-02T18:07:47+08:00 ]NOTICE: Undefined variable: kD:\wamp\www\Project\3601\Storage\view\compile\86abb8938152e79086879ae8bedbe86f.php (215).
[ 2016-09-02T18:07:47+08:00 ]NOTICE: Undefined variable: kD:\wamp\www\Project\3601\Storage\view\compile\86abb8938152e79086879ae8bedbe86f.php (215).
[ 2016-09-02T18:07:47+08:00 ]NOTICE: Undefined variable: kD:\wamp\www\Project\3601\Storage\view\compile\86abb8938152e79086879ae8bedbe86f.php (215).
[ 2016-09-02T18:07:47+08:00 ]NOTICE: Undefined variable: kD:\wamp\www\Project\3601\Storage\view\compile\86abb8938152e79086879ae8bedbe86f.php (215).
[ 2016-09-02T18:07:47+08:00 ]NOTICE: Undefined variable: kD:\wamp\www\Project\3601\Storage\view\compile\86abb8938152e79086879ae8bedbe86f.php (215).
[ 2016-09-02T18:07:47+08:00 ]NOTICE: Undefined variable: kD:\wamp\www\Project\3601\Storage\view\compile\86abb8938152e79086879ae8bedbe86f.php (215).
[ 2016-09-02T18:07:47+08:00 ]NOTICE: Undefined variable: kD:\wamp\www\Project\3601\Storage\view\compile\86abb8938152e79086879ae8bedbe86f.php (215).
[ 2016-09-02T18:07:47+08:00 ]NOTICE: Undefined variable: kD:\wamp\www\Project\3601\Storage\view\compile\86abb8938152e79086879ae8bedbe86f.php (215).
[ 2016-09-02T18:07:47+08:00 ]NOTICE: Undefined variable: kD:\wamp\www\Project\3601\Storage\view\compile\86abb8938152e79086879ae8bedbe86f.php (215).
[ 2016-09-02T18:08:08+08:00 ]NOTICE: Undefined variable: kD:\wamp\www\Project\3601\Storage\view\compile\86abb8938152e79086879ae8bedbe86f.php (215).
[ 2016-09-02T18:08:08+08:00 ]NOTICE: Undefined variable: kD:\wamp\www\Project\3601\Storage\view\compile\86abb8938152e79086879ae8bedbe86f.php (215).
[ 2016-09-02T18:08:08+08:00 ]NOTICE: Undefined variable: kD:\wamp\www\Project\3601\Storage\view\compile\86abb8938152e79086879ae8bedbe86f.php (215).
[ 2016-09-02T18:08:08+08:00 ]NOTICE: Undefined variable: kD:\wamp\www\Project\3601\Storage\view\compile\86abb8938152e79086879ae8bedbe86f.php (215).
[ 2016-09-02T18:08:08+08:00 ]NOTICE: Undefined variable: kD:\wamp\www\Project\3601\Storage\view\compile\86abb8938152e79086879ae8bedbe86f.php (215).
[ 2016-09-02T18:08:08+08:00 ]NOTICE: Undefined variable: kD:\wamp\www\Project\3601\Storage\view\compile\86abb8938152e79086879ae8bedbe86f.php (215).
[ 2016-09-02T18:08:08+08:00 ]NOTICE: Undefined variable: kD:\wamp\www\Project\3601\Storage\view\compile\86abb8938152e79086879ae8bedbe86f.php (215).
[ 2016-09-02T18:08:08+08:00 ]NOTICE: Undefined variable: kD:\wamp\www\Project\3601\Storage\view\compile\86abb8938152e79086879ae8bedbe86f.php (215).
[ 2016-09-02T18:08:08+08:00 ]NOTICE: Undefined variable: kD:\wamp\www\Project\3601\Storage\view\compile\86abb8938152e79086879ae8bedbe86f.php (215).
[ 2016-09-02T18:08:08+08:00 ]NOTICE: Undefined variable: kD:\wamp\www\Project\3601\Storage\view\compile\86abb8938152e79086879ae8bedbe86f.php (215).
[ 2016-09-02T18:08:08+08:00 ]NOTICE: Undefined variable: kD:\wamp\www\Project\3601\Storage\view\compile\86abb8938152e79086879ae8bedbe86f.php (215).
[ 2016-09-02T18:09:34+08:00 ]NOTICE: Undefined variable: kD:\wamp\www\Project\3601\Storage\view\compile\86abb8938152e79086879ae8bedbe86f.php (225).
[ 2016-09-02T18:09:34+08:00 ]NOTICE: Undefined variable: kD:\wamp\www\Project\3601\Storage\view\compile\86abb8938152e79086879ae8bedbe86f.php (225).
[ 2016-09-02T18:09:34+08:00 ]NOTICE: Undefined variable: kD:\wamp\www\Project\3601\Storage\view\compile\86abb8938152e79086879ae8bedbe86f.php (225).
[ 2016-09-02T18:09:34+08:00 ]NOTICE: Undefined variable: kD:\wamp\www\Project\3601\Storage\view\compile\86abb8938152e79086879ae8bedbe86f.php (225).
[ 2016-09-02T18:09:34+08:00 ]NOTICE: Undefined variable: kD:\wamp\www\Project\3601\Storage\view\compile\86abb8938152e79086879ae8bedbe86f.php (225).
[ 2016-09-02T18:09:34+08:00 ]NOTICE: Undefined variable: kD:\wamp\www\Project\3601\Storage\view\compile\86abb8938152e79086879ae8bedbe86f.php (225).
[ 2016-09-02T18:09:34+08:00 ]NOTICE: Undefined variable: kD:\wamp\www\Project\3601\Storage\view\compile\86abb8938152e79086879ae8bedbe86f.php (225).
[ 2016-09-02T18:09:34+08:00 ]NOTICE: Undefined variable: kD:\wamp\www\Project\3601\Storage\view\compile\86abb8938152e79086879ae8bedbe86f.php (225).
[ 2016-09-02T18:09:34+08:00 ]NOTICE: Undefined variable: kD:\wamp\www\Project\3601\Storage\view\compile\86abb8938152e79086879ae8bedbe86f.php (225).
[ 2016-09-02T18:09:34+08:00 ]NOTICE: Undefined variable: kD:\wamp\www\Project\3601\Storage\view\compile\86abb8938152e79086879ae8bedbe86f.php (225).
[ 2016-09-02T18:09:34+08:00 ]NOTICE: Undefined variable: kD:\wamp\www\Project\3601\Storage\view\compile\86abb8938152e79086879ae8bedbe86f.php (225).
[ 2016-09-02T18:43:01+08:00 ]NOTICE: Use of undefined constant adrDel - assumed 'adrDel'D:\wamp\www\Project\3601\Storage\view\compile\86abb8938152e79086879ae8bedbe86f.php (270).
[ 2016-09-02T18:43:07+08:00 ]NOTICE: Use of undefined constant adrDel - assumed 'adrDel'D:\wamp\www\Project\3601\Storage\view\compile\86abb8938152e79086879ae8bedbe86f.php (270).
[ 2016-09-02T18:43:09+08:00 ]NOTICE: Use of undefined constant adrDel - assumed 'adrDel'D:\wamp\www\Project\3601\Storage\view\compile\86abb8938152e79086879ae8bedbe86f.php (270).
[ 2016-09-02T18:43:10+08:00 ]NOTICE: Use of undefined constant adrDel - assumed 'adrDel'D:\wamp\www\Project\3601\Storage\view\compile\86abb8938152e79086879ae8bedbe86f.php (270).
[ 2016-09-02T18:43:11+08:00 ]NOTICE: Use of undefined constant adrDel - assumed 'adrDel'D:\wamp\www\Project\3601\Storage\view\compile\86abb8938152e79086879ae8bedbe86f.php (270).
[ 2016-09-02T18:59:42+08:00 ]EXCEPTION: Method Home\Controller\MemberController::modify"() does not exist
[ 2016-09-02T18:59:55+08:00 ]NOTICE: Undefined variable: arrAddD:\wamp\www\Project\3601\Storage\view\compile\c9d836b36e55c7891e239720c4c39faf.php (214).
[ 2016-09-02T18:59:55+08:00 ]NOTICE: Invalid argument supplied for foreach()D:\wamp\www\Project\3601\Storage\view\compile\c9d836b36e55c7891e239720c4c39faf.php (214).
[ 2016-09-02T18:59:55+08:00 ]NOTICE: Undefined variable: arrAddD:\wamp\www\Project\3601\Storage\view\compile\c9d836b36e55c7891e239720c4c39faf.php (224).
[ 2016-09-02T18:59:55+08:00 ]NOTICE: Invalid argument supplied for foreach()D:\wamp\www\Project\3601\Storage\view\compile\c9d836b36e55c7891e239720c4c39faf.php (224).
[ 2016-09-02T19:00:03+08:00 ]NOTICE: Undefined variable: arrAddD:\wamp\www\Project\3601\Storage\view\compile\c9d836b36e55c7891e239720c4c39faf.php (214).
[ 2016-09-02T19:00:03+08:00 ]NOTICE: Invalid argument supplied for foreach()D:\wamp\www\Project\3601\Storage\view\compile\c9d836b36e55c7891e239720c4c39faf.php (214).
[ 2016-09-02T19:00:03+08:00 ]NOTICE: Undefined variable: arrAddD:\wamp\www\Project\3601\Storage\view\compile\c9d836b36e55c7891e239720c4c39faf.php (224).
[ 2016-09-02T19:00:03+08:00 ]NOTICE: Invalid argument supplied for foreach()D:\wamp\www\Project\3601\Storage\view\compile\c9d836b36e55c7891e239720c4c39faf.php (224).
[ 2016-09-02T19:00:28+08:00 ]NOTICE: Undefined variable: arrAddD:\wamp\www\Project\3601\Storage\view\compile\c9d836b36e55c7891e239720c4c39faf.php (214).
[ 2016-09-02T19:00:28+08:00 ]NOTICE: Invalid argument supplied for foreach()D:\wamp\www\Project\3601\Storage\view\compile\c9d836b36e55c7891e239720c4c39faf.php (214).
[ 2016-09-02T19:00:28+08:00 ]NOTICE: Undefined variable: arrAddD:\wamp\www\Project\3601\Storage\view\compile\c9d836b36e55c7891e239720c4c39faf.php (224).
[ 2016-09-02T19:00:28+08:00 ]NOTICE: Invalid argument supplied for foreach()D:\wamp\www\Project\3601\Storage\view\compile\c9d836b36e55c7891e239720c4c39faf.php (224).
[ 2016-09-02T19:00:30+08:00 ]NOTICE: Undefined variable: arrAddD:\wamp\www\Project\3601\Storage\view\compile\c9d836b36e55c7891e239720c4c39faf.php (214).
[ 2016-09-02T19:00:30+08:00 ]NOTICE: Invalid argument supplied for foreach()D:\wamp\www\Project\3601\Storage\view\compile\c9d836b36e55c7891e239720c4c39faf.php (214).
[ 2016-09-02T19:00:30+08:00 ]NOTICE: Undefined variable: arrAddD:\wamp\www\Project\3601\Storage\view\compile\c9d836b36e55c7891e239720c4c39faf.php (224).
[ 2016-09-02T19:00:30+08:00 ]NOTICE: Invalid argument supplied for foreach()D:\wamp\www\Project\3601\Storage\view\compile\c9d836b36e55c7891e239720c4c39faf.php (224).
[ 2016-09-02T19:00:33+08:00 ]NOTICE: Undefined variable: arrAddD:\wamp\www\Project\3601\Storage\view\compile\c9d836b36e55c7891e239720c4c39faf.php (214).
[ 2016-09-02T19:00:33+08:00 ]NOTICE: Invalid argument supplied for foreach()D:\wamp\www\Project\3601\Storage\view\compile\c9d836b36e55c7891e239720c4c39faf.php (214).
[ 2016-09-02T19:00:33+08:00 ]NOTICE: Undefined variable: arrAddD:\wamp\www\Project\3601\Storage\view\compile\c9d836b36e55c7891e239720c4c39faf.php (224).
[ 2016-09-02T19:00:33+08:00 ]NOTICE: Invalid argument supplied for foreach()D:\wamp\www\Project\3601\Storage\view\compile\c9d836b36e55c7891e239720c4c39faf.php (224).
[ 2016-09-02T19:07:55+08:00 ]NOTICE: Object of class Home\Model\User could not be converted to stringD:\wamp\www\Project\3601\App\Home\Controller\MemberController.php (161).
[ 2016-09-02T19:07:55+08:00 ]EXCEPTION: SELECT  *  FROM shop_user WHERE uid= LIMIT 1 ;BindParams:array (
)42000;1064;You have an error in your SQL syntax; check the manual that corresponds to your MySQL server version for the right syntax to use near 'LIMIT 1' at line 1
[ 2016-09-02T19:08:45+08:00 ]NOTICE: Object of class Home\Model\User could not be converted to stringD:\wamp\www\Project\3601\App\Home\Controller\MemberController.php (161).
[ 2016-09-02T19:08:45+08:00 ]EXCEPTION: SELECT  *  FROM shop_user WHERE uid= LIMIT 1 ;BindParams:array (
)42000;1064;You have an error in your SQL syntax; check the manual that corresponds to your MySQL server version for the right syntax to use near 'LIMIT 1' at line 1
[ 2016-09-02T19:09:08+08:00 ]NOTICE: Object of class Home\Model\User could not be converted to stringD:\wamp\www\Project\3601\App\Home\Controller\MemberController.php (161).
[ 2016-09-02T19:09:08+08:00 ]EXCEPTION: SELECT  *  FROM shop_user WHERE uid= ;BindParams:array (
)42000;1064;You have an error in your SQL syntax; check the manual that corresponds to your MySQL server version for the right syntax to use near '' at line 1
[ 2016-09-02T19:09:38+08:00 ]NOTICE: Object of class Home\Model\User could not be converted to stringD:\wamp\www\Project\3601\App\Home\Controller\MemberController.php (161).
[ 2016-09-02T19:09:38+08:00 ]EXCEPTION: SELECT  *  FROM shop_user WHERE uid= ;BindParams:array (
)42000;1064;You have an error in your SQL syntax; check the manual that corresponds to your MySQL server version for the right syntax to use near '' at line 1
[ 2016-09-02T19:16:11+08:00 ]NOTICE: Undefined variable: reD:\wamp\www\Project\3601\App\Home\Controller\MemberController.php (167).
[ 2016-09-02T19:16:18+08:00 ]NOTICE: Undefined variable: reD:\wamp\www\Project\3601\App\Home\Controller\MemberController.php (167).
[ 2016-09-02T19:17:23+08:00 ]NOTICE: Undefined variable: reD:\wamp\www\Project\3601\App\Home\Controller\MemberController.php (167).
[ 2016-09-02T19:17:28+08:00 ]NOTICE: Undefined variable: reD:\wamp\www\Project\3601\App\Home\Controller\MemberController.php (167).
[ 2016-09-02T19:36:14+08:00 ]EXCEPTION: UPDATE shop_user SET `0`=?  WHERE uid=1 ;BindParams:array (
  0 => 'password=>md5($newPwd)',
)42S22;1054;Unknown column '0' in 'field list'
[ 2016-09-02T19:41:26+08:00 ]NOTICE: Undefined variable: pageD:\wamp\www\Project\3601\Storage\view\compile\d2321ff4dbba56fbf66d46561f7ef14d.php (60).
[ 2016-09-02T19:41:29+08:00 ]NOTICE: Undefined variable: pageD:\wamp\www\Project\3601\Storage\view\compile\dd39ce05a282cea06b169c209effb00f.php (56).
[ 2016-09-02T19:56:07+08:00 ]NOTICE: Undefined variable: goodsD:\wamp\www\Project\3601\App\Home\Controller\ShopcarController.php (17).
[ 2016-09-02T19:56:07+08:00 ]NOTICE: Invalid argument supplied for foreach()D:\wamp\www\Project\3601\App\Home\Controller\ShopcarController.php (17).
[ 2016-09-02T19:56:07+08:00 ]NOTICE: Undefined variable: gidD:\wamp\www\Project\3601\App\Home\Controller\ShopcarController.php (22).
[ 2016-09-02T19:56:07+08:00 ]EXCEPTION: SELECT  *  FROM shop_goods WHERE gid= LIMIT 1 ;BindParams:array (
)42000;1064;You have an error in your SQL syntax; check the manual that corresponds to your MySQL server version for the right syntax to use near 'LIMIT 1' at line 1
[ 2016-09-02T20:02:55+08:00 ]NOTICE: Undefined index: otimeD:\wamp\www\Project\3601\Storage\view\compile\34a5e6466debac4342d8ab08729fb828.php (155).
[ 2016-09-02T20:02:55+08:00 ]NOTICE: Undefined index: onumberD:\wamp\www\Project\3601\Storage\view\compile\34a5e6466debac4342d8ab08729fb828.php (159).
[ 2016-09-02T20:02:55+08:00 ]NOTICE: Undefined index: ototalD:\wamp\www\Project\3601\Storage\view\compile\34a5e6466debac4342d8ab08729fb828.php (166).
[ 2016-09-02T20:02:55+08:00 ]NOTICE: Undefined index: oidD:\wamp\www\Project\3601\Storage\view\compile\34a5e6466debac4342d8ab08729fb828.php (188).
[ 2016-09-02T20:04:40+08:00 ]NOTICE: Undefined index: otimeD:\wamp\www\Project\3601\Storage\view\compile\34a5e6466debac4342d8ab08729fb828.php (155).
[ 2016-09-02T20:04:40+08:00 ]NOTICE: Undefined index: onumberD:\wamp\www\Project\3601\Storage\view\compile\34a5e6466debac4342d8ab08729fb828.php (159).
[ 2016-09-02T20:04:40+08:00 ]NOTICE: Undefined index: ototalD:\wamp\www\Project\3601\Storage\view\compile\34a5e6466debac4342d8ab08729fb828.php (166).
[ 2016-09-02T20:04:40+08:00 ]NOTICE: Undefined index: oidD:\wamp\www\Project\3601\Storage\view\compile\34a5e6466debac4342d8ab08729fb828.php (188).
[ 2016-09-02T20:18:29+08:00 ]NOTICE: Undefined index: valueD:\wamp\www\Project\3601\Hdphp\View\HdphpTag.php (154).
[ 2016-09-02T20:57:24+08:00 ]NOTICE: Undefined variable: goodsD:\wamp\www\Project\3601\Storage\view\compile\950950523b9d7defbe35f2a34aafb0b7.php (72).
[ 2016-09-02T20:57:24+08:00 ]NOTICE: Invalid argument supplied for foreach()D:\wamp\www\Project\3601\Storage\view\compile\950950523b9d7defbe35f2a34aafb0b7.php (72).
[ 2016-09-02T21:01:17+08:00 ]NOTICE: Undefined index: D:\wamp\www\Project\3601\Storage\view\compile\950950523b9d7defbe35f2a34aafb0b7.php (89).
[ 2016-09-02T21:01:17+08:00 ]NOTICE: Undefined index: D:\wamp\www\Project\3601\Storage\view\compile\950950523b9d7defbe35f2a34aafb0b7.php (89).
[ 2016-09-02T21:10:23+08:00 ]NOTICE: Undefined variable: vD:\wamp\www\Project\3601\Storage\view\compile\950950523b9d7defbe35f2a34aafb0b7.php (94).
[ 2016-09-02T21:10:23+08:00 ]NOTICE: Undefined variable: vD:\wamp\www\Project\3601\Storage\view\compile\950950523b9d7defbe35f2a34aafb0b7.php (95).
[ 2016-09-02T21:13:27+08:00 ]NOTICE: Undefined index: gnameD:\wamp\www\Project\3601\Storage\view\compile\950950523b9d7defbe35f2a34aafb0b7.php (90).
[ 2016-09-02T21:13:27+08:00 ]NOTICE: Undefined index: gnameD:\wamp\www\Project\3601\Storage\view\compile\950950523b9d7defbe35f2a34aafb0b7.php (90).
[ 2016-09-02T21:13:36+08:00 ]NOTICE: Undefined index: gnameD:\wamp\www\Project\3601\Storage\view\compile\950950523b9d7defbe35f2a34aafb0b7.php (90).
[ 2016-09-02T21:13:36+08:00 ]NOTICE: Undefined index: gnameD:\wamp\www\Project\3601\Storage\view\compile\950950523b9d7defbe35f2a34aafb0b7.php (90).
[ 2016-09-02T21:26:39+08:00 ]NOTICE: Undefined index: D:\wamp\www\Project\3601\Storage\view\compile\950950523b9d7defbe35f2a34aafb0b7.php (91).
[ 2016-09-02T21:26:39+08:00 ]NOTICE: Undefined index: D:\wamp\www\Project\3601\Storage\view\compile\950950523b9d7defbe35f2a34aafb0b7.php (91).
[ 2016-09-02T22:06:58+08:00 ]EXCEPTION: 模板不存在:App/Home/View/Content/../Commom/header.php
