[ 2016-09-05T00:12:28+08:00 ]NOTICE: Undefined variable: pageD:\wamp\www\Project\3601\Storage\view\compile\d2321ff4dbba56fbf66d46561f7ef14d.php (60).
[ 2016-09-05T00:13:14+08:00 ]NOTICE: Undefined variable: pageD:\wamp\www\Project\3601\Storage\view\compile\d2321ff4dbba56fbf66d46561f7ef14d.php (60).
[ 2016-09-05T00:14:34+08:00 ]NOTICE: Undefined variable: oldDataD:\wamp\www\Project\3601\Storage\view\compile\0d76f5ffa3f8801ff70ffa722b2b72c2.php (69).
[ 2016-09-05T00:14:34+08:00 ]NOTICE: Undefined variable: oldDataD:\wamp\www\Project\3601\Storage\view\compile\0d76f5ffa3f8801ff70ffa722b2b72c2.php (70).
[ 2016-09-05T00:14:36+08:00 ]NOTICE: Undefined variable: oldDataD:\wamp\www\Project\3601\Storage\view\compile\0d76f5ffa3f8801ff70ffa722b2b72c2.php (69).
[ 2016-09-05T00:14:36+08:00 ]NOTICE: Undefined variable: oldDataD:\wamp\www\Project\3601\Storage\view\compile\0d76f5ffa3f8801ff70ffa722b2b72c2.php (70).
[ 2016-09-05T00:16:03+08:00 ]NOTICE: Undefined variable: pageD:\wamp\www\Project\3601\Storage\view\compile\dd39ce05a282cea06b169c209effb00f.php (56).
[ 2016-09-05T00:16:06+08:00 ]NOTICE: Undefined variable: pageD:\wamp\www\Project\3601\Storage\view\compile\7b90bf9d0d3583f17b102df6aa5979db.php (68).
[ 2016-09-05T00:17:22+08:00 ]NOTICE: Undefined variable: pageD:\wamp\www\Project\3601\Storage\view\compile\7b90bf9d0d3583f17b102df6aa5979db.php (68).
[ 2016-09-05T00:18:46+08:00 ]NOTICE: Invalid argument supplied for foreach()D:\wamp\www\Project\3601\App\Common\Model\Goods.php (39).
[ 2016-09-05T00:24:46+08:00 ]NOTICE: Undefined offset: 0D:\wamp\www\Project\3601\Storage\view\compile\2285f5ecd290c2ae060f2c24a56dc0d2.php (208).
[ 2016-09-05T00:26:04+08:00 ]NOTICE: Undefined offset: 0D:\wamp\www\Project\3601\Storage\view\compile\2285f5ecd290c2ae060f2c24a56dc0d2.php (208).
[ 2016-09-05T00:30:01+08:00 ]NOTICE: Undefined offset: 0D:\wamp\www\Project\3601\Storage\view\compile\2285f5ecd290c2ae060f2c24a56dc0d2.php (208).
[ 2016-09-05T00:32:13+08:00 ]NOTICE: Undefined variable: oldDataD:\wamp\www\Project\3601\Storage\view\compile\0d76f5ffa3f8801ff70ffa722b2b72c2.php (69).
[ 2016-09-05T00:32:13+08:00 ]NOTICE: Undefined variable: oldDataD:\wamp\www\Project\3601\Storage\view\compile\0d76f5ffa3f8801ff70ffa722b2b72c2.php (70).
[ 2016-09-05T00:32:19+08:00 ]NOTICE: Undefined variable: pageD:\wamp\www\Project\3601\Storage\view\compile\d2321ff4dbba56fbf66d46561f7ef14d.php (60).
[ 2016-09-05T00:33:50+08:00 ]NOTICE: Undefined variable: pageD:\wamp\www\Project\3601\Storage\view\compile\d2321ff4dbba56fbf66d46561f7ef14d.php (60).
[ 2016-09-05T00:35:03+08:00 ]NOTICE: Undefined variable: pageD:\wamp\www\Project\3601\Storage\view\compile\d2321ff4dbba56fbf66d46561f7ef14d.php (60).
[ 2016-09-05T00:35:05+08:00 ]NOTICE: Undefined variable: pageD:\wamp\www\Project\3601\Storage\view\compile\dd39ce05a282cea06b169c209effb00f.php (56).
[ 2016-09-05T00:35:07+08:00 ]NOTICE: Undefined variable: pageD:\wamp\www\Project\3601\Storage\view\compile\7b90bf9d0d3583f17b102df6aa5979db.php (68).
[ 2016-09-05T00:36:07+08:00 ]NOTICE: Undefined variable: pageD:\wamp\www\Project\3601\Storage\view\compile\7b90bf9d0d3583f17b102df6aa5979db.php (68).
[ 2016-09-05T00:50:22+08:00 ]NOTICE: Invalid argument supplied for foreach()D:\wamp\www\Project\3601\App\Common\Model\Goods.php (39).
[ 2016-09-05T14:16:01+08:00 ]NOTICE: Invalid argument supplied for foreach()D:\wamp\www\Project\3601\App\Common\Model\Goods.php (39).
[ 2016-09-05T14:38:24+08:00 ]NOTICE: Undefined variable: oldDataD:\wamp\www\Project\3601\Storage\view\compile\0d76f5ffa3f8801ff70ffa722b2b72c2.php (69).
[ 2016-09-05T14:38:24+08:00 ]NOTICE: Undefined variable: oldDataD:\wamp\www\Project\3601\Storage\view\compile\0d76f5ffa3f8801ff70ffa722b2b72c2.php (70).
[ 2016-09-05T14:38:27+08:00 ]NOTICE: Undefined variable: pageD:\wamp\www\Project\3601\Storage\view\compile\dd39ce05a282cea06b169c209effb00f.php (56).
[ 2016-09-05T14:38:30+08:00 ]NOTICE: Undefined variable: pageD:\wamp\www\Project\3601\Storage\view\compile\7b90bf9d0d3583f17b102df6aa5979db.php (68).
[ 2016-09-05T14:39:47+08:00 ]NOTICE: Undefined variable: pageD:\wamp\www\Project\3601\Storage\view\compile\7b90bf9d0d3583f17b102df6aa5979db.php (68).
[ 2016-09-05T14:40:05+08:00 ]NOTICE: Undefined variable: pageD:\wamp\www\Project\3601\Storage\view\compile\d2321ff4dbba56fbf66d46561f7ef14d.php (60).
[ 2016-09-05T14:40:32+08:00 ]NOTICE: Undefined variable: pageD:\wamp\www\Project\3601\Storage\view\compile\d2321ff4dbba56fbf66d46561f7ef14d.php (60).
[ 2016-09-05T14:48:23+08:00 ]NOTICE: Invalid argument supplied for foreach()D:\wamp\www\Project\3601\App\Common\Model\Goods.php (39).
[ 2016-09-05T14:59:36+08:00 ]NOTICE: Invalid argument supplied for foreach()D:\wamp\www\Project\3601\App\Common\Model\Goods.php (39).
[ 2016-09-05T15:02:48+08:00 ]NOTICE: Undefined variable: pageD:\wamp\www\Project\3601\Storage\view\compile\dd39ce05a282cea06b169c209effb00f.php (56).
[ 2016-09-05T15:02:50+08:00 ]NOTICE: Undefined variable: pageD:\wamp\www\Project\3601\Storage\view\compile\7b90bf9d0d3583f17b102df6aa5979db.php (68).
[ 2016-09-05T15:03:46+08:00 ]NOTICE: Undefined variable: pageD:\wamp\www\Project\3601\Storage\view\compile\7b90bf9d0d3583f17b102df6aa5979db.php (68).
[ 2016-09-05T15:06:19+08:00 ]NOTICE: Undefined variable: oldDataD:\wamp\www\Project\3601\Storage\view\compile\0d76f5ffa3f8801ff70ffa722b2b72c2.php (69).
[ 2016-09-05T15:06:19+08:00 ]NOTICE: Undefined variable: oldDataD:\wamp\www\Project\3601\Storage\view\compile\0d76f5ffa3f8801ff70ffa722b2b72c2.php (70).
[ 2016-09-05T15:06:26+08:00 ]NOTICE: Undefined variable: pageD:\wamp\www\Project\3601\Storage\view\compile\d2321ff4dbba56fbf66d46561f7ef14d.php (60).
[ 2016-09-05T15:07:06+08:00 ]NOTICE: Undefined variable: pageD:\wamp\www\Project\3601\Storage\view\compile\d2321ff4dbba56fbf66d46561f7ef14d.php (60).
[ 2016-09-05T15:13:22+08:00 ]NOTICE: Invalid argument supplied for foreach()D:\wamp\www\Project\3601\App\Common\Model\Goods.php (39).
[ 2016-09-05T15:35:43+08:00 ]NOTICE: Undefined variable: oldDataD:\wamp\www\Project\3601\Storage\view\compile\0d76f5ffa3f8801ff70ffa722b2b72c2.php (69).
[ 2016-09-05T15:35:43+08:00 ]NOTICE: Undefined variable: oldDataD:\wamp\www\Project\3601\Storage\view\compile\0d76f5ffa3f8801ff70ffa722b2b72c2.php (70).
[ 2016-09-05T15:35:47+08:00 ]NOTICE: Undefined variable: pageD:\wamp\www\Project\3601\Storage\view\compile\dd39ce05a282cea06b169c209effb00f.php (56).
[ 2016-09-05T15:35:48+08:00 ]NOTICE: Undefined variable: pageD:\wamp\www\Project\3601\Storage\view\compile\7b90bf9d0d3583f17b102df6aa5979db.php (68).
[ 2016-09-05T15:35:50+08:00 ]NOTICE: Undefined variable: pageD:\wamp\www\Project\3601\Storage\view\compile\dd39ce05a282cea06b169c209effb00f.php (56).
[ 2016-09-05T15:35:53+08:00 ]NOTICE: Undefined variable: pageD:\wamp\www\Project\3601\Storage\view\compile\7b90bf9d0d3583f17b102df6aa5979db.php (68).
[ 2016-09-05T15:36:17+08:00 ]NOTICE: Undefined variable: pageD:\wamp\www\Project\3601\Storage\view\compile\d2321ff4dbba56fbf66d46561f7ef14d.php (60).
[ 2016-09-05T15:37:44+08:00 ]NOTICE: Undefined variable: pageD:\wamp\www\Project\3601\Storage\view\compile\d2321ff4dbba56fbf66d46561f7ef14d.php (60).
[ 2016-09-05T15:37:45+08:00 ]NOTICE: Undefined variable: pageD:\wamp\www\Project\3601\Storage\view\compile\dd39ce05a282cea06b169c209effb00f.php (56).
[ 2016-09-05T15:37:48+08:00 ]NOTICE: Undefined variable: pageD:\wamp\www\Project\3601\Storage\view\compile\7b90bf9d0d3583f17b102df6aa5979db.php (68).
[ 2016-09-05T15:38:47+08:00 ]NOTICE: Undefined variable: pageD:\wamp\www\Project\3601\Storage\view\compile\7b90bf9d0d3583f17b102df6aa5979db.php (68).
[ 2016-09-05T15:44:35+08:00 ]NOTICE: Invalid argument supplied for foreach()D:\wamp\www\Project\3601\App\Common\Model\Goods.php (39).
[ 2016-09-05T16:12:26+08:00 ]NOTICE: Undefined offset: 0D:\wamp\www\Project\3601\Storage\view\compile\2285f5ecd290c2ae060f2c24a56dc0d2.php (207).
[ 2016-09-05T16:14:41+08:00 ]NOTICE: Undefined offset: 0D:\wamp\www\Project\3601\Storage\view\compile\2285f5ecd290c2ae060f2c24a56dc0d2.php (207).
[ 2016-09-05T16:18:30+08:00 ]NOTICE: Undefined offset: 0D:\wamp\www\Project\3601\Storage\view\compile\2285f5ecd290c2ae060f2c24a56dc0d2.php (207).
[ 2016-09-05T16:20:02+08:00 ]NOTICE: Undefined offset: 0D:\wamp\www\Project\3601\Storage\view\compile\2285f5ecd290c2ae060f2c24a56dc0d2.php (207).
[ 2016-09-05T16:29:28+08:00 ]NOTICE: Undefined variable: pageD:\wamp\www\Project\3601\Storage\view\compile\dd39ce05a282cea06b169c209effb00f.php (56).
[ 2016-09-05T16:29:35+08:00 ]NOTICE: Undefined variable: pageD:\wamp\www\Project\3601\Storage\view\compile\7b90bf9d0d3583f17b102df6aa5979db.php (68).
[ 2016-09-05T16:31:15+08:00 ]NOTICE: Undefined variable: pageD:\wamp\www\Project\3601\Storage\view\compile\dd39ce05a282cea06b169c209effb00f.php (56).
[ 2016-09-05T16:31:19+08:00 ]NOTICE: Undefined variable: pageD:\wamp\www\Project\3601\Storage\view\compile\7b90bf9d0d3583f17b102df6aa5979db.php (68).
[ 2016-09-05T16:32:20+08:00 ]NOTICE: Undefined variable: pageD:\wamp\www\Project\3601\Storage\view\compile\7b90bf9d0d3583f17b102df6aa5979db.php (68).
[ 2016-09-05T16:34:17+08:00 ]NOTICE: Undefined variable: oldDataD:\wamp\www\Project\3601\Storage\view\compile\0d76f5ffa3f8801ff70ffa722b2b72c2.php (69).
[ 2016-09-05T16:34:17+08:00 ]NOTICE: Undefined variable: oldDataD:\wamp\www\Project\3601\Storage\view\compile\0d76f5ffa3f8801ff70ffa722b2b72c2.php (70).
[ 2016-09-05T16:34:30+08:00 ]NOTICE: Undefined variable: pageD:\wamp\www\Project\3601\Storage\view\compile\dd39ce05a282cea06b169c209effb00f.php (56).
[ 2016-09-05T16:34:33+08:00 ]NOTICE: Undefined variable: pageD:\wamp\www\Project\3601\Storage\view\compile\7b90bf9d0d3583f17b102df6aa5979db.php (68).
[ 2016-09-05T16:34:35+08:00 ]NOTICE: Undefined variable: pageD:\wamp\www\Project\3601\Storage\view\compile\dd39ce05a282cea06b169c209effb00f.php (56).
[ 2016-09-05T16:34:37+08:00 ]NOTICE: Undefined variable: pageD:\wamp\www\Project\3601\Storage\view\compile\d2321ff4dbba56fbf66d46561f7ef14d.php (60).
[ 2016-09-05T16:35:17+08:00 ]NOTICE: Undefined variable: pageD:\wamp\www\Project\3601\Storage\view\compile\d2321ff4dbba56fbf66d46561f7ef14d.php (60).
[ 2016-09-05T16:35:18+08:00 ]NOTICE: Undefined variable: oldDataD:\wamp\www\Project\3601\Storage\view\compile\0d76f5ffa3f8801ff70ffa722b2b72c2.php (69).
[ 2016-09-05T16:35:18+08:00 ]NOTICE: Undefined variable: oldDataD:\wamp\www\Project\3601\Storage\view\compile\0d76f5ffa3f8801ff70ffa722b2b72c2.php (70).
[ 2016-09-05T16:37:10+08:00 ]NOTICE: Invalid argument supplied for foreach()D:\wamp\www\Project\3601\App\Common\Model\Goods.php (39).
[ 2016-09-05T16:53:49+08:00 ]NOTICE: Undefined variable: oldDataD:\wamp\www\Project\3601\Storage\view\compile\0d76f5ffa3f8801ff70ffa722b2b72c2.php (69).
[ 2016-09-05T16:53:49+08:00 ]NOTICE: Undefined variable: oldDataD:\wamp\www\Project\3601\Storage\view\compile\0d76f5ffa3f8801ff70ffa722b2b72c2.php (70).
[ 2016-09-05T16:55:01+08:00 ]NOTICE: Invalid argument supplied for foreach()D:\wamp\www\Project\3601\App\Common\Model\Goods.php (39).
[ 2016-09-05T17:07:59+08:00 ]NOTICE: Invalid argument supplied for foreach()D:\wamp\www\Project\3601\App\Common\Model\Goods.php (39).
[ 2016-09-05T17:25:20+08:00 ]NOTICE: Undefined variable: pageD:\wamp\www\Project\3601\Storage\view\compile\dd39ce05a282cea06b169c209effb00f.php (56).
[ 2016-09-05T17:25:22+08:00 ]NOTICE: Undefined variable: pageD:\wamp\www\Project\3601\Storage\view\compile\7b90bf9d0d3583f17b102df6aa5979db.php (68).
[ 2016-09-05T17:25:24+08:00 ]NOTICE: Undefined variable: pageD:\wamp\www\Project\3601\Storage\view\compile\dd39ce05a282cea06b169c209effb00f.php (56).
[ 2016-09-05T17:25:25+08:00 ]NOTICE: Undefined variable: pageD:\wamp\www\Project\3601\Storage\view\compile\7b90bf9d0d3583f17b102df6aa5979db.php (68).
[ 2016-09-05T17:26:08+08:00 ]NOTICE: Undefined variable: pageD:\wamp\www\Project\3601\Storage\view\compile\7b90bf9d0d3583f17b102df6aa5979db.php (68).
[ 2016-09-05T17:26:24+08:00 ]NOTICE: Undefined variable: pageD:\wamp\www\Project\3601\Storage\view\compile\d2321ff4dbba56fbf66d46561f7ef14d.php (60).
[ 2016-09-05T17:27:05+08:00 ]NOTICE: Undefined variable: pageD:\wamp\www\Project\3601\Storage\view\compile\d2321ff4dbba56fbf66d46561f7ef14d.php (60).
[ 2016-09-05T17:33:54+08:00 ]NOTICE: Invalid argument supplied for foreach()D:\wamp\www\Project\3601\App\Common\Model\Goods.php (39).
[ 2016-09-05T17:36:32+08:00 ]NOTICE: Invalid argument supplied for foreach()D:\wamp\www\Project\3601\App\Common\Model\Goods.php (39).
[ 2016-09-05T17:37:47+08:00 ]NOTICE: Undefined index: grouD:\wamp\www\Project\3601\App\Home\Controller\ContentController.php (85).
[ 2016-09-05T17:37:47+08:00 ]NOTICE: Undefined index: grouD:\wamp\www\Project\3601\App\Home\Controller\ContentController.php (85).
[ 2016-09-05T17:37:47+08:00 ]NOTICE: Undefined index: grouD:\wamp\www\Project\3601\App\Home\Controller\ContentController.php (85).
[ 2016-09-05T17:39:54+08:00 ]NOTICE: Undefined variable: pageD:\wamp\www\Project\3601\Storage\view\compile\dd39ce05a282cea06b169c209effb00f.php (56).
[ 2016-09-05T17:39:56+08:00 ]NOTICE: Undefined variable: pageD:\wamp\www\Project\3601\Storage\view\compile\7b90bf9d0d3583f17b102df6aa5979db.php (68).
[ 2016-09-05T17:40:21+08:00 ]NOTICE: Undefined variable: pageD:\wamp\www\Project\3601\Storage\view\compile\7b90bf9d0d3583f17b102df6aa5979db.php (68).
[ 2016-09-05T17:44:10+08:00 ]NOTICE: Invalid argument supplied for foreach()D:\wamp\www\Project\3601\App\Common\Model\Goods.php (39).
[ 2016-09-05T17:46:10+08:00 ]NOTICE: Undefined variable: pageD:\wamp\www\Project\3601\Storage\view\compile\dd39ce05a282cea06b169c209effb00f.php (56).
[ 2016-09-05T17:46:13+08:00 ]NOTICE: Undefined variable: pageD:\wamp\www\Project\3601\Storage\view\compile\7b90bf9d0d3583f17b102df6aa5979db.php (68).
[ 2016-09-05T17:46:15+08:00 ]NOTICE: Undefined variable: pageD:\wamp\www\Project\3601\Storage\view\compile\dd39ce05a282cea06b169c209effb00f.php (56).
[ 2016-09-05T17:53:51+08:00 ]NOTICE: Undefined variable: oldDataD:\wamp\www\Project\3601\Storage\view\compile\0d76f5ffa3f8801ff70ffa722b2b72c2.php (69).
[ 2016-09-05T17:53:51+08:00 ]NOTICE: Undefined variable: oldDataD:\wamp\www\Project\3601\Storage\view\compile\0d76f5ffa3f8801ff70ffa722b2b72c2.php (70).
[ 2016-09-05T17:57:13+08:00 ]NOTICE: Invalid argument supplied for foreach()D:\wamp\www\Project\3601\App\Common\Model\Goods.php (39).
[ 2016-09-05T19:22:35+08:00 ]NOTICE: Undefined variable: oldDataD:\wamp\www\Project\3601\Storage\view\compile\0d76f5ffa3f8801ff70ffa722b2b72c2.php (69).
[ 2016-09-05T19:22:35+08:00 ]NOTICE: Undefined variable: oldDataD:\wamp\www\Project\3601\Storage\view\compile\0d76f5ffa3f8801ff70ffa722b2b72c2.php (70).
[ 2016-09-05T19:22:38+08:00 ]NOTICE: Undefined variable: pageD:\wamp\www\Project\3601\Storage\view\compile\dd39ce05a282cea06b169c209effb00f.php (56).
[ 2016-09-05T19:22:40+08:00 ]NOTICE: Undefined variable: pageD:\wamp\www\Project\3601\Storage\view\compile\7b90bf9d0d3583f17b102df6aa5979db.php (68).
[ 2016-09-05T19:23:34+08:00 ]NOTICE: Undefined variable: pageD:\wamp\www\Project\3601\Storage\view\compile\dd39ce05a282cea06b169c209effb00f.php (56).
[ 2016-09-05T19:23:38+08:00 ]NOTICE: Undefined variable: pageD:\wamp\www\Project\3601\Storage\view\compile\7b90bf9d0d3583f17b102df6aa5979db.php (68).
[ 2016-09-05T19:24:52+08:00 ]NOTICE: Undefined variable: pageD:\wamp\www\Project\3601\Storage\view\compile\7b90bf9d0d3583f17b102df6aa5979db.php (68).
[ 2016-09-05T19:24:57+08:00 ]NOTICE: Undefined variable: pageD:\wamp\www\Project\3601\Storage\view\compile\d2321ff4dbba56fbf66d46561f7ef14d.php (60).
[ 2016-09-05T19:25:57+08:00 ]NOTICE: Undefined variable: pageD:\wamp\www\Project\3601\Storage\view\compile\d2321ff4dbba56fbf66d46561f7ef14d.php (60).
[ 2016-09-05T19:32:13+08:00 ]NOTICE: Invalid argument supplied for foreach()D:\wamp\www\Project\3601\App\Common\Model\Goods.php (39).
[ 2016-09-05T19:40:03+08:00 ]NOTICE: Undefined variable: oldDataD:\wamp\www\Project\3601\Storage\view\compile\0d76f5ffa3f8801ff70ffa722b2b72c2.php (69).
[ 2016-09-05T19:40:03+08:00 ]NOTICE: Undefined variable: oldDataD:\wamp\www\Project\3601\Storage\view\compile\0d76f5ffa3f8801ff70ffa722b2b72c2.php (70).
[ 2016-09-05T19:40:05+08:00 ]NOTICE: Undefined variable: oldDataD:\wamp\www\Project\3601\Storage\view\compile\0d76f5ffa3f8801ff70ffa722b2b72c2.php (69).
[ 2016-09-05T19:40:05+08:00 ]NOTICE: Undefined variable: oldDataD:\wamp\www\Project\3601\Storage\view\compile\0d76f5ffa3f8801ff70ffa722b2b72c2.php (70).
[ 2016-09-05T19:40:08+08:00 ]NOTICE: Undefined variable: oldDataD:\wamp\www\Project\3601\Storage\view\compile\0d76f5ffa3f8801ff70ffa722b2b72c2.php (69).
[ 2016-09-05T19:40:08+08:00 ]NOTICE: Undefined variable: oldDataD:\wamp\www\Project\3601\Storage\view\compile\0d76f5ffa3f8801ff70ffa722b2b72c2.php (70).
[ 2016-09-05T19:40:20+08:00 ]NOTICE: Undefined variable: oldDataD:\wamp\www\Project\3601\Storage\view\compile\0d76f5ffa3f8801ff70ffa722b2b72c2.php (69).
[ 2016-09-05T19:40:20+08:00 ]NOTICE: Undefined variable: oldDataD:\wamp\www\Project\3601\Storage\view\compile\0d76f5ffa3f8801ff70ffa722b2b72c2.php (70).
[ 2016-09-05T19:40:24+08:00 ]NOTICE: Undefined variable: oldDataD:\wamp\www\Project\3601\Storage\view\compile\0d76f5ffa3f8801ff70ffa722b2b72c2.php (69).
[ 2016-09-05T19:40:24+08:00 ]NOTICE: Undefined variable: oldDataD:\wamp\www\Project\3601\Storage\view\compile\0d76f5ffa3f8801ff70ffa722b2b72c2.php (70).
[ 2016-09-05T19:40:26+08:00 ]NOTICE: Undefined variable: oldDataD:\wamp\www\Project\3601\Storage\view\compile\0d76f5ffa3f8801ff70ffa722b2b72c2.php (69).
[ 2016-09-05T19:40:26+08:00 ]NOTICE: Undefined variable: oldDataD:\wamp\www\Project\3601\Storage\view\compile\0d76f5ffa3f8801ff70ffa722b2b72c2.php (70).
[ 2016-09-05T19:40:27+08:00 ]NOTICE: Undefined variable: oldDataD:\wamp\www\Project\3601\Storage\view\compile\0d76f5ffa3f8801ff70ffa722b2b72c2.php (69).
[ 2016-09-05T19:40:27+08:00 ]NOTICE: Undefined variable: oldDataD:\wamp\www\Project\3601\Storage\view\compile\0d76f5ffa3f8801ff70ffa722b2b72c2.php (70).
[ 2016-09-05T19:40:48+08:00 ]NOTICE: Undefined variable: oldDataD:\wamp\www\Project\3601\Storage\view\compile\0d76f5ffa3f8801ff70ffa722b2b72c2.php (69).
[ 2016-09-05T19:40:48+08:00 ]NOTICE: Undefined variable: oldDataD:\wamp\www\Project\3601\Storage\view\compile\0d76f5ffa3f8801ff70ffa722b2b72c2.php (70).
[ 2016-09-05T19:40:53+08:00 ]NOTICE: Undefined variable: oldDataD:\wamp\www\Project\3601\Storage\view\compile\0d76f5ffa3f8801ff70ffa722b2b72c2.php (69).
[ 2016-09-05T19:40:53+08:00 ]NOTICE: Undefined variable: oldDataD:\wamp\www\Project\3601\Storage\view\compile\0d76f5ffa3f8801ff70ffa722b2b72c2.php (70).
[ 2016-09-05T19:40:59+08:00 ]NOTICE: Undefined variable: oldDataD:\wamp\www\Project\3601\Storage\view\compile\0d76f5ffa3f8801ff70ffa722b2b72c2.php (69).
[ 2016-09-05T19:40:59+08:00 ]NOTICE: Undefined variable: oldDataD:\wamp\www\Project\3601\Storage\view\compile\0d76f5ffa3f8801ff70ffa722b2b72c2.php (70).
[ 2016-09-05T19:41:01+08:00 ]NOTICE: Undefined variable: oldDataD:\wamp\www\Project\3601\Storage\view\compile\0d76f5ffa3f8801ff70ffa722b2b72c2.php (69).
[ 2016-09-05T19:41:01+08:00 ]NOTICE: Undefined variable: oldDataD:\wamp\www\Project\3601\Storage\view\compile\0d76f5ffa3f8801ff70ffa722b2b72c2.php (70).
[ 2016-09-05T19:41:52+08:00 ]NOTICE: Undefined variable: oldDataD:\wamp\www\Project\3601\Storage\view\compile\0d76f5ffa3f8801ff70ffa722b2b72c2.php (69).
[ 2016-09-05T19:41:52+08:00 ]NOTICE: Undefined variable: oldDataD:\wamp\www\Project\3601\Storage\view\compile\0d76f5ffa3f8801ff70ffa722b2b72c2.php (70).
[ 2016-09-05T19:41:54+08:00 ]NOTICE: Undefined variable: oldDataD:\wamp\www\Project\3601\Storage\view\compile\0d76f5ffa3f8801ff70ffa722b2b72c2.php (69).
[ 2016-09-05T19:41:54+08:00 ]NOTICE: Undefined variable: oldDataD:\wamp\www\Project\3601\Storage\view\compile\0d76f5ffa3f8801ff70ffa722b2b72c2.php (70).
[ 2016-09-05T19:42:23+08:00 ]NOTICE: Undefined variable: oldDataD:\wamp\www\Project\3601\Storage\view\compile\0d76f5ffa3f8801ff70ffa722b2b72c2.php (69).
[ 2016-09-05T19:42:23+08:00 ]NOTICE: Undefined variable: oldDataD:\wamp\www\Project\3601\Storage\view\compile\0d76f5ffa3f8801ff70ffa722b2b72c2.php (70).
[ 2016-09-05T19:46:16+08:00 ]NOTICE: Invalid argument supplied for foreach()D:\wamp\www\Project\3601\App\Common\Model\Goods.php (39).
[ 2016-09-05T20:03:26+08:00 ]NOTICE: Undefined variable: oldDataD:\wamp\www\Project\3601\Storage\view\compile\0d76f5ffa3f8801ff70ffa722b2b72c2.php (69).
[ 2016-09-05T20:03:26+08:00 ]NOTICE: Undefined variable: oldDataD:\wamp\www\Project\3601\Storage\view\compile\0d76f5ffa3f8801ff70ffa722b2b72c2.php (70).
[ 2016-09-05T20:03:42+08:00 ]NOTICE: Undefined variable: oldDataD:\wamp\www\Project\3601\Storage\view\compile\0d76f5ffa3f8801ff70ffa722b2b72c2.php (69).
[ 2016-09-05T20:03:42+08:00 ]NOTICE: Undefined variable: oldDataD:\wamp\www\Project\3601\Storage\view\compile\0d76f5ffa3f8801ff70ffa722b2b72c2.php (70).
[ 2016-09-05T20:03:43+08:00 ]NOTICE: Undefined variable: oldDataD:\wamp\www\Project\3601\Storage\view\compile\0d76f5ffa3f8801ff70ffa722b2b72c2.php (69).
[ 2016-09-05T20:03:43+08:00 ]NOTICE: Undefined variable: oldDataD:\wamp\www\Project\3601\Storage\view\compile\0d76f5ffa3f8801ff70ffa722b2b72c2.php (70).
[ 2016-09-05T20:03:51+08:00 ]NOTICE: Undefined variable: pageD:\wamp\www\Project\3601\Storage\view\compile\dd39ce05a282cea06b169c209effb00f.php (56).
[ 2016-09-05T20:03:53+08:00 ]NOTICE: Undefined variable: pageD:\wamp\www\Project\3601\Storage\view\compile\d2321ff4dbba56fbf66d46561f7ef14d.php (60).
[ 2016-09-05T20:04:03+08:00 ]NOTICE: Undefined variable: pageD:\wamp\www\Project\3601\Storage\view\compile\dd39ce05a282cea06b169c209effb00f.php (56).
[ 2016-09-05T20:04:05+08:00 ]NOTICE: Undefined variable: pageD:\wamp\www\Project\3601\Storage\view\compile\7b90bf9d0d3583f17b102df6aa5979db.php (68).
[ 2016-09-05T20:04:08+08:00 ]NOTICE: Undefined variable: pageD:\wamp\www\Project\3601\Storage\view\compile\dd39ce05a282cea06b169c209effb00f.php (56).
[ 2016-09-05T20:04:20+08:00 ]NOTICE: Undefined variable: pageD:\wamp\www\Project\3601\Storage\view\compile\7b90bf9d0d3583f17b102df6aa5979db.php (68).
[ 2016-09-05T20:05:19+08:00 ]NOTICE: Undefined variable: pageD:\wamp\www\Project\3601\Storage\view\compile\7b90bf9d0d3583f17b102df6aa5979db.php (68).
[ 2016-09-05T20:05:26+08:00 ]NOTICE: Undefined variable: pageD:\wamp\www\Project\3601\Storage\view\compile\d2321ff4dbba56fbf66d46561f7ef14d.php (60).
[ 2016-09-05T20:06:03+08:00 ]NOTICE: Undefined variable: pageD:\wamp\www\Project\3601\Storage\view\compile\d2321ff4dbba56fbf66d46561f7ef14d.php (60).
[ 2016-09-05T20:12:03+08:00 ]NOTICE: Invalid argument supplied for foreach()D:\wamp\www\Project\3601\App\Common\Model\Goods.php (39).
[ 2016-09-05T20:19:42+08:00 ]NOTICE: Invalid argument supplied for foreach()D:\wamp\www\Project\3601\App\Common\Model\Goods.php (39).
[ 2016-09-05T20:32:02+08:00 ]EXCEPTION: SELECT  *  FROM shop_goods WHERE shop_type_tid=1 ORDER BY  glick DESC  LIMIT 0,4 ;BindParams:array (
)42S22;1054;Unknown column 'glick' in 'order clause'
[ 2016-09-05T20:49:46+08:00 ]NOTICE: Undefined variable: leftD:\wamp\www\Project\3601\Storage\view\compile\0c28e7150ba5d668f4a1564650d3d0d8.php (355).
[ 2016-09-05T20:49:46+08:00 ]NOTICE: Undefined variable: leftD:\wamp\www\Project\3601\Storage\view\compile\0c28e7150ba5d668f4a1564650d3d0d8.php (355).
[ 2016-09-05T20:50:01+08:00 ]NOTICE: Undefined variable: leftD:\wamp\www\Project\3601\Storage\view\compile\0c28e7150ba5d668f4a1564650d3d0d8.php (355).
[ 2016-09-05T20:50:01+08:00 ]NOTICE: Undefined variable: leftD:\wamp\www\Project\3601\Storage\view\compile\0c28e7150ba5d668f4a1564650d3d0d8.php (355).
[ 2016-09-05T20:50:07+08:00 ]NOTICE: Undefined variable: leftD:\wamp\www\Project\3601\Storage\view\compile\0c28e7150ba5d668f4a1564650d3d0d8.php (355).
[ 2016-09-05T20:50:07+08:00 ]NOTICE: Undefined variable: leftD:\wamp\www\Project\3601\Storage\view\compile\0c28e7150ba5d668f4a1564650d3d0d8.php (355).
[ 2016-09-05T20:55:16+08:00 ]NOTICE: Undefined variable: leftD:\wamp\www\Project\3601\Storage\view\compile\0c28e7150ba5d668f4a1564650d3d0d8.php (355).
[ 2016-09-05T20:55:16+08:00 ]NOTICE: Undefined variable: leftD:\wamp\www\Project\3601\Storage\view\compile\0c28e7150ba5d668f4a1564650d3d0d8.php (355).
[ 2016-09-05T20:55:33+08:00 ]NOTICE: Undefined variable: leftD:\wamp\www\Project\3601\Storage\view\compile\0c28e7150ba5d668f4a1564650d3d0d8.php (355).
[ 2016-09-05T20:55:33+08:00 ]NOTICE: Undefined variable: leftD:\wamp\www\Project\3601\Storage\view\compile\0c28e7150ba5d668f4a1564650d3d0d8.php (355).
[ 2016-09-05T20:56:13+08:00 ]NOTICE: Undefined variable: leftD:\wamp\www\Project\3601\Storage\view\compile\0c28e7150ba5d668f4a1564650d3d0d8.php (355).
[ 2016-09-05T20:56:13+08:00 ]NOTICE: Undefined variable: leftD:\wamp\www\Project\3601\Storage\view\compile\0c28e7150ba5d668f4a1564650d3d0d8.php (355).
[ 2016-09-05T20:56:36+08:00 ]NOTICE: Undefined variable: leftD:\wamp\www\Project\3601\Storage\view\compile\0c28e7150ba5d668f4a1564650d3d0d8.php (355).
[ 2016-09-05T20:56:36+08:00 ]NOTICE: Undefined variable: leftD:\wamp\www\Project\3601\Storage\view\compile\0c28e7150ba5d668f4a1564650d3d0d8.php (355).
[ 2016-09-05T20:59:53+08:00 ]NOTICE: Undefined variable: leftD:\wamp\www\Project\3601\Storage\view\compile\0c28e7150ba5d668f4a1564650d3d0d8.php (355).
[ 2016-09-05T20:59:53+08:00 ]NOTICE: Undefined variable: leftD:\wamp\www\Project\3601\Storage\view\compile\0c28e7150ba5d668f4a1564650d3d0d8.php (355).
[ 2016-09-05T21:00:34+08:00 ]NOTICE: Undefined variable: leftD:\wamp\www\Project\3601\Storage\view\compile\0c28e7150ba5d668f4a1564650d3d0d8.php (355).
[ 2016-09-05T21:00:34+08:00 ]NOTICE: Undefined variable: leftD:\wamp\www\Project\3601\Storage\view\compile\0c28e7150ba5d668f4a1564650d3d0d8.php (355).
[ 2016-09-05T21:02:15+08:00 ]NOTICE: Undefined variable: leftD:\wamp\www\Project\3601\Storage\view\compile\0c28e7150ba5d668f4a1564650d3d0d8.php (355).
[ 2016-09-05T21:02:15+08:00 ]NOTICE: Undefined variable: leftD:\wamp\www\Project\3601\Storage\view\compile\0c28e7150ba5d668f4a1564650d3d0d8.php (355).
[ 2016-09-05T21:03:05+08:00 ]NOTICE: Undefined variable: leftD:\wamp\www\Project\3601\Storage\view\compile\0c28e7150ba5d668f4a1564650d3d0d8.php (355).
[ 2016-09-05T21:03:05+08:00 ]NOTICE: Undefined variable: leftD:\wamp\www\Project\3601\Storage\view\compile\0c28e7150ba5d668f4a1564650d3d0d8.php (355).
[ 2016-09-05T21:04:33+08:00 ]NOTICE: Undefined variable: leftD:\wamp\www\Project\3601\Storage\view\compile\0c28e7150ba5d668f4a1564650d3d0d8.php (355).
[ 2016-09-05T21:04:33+08:00 ]NOTICE: Undefined variable: leftD:\wamp\www\Project\3601\Storage\view\compile\0c28e7150ba5d668f4a1564650d3d0d8.php (355).
[ 2016-09-05T21:04:38+08:00 ]NOTICE: Undefined variable: leftD:\wamp\www\Project\3601\Storage\view\compile\0c28e7150ba5d668f4a1564650d3d0d8.php (355).
[ 2016-09-05T21:04:38+08:00 ]NOTICE: Undefined variable: leftD:\wamp\www\Project\3601\Storage\view\compile\0c28e7150ba5d668f4a1564650d3d0d8.php (355).
[ 2016-09-05T21:05:33+08:00 ]NOTICE: Undefined variable: leftD:\wamp\www\Project\3601\Storage\view\compile\0c28e7150ba5d668f4a1564650d3d0d8.php (355).
[ 2016-09-05T21:05:33+08:00 ]NOTICE: Undefined variable: leftD:\wamp\www\Project\3601\Storage\view\compile\0c28e7150ba5d668f4a1564650d3d0d8.php (355).
[ 2016-09-05T21:06:39+08:00 ]NOTICE: Undefined variable: leftD:\wamp\www\Project\3601\Storage\view\compile\0c28e7150ba5d668f4a1564650d3d0d8.php (355).
[ 2016-09-05T21:06:39+08:00 ]NOTICE: Undefined variable: leftD:\wamp\www\Project\3601\Storage\view\compile\0c28e7150ba5d668f4a1564650d3d0d8.php (355).
[ 2016-09-05T21:06:58+08:00 ]NOTICE: Undefined variable: leftD:\wamp\www\Project\3601\Storage\view\compile\0c28e7150ba5d668f4a1564650d3d0d8.php (355).
[ 2016-09-05T21:06:58+08:00 ]NOTICE: Undefined variable: leftD:\wamp\www\Project\3601\Storage\view\compile\0c28e7150ba5d668f4a1564650d3d0d8.php (355).
[ 2016-09-05T21:07:52+08:00 ]NOTICE: Undefined variable: leftD:\wamp\www\Project\3601\Storage\view\compile\0c28e7150ba5d668f4a1564650d3d0d8.php (355).
[ 2016-09-05T21:07:52+08:00 ]NOTICE: Undefined variable: leftD:\wamp\www\Project\3601\Storage\view\compile\0c28e7150ba5d668f4a1564650d3d0d8.php (355).
[ 2016-09-05T21:08:04+08:00 ]NOTICE: Undefined variable: leftD:\wamp\www\Project\3601\Storage\view\compile\0c28e7150ba5d668f4a1564650d3d0d8.php (355).
[ 2016-09-05T21:08:04+08:00 ]NOTICE: Undefined variable: leftD:\wamp\www\Project\3601\Storage\view\compile\0c28e7150ba5d668f4a1564650d3d0d8.php (355).
[ 2016-09-05T21:09:46+08:00 ]NOTICE: Undefined variable: leftD:\wamp\www\Project\3601\Storage\view\compile\0c28e7150ba5d668f4a1564650d3d0d8.php (355).
[ 2016-09-05T21:09:46+08:00 ]NOTICE: Undefined variable: leftD:\wamp\www\Project\3601\Storage\view\compile\0c28e7150ba5d668f4a1564650d3d0d8.php (355).
[ 2016-09-05T21:09:48+08:00 ]NOTICE: Undefined variable: leftD:\wamp\www\Project\3601\Storage\view\compile\0c28e7150ba5d668f4a1564650d3d0d8.php (355).
[ 2016-09-05T21:09:48+08:00 ]NOTICE: Undefined variable: leftD:\wamp\www\Project\3601\Storage\view\compile\0c28e7150ba5d668f4a1564650d3d0d8.php (355).
[ 2016-09-05T21:17:30+08:00 ]NOTICE: Undefined variable: leftD:\wamp\www\Project\3601\Storage\view\compile\0c28e7150ba5d668f4a1564650d3d0d8.php (356).
[ 2016-09-05T21:17:30+08:00 ]NOTICE: Undefined variable: leftD:\wamp\www\Project\3601\Storage\view\compile\0c28e7150ba5d668f4a1564650d3d0d8.php (356).
[ 2016-09-05T21:18:26+08:00 ]NOTICE: Undefined variable: leftD:\wamp\www\Project\3601\Storage\view\compile\0c28e7150ba5d668f4a1564650d3d0d8.php (356).
[ 2016-09-05T21:18:26+08:00 ]NOTICE: Undefined variable: leftD:\wamp\www\Project\3601\Storage\view\compile\0c28e7150ba5d668f4a1564650d3d0d8.php (356).
[ 2016-09-05T21:19:11+08:00 ]NOTICE: Undefined variable: leftD:\wamp\www\Project\3601\Storage\view\compile\0c28e7150ba5d668f4a1564650d3d0d8.php (356).
[ 2016-09-05T21:19:11+08:00 ]NOTICE: Undefined variable: leftD:\wamp\www\Project\3601\Storage\view\compile\0c28e7150ba5d668f4a1564650d3d0d8.php (356).
[ 2016-09-05T21:19:47+08:00 ]NOTICE: Undefined variable: leftD:\wamp\www\Project\3601\Storage\view\compile\0c28e7150ba5d668f4a1564650d3d0d8.php (356).
[ 2016-09-05T21:19:47+08:00 ]NOTICE: Undefined variable: leftD:\wamp\www\Project\3601\Storage\view\compile\0c28e7150ba5d668f4a1564650d3d0d8.php (356).
[ 2016-09-05T21:20:24+08:00 ]NOTICE: Undefined variable: leftD:\wamp\www\Project\3601\Storage\view\compile\0c28e7150ba5d668f4a1564650d3d0d8.php (356).
[ 2016-09-05T21:20:24+08:00 ]NOTICE: Undefined variable: leftD:\wamp\www\Project\3601\Storage\view\compile\0c28e7150ba5d668f4a1564650d3d0d8.php (356).
[ 2016-09-05T21:20:40+08:00 ]NOTICE: Undefined variable: leftD:\wamp\www\Project\3601\Storage\view\compile\0c28e7150ba5d668f4a1564650d3d0d8.php (356).
[ 2016-09-05T21:20:40+08:00 ]NOTICE: Undefined variable: leftD:\wamp\www\Project\3601\Storage\view\compile\0c28e7150ba5d668f4a1564650d3d0d8.php (356).
[ 2016-09-05T21:21:22+08:00 ]NOTICE: Undefined variable: leftD:\wamp\www\Project\3601\Storage\view\compile\0c28e7150ba5d668f4a1564650d3d0d8.php (356).
[ 2016-09-05T21:21:22+08:00 ]NOTICE: Undefined variable: leftD:\wamp\www\Project\3601\Storage\view\compile\0c28e7150ba5d668f4a1564650d3d0d8.php (356).
[ 2016-09-05T21:23:00+08:00 ]NOTICE: Undefined variable: leftD:\wamp\www\Project\3601\Storage\view\compile\0c28e7150ba5d668f4a1564650d3d0d8.php (356).
[ 2016-09-05T21:23:00+08:00 ]NOTICE: Undefined variable: leftD:\wamp\www\Project\3601\Storage\view\compile\0c28e7150ba5d668f4a1564650d3d0d8.php (356).
[ 2016-09-05T21:24:15+08:00 ]NOTICE: Undefined variable: leftD:\wamp\www\Project\3601\Storage\view\compile\0c28e7150ba5d668f4a1564650d3d0d8.php (356).
[ 2016-09-05T21:24:15+08:00 ]NOTICE: Undefined variable: leftD:\wamp\www\Project\3601\Storage\view\compile\0c28e7150ba5d668f4a1564650d3d0d8.php (356).
[ 2016-09-05T21:27:25+08:00 ]NOTICE: Undefined variable: leftD:\wamp\www\Project\3601\Storage\view\compile\0c28e7150ba5d668f4a1564650d3d0d8.php (356).
[ 2016-09-05T21:27:25+08:00 ]NOTICE: Undefined variable: leftD:\wamp\www\Project\3601\Storage\view\compile\0c28e7150ba5d668f4a1564650d3d0d8.php (356).
[ 2016-09-05T21:32:39+08:00 ]NOTICE: Undefined variable: leftD:\wamp\www\Project\3601\Storage\view\compile\0c28e7150ba5d668f4a1564650d3d0d8.php (356).
[ 2016-09-05T21:32:39+08:00 ]NOTICE: Undefined variable: leftD:\wamp\www\Project\3601\Storage\view\compile\0c28e7150ba5d668f4a1564650d3d0d8.php (356).
[ 2016-09-05T21:33:07+08:00 ]NOTICE: Undefined variable: leftD:\wamp\www\Project\3601\Storage\view\compile\0c28e7150ba5d668f4a1564650d3d0d8.php (356).
[ 2016-09-05T21:33:07+08:00 ]NOTICE: Undefined variable: leftD:\wamp\www\Project\3601\Storage\view\compile\0c28e7150ba5d668f4a1564650d3d0d8.php (356).
[ 2016-09-05T21:34:16+08:00 ]NOTICE: Undefined variable: leftD:\wamp\www\Project\3601\Storage\view\compile\0c28e7150ba5d668f4a1564650d3d0d8.php (356).
[ 2016-09-05T21:34:16+08:00 ]NOTICE: Undefined variable: leftD:\wamp\www\Project\3601\Storage\view\compile\0c28e7150ba5d668f4a1564650d3d0d8.php (356).
[ 2016-09-05T21:34:45+08:00 ]NOTICE: Undefined variable: leftD:\wamp\www\Project\3601\Storage\view\compile\0c28e7150ba5d668f4a1564650d3d0d8.php (356).
[ 2016-09-05T21:34:45+08:00 ]NOTICE: Undefined variable: leftD:\wamp\www\Project\3601\Storage\view\compile\0c28e7150ba5d668f4a1564650d3d0d8.php (356).
[ 2016-09-05T21:34:57+08:00 ]NOTICE: Undefined variable: leftD:\wamp\www\Project\3601\Storage\view\compile\0c28e7150ba5d668f4a1564650d3d0d8.php (356).
[ 2016-09-05T21:34:57+08:00 ]NOTICE: Undefined variable: leftD:\wamp\www\Project\3601\Storage\view\compile\0c28e7150ba5d668f4a1564650d3d0d8.php (356).
[ 2016-09-05T21:36:30+08:00 ]NOTICE: Undefined variable: leftD:\wamp\www\Project\3601\Storage\view\compile\0c28e7150ba5d668f4a1564650d3d0d8.php (356).
[ 2016-09-05T21:36:30+08:00 ]NOTICE: Undefined variable: leftD:\wamp\www\Project\3601\Storage\view\compile\0c28e7150ba5d668f4a1564650d3d0d8.php (356).
[ 2016-09-05T21:37:09+08:00 ]NOTICE: Undefined variable: leftD:\wamp\www\Project\3601\Storage\view\compile\0c28e7150ba5d668f4a1564650d3d0d8.php (356).
[ 2016-09-05T21:37:09+08:00 ]NOTICE: Undefined variable: leftD:\wamp\www\Project\3601\Storage\view\compile\0c28e7150ba5d668f4a1564650d3d0d8.php (356).
[ 2016-09-05T21:38:22+08:00 ]NOTICE: Undefined variable: leftD:\wamp\www\Project\3601\Storage\view\compile\0c28e7150ba5d668f4a1564650d3d0d8.php (356).
[ 2016-09-05T21:38:22+08:00 ]NOTICE: Undefined variable: leftD:\wamp\www\Project\3601\Storage\view\compile\0c28e7150ba5d668f4a1564650d3d0d8.php (356).
[ 2016-09-05T21:39:13+08:00 ]NOTICE: Undefined variable: leftD:\wamp\www\Project\3601\Storage\view\compile\0c28e7150ba5d668f4a1564650d3d0d8.php (356).
[ 2016-09-05T21:39:13+08:00 ]NOTICE: Undefined variable: leftD:\wamp\www\Project\3601\Storage\view\compile\0c28e7150ba5d668f4a1564650d3d0d8.php (356).
[ 2016-09-05T21:40:37+08:00 ]NOTICE: Undefined variable: leftD:\wamp\www\Project\3601\Storage\view\compile\0c28e7150ba5d668f4a1564650d3d0d8.php (356).
[ 2016-09-05T21:40:37+08:00 ]NOTICE: Undefined variable: leftD:\wamp\www\Project\3601\Storage\view\compile\0c28e7150ba5d668f4a1564650d3d0d8.php (356).
[ 2016-09-05T21:41:16+08:00 ]NOTICE: Undefined variable: leftD:\wamp\www\Project\3601\Storage\view\compile\0c28e7150ba5d668f4a1564650d3d0d8.php (356).
[ 2016-09-05T21:41:16+08:00 ]NOTICE: Undefined variable: leftD:\wamp\www\Project\3601\Storage\view\compile\0c28e7150ba5d668f4a1564650d3d0d8.php (356).
[ 2016-09-05T21:41:35+08:00 ]NOTICE: Undefined variable: leftD:\wamp\www\Project\3601\Storage\view\compile\0c28e7150ba5d668f4a1564650d3d0d8.php (356).
[ 2016-09-05T21:41:35+08:00 ]NOTICE: Undefined variable: leftD:\wamp\www\Project\3601\Storage\view\compile\0c28e7150ba5d668f4a1564650d3d0d8.php (356).
[ 2016-09-05T21:51:06+08:00 ]NOTICE: Undefined variable: leftD:\wamp\www\Project\3601\Storage\view\compile\0c28e7150ba5d668f4a1564650d3d0d8.php (356).
[ 2016-09-05T21:51:06+08:00 ]NOTICE: Undefined variable: leftD:\wamp\www\Project\3601\Storage\view\compile\0c28e7150ba5d668f4a1564650d3d0d8.php (356).
[ 2016-09-05T23:09:54+08:00 ]NOTICE: Undefined variable: leftD:\wamp\www\Project\3601\Storage\view\compile\0c28e7150ba5d668f4a1564650d3d0d8.php (356).
[ 2016-09-05T23:09:54+08:00 ]NOTICE: Undefined variable: leftD:\wamp\www\Project\3601\Storage\view\compile\0c28e7150ba5d668f4a1564650d3d0d8.php (356).
[ 2016-09-05T23:11:38+08:00 ]NOTICE: Undefined variable: leftD:\wamp\www\Project\3601\Storage\view\compile\0c28e7150ba5d668f4a1564650d3d0d8.php (358).
[ 2016-09-05T23:11:38+08:00 ]NOTICE: Undefined variable: leftD:\wamp\www\Project\3601\Storage\view\compile\0c28e7150ba5d668f4a1564650d3d0d8.php (358).
[ 2016-09-05T23:12:18+08:00 ]NOTICE: Undefined variable: leftD:\wamp\www\Project\3601\Storage\view\compile\0c28e7150ba5d668f4a1564650d3d0d8.php (358).
[ 2016-09-05T23:12:18+08:00 ]NOTICE: Undefined variable: leftD:\wamp\www\Project\3601\Storage\view\compile\0c28e7150ba5d668f4a1564650d3d0d8.php (358).
[ 2016-09-05T23:12:22+08:00 ]NOTICE: Undefined variable: leftD:\wamp\www\Project\3601\Storage\view\compile\0c28e7150ba5d668f4a1564650d3d0d8.php (356).
[ 2016-09-05T23:12:22+08:00 ]NOTICE: Undefined variable: leftD:\wamp\www\Project\3601\Storage\view\compile\0c28e7150ba5d668f4a1564650d3d0d8.php (356).
[ 2016-09-05T23:12:43+08:00 ]NOTICE: Undefined variable: leftD:\wamp\www\Project\3601\Storage\view\compile\0c28e7150ba5d668f4a1564650d3d0d8.php (358).
[ 2016-09-05T23:12:43+08:00 ]NOTICE: Undefined variable: leftD:\wamp\www\Project\3601\Storage\view\compile\0c28e7150ba5d668f4a1564650d3d0d8.php (358).
[ 2016-09-05T23:12:50+08:00 ]NOTICE: Undefined variable: leftD:\wamp\www\Project\3601\Storage\view\compile\0c28e7150ba5d668f4a1564650d3d0d8.php (356).
[ 2016-09-05T23:12:50+08:00 ]NOTICE: Undefined variable: leftD:\wamp\www\Project\3601\Storage\view\compile\0c28e7150ba5d668f4a1564650d3d0d8.php (356).
