[ 2016-09-06T13:24:43+08:00 ]NOTICE: Undefined variable: leftD:\wamp\www\Project\3601\Storage\view\compile\0c28e7150ba5d668f4a1564650d3d0d8.php (356).
[ 2016-09-06T13:24:43+08:00 ]NOTICE: Undefined variable: leftD:\wamp\www\Project\3601\Storage\view\compile\0c28e7150ba5d668f4a1564650d3d0d8.php (356).
[ 2016-09-06T13:26:34+08:00 ]NOTICE: Undefined variable: leftD:\wamp\www\Project\3601\Storage\view\compile\0c28e7150ba5d668f4a1564650d3d0d8.php (358).
[ 2016-09-06T13:26:34+08:00 ]NOTICE: Undefined variable: leftD:\wamp\www\Project\3601\Storage\view\compile\0c28e7150ba5d668f4a1564650d3d0d8.php (358).
[ 2016-09-06T13:26:38+08:00 ]NOTICE: Undefined variable: leftD:\wamp\www\Project\3601\Storage\view\compile\0c28e7150ba5d668f4a1564650d3d0d8.php (356).
[ 2016-09-06T13:26:38+08:00 ]NOTICE: Undefined variable: leftD:\wamp\www\Project\3601\Storage\view\compile\0c28e7150ba5d668f4a1564650d3d0d8.php (356).
[ 2016-09-06T13:26:52+08:00 ]NOTICE: Undefined variable: leftD:\wamp\www\Project\3601\Storage\view\compile\0c28e7150ba5d668f4a1564650d3d0d8.php (358).
[ 2016-09-06T13:26:52+08:00 ]NOTICE: Undefined variable: leftD:\wamp\www\Project\3601\Storage\view\compile\0c28e7150ba5d668f4a1564650d3d0d8.php (358).
[ 2016-09-06T13:26:58+08:00 ]NOTICE: Undefined variable: leftD:\wamp\www\Project\3601\Storage\view\compile\0c28e7150ba5d668f4a1564650d3d0d8.php (356).
[ 2016-09-06T13:26:58+08:00 ]NOTICE: Undefined variable: leftD:\wamp\www\Project\3601\Storage\view\compile\0c28e7150ba5d668f4a1564650d3d0d8.php (356).
[ 2016-09-06T13:27:50+08:00 ]NOTICE: Undefined variable: leftD:\wamp\www\Project\3601\Storage\view\compile\0c28e7150ba5d668f4a1564650d3d0d8.php (358).
[ 2016-09-06T13:27:50+08:00 ]NOTICE: Undefined variable: leftD:\wamp\www\Project\3601\Storage\view\compile\0c28e7150ba5d668f4a1564650d3d0d8.php (358).
[ 2016-09-06T13:27:54+08:00 ]NOTICE: Undefined variable: leftD:\wamp\www\Project\3601\Storage\view\compile\0c28e7150ba5d668f4a1564650d3d0d8.php (356).
[ 2016-09-06T13:27:54+08:00 ]NOTICE: Undefined variable: leftD:\wamp\www\Project\3601\Storage\view\compile\0c28e7150ba5d668f4a1564650d3d0d8.php (356).
[ 2016-09-06T13:28:24+08:00 ]NOTICE: Undefined variable: leftD:\wamp\www\Project\3601\Storage\view\compile\0c28e7150ba5d668f4a1564650d3d0d8.php (358).
[ 2016-09-06T13:28:24+08:00 ]NOTICE: Undefined variable: leftD:\wamp\www\Project\3601\Storage\view\compile\0c28e7150ba5d668f4a1564650d3d0d8.php (358).
[ 2016-09-06T13:29:22+08:00 ]NOTICE: Undefined variable: leftD:\wamp\www\Project\3601\Storage\view\compile\0c28e7150ba5d668f4a1564650d3d0d8.php (358).
[ 2016-09-06T13:29:22+08:00 ]NOTICE: Undefined variable: leftD:\wamp\www\Project\3601\Storage\view\compile\0c28e7150ba5d668f4a1564650d3d0d8.php (358).
[ 2016-09-06T13:29:29+08:00 ]NOTICE: Undefined variable: leftD:\wamp\www\Project\3601\Storage\view\compile\0c28e7150ba5d668f4a1564650d3d0d8.php (356).
[ 2016-09-06T13:29:29+08:00 ]NOTICE: Undefined variable: leftD:\wamp\www\Project\3601\Storage\view\compile\0c28e7150ba5d668f4a1564650d3d0d8.php (356).
[ 2016-09-06T13:29:39+08:00 ]NOTICE: Undefined variable: leftD:\wamp\www\Project\3601\Storage\view\compile\0c28e7150ba5d668f4a1564650d3d0d8.php (358).
[ 2016-09-06T13:29:39+08:00 ]NOTICE: Undefined variable: leftD:\wamp\www\Project\3601\Storage\view\compile\0c28e7150ba5d668f4a1564650d3d0d8.php (358).
[ 2016-09-06T13:29:54+08:00 ]NOTICE: Undefined variable: leftD:\wamp\www\Project\3601\Storage\view\compile\0c28e7150ba5d668f4a1564650d3d0d8.php (356).
[ 2016-09-06T13:29:54+08:00 ]NOTICE: Undefined variable: leftD:\wamp\www\Project\3601\Storage\view\compile\0c28e7150ba5d668f4a1564650d3d0d8.php (356).
[ 2016-09-06T13:30:43+08:00 ]NOTICE: Undefined variable: leftD:\wamp\www\Project\3601\Storage\view\compile\0c28e7150ba5d668f4a1564650d3d0d8.php (358).
[ 2016-09-06T13:30:43+08:00 ]NOTICE: Undefined variable: leftD:\wamp\www\Project\3601\Storage\view\compile\0c28e7150ba5d668f4a1564650d3d0d8.php (358).
[ 2016-09-06T13:34:33+08:00 ]NOTICE: Undefined variable: leftD:\wamp\www\Project\3601\Storage\view\compile\0c28e7150ba5d668f4a1564650d3d0d8.php (358).
[ 2016-09-06T13:34:33+08:00 ]NOTICE: Undefined variable: leftD:\wamp\www\Project\3601\Storage\view\compile\0c28e7150ba5d668f4a1564650d3d0d8.php (358).
[ 2016-09-06T13:34:43+08:00 ]NOTICE: Undefined variable: leftD:\wamp\www\Project\3601\Storage\view\compile\0c28e7150ba5d668f4a1564650d3d0d8.php (356).
[ 2016-09-06T13:34:43+08:00 ]NOTICE: Undefined variable: leftD:\wamp\www\Project\3601\Storage\view\compile\0c28e7150ba5d668f4a1564650d3d0d8.php (356).
[ 2016-09-06T13:35:16+08:00 ]NOTICE: Undefined variable: leftD:\wamp\www\Project\3601\Storage\view\compile\0c28e7150ba5d668f4a1564650d3d0d8.php (358).
[ 2016-09-06T13:35:16+08:00 ]NOTICE: Undefined variable: leftD:\wamp\www\Project\3601\Storage\view\compile\0c28e7150ba5d668f4a1564650d3d0d8.php (358).
[ 2016-09-06T13:35:28+08:00 ]NOTICE: Undefined variable: leftD:\wamp\www\Project\3601\Storage\view\compile\0c28e7150ba5d668f4a1564650d3d0d8.php (356).
[ 2016-09-06T13:35:28+08:00 ]NOTICE: Undefined variable: leftD:\wamp\www\Project\3601\Storage\view\compile\0c28e7150ba5d668f4a1564650d3d0d8.php (356).
[ 2016-09-06T13:46:53+08:00 ]NOTICE: Undefined variable: leftD:\wamp\www\Project\3601\Storage\view\compile\0c28e7150ba5d668f4a1564650d3d0d8.php (356).
[ 2016-09-06T13:46:53+08:00 ]NOTICE: Undefined variable: leftD:\wamp\www\Project\3601\Storage\view\compile\0c28e7150ba5d668f4a1564650d3d0d8.php (356).
[ 2016-09-06T13:47:18+08:00 ]NOTICE: Undefined variable: leftD:\wamp\www\Project\3601\Storage\view\compile\0c28e7150ba5d668f4a1564650d3d0d8.php (358).
[ 2016-09-06T13:47:18+08:00 ]NOTICE: Undefined variable: leftD:\wamp\www\Project\3601\Storage\view\compile\0c28e7150ba5d668f4a1564650d3d0d8.php (358).
[ 2016-09-06T13:57:08+08:00 ]NOTICE: Undefined variable: leftD:\wamp\www\Project\3601\Storage\view\compile\0c28e7150ba5d668f4a1564650d3d0d8.php (356).
[ 2016-09-06T13:57:08+08:00 ]NOTICE: Undefined variable: leftD:\wamp\www\Project\3601\Storage\view\compile\0c28e7150ba5d668f4a1564650d3d0d8.php (356).
[ 2016-09-06T13:57:17+08:00 ]NOTICE: Undefined variable: leftD:\wamp\www\Project\3601\Storage\view\compile\0c28e7150ba5d668f4a1564650d3d0d8.php (358).
[ 2016-09-06T13:57:17+08:00 ]NOTICE: Undefined variable: leftD:\wamp\www\Project\3601\Storage\view\compile\0c28e7150ba5d668f4a1564650d3d0d8.php (358).
[ 2016-09-06T14:03:34+08:00 ]NOTICE: Undefined variable: leftD:\wamp\www\Project\3601\Storage\view\compile\0c28e7150ba5d668f4a1564650d3d0d8.php (358).
[ 2016-09-06T14:03:34+08:00 ]NOTICE: Undefined variable: leftD:\wamp\www\Project\3601\Storage\view\compile\0c28e7150ba5d668f4a1564650d3d0d8.php (358).
[ 2016-09-06T14:21:06+08:00 ]NOTICE: Undefined variable: leftD:\wamp\www\Project\3601\Storage\view\compile\0c28e7150ba5d668f4a1564650d3d0d8.php (405).
[ 2016-09-06T14:21:06+08:00 ]NOTICE: Undefined variable: leftD:\wamp\www\Project\3601\Storage\view\compile\0c28e7150ba5d668f4a1564650d3d0d8.php (405).
[ 2016-09-06T14:27:22+08:00 ]NOTICE: Undefined variable: gidD:\wamp\www\Project\3601\App\Home\Controller\ShopcarController.php (23).
[ 2016-09-06T14:27:22+08:00 ]EXCEPTION: SELECT  *  FROM shop_goods WHERE gid= LIMIT 1 ;BindParams:array (
)42000;1064;You have an error in your SQL syntax; check the manual that corresponds to your MySQL server version for the right syntax to use near 'LIMIT 1' at line 1
[ 2016-09-06T14:27:25+08:00 ]NOTICE: Undefined variable: gidD:\wamp\www\Project\3601\App\Home\Controller\ShopcarController.php (23).
[ 2016-09-06T14:27:25+08:00 ]EXCEPTION: SELECT  *  FROM shop_goods WHERE gid= LIMIT 1 ;BindParams:array (
)42000;1064;You have an error in your SQL syntax; check the manual that corresponds to your MySQL server version for the right syntax to use near 'LIMIT 1' at line 1
[ 2016-09-06T14:27:28+08:00 ]NOTICE: Undefined variable: gidD:\wamp\www\Project\3601\App\Home\Controller\ShopcarController.php (23).
[ 2016-09-06T14:27:28+08:00 ]EXCEPTION: SELECT  *  FROM shop_goods WHERE gid= LIMIT 1 ;BindParams:array (
)42000;1064;You have an error in your SQL syntax; check the manual that corresponds to your MySQL server version for the right syntax to use near 'LIMIT 1' at line 1
[ 2016-09-06T14:27:31+08:00 ]NOTICE: Undefined variable: leftD:\wamp\www\Project\3601\Storage\view\compile\0c28e7150ba5d668f4a1564650d3d0d8.php (363).
[ 2016-09-06T14:27:31+08:00 ]NOTICE: Undefined variable: leftD:\wamp\www\Project\3601\Storage\view\compile\0c28e7150ba5d668f4a1564650d3d0d8.php (363).
[ 2016-09-06T14:44:29+08:00 ]NOTICE: Undefined variable: leftD:\wamp\www\Project\3601\Storage\view\compile\0c28e7150ba5d668f4a1564650d3d0d8.php (419).
[ 2016-09-06T14:44:29+08:00 ]NOTICE: Undefined variable: leftD:\wamp\www\Project\3601\Storage\view\compile\0c28e7150ba5d668f4a1564650d3d0d8.php (419).
[ 2016-09-06T14:44:29+08:00 ]NOTICE: Undefined variable: leftD:\wamp\www\Project\3601\Storage\view\compile\0c28e7150ba5d668f4a1564650d3d0d8.php (419).
[ 2016-09-06T14:44:29+08:00 ]NOTICE: Undefined variable: leftD:\wamp\www\Project\3601\Storage\view\compile\0c28e7150ba5d668f4a1564650d3d0d8.php (419).
[ 2016-09-06T14:45:03+08:00 ]NOTICE: Undefined variable: pageD:\wamp\www\Project\3601\Storage\view\compile\dd39ce05a282cea06b169c209effb00f.php (56).
[ 2016-09-06T14:45:05+08:00 ]NOTICE: Undefined variable: pageD:\wamp\www\Project\3601\Storage\view\compile\7b90bf9d0d3583f17b102df6aa5979db.php (68).
[ 2016-09-06T15:30:55+08:00 ]NOTICE: Undefined variable: leftD:\wamp\www\Project\3601\Storage\view\compile\0c28e7150ba5d668f4a1564650d3d0d8.php (419).
[ 2016-09-06T15:30:55+08:00 ]NOTICE: Undefined variable: leftD:\wamp\www\Project\3601\Storage\view\compile\0c28e7150ba5d668f4a1564650d3d0d8.php (419).
[ 2016-09-06T15:35:03+08:00 ]NOTICE: Undefined variable: gidD:\wamp\www\Project\3601\App\Home\Controller\ShopcarController.php (23).
[ 2016-09-06T15:35:03+08:00 ]EXCEPTION: SELECT  *  FROM shop_goods WHERE gid= LIMIT 1 ;BindParams:array (
)42000;1064;You have an error in your SQL syntax; check the manual that corresponds to your MySQL server version for the right syntax to use near 'LIMIT 1' at line 1
[ 2016-09-06T15:36:48+08:00 ]NOTICE: Undefined variable: gidD:\wamp\www\Project\3601\App\Home\Controller\ShopcarController.php (24).
[ 2016-09-06T15:36:48+08:00 ]EXCEPTION: SELECT  *  FROM shop_goods WHERE gid= LIMIT 1 ;BindParams:array (
)42000;1064;You have an error in your SQL syntax; check the manual that corresponds to your MySQL server version for the right syntax to use near 'LIMIT 1' at line 1
[ 2016-09-06T15:37:17+08:00 ]NOTICE: Undefined variable: gidD:\wamp\www\Project\3601\App\Home\Controller\ShopcarController.php (26).
[ 2016-09-06T15:37:17+08:00 ]EXCEPTION: SELECT  *  FROM shop_goods WHERE gid= LIMIT 1 ;BindParams:array (
)42000;1064;You have an error in your SQL syntax; check the manual that corresponds to your MySQL server version for the right syntax to use near 'LIMIT 1' at line 1
[ 2016-09-06T15:37:44+08:00 ]NOTICE: Undefined variable: gidD:\wamp\www\Project\3601\App\Home\Controller\PayController.php (13).
[ 2016-09-06T15:37:44+08:00 ]EXCEPTION: SELECT  *  FROM shop_goods WHERE gid= LIMIT 1 ;BindParams:array (
)42000;1064;You have an error in your SQL syntax; check the manual that corresponds to your MySQL server version for the right syntax to use near 'LIMIT 1' at line 1
[ 2016-09-06T15:39:01+08:00 ]NOTICE: Undefined variable: gidD:\wamp\www\Project\3601\App\Home\Controller\PayController.php (13).
[ 2016-09-06T15:39:01+08:00 ]EXCEPTION: SELECT  *  FROM shop_goods WHERE gid= LIMIT 1 ;BindParams:array (
)42000;1064;You have an error in your SQL syntax; check the manual that corresponds to your MySQL server version for the right syntax to use near 'LIMIT 1' at line 1
[ 2016-09-06T16:28:16+08:00 ]NOTICE: Undefined variable: leftD:\wamp\www\Project\3601\Storage\view\compile\0c28e7150ba5d668f4a1564650d3d0d8.php (363).
[ 2016-09-06T16:28:16+08:00 ]NOTICE: Undefined variable: leftD:\wamp\www\Project\3601\Storage\view\compile\0c28e7150ba5d668f4a1564650d3d0d8.php (363).
[ 2016-09-06T16:28:24+08:00 ]NOTICE: Undefined variable: leftD:\wamp\www\Project\3601\Storage\view\compile\0c28e7150ba5d668f4a1564650d3d0d8.php (363).
[ 2016-09-06T16:28:24+08:00 ]NOTICE: Undefined variable: leftD:\wamp\www\Project\3601\Storage\view\compile\0c28e7150ba5d668f4a1564650d3d0d8.php (363).
[ 2016-09-06T16:28:24+08:00 ]NOTICE: Undefined variable: leftD:\wamp\www\Project\3601\Storage\view\compile\0c28e7150ba5d668f4a1564650d3d0d8.php (363).
[ 2016-09-06T16:28:24+08:00 ]NOTICE: Undefined variable: leftD:\wamp\www\Project\3601\Storage\view\compile\0c28e7150ba5d668f4a1564650d3d0d8.php (363).
[ 2016-09-06T16:29:26+08:00 ]NOTICE: Undefined variable: leftD:\wamp\www\Project\3601\Storage\view\compile\0c28e7150ba5d668f4a1564650d3d0d8.php (363).
[ 2016-09-06T16:29:26+08:00 ]NOTICE: Undefined variable: leftD:\wamp\www\Project\3601\Storage\view\compile\0c28e7150ba5d668f4a1564650d3d0d8.php (363).
[ 2016-09-06T16:29:26+08:00 ]NOTICE: Undefined variable: leftD:\wamp\www\Project\3601\Storage\view\compile\0c28e7150ba5d668f4a1564650d3d0d8.php (363).
[ 2016-09-06T16:29:26+08:00 ]NOTICE: Undefined variable: leftD:\wamp\www\Project\3601\Storage\view\compile\0c28e7150ba5d668f4a1564650d3d0d8.php (363).
[ 2016-09-06T16:35:24+08:00 ]NOTICE: Invalid argument supplied for foreach()D:\wamp\www\Project\3601\App\Common\Model\Goods.php (39).
[ 2016-09-06T16:35:37+08:00 ]EXCEPTION: INSERT INTO shop_darling (`dstock`,`dno`,`shop_goods_gid`,`group`)VALUES(?,?,?,?) ;BindParams:array (
  0 => '80',
  1 => '51615561',
  2 => 41,
  3 => '91,90,89',
)42S22;1054;Unknown column 'group' in 'field list'
[ 2016-09-06T16:36:20+08:00 ]EXCEPTION: INSERT INTO shop_darling (`dstock`,`dno`,`shop_goods_gid`,`group`)VALUES(?,?,?,?) ;BindParams:array (
  0 => '80',
  1 => '51615561',
  2 => 41,
  3 => '91,90,89',
)42S22;1054;Unknown column 'group' in 'field list'
[ 2016-09-06T16:36:25+08:00 ]NOTICE: Undefined variable: leftD:\wamp\www\Project\3601\Storage\view\compile\0c28e7150ba5d668f4a1564650d3d0d8.php (363).
[ 2016-09-06T16:36:25+08:00 ]NOTICE: Undefined variable: leftD:\wamp\www\Project\3601\Storage\view\compile\0c28e7150ba5d668f4a1564650d3d0d8.php (363).
[ 2016-09-06T16:36:25+08:00 ]NOTICE: Undefined variable: leftD:\wamp\www\Project\3601\Storage\view\compile\0c28e7150ba5d668f4a1564650d3d0d8.php (363).
[ 2016-09-06T16:36:25+08:00 ]NOTICE: Undefined variable: leftD:\wamp\www\Project\3601\Storage\view\compile\0c28e7150ba5d668f4a1564650d3d0d8.php (363).
[ 2016-09-06T16:36:39+08:00 ]EXCEPTION: INSERT INTO shop_darling (`dstock`,`dno`,`shop_goods_gid`,`group`)VALUES(?,?,?,?) ;BindParams:array (
  0 => '100',
  1 => '4541514',
  2 => 41,
  3 => '91,90,89',
)42S22;1054;Unknown column 'group' in 'field list'
[ 2016-09-06T16:38:55+08:00 ]NOTICE: Undefined variable: leftD:\wamp\www\Project\3601\Storage\view\compile\0c28e7150ba5d668f4a1564650d3d0d8.php (363).
[ 2016-09-06T16:38:55+08:00 ]NOTICE: Undefined variable: leftD:\wamp\www\Project\3601\Storage\view\compile\0c28e7150ba5d668f4a1564650d3d0d8.php (363).
[ 2016-09-06T16:38:56+08:00 ]NOTICE: Undefined variable: leftD:\wamp\www\Project\3601\Storage\view\compile\0c28e7150ba5d668f4a1564650d3d0d8.php (363).
[ 2016-09-06T16:38:56+08:00 ]NOTICE: Undefined variable: leftD:\wamp\www\Project\3601\Storage\view\compile\0c28e7150ba5d668f4a1564650d3d0d8.php (363).
[ 2016-09-06T16:39:52+08:00 ]NOTICE: Undefined variable: leftD:\wamp\www\Project\3601\Storage\view\compile\0c28e7150ba5d668f4a1564650d3d0d8.php (363).
[ 2016-09-06T16:39:52+08:00 ]NOTICE: Undefined variable: leftD:\wamp\www\Project\3601\Storage\view\compile\0c28e7150ba5d668f4a1564650d3d0d8.php (363).
[ 2016-09-06T16:39:52+08:00 ]NOTICE: Undefined variable: leftD:\wamp\www\Project\3601\Storage\view\compile\0c28e7150ba5d668f4a1564650d3d0d8.php (363).
[ 2016-09-06T16:39:52+08:00 ]NOTICE: Undefined variable: leftD:\wamp\www\Project\3601\Storage\view\compile\0c28e7150ba5d668f4a1564650d3d0d8.php (363).
[ 2016-09-06T16:40:55+08:00 ]NOTICE: Undefined variable: leftD:\wamp\www\Project\3601\Storage\view\compile\0c28e7150ba5d668f4a1564650d3d0d8.php (363).
[ 2016-09-06T16:40:55+08:00 ]NOTICE: Undefined variable: leftD:\wamp\www\Project\3601\Storage\view\compile\0c28e7150ba5d668f4a1564650d3d0d8.php (363).
[ 2016-09-06T16:41:08+08:00 ]NOTICE: Undefined index: grouD:\wamp\www\Project\3601\App\Home\Controller\ContentController.php (85).
[ 2016-09-06T17:18:22+08:00 ]NOTICE: Undefined variable: leftD:\wamp\www\Project\3601\Storage\view\compile\0c28e7150ba5d668f4a1564650d3d0d8.php (370).
[ 2016-09-06T17:18:22+08:00 ]NOTICE: Undefined variable: leftD:\wamp\www\Project\3601\Storage\view\compile\0c28e7150ba5d668f4a1564650d3d0d8.php (370).
[ 2016-09-06T20:56:25+08:00 ]NOTICE: Undefined variable: leftD:\wamp\www\Project\3601\Storage\view\compile\0c28e7150ba5d668f4a1564650d3d0d8.php (356).
[ 2016-09-06T20:56:25+08:00 ]NOTICE: Undefined variable: leftD:\wamp\www\Project\3601\Storage\view\compile\0c28e7150ba5d668f4a1564650d3d0d8.php (356).
[ 2016-09-06T20:56:42+08:00 ]NOTICE: Undefined variable: leftD:\wamp\www\Project\3601\Storage\view\compile\0c28e7150ba5d668f4a1564650d3d0d8.php (358).
[ 2016-09-06T20:56:42+08:00 ]NOTICE: Undefined variable: leftD:\wamp\www\Project\3601\Storage\view\compile\0c28e7150ba5d668f4a1564650d3d0d8.php (358).
[ 2016-09-06T20:57:16+08:00 ]NOTICE: Undefined variable: leftD:\wamp\www\Project\3601\Storage\view\compile\0c28e7150ba5d668f4a1564650d3d0d8.php (356).
[ 2016-09-06T20:57:16+08:00 ]NOTICE: Undefined variable: leftD:\wamp\www\Project\3601\Storage\view\compile\0c28e7150ba5d668f4a1564650d3d0d8.php (356).
[ 2016-09-06T22:01:36+08:00 ]NOTICE: Undefined variable: leftD:\wamp\www\Project\3601\Storage\view\compile\0c28e7150ba5d668f4a1564650d3d0d8.php (356).
[ 2016-09-06T22:01:36+08:00 ]NOTICE: Undefined variable: leftD:\wamp\www\Project\3601\Storage\view\compile\0c28e7150ba5d668f4a1564650d3d0d8.php (356).
[ 2016-09-06T22:02:49+08:00 ]NOTICE: Undefined variable: leftD:\wamp\www\Project\3601\Storage\view\compile\0c28e7150ba5d668f4a1564650d3d0d8.php (358).
[ 2016-09-06T22:02:49+08:00 ]NOTICE: Undefined variable: leftD:\wamp\www\Project\3601\Storage\view\compile\0c28e7150ba5d668f4a1564650d3d0d8.php (358).
[ 2016-09-06T22:02:53+08:00 ]NOTICE: Undefined offset: 0D:\wamp\www\Project\3601\Storage\view\compile\2285f5ecd290c2ae060f2c24a56dc0d2.php (209).
[ 2016-09-06T22:02:57+08:00 ]NOTICE: Undefined offset: 0D:\wamp\www\Project\3601\Storage\view\compile\2285f5ecd290c2ae060f2c24a56dc0d2.php (209).
[ 2016-09-06T22:04:57+08:00 ]NOTICE: Undefined variable: leftD:\wamp\www\Project\3601\Storage\view\compile\0c28e7150ba5d668f4a1564650d3d0d8.php (358).
[ 2016-09-06T22:04:57+08:00 ]NOTICE: Undefined variable: leftD:\wamp\www\Project\3601\Storage\view\compile\0c28e7150ba5d668f4a1564650d3d0d8.php (358).
[ 2016-09-06T22:05:42+08:00 ]NOTICE: Undefined variable: leftD:\wamp\www\Project\3601\Storage\view\compile\0c28e7150ba5d668f4a1564650d3d0d8.php (358).
[ 2016-09-06T22:05:42+08:00 ]NOTICE: Undefined variable: leftD:\wamp\www\Project\3601\Storage\view\compile\0c28e7150ba5d668f4a1564650d3d0d8.php (358).
[ 2016-09-06T22:11:42+08:00 ]NOTICE: explode() expects parameter 2 to be string, array givenD:\wamp\www\Project\3601\App\Home\Controller\MemberController.php (116).
[ 2016-09-06T22:11:42+08:00 ]EXCEPTION: SELECT  *  FROM shop_goods WHERE gid IN () ;BindParams:array (
)42000;1064;You have an error in your SQL syntax; check the manual that corresponds to your MySQL server version for the right syntax to use near ')' at line 1
[ 2016-09-06T22:12:21+08:00 ]NOTICE: Array to string conversionD:\wamp\www\Project\3601\App\Home\Controller\MemberController.php (116).
[ 2016-09-06T22:12:21+08:00 ]EXCEPTION: SELECT  *  FROM shop_goods WHERE gid IN (Array) ;BindParams:array (
)42S22;1054;Unknown column 'Array' in 'where clause'
[ 2016-09-06T22:21:26+08:00 ]NOTICE: Undefined variable: goodsDataD:\wamp\www\Project\3601\App\Home\Controller\MemberController.php (123).
[ 2016-09-06T22:21:52+08:00 ]NOTICE: Undefined variable: leftD:\wamp\www\Project\3601\Storage\view\compile\0c28e7150ba5d668f4a1564650d3d0d8.php (358).
[ 2016-09-06T22:21:52+08:00 ]NOTICE: Undefined variable: leftD:\wamp\www\Project\3601\Storage\view\compile\0c28e7150ba5d668f4a1564650d3d0d8.php (358).
[ 2016-09-06T22:24:52+08:00 ]NOTICE: Undefined variable: leftD:\wamp\www\Project\3601\Storage\view\compile\0c28e7150ba5d668f4a1564650d3d0d8.php (357).
[ 2016-09-06T22:24:52+08:00 ]NOTICE: Undefined variable: leftD:\wamp\www\Project\3601\Storage\view\compile\0c28e7150ba5d668f4a1564650d3d0d8.php (357).
