[ 2016-08-12T09:28:21+08:00 ]NOTICE: Undefined index: infoD:\wamp\www\Project\3601\Storage\view\compile\e25935d41d119f684e703fb7d47c9548.php (66).
[ 2016-08-12T09:28:21+08:00 ]EXCEPTION: Method Admin\Controller\IndexController::welcome() does not exist
[ 2016-08-12T09:29:26+08:00 ]NOTICE: Undefined index: infoD:\wamp\www\Project\3601\Storage\view\compile\e25935d41d119f684e703fb7d47c9548.php (66).
[ 2016-08-12T09:31:51+08:00 ]EXCEPTION: Admin\Controller\LoginController 不存在
[ 2016-08-12T09:32:59+08:00 ]EXCEPTION: Method Admin\Controller\LoginController::code() does not exist
[ 2016-08-12T09:33:18+08:00 ]NOTICE: Non-static method Hdphp\Code\Code::make() should not be called statically, assuming $this from incompatible contextD:\wamp\www\Project\3601\App\Admin\Controller\LoginController.php (9).
[ 2016-08-12T09:33:31+08:00 ]NOTICE: Non-static method Hdphp\Code\Code::num() should not be called statically, assuming $this from incompatible contextD:\wamp\www\Project\3601\App\Admin\Controller\LoginController.php (9).
[ 2016-08-12T09:33:31+08:00 ]NOTICE: Non-static method Hdphp\Code\Code::num() should not be called statically, assuming $this from incompatible contextD:\wamp\www\Project\3601\App\Admin\Controller\LoginController.php (9).
[ 2016-08-12T09:33:31+08:00 ]NOTICE: Non-static method Hdphp\Code\Code::num() should not be called statically, assuming $this from incompatible contextD:\wamp\www\Project\3601\App\Admin\Controller\LoginController.php (9).
[ 2016-08-12T09:36:48+08:00 ]NOTICE: Non-static method Hdphp\Code\Code::num() should not be called statically, assuming $this from incompatible contextD:\wamp\www\Project\3601\App\Admin\Controller\LoginController.php (9).
[ 2016-08-12T09:36:48+08:00 ]NOTICE: Non-static method Hdphp\Code\Code::num() should not be called statically, assuming $this from incompatible contextD:\wamp\www\Project\3601\App\Admin\Controller\LoginController.php (9).
[ 2016-08-12T09:37:46+08:00 ]NOTICE: Non-static method Hdphp\Code\Code::num() should not be called statically, assuming $this from incompatible contextD:\wamp\www\Project\3601\App\Admin\Controller\LoginController.php (9).
[ 2016-08-12T09:37:46+08:00 ]NOTICE: Non-static method Hdphp\Code\Code::num() should not be called statically, assuming $this from incompatible contextD:\wamp\www\Project\3601\App\Admin\Controller\LoginController.php (9).
[ 2016-08-12T09:47:24+08:00 ]EXCEPTION: SELECT  *  FROM shop_adminuser WHERE username='admin' ;BindParams:array (
)3D000;1046;No database selected
[ 2016-08-12T09:51:06+08:00 ]EXCEPTION: SELECT  *  FROM shop_adminuser WHERE username='admin' ;BindParams:array (
)3D000;1046;No database selected
[ 2016-08-12T09:52:33+08:00 ]EXCEPTION: SELECT  *  FROM shop_adminuser WHERE username='admin' ;BindParams:array (
)3D000;1046;No database selected
[ 2016-08-12T09:53:15+08:00 ]EXCEPTION: SELECT  *  FROM shop_adminuser WHERE username='admin' ;BindParams:array (
)3D000;1046;No database selected
[ 2016-08-12T09:53:17+08:00 ]EXCEPTION: SELECT  *  FROM shop_adminuser WHERE username='admin' ;BindParams:array (
)3D000;1046;No database selected
[ 2016-08-12T09:53:18+08:00 ]EXCEPTION: SELECT  *  FROM shop_adminuser WHERE username='admin' ;BindParams:array (
)3D000;1046;No database selected
[ 2016-08-12T09:53:18+08:00 ]EXCEPTION: SELECT  *  FROM shop_adminuser WHERE username='admin' ;BindParams:array (
)3D000;1046;No database selected
[ 2016-08-12T09:53:40+08:00 ]EXCEPTION: SELECT  *  FROM shop_adminuser WHERE username='admin' ;BindParams:array (
)3D000;1046;No database selected
[ 2016-08-12T09:58:13+08:00 ]NOTICE: Undefined index: nicknameD:\wamp\www\Project\3601\Storage\view\compile\e25935d41d119f684e703fb7d47c9548.php (66).
[ 2016-08-12T09:58:54+08:00 ]NOTICE: Undefined index: nicknameD:\wamp\www\Project\3601\Storage\view\compile\e25935d41d119f684e703fb7d47c9548.php (66).
[ 2016-08-12T10:00:08+08:00 ]NOTICE: Undefined index: nicknameD:\wamp\www\Project\3601\Storage\view\compile\e25935d41d119f684e703fb7d47c9548.php (66).
[ 2016-08-12T10:00:14+08:00 ]NOTICE: Undefined index: nicknameD:\wamp\www\Project\3601\Storage\view\compile\e25935d41d119f684e703fb7d47c9548.php (66).
[ 2016-08-12T10:00:31+08:00 ]NOTICE: Undefined index: nicknameD:\wamp\www\Project\3601\Storage\view\compile\e25935d41d119f684e703fb7d47c9548.php (66).
[ 2016-08-12T10:01:31+08:00 ]NOTICE: Undefined index: nicknameD:\wamp\www\Project\3601\Storage\view\compile\e25935d41d119f684e703fb7d47c9548.php (66).
[ 2016-08-12T10:04:06+08:00 ]NOTICE: Undefined index: uidD:\wamp\www\Project\3601\App\Admin\Controller\IndexController.php (31).
[ 2016-08-12T10:04:06+08:00 ]EXCEPTION: SELECT  *  FROM user WHERE uid= ;BindParams:array (
)42000;1064;You have an error in your SQL syntax; check the manual that corresponds to your MySQL server version for the right syntax to use near '' at line 1
[ 2016-08-12T10:08:24+08:00 ]EXCEPTION: SELECT  *  FROM user WHERE uid=1 ;BindParams:array (
)42S02;1146;Table 'shop.user' doesn't exist
[ 2016-08-12T10:14:40+08:00 ]EXCEPTION: SELECT  *  FROM user WHERE uid=1 ;BindParams:array (
)42S02;1146;Table 'shop.user' doesn't exist
[ 2016-08-12T10:15:14+08:00 ]EXCEPTION: SELECT  *  FROM user WHERE uid=1 ;BindParams:array (
)42S02;1146;Table 'shop.user' doesn't exist
[ 2016-08-12T10:16:07+08:00 ]EXCEPTION: SELECT  *  FROM shop_adminuser WHERE uid=1 ;BindParams:array (
)42S22;1054;Unknown column 'uid' in 'where clause'
[ 2016-08-12T14:40:10+08:00 ]EXCEPTION: Admin\Controller\CateController 不存在
[ 2016-08-12T14:40:11+08:00 ]EXCEPTION: Admin\Controller\CateController 不存在
[ 2016-08-12T14:40:11+08:00 ]EXCEPTION: Admin\Controller\CateController 不存在
[ 2016-08-12T14:53:54+08:00 ]EXCEPTION: Admin\Controller\CateController 不存在
[ 2016-08-12T14:53:55+08:00 ]EXCEPTION: Admin\Controller\CateController 不存在
[ 2016-08-12T14:53:56+08:00 ]EXCEPTION: Admin\Controller\CateController 不存在
[ 2016-08-12T14:53:56+08:00 ]EXCEPTION: Admin\Controller\CateController 不存在
[ 2016-08-12T14:53:57+08:00 ]EXCEPTION: Admin\Controller\CateController 不存在
[ 2016-08-12T14:53:58+08:00 ]EXCEPTION: Admin\Controller\CateController 不存在
[ 2016-08-12T14:53:58+08:00 ]EXCEPTION: Admin\Controller\CateController 不存在
[ 2016-08-12T14:53:59+08:00 ]EXCEPTION: Admin\Controller\CateController 不存在
[ 2016-08-12T14:54:00+08:00 ]EXCEPTION: Admin\Controller\CateController 不存在
[ 2016-08-12T14:54:01+08:00 ]EXCEPTION: Admin\Controller\CateController 不存在
[ 2016-08-12T15:12:01+08:00 ]EXCEPTION: Admin\Controller\CateController 不存在
[ 2016-08-12T15:21:46+08:00 ]EXCEPTION: Admin\Controller\CateController 不存在
[ 2016-08-12T15:21:46+08:00 ]EXCEPTION: Admin\Controller\CateController 不存在
[ 2016-08-12T15:25:54+08:00 ]EXCEPTION: Admin\Controller\CateController 不存在
[ 2016-08-12T15:25:55+08:00 ]EXCEPTION: Admin\Controller\CateController 不存在
[ 2016-08-12T15:26:00+08:00 ]EXCEPTION: Admin\Controller\CateController 不存在
[ 2016-08-12T15:26:32+08:00 ]EXCEPTION: Admin\Controller\CateController 不存在
[ 2016-08-12T15:26:33+08:00 ]EXCEPTION: Admin\Controller\CateController 不存在
[ 2016-08-12T15:28:08+08:00 ]EXCEPTION: Method Admin\Controller\TypeController::add() does not exist
[ 2016-08-12T15:28:09+08:00 ]EXCEPTION: Method Admin\Controller\TypeController::index() does not exist
[ 2016-08-12T15:28:45+08:00 ]EXCEPTION: 模板不存在:App/Admin/View/Type/add.php
[ 2016-08-12T15:49:53+08:00 ]EXCEPTION: Method Admin\Controller\TypeController::index() does not exist
[ 2016-08-12T15:49:55+08:00 ]EXCEPTION: Method Admin\Controller\TypeController::index() does not exist
[ 2016-08-12T15:50:21+08:00 ]NOTICE: Non-static method Hdphp\View\View::make() should not be called statically, assuming $this from incompatible contextD:\wamp\www\Project\3601\App\Admin\Controller\TypeController.php (18).
[ 2016-08-12T15:50:21+08:00 ]NOTICE: Undefined property: Admin\Controller\TypeController::$tplD:\wamp\www\Project\3601\Hdphp\View\View.php (38).
[ 2016-08-12T15:50:21+08:00 ]NOTICE: Undefined property: Admin\Controller\TypeController::$tplD:\wamp\www\Project\3601\Hdphp\View\View.php (56).
[ 2016-08-12T15:50:21+08:00 ]EXCEPTION: 模板不存在
[ 2016-08-12T15:50:28+08:00 ]EXCEPTION: Method Admin\Controller\TypeController::index() does not exist
[ 2016-08-12T15:50:41+08:00 ]NOTICE: Non-static method Hdphp\View\View::make() should not be called statically, assuming $this from incompatible contextD:\wamp\www\Project\3601\App\Admin\Controller\TypeController.php (9).
[ 2016-08-12T15:50:41+08:00 ]NOTICE: Undefined property: Admin\Controller\TypeController::$tplD:\wamp\www\Project\3601\Hdphp\View\View.php (38).
[ 2016-08-12T15:50:41+08:00 ]NOTICE: Undefined property: Admin\Controller\TypeController::$tplD:\wamp\www\Project\3601\Hdphp\View\View.php (56).
[ 2016-08-12T15:50:41+08:00 ]EXCEPTION: 模板不存在
[ 2016-08-12T15:51:05+08:00 ]NOTICE: Non-static method Hdphp\View\View::make() should not be called statically, assuming $this from incompatible contextD:\wamp\www\Project\3601\App\Admin\Controller\TypeController.php (9).
[ 2016-08-12T15:51:05+08:00 ]NOTICE: Undefined property: Admin\Controller\TypeController::$tplD:\wamp\www\Project\3601\Hdphp\View\View.php (38).
[ 2016-08-12T15:51:05+08:00 ]NOTICE: Undefined property: Admin\Controller\TypeController::$tplD:\wamp\www\Project\3601\Hdphp\View\View.php (56).
[ 2016-08-12T15:51:05+08:00 ]EXCEPTION: 模板不存在
[ 2016-08-12T15:52:27+08:00 ]EXCEPTION: Method Admin\Controller\TypeController::index() does not exist
[ 2016-08-12T15:54:23+08:00 ]EXCEPTION: Method Admin\Controller\TypeController::index() does not exist
[ 2016-08-12T15:57:23+08:00 ]EXCEPTION: Method Admin\Controller\TypeController::index() does not exist
[ 2016-08-12T15:58:02+08:00 ]EXCEPTION: Method Admin\Controller\TypeController::index() does not exist
[ 2016-08-12T16:01:27+08:00 ]NOTICE: Non-static method Hdphp\View\View::with() should not be called statically, assuming $this from incompatible contextD:\wamp\www\Project\3601\App\Admin\Controller\TypeController.php (24).
[ 2016-08-12T16:01:27+08:00 ]NOTICE: Non-static method Hdphp\View\View::make() should not be called statically, assuming $this from incompatible contextD:\wamp\www\Project\3601\App\Admin\Controller\TypeController.php (25).
[ 2016-08-12T16:01:27+08:00 ]NOTICE: Undefined property: Admin\Controller\TypeController::$tplD:\wamp\www\Project\3601\Hdphp\View\View.php (38).
[ 2016-08-12T16:01:27+08:00 ]NOTICE: Undefined property: Admin\Controller\TypeController::$tplD:\wamp\www\Project\3601\Hdphp\View\View.php (56).
[ 2016-08-12T16:01:27+08:00 ]EXCEPTION: 模板不存在
[ 2016-08-12T16:01:30+08:00 ]NOTICE: Non-static method Hdphp\View\View::with() should not be called statically, assuming $this from incompatible contextD:\wamp\www\Project\3601\App\Admin\Controller\TypeController.php (24).
[ 2016-08-12T16:01:30+08:00 ]NOTICE: Non-static method Hdphp\View\View::make() should not be called statically, assuming $this from incompatible contextD:\wamp\www\Project\3601\App\Admin\Controller\TypeController.php (25).
[ 2016-08-12T16:01:30+08:00 ]NOTICE: Undefined property: Admin\Controller\TypeController::$tplD:\wamp\www\Project\3601\Hdphp\View\View.php (38).
[ 2016-08-12T16:01:30+08:00 ]NOTICE: Undefined property: Admin\Controller\TypeController::$tplD:\wamp\www\Project\3601\Hdphp\View\View.php (56).
[ 2016-08-12T16:01:30+08:00 ]EXCEPTION: 模板不存在
[ 2016-08-12T16:02:21+08:00 ]NOTICE: Non-static method Hdphp\View\View::make() should not be called statically, assuming $this from incompatible contextD:\wamp\www\Project\3601\App\Admin\Controller\TypeController.php (19).
[ 2016-08-12T16:02:21+08:00 ]NOTICE: Undefined property: Admin\Controller\TypeController::$tplD:\wamp\www\Project\3601\Hdphp\View\View.php (38).
[ 2016-08-12T16:02:21+08:00 ]NOTICE: Undefined property: Admin\Controller\TypeController::$tplD:\wamp\www\Project\3601\Hdphp\View\View.php (56).
[ 2016-08-12T16:02:21+08:00 ]EXCEPTION: 模板不存在
[ 2016-08-12T16:02:23+08:00 ]NOTICE: Non-static method Hdphp\View\View::with() should not be called statically, assuming $this from incompatible contextD:\wamp\www\Project\3601\App\Admin\Controller\TypeController.php (24).
[ 2016-08-12T16:02:23+08:00 ]NOTICE: Non-static method Hdphp\View\View::make() should not be called statically, assuming $this from incompatible contextD:\wamp\www\Project\3601\App\Admin\Controller\TypeController.php (25).
[ 2016-08-12T16:02:23+08:00 ]NOTICE: Undefined property: Admin\Controller\TypeController::$tplD:\wamp\www\Project\3601\Hdphp\View\View.php (38).
[ 2016-08-12T16:02:23+08:00 ]NOTICE: Undefined property: Admin\Controller\TypeController::$tplD:\wamp\www\Project\3601\Hdphp\View\View.php (56).
[ 2016-08-12T16:02:23+08:00 ]EXCEPTION: 模板不存在
[ 2016-08-12T16:02:24+08:00 ]NOTICE: Non-static method Hdphp\View\View::make() should not be called statically, assuming $this from incompatible contextD:\wamp\www\Project\3601\App\Admin\Controller\TypeController.php (19).
[ 2016-08-12T16:02:24+08:00 ]NOTICE: Undefined property: Admin\Controller\TypeController::$tplD:\wamp\www\Project\3601\Hdphp\View\View.php (38).
[ 2016-08-12T16:02:24+08:00 ]NOTICE: Undefined property: Admin\Controller\TypeController::$tplD:\wamp\www\Project\3601\Hdphp\View\View.php (56).
[ 2016-08-12T16:02:24+08:00 ]EXCEPTION: 模板不存在
[ 2016-08-12T16:02:47+08:00 ]NOTICE: Undefined variable: pageD:\wamp\www\Project\3601\Storage\view\compile\dd39ce05a282cea06b169c209effb00f.php (55).
[ 2016-08-12T16:02:49+08:00 ]NOTICE: Undefined variable: pageD:\wamp\www\Project\3601\Storage\view\compile\dd39ce05a282cea06b169c209effb00f.php (55).
[ 2016-08-12T16:08:32+08:00 ]NOTICE: Undefined variable: pageD:\wamp\www\Project\3601\Storage\view\compile\dd39ce05a282cea06b169c209effb00f.php (55).
[ 2016-08-12T16:08:36+08:00 ]NOTICE: Undefined variable: pageD:\wamp\www\Project\3601\Storage\view\compile\dd39ce05a282cea06b169c209effb00f.php (55).
[ 2016-08-12T16:08:40+08:00 ]NOTICE: Undefined variable: pageD:\wamp\www\Project\3601\Storage\view\compile\dd39ce05a282cea06b169c209effb00f.php (55).
[ 2016-08-12T16:10:18+08:00 ]NOTICE: Undefined variable: pageD:\wamp\www\Project\3601\Storage\view\compile\dd39ce05a282cea06b169c209effb00f.php (55).
[ 2016-08-12T16:10:24+08:00 ]NOTICE: Undefined variable: pageD:\wamp\www\Project\3601\Storage\view\compile\dd39ce05a282cea06b169c209effb00f.php (55).
[ 2016-08-12T16:10:27+08:00 ]NOTICE: Undefined variable: pageD:\wamp\www\Project\3601\Storage\view\compile\dd39ce05a282cea06b169c209effb00f.php (55).
[ 2016-08-12T16:10:31+08:00 ]NOTICE: Undefined variable: pageD:\wamp\www\Project\3601\Storage\view\compile\dd39ce05a282cea06b169c209effb00f.php (55).
[ 2016-08-12T16:10:34+08:00 ]NOTICE: Undefined variable: pageD:\wamp\www\Project\3601\Storage\view\compile\dd39ce05a282cea06b169c209effb00f.php (55).
[ 2016-08-12T16:10:38+08:00 ]NOTICE: Undefined variable: pageD:\wamp\www\Project\3601\Storage\view\compile\dd39ce05a282cea06b169c209effb00f.php (55).
[ 2016-08-12T16:10:42+08:00 ]NOTICE: Undefined variable: pageD:\wamp\www\Project\3601\Storage\view\compile\dd39ce05a282cea06b169c209effb00f.php (55).
[ 2016-08-12T16:10:46+08:00 ]NOTICE: Undefined variable: pageD:\wamp\www\Project\3601\Storage\view\compile\dd39ce05a282cea06b169c209effb00f.php (55).
[ 2016-08-12T16:10:50+08:00 ]NOTICE: Undefined variable: pageD:\wamp\www\Project\3601\Storage\view\compile\dd39ce05a282cea06b169c209effb00f.php (55).
[ 2016-08-12T16:14:07+08:00 ]NOTICE: Non-static method Hdphp\View\View::make() should not be called statically, assuming $this from incompatible contextD:\wamp\www\Project\3601\App\Admin\Controller\TypeController.php (19).
[ 2016-08-12T16:14:07+08:00 ]NOTICE: Undefined property: Admin\Controller\TypeController::$tplD:\wamp\www\Project\3601\Hdphp\View\View.php (38).
[ 2016-08-12T16:14:07+08:00 ]NOTICE: Undefined property: Admin\Controller\TypeController::$tplD:\wamp\www\Project\3601\Hdphp\View\View.php (56).
[ 2016-08-12T16:14:07+08:00 ]EXCEPTION: 模板不存在
[ 2016-08-12T16:14:09+08:00 ]NOTICE: Non-static method Hdphp\View\View::with() should not be called statically, assuming $this from incompatible contextD:\wamp\www\Project\3601\App\Admin\Controller\TypeController.php (24).
[ 2016-08-12T16:14:09+08:00 ]NOTICE: Non-static method Hdphp\View\View::make() should not be called statically, assuming $this from incompatible contextD:\wamp\www\Project\3601\App\Admin\Controller\TypeController.php (25).
[ 2016-08-12T16:14:09+08:00 ]NOTICE: Undefined property: Admin\Controller\TypeController::$tplD:\wamp\www\Project\3601\Hdphp\View\View.php (38).
[ 2016-08-12T16:14:09+08:00 ]NOTICE: Undefined property: Admin\Controller\TypeController::$tplD:\wamp\www\Project\3601\Hdphp\View\View.php (56).
[ 2016-08-12T16:14:09+08:00 ]EXCEPTION: 模板不存在
[ 2016-08-12T16:14:11+08:00 ]NOTICE: Non-static method Hdphp\View\View::make() should not be called statically, assuming $this from incompatible contextD:\wamp\www\Project\3601\App\Admin\Controller\TypeController.php (19).
[ 2016-08-12T16:14:11+08:00 ]NOTICE: Undefined property: Admin\Controller\TypeController::$tplD:\wamp\www\Project\3601\Hdphp\View\View.php (38).
[ 2016-08-12T16:14:11+08:00 ]NOTICE: Undefined property: Admin\Controller\TypeController::$tplD:\wamp\www\Project\3601\Hdphp\View\View.php (56).
[ 2016-08-12T16:14:11+08:00 ]EXCEPTION: 模板不存在
[ 2016-08-12T16:14:12+08:00 ]NOTICE: Non-static method Hdphp\View\View::with() should not be called statically, assuming $this from incompatible contextD:\wamp\www\Project\3601\App\Admin\Controller\TypeController.php (24).
[ 2016-08-12T16:14:12+08:00 ]NOTICE: Non-static method Hdphp\View\View::make() should not be called statically, assuming $this from incompatible contextD:\wamp\www\Project\3601\App\Admin\Controller\TypeController.php (25).
[ 2016-08-12T16:14:12+08:00 ]NOTICE: Undefined property: Admin\Controller\TypeController::$tplD:\wamp\www\Project\3601\Hdphp\View\View.php (38).
[ 2016-08-12T16:14:12+08:00 ]NOTICE: Undefined property: Admin\Controller\TypeController::$tplD:\wamp\www\Project\3601\Hdphp\View\View.php (56).
[ 2016-08-12T16:14:12+08:00 ]EXCEPTION: 模板不存在
[ 2016-08-12T16:22:13+08:00 ]NOTICE: Non-static method Hdphp\View\View::make() should not be called statically, assuming $this from incompatible contextD:\wamp\www\Project\3601\App\Admin\Controller\TypeController.php (19).
[ 2016-08-12T16:22:13+08:00 ]NOTICE: Undefined property: Admin\Controller\TypeController::$tplD:\wamp\www\Project\3601\Hdphp\View\View.php (38).
[ 2016-08-12T16:22:13+08:00 ]NOTICE: Undefined property: Admin\Controller\TypeController::$tplD:\wamp\www\Project\3601\Hdphp\View\View.php (56).
[ 2016-08-12T16:22:13+08:00 ]EXCEPTION: 模板不存在
[ 2016-08-12T16:22:40+08:00 ]NOTICE: Undefined variable: pageD:\wamp\www\Project\3601\Storage\view\compile\dd39ce05a282cea06b169c209effb00f.php (55).
[ 2016-08-12T16:22:54+08:00 ]NOTICE: Undefined variable: pageD:\wamp\www\Project\3601\Storage\view\compile\dd39ce05a282cea06b169c209effb00f.php (55).
[ 2016-08-12T16:23:25+08:00 ]NOTICE: Undefined variable: pageD:\wamp\www\Project\3601\Storage\view\compile\dd39ce05a282cea06b169c209effb00f.php (55).
[ 2016-08-12T16:24:21+08:00 ]NOTICE: Undefined variable: pageD:\wamp\www\Project\3601\Storage\view\compile\dd39ce05a282cea06b169c209effb00f.php (55).
[ 2016-08-12T16:24:42+08:00 ]NOTICE: Undefined variable: pageD:\wamp\www\Project\3601\Storage\view\compile\dd39ce05a282cea06b169c209effb00f.php (55).
[ 2016-08-12T16:24:59+08:00 ]NOTICE: Undefined variable: pageD:\wamp\www\Project\3601\Storage\view\compile\dd39ce05a282cea06b169c209effb00f.php (55).
[ 2016-08-12T16:25:12+08:00 ]NOTICE: Undefined variable: pageD:\wamp\www\Project\3601\Storage\view\compile\dd39ce05a282cea06b169c209effb00f.php (55).
[ 2016-08-12T16:25:22+08:00 ]NOTICE: Undefined variable: pageD:\wamp\www\Project\3601\Storage\view\compile\dd39ce05a282cea06b169c209effb00f.php (55).
[ 2016-08-12T16:25:25+08:00 ]NOTICE: Undefined variable: pageD:\wamp\www\Project\3601\Storage\view\compile\dd39ce05a282cea06b169c209effb00f.php (55).
[ 2016-08-12T16:25:38+08:00 ]NOTICE: Undefined variable: pageD:\wamp\www\Project\3601\Storage\view\compile\dd39ce05a282cea06b169c209effb00f.php (55).
[ 2016-08-12T16:25:42+08:00 ]NOTICE: Undefined variable: pageD:\wamp\www\Project\3601\Storage\view\compile\dd39ce05a282cea06b169c209effb00f.php (55).
[ 2016-08-12T16:25:47+08:00 ]NOTICE: Undefined variable: pageD:\wamp\www\Project\3601\Storage\view\compile\dd39ce05a282cea06b169c209effb00f.php (55).
[ 2016-08-12T16:55:27+08:00 ]NOTICE: Undefined variable: pageD:\wamp\www\Project\3601\Storage\view\compile\dd39ce05a282cea06b169c209effb00f.php (55).
[ 2016-08-12T16:55:29+08:00 ]NOTICE: Undefined variable: pageD:\wamp\www\Project\3601\Storage\view\compile\dd39ce05a282cea06b169c209effb00f.php (55).
[ 2016-08-12T16:56:57+08:00 ]NOTICE: Undefined variable: pageD:\wamp\www\Project\3601\Storage\view\compile\dd39ce05a282cea06b169c209effb00f.php (55).
[ 2016-08-12T17:08:47+08:00 ]NOTICE: Undefined variable: pageD:\wamp\www\Project\3601\Storage\view\compile\dd39ce05a282cea06b169c209effb00f.php (56).
[ 2016-08-12T17:08:55+08:00 ]NOTICE: Non-static method Hdphp\View\View::with() should not be called statically, assuming $this from incompatible contextD:\wamp\www\Project\3601\App\Admin\Controller\Type_ppController.php (11).
[ 2016-08-12T17:08:55+08:00 ]NOTICE: Non-static method Hdphp\View\View::make() should not be called statically, assuming $this from incompatible contextD:\wamp\www\Project\3601\App\Admin\Controller\Type_ppController.php (12).
[ 2016-08-12T17:08:55+08:00 ]NOTICE: Undefined property: Admin\Controller\Type_ppController::$tplD:\wamp\www\Project\3601\Hdphp\View\View.php (38).
[ 2016-08-12T17:08:55+08:00 ]NOTICE: Undefined property: Admin\Controller\Type_ppController::$tplD:\wamp\www\Project\3601\Hdphp\View\View.php (56).
[ 2016-08-12T17:08:55+08:00 ]EXCEPTION: 模板不存在
[ 2016-08-12T17:08:59+08:00 ]NOTICE: Undefined variable: pageD:\wamp\www\Project\3601\Storage\view\compile\dd39ce05a282cea06b169c209effb00f.php (56).
[ 2016-08-12T17:10:21+08:00 ]NOTICE: Undefined variable: pageD:\wamp\www\Project\3601\Storage\view\compile\dd39ce05a282cea06b169c209effb00f.php (56).
[ 2016-08-12T17:10:22+08:00 ]NOTICE: Undefined variable: pageD:\wamp\www\Project\3601\Storage\view\compile\7b90bf9d0d3583f17b102df6aa5979db.php (61).
[ 2016-08-12T17:10:51+08:00 ]NOTICE: Undefined variable: pageD:\wamp\www\Project\3601\Storage\view\compile\dd39ce05a282cea06b169c209effb00f.php (56).
[ 2016-08-12T17:10:56+08:00 ]NOTICE: Undefined variable: pageD:\wamp\www\Project\3601\Storage\view\compile\dd39ce05a282cea06b169c209effb00f.php (56).
[ 2016-08-12T17:11:00+08:00 ]NOTICE: Undefined variable: pageD:\wamp\www\Project\3601\Storage\view\compile\7b90bf9d0d3583f17b102df6aa5979db.php (61).
[ 2016-08-12T17:13:32+08:00 ]NOTICE: Undefined variable: pageD:\wamp\www\Project\3601\Storage\view\compile\dd39ce05a282cea06b169c209effb00f.php (56).
[ 2016-08-12T17:14:10+08:00 ]NOTICE: Undefined variable: pageD:\wamp\www\Project\3601\Storage\view\compile\dd39ce05a282cea06b169c209effb00f.php (56).
[ 2016-08-12T17:14:14+08:00 ]NOTICE: Undefined variable: pageD:\wamp\www\Project\3601\Storage\view\compile\dd39ce05a282cea06b169c209effb00f.php (56).
[ 2016-08-12T17:14:17+08:00 ]NOTICE: Undefined variable: pageD:\wamp\www\Project\3601\Storage\view\compile\dd39ce05a282cea06b169c209effb00f.php (56).
[ 2016-08-12T17:14:44+08:00 ]NOTICE: Undefined variable: pageD:\wamp\www\Project\3601\Storage\view\compile\7b90bf9d0d3583f17b102df6aa5979db.php (61).
[ 2016-08-12T17:16:07+08:00 ]NOTICE: Undefined variable: pageD:\wamp\www\Project\3601\Storage\view\compile\dd39ce05a282cea06b169c209effb00f.php (56).
[ 2016-08-12T17:16:10+08:00 ]NOTICE: Undefined variable: pageD:\wamp\www\Project\3601\Storage\view\compile\dd39ce05a282cea06b169c209effb00f.php (56).
[ 2016-08-12T17:16:11+08:00 ]NOTICE: Undefined variable: pageD:\wamp\www\Project\3601\Storage\view\compile\7b90bf9d0d3583f17b102df6aa5979db.php (61).
[ 2016-08-12T17:16:42+08:00 ]NOTICE: Undefined variable: pageD:\wamp\www\Project\3601\Storage\view\compile\dd39ce05a282cea06b169c209effb00f.php (56).
[ 2016-08-12T17:16:46+08:00 ]NOTICE: Undefined variable: pageD:\wamp\www\Project\3601\Storage\view\compile\dd39ce05a282cea06b169c209effb00f.php (56).
[ 2016-08-12T17:16:47+08:00 ]EXCEPTION: SELECT  *  FROM shop_type_pp WHERE shop_type_tid=='0' ;BindParams:array (
)42000;1064;You have an error in your SQL syntax; check the manual that corresponds to your MySQL server version for the right syntax to use near '=='0'' at line 1
[ 2016-08-12T17:17:02+08:00 ]NOTICE: Undefined variable: pageD:\wamp\www\Project\3601\Storage\view\compile\dd39ce05a282cea06b169c209effb00f.php (56).
[ 2016-08-12T17:17:04+08:00 ]NOTICE: Undefined variable: pageD:\wamp\www\Project\3601\Storage\view\compile\7b90bf9d0d3583f17b102df6aa5979db.php (61).
[ 2016-08-12T17:17:11+08:00 ]NOTICE: Undefined variable: pageD:\wamp\www\Project\3601\Storage\view\compile\dd39ce05a282cea06b169c209effb00f.php (56).
[ 2016-08-12T17:17:12+08:00 ]NOTICE: Undefined variable: pageD:\wamp\www\Project\3601\Storage\view\compile\7b90bf9d0d3583f17b102df6aa5979db.php (61).
[ 2016-08-12T17:17:16+08:00 ]NOTICE: Undefined variable: pageD:\wamp\www\Project\3601\Storage\view\compile\dd39ce05a282cea06b169c209effb00f.php (56).
[ 2016-08-12T17:17:30+08:00 ]NOTICE: Undefined variable: pageD:\wamp\www\Project\3601\Storage\view\compile\7b90bf9d0d3583f17b102df6aa5979db.php (61).
[ 2016-08-12T17:17:40+08:00 ]NOTICE: Undefined variable: pageD:\wamp\www\Project\3601\Storage\view\compile\dd39ce05a282cea06b169c209effb00f.php (56).
[ 2016-08-12T17:17:43+08:00 ]NOTICE: Undefined variable: pageD:\wamp\www\Project\3601\Storage\view\compile\dd39ce05a282cea06b169c209effb00f.php (56).
[ 2016-08-12T17:17:44+08:00 ]NOTICE: Undefined variable: pageD:\wamp\www\Project\3601\Storage\view\compile\7b90bf9d0d3583f17b102df6aa5979db.php (61).
[ 2016-08-12T17:17:46+08:00 ]NOTICE: Undefined variable: pageD:\wamp\www\Project\3601\Storage\view\compile\dd39ce05a282cea06b169c209effb00f.php (56).
[ 2016-08-12T17:18:04+08:00 ]NOTICE: Undefined variable: pageD:\wamp\www\Project\3601\Storage\view\compile\dd39ce05a282cea06b169c209effb00f.php (56).
[ 2016-08-12T17:18:05+08:00 ]NOTICE: Undefined variable: pageD:\wamp\www\Project\3601\Storage\view\compile\7b90bf9d0d3583f17b102df6aa5979db.php (61).
[ 2016-08-12T17:31:45+08:00 ]NOTICE: Undefined variable: pageD:\wamp\www\Project\3601\Storage\view\compile\dd39ce05a282cea06b169c209effb00f.php (56).
[ 2016-08-12T17:31:50+08:00 ]NOTICE: Undefined variable: pageD:\wamp\www\Project\3601\Storage\view\compile\7b90bf9d0d3583f17b102df6aa5979db.php (61).
[ 2016-08-12T17:32:22+08:00 ]NOTICE: Undefined variable: pageD:\wamp\www\Project\3601\Storage\view\compile\dd39ce05a282cea06b169c209effb00f.php (56).
[ 2016-08-12T17:32:25+08:00 ]NOTICE: Undefined variable: pageD:\wamp\www\Project\3601\Storage\view\compile\dd39ce05a282cea06b169c209effb00f.php (56).
[ 2016-08-12T17:32:47+08:00 ]NOTICE: Undefined variable: pageD:\wamp\www\Project\3601\Storage\view\compile\dd39ce05a282cea06b169c209effb00f.php (56).
[ 2016-08-12T17:32:55+08:00 ]NOTICE: Undefined variable: pageD:\wamp\www\Project\3601\Storage\view\compile\dd39ce05a282cea06b169c209effb00f.php (56).
[ 2016-08-12T17:32:57+08:00 ]NOTICE: Undefined variable: pageD:\wamp\www\Project\3601\Storage\view\compile\7b90bf9d0d3583f17b102df6aa5979db.php (61).
[ 2016-08-12T17:33:48+08:00 ]NOTICE: Undefined variable: pageD:\wamp\www\Project\3601\Storage\view\compile\dd39ce05a282cea06b169c209effb00f.php (56).
[ 2016-08-12T17:33:51+08:00 ]NOTICE: Undefined variable: pageD:\wamp\www\Project\3601\Storage\view\compile\dd39ce05a282cea06b169c209effb00f.php (56).
[ 2016-08-12T17:33:52+08:00 ]NOTICE: Undefined variable: pageD:\wamp\www\Project\3601\Storage\view\compile\7b90bf9d0d3583f17b102df6aa5979db.php (61).
[ 2016-08-12T17:34:10+08:00 ]NOTICE: Undefined variable: pageD:\wamp\www\Project\3601\Storage\view\compile\dd39ce05a282cea06b169c209effb00f.php (56).
[ 2016-08-12T17:34:12+08:00 ]NOTICE: Undefined variable: pageD:\wamp\www\Project\3601\Storage\view\compile\dd39ce05a282cea06b169c209effb00f.php (56).
[ 2016-08-12T17:34:15+08:00 ]NOTICE: Undefined variable: pageD:\wamp\www\Project\3601\Storage\view\compile\7b90bf9d0d3583f17b102df6aa5979db.php (61).
[ 2016-08-12T17:35:40+08:00 ]NOTICE: Undefined variable: pageD:\wamp\www\Project\3601\Storage\view\compile\dd39ce05a282cea06b169c209effb00f.php (56).
[ 2016-08-12T17:35:46+08:00 ]NOTICE: Undefined variable: pageD:\wamp\www\Project\3601\Storage\view\compile\7b90bf9d0d3583f17b102df6aa5979db.php (61).
[ 2016-08-12T17:35:50+08:00 ]NOTICE: Undefined variable: pageD:\wamp\www\Project\3601\Storage\view\compile\7b90bf9d0d3583f17b102df6aa5979db.php (61).
[ 2016-08-12T17:36:08+08:00 ]NOTICE: Undefined variable: pageD:\wamp\www\Project\3601\Storage\view\compile\7b90bf9d0d3583f17b102df6aa5979db.php (61).
[ 2016-08-12T17:36:12+08:00 ]NOTICE: Undefined variable: pageD:\wamp\www\Project\3601\Storage\view\compile\dd39ce05a282cea06b169c209effb00f.php (56).
[ 2016-08-12T17:36:15+08:00 ]NOTICE: Undefined variable: pageD:\wamp\www\Project\3601\Storage\view\compile\dd39ce05a282cea06b169c209effb00f.php (56).
[ 2016-08-12T17:36:16+08:00 ]NOTICE: Undefined variable: pageD:\wamp\www\Project\3601\Storage\view\compile\7b90bf9d0d3583f17b102df6aa5979db.php (61).
[ 2016-08-12T17:37:22+08:00 ]NOTICE: Undefined variable: pageD:\wamp\www\Project\3601\Storage\view\compile\7b90bf9d0d3583f17b102df6aa5979db.php (61).
[ 2016-08-12T17:37:25+08:00 ]NOTICE: Undefined variable: pageD:\wamp\www\Project\3601\Storage\view\compile\7b90bf9d0d3583f17b102df6aa5979db.php (61).
[ 2016-08-12T17:38:36+08:00 ]NOTICE: Undefined variable: pageD:\wamp\www\Project\3601\Storage\view\compile\dd39ce05a282cea06b169c209effb00f.php (56).
[ 2016-08-12T17:38:37+08:00 ]NOTICE: Undefined variable: pageD:\wamp\www\Project\3601\Storage\view\compile\7b90bf9d0d3583f17b102df6aa5979db.php (61).
[ 2016-08-12T17:38:41+08:00 ]NOTICE: Undefined variable: pageD:\wamp\www\Project\3601\Storage\view\compile\7b90bf9d0d3583f17b102df6aa5979db.php (61).
[ 2016-08-12T17:39:00+08:00 ]NOTICE: Undefined variable: pageD:\wamp\www\Project\3601\Storage\view\compile\dd39ce05a282cea06b169c209effb00f.php (56).
[ 2016-08-12T17:39:22+08:00 ]NOTICE: Undefined variable: pageD:\wamp\www\Project\3601\Storage\view\compile\dd39ce05a282cea06b169c209effb00f.php (56).
[ 2016-08-12T17:39:24+08:00 ]NOTICE: Undefined variable: pageD:\wamp\www\Project\3601\Storage\view\compile\dd39ce05a282cea06b169c209effb00f.php (56).
[ 2016-08-12T17:39:37+08:00 ]NOTICE: Undefined variable: pageD:\wamp\www\Project\3601\Storage\view\compile\dd39ce05a282cea06b169c209effb00f.php (56).
[ 2016-08-12T17:39:40+08:00 ]NOTICE: Undefined variable: pageD:\wamp\www\Project\3601\Storage\view\compile\dd39ce05a282cea06b169c209effb00f.php (56).
[ 2016-08-12T17:39:42+08:00 ]NOTICE: Undefined variable: pageD:\wamp\www\Project\3601\Storage\view\compile\7b90bf9d0d3583f17b102df6aa5979db.php (61).
[ 2016-08-12T17:39:45+08:00 ]NOTICE: Undefined variable: pageD:\wamp\www\Project\3601\Storage\view\compile\dd39ce05a282cea06b169c209effb00f.php (56).
[ 2016-08-12T17:39:48+08:00 ]NOTICE: Undefined variable: pageD:\wamp\www\Project\3601\Storage\view\compile\dd39ce05a282cea06b169c209effb00f.php (56).
[ 2016-08-12T17:39:49+08:00 ]NOTICE: Undefined variable: pageD:\wamp\www\Project\3601\Storage\view\compile\7b90bf9d0d3583f17b102df6aa5979db.php (61).
[ 2016-08-12T17:39:55+08:00 ]NOTICE: Undefined variable: pageD:\wamp\www\Project\3601\Storage\view\compile\7b90bf9d0d3583f17b102df6aa5979db.php (61).
[ 2016-08-12T17:40:18+08:00 ]NOTICE: Undefined variable: pageD:\wamp\www\Project\3601\Storage\view\compile\dd39ce05a282cea06b169c209effb00f.php (56).
[ 2016-08-12T17:40:22+08:00 ]NOTICE: Undefined variable: pageD:\wamp\www\Project\3601\Storage\view\compile\dd39ce05a282cea06b169c209effb00f.php (56).
[ 2016-08-12T17:40:24+08:00 ]NOTICE: Undefined variable: pageD:\wamp\www\Project\3601\Storage\view\compile\7b90bf9d0d3583f17b102df6aa5979db.php (61).
[ 2016-08-12T17:41:39+08:00 ]NOTICE: Undefined variable: pageD:\wamp\www\Project\3601\Storage\view\compile\dd39ce05a282cea06b169c209effb00f.php (56).
[ 2016-08-12T17:41:51+08:00 ]NOTICE: Undefined variable: pageD:\wamp\www\Project\3601\Storage\view\compile\dd39ce05a282cea06b169c209effb00f.php (56).
[ 2016-08-12T17:41:54+08:00 ]NOTICE: Undefined variable: pageD:\wamp\www\Project\3601\Storage\view\compile\7b90bf9d0d3583f17b102df6aa5979db.php (61).
[ 2016-08-12T17:56:40+08:00 ]NOTICE: Undefined variable: pageD:\wamp\www\Project\3601\Storage\view\compile\dd39ce05a282cea06b169c209effb00f.php (56).
[ 2016-08-12T17:56:43+08:00 ]NOTICE: Undefined variable: pageD:\wamp\www\Project\3601\Storage\view\compile\7b90bf9d0d3583f17b102df6aa5979db.php (61).
[ 2016-08-12T17:57:53+08:00 ]EXCEPTION: Admin\Controller\CateController 不存在
[ 2016-08-12T17:57:53+08:00 ]EXCEPTION: Admin\Controller\CateController 不存在
[ 2016-08-12T17:57:55+08:00 ]NOTICE: Undefined variable: pageD:\wamp\www\Project\3601\Storage\view\compile\dd39ce05a282cea06b169c209effb00f.php (56).
[ 2016-08-12T17:57:58+08:00 ]NOTICE: Undefined variable: pageD:\wamp\www\Project\3601\Storage\view\compile\7b90bf9d0d3583f17b102df6aa5979db.php (61).
[ 2016-08-12T18:05:54+08:00 ]NOTICE: Undefined variable: pageD:\wamp\www\Project\3601\Storage\view\compile\dd39ce05a282cea06b169c209effb00f.php (56).
[ 2016-08-12T18:05:56+08:00 ]NOTICE: Undefined variable: pageD:\wamp\www\Project\3601\Storage\view\compile\7b90bf9d0d3583f17b102df6aa5979db.php (61).
[ 2016-08-12T18:10:45+08:00 ]NOTICE: Undefined variable: pageD:\wamp\www\Project\3601\Storage\view\compile\dd39ce05a282cea06b169c209effb00f.php (56).
[ 2016-08-12T18:10:46+08:00 ]NOTICE: Undefined variable: pageD:\wamp\www\Project\3601\Storage\view\compile\7b90bf9d0d3583f17b102df6aa5979db.php (65).
[ 2016-08-12T18:10:55+08:00 ]NOTICE: Undefined variable: pageD:\wamp\www\Project\3601\Storage\view\compile\7b90bf9d0d3583f17b102df6aa5979db.php (65).
[ 2016-08-12T18:10:56+08:00 ]NOTICE: Undefined variable: pageD:\wamp\www\Project\3601\Storage\view\compile\dd39ce05a282cea06b169c209effb00f.php (56).
[ 2016-08-12T18:10:59+08:00 ]NOTICE: Undefined variable: pageD:\wamp\www\Project\3601\Storage\view\compile\7b90bf9d0d3583f17b102df6aa5979db.php (65).
[ 2016-08-12T18:11:50+08:00 ]NOTICE: Undefined variable: pageD:\wamp\www\Project\3601\Storage\view\compile\dd39ce05a282cea06b169c209effb00f.php (56).
[ 2016-08-12T18:11:54+08:00 ]NOTICE: Undefined variable: pageD:\wamp\www\Project\3601\Storage\view\compile\dd39ce05a282cea06b169c209effb00f.php (56).
[ 2016-08-12T18:11:57+08:00 ]NOTICE: Undefined variable: pageD:\wamp\www\Project\3601\Storage\view\compile\7b90bf9d0d3583f17b102df6aa5979db.php (65).
[ 2016-08-12T18:12:37+08:00 ]NOTICE: Undefined variable: pageD:\wamp\www\Project\3601\Storage\view\compile\dd39ce05a282cea06b169c209effb00f.php (56).
[ 2016-08-12T18:12:38+08:00 ]NOTICE: Undefined variable: pageD:\wamp\www\Project\3601\Storage\view\compile\7b90bf9d0d3583f17b102df6aa5979db.php (65).
