[ 2016-08-16T08:43:13+08:00 ]NOTICE: Undefined variable: pageD:\wamp\www\Project\3601\Storage\view\compile\cdaf1e7d3fd0104d7450493dfb6fc61e.php (64).
[ 2016-08-16T08:46:51+08:00 ]NOTICE: Undefined variable: pageD:\wamp\www\Project\3601\Storage\view\compile\cdaf1e7d3fd0104d7450493dfb6fc61e.php (64).
[ 2016-08-16T08:47:44+08:00 ]NOTICE: Undefined variable: pageD:\wamp\www\Project\3601\Storage\view\compile\cdaf1e7d3fd0104d7450493dfb6fc61e.php (64).
[ 2016-08-16T09:01:18+08:00 ]NOTICE: Undefined variable: pageD:\wamp\www\Project\3601\Storage\view\compile\cdaf1e7d3fd0104d7450493dfb6fc61e.php (64).
[ 2016-08-16T09:05:23+08:00 ]NOTICE: Undefined variable: pageD:\wamp\www\Project\3601\Storage\view\compile\cdaf1e7d3fd0104d7450493dfb6fc61e.php (64).
[ 2016-08-16T09:05:30+08:00 ]NOTICE: Undefined variable: pageD:\wamp\www\Project\3601\Storage\view\compile\cdaf1e7d3fd0104d7450493dfb6fc61e.php (64).
[ 2016-08-16T09:05:32+08:00 ]NOTICE: Undefined variable: pageD:\wamp\www\Project\3601\Storage\view\compile\cdaf1e7d3fd0104d7450493dfb6fc61e.php (64).
[ 2016-08-16T09:05:32+08:00 ]NOTICE: Undefined variable: pageD:\wamp\www\Project\3601\Storage\view\compile\cdaf1e7d3fd0104d7450493dfb6fc61e.php (64).
[ 2016-08-16T09:05:33+08:00 ]NOTICE: Undefined variable: pageD:\wamp\www\Project\3601\Storage\view\compile\cdaf1e7d3fd0104d7450493dfb6fc61e.php (64).
[ 2016-08-16T09:05:33+08:00 ]NOTICE: Undefined variable: pageD:\wamp\www\Project\3601\Storage\view\compile\cdaf1e7d3fd0104d7450493dfb6fc61e.php (64).
[ 2016-08-16T09:05:35+08:00 ]NOTICE: Undefined variable: typeDataD:\wamp\www\Project\3601\Storage\view\compile\d1789a3e220e607bb98342c6e716939b.php (37).
[ 2016-08-16T09:05:35+08:00 ]NOTICE: Invalid argument supplied for foreach()D:\wamp\www\Project\3601\Storage\view\compile\d1789a3e220e607bb98342c6e716939b.php (37).
[ 2016-08-16T09:05:35+08:00 ]NOTICE: Undefined variable: typeDataD:\wamp\www\Project\3601\Storage\view\compile\d1789a3e220e607bb98342c6e716939b.php (47).
[ 2016-08-16T09:05:35+08:00 ]NOTICE: Invalid argument supplied for foreach()D:\wamp\www\Project\3601\Storage\view\compile\d1789a3e220e607bb98342c6e716939b.php (47).
[ 2016-08-16T09:05:41+08:00 ]NOTICE: Undefined variable: pageD:\wamp\www\Project\3601\Storage\view\compile\cdaf1e7d3fd0104d7450493dfb6fc61e.php (64).
[ 2016-08-16T09:05:44+08:00 ]NOTICE: Undefined variable: typeDataD:\wamp\www\Project\3601\Storage\view\compile\d1789a3e220e607bb98342c6e716939b.php (37).
[ 2016-08-16T09:05:44+08:00 ]NOTICE: Invalid argument supplied for foreach()D:\wamp\www\Project\3601\Storage\view\compile\d1789a3e220e607bb98342c6e716939b.php (37).
[ 2016-08-16T09:05:44+08:00 ]NOTICE: Undefined variable: typeDataD:\wamp\www\Project\3601\Storage\view\compile\d1789a3e220e607bb98342c6e716939b.php (47).
[ 2016-08-16T09:05:44+08:00 ]NOTICE: Invalid argument supplied for foreach()D:\wamp\www\Project\3601\Storage\view\compile\d1789a3e220e607bb98342c6e716939b.php (47).
[ 2016-08-16T09:12:45+08:00 ]NOTICE: Undefined variable: pageD:\wamp\www\Project\3601\Storage\view\compile\cdaf1e7d3fd0104d7450493dfb6fc61e.php (64).
[ 2016-08-16T09:14:44+08:00 ]NOTICE: Undefined variable: pageD:\wamp\www\Project\3601\Storage\view\compile\cdaf1e7d3fd0104d7450493dfb6fc61e.php (64).
[ 2016-08-16T09:14:46+08:00 ]NOTICE: Undefined variable: typeDataD:\wamp\www\Project\3601\Storage\view\compile\d1789a3e220e607bb98342c6e716939b.php (37).
[ 2016-08-16T09:14:46+08:00 ]NOTICE: Invalid argument supplied for foreach()D:\wamp\www\Project\3601\Storage\view\compile\d1789a3e220e607bb98342c6e716939b.php (37).
[ 2016-08-16T09:14:46+08:00 ]NOTICE: Undefined variable: typeDataD:\wamp\www\Project\3601\Storage\view\compile\d1789a3e220e607bb98342c6e716939b.php (47).
[ 2016-08-16T09:14:46+08:00 ]NOTICE: Invalid argument supplied for foreach()D:\wamp\www\Project\3601\Storage\view\compile\d1789a3e220e607bb98342c6e716939b.php (47).
[ 2016-08-16T09:14:50+08:00 ]NOTICE: Undefined variable: pageD:\wamp\www\Project\3601\Storage\view\compile\cdaf1e7d3fd0104d7450493dfb6fc61e.php (64).
[ 2016-08-16T09:23:46+08:00 ]NOTICE: Undefined variable: pageD:\wamp\www\Project\3601\Storage\view\compile\cdaf1e7d3fd0104d7450493dfb6fc61e.php (64).
[ 2016-08-16T09:24:36+08:00 ]NOTICE: Undefined variable: pageD:\wamp\www\Project\3601\Storage\view\compile\cdaf1e7d3fd0104d7450493dfb6fc61e.php (64).
[ 2016-08-16T09:25:01+08:00 ]NOTICE: Undefined variable: pageD:\wamp\www\Project\3601\Storage\view\compile\0d76f5ffa3f8801ff70ffa722b2b72c2.php (66).
[ 2016-08-16T09:25:01+08:00 ]NOTICE: Undefined variable: oldDataD:\wamp\www\Project\3601\Storage\view\compile\0d76f5ffa3f8801ff70ffa722b2b72c2.php (70).
[ 2016-08-16T09:25:01+08:00 ]NOTICE: Undefined variable: oldDataD:\wamp\www\Project\3601\Storage\view\compile\0d76f5ffa3f8801ff70ffa722b2b72c2.php (71).
[ 2016-08-16T09:25:03+08:00 ]NOTICE: Undefined variable: pageD:\wamp\www\Project\3601\Storage\view\compile\cdaf1e7d3fd0104d7450493dfb6fc61e.php (64).
[ 2016-08-16T09:31:25+08:00 ]NOTICE: Undefined variable: pageD:\wamp\www\Project\3601\Storage\view\compile\cdaf1e7d3fd0104d7450493dfb6fc61e.php (64).
[ 2016-08-16T09:34:14+08:00 ]NOTICE: Undefined variable: pageD:\wamp\www\Project\3601\Storage\view\compile\cdaf1e7d3fd0104d7450493dfb6fc61e.php (64).
[ 2016-08-16T09:34:58+08:00 ]NOTICE: Undefined variable: pageD:\wamp\www\Project\3601\Storage\view\compile\cdaf1e7d3fd0104d7450493dfb6fc61e.php (64).
[ 2016-08-16T10:15:58+08:00 ]NOTICE: Undefined variable: pageD:\wamp\www\Project\3601\Storage\view\compile\cdaf1e7d3fd0104d7450493dfb6fc61e.php (64).
[ 2016-08-16T10:16:28+08:00 ]NOTICE: Undefined variable: pageD:\wamp\www\Project\3601\Storage\view\compile\cdaf1e7d3fd0104d7450493dfb6fc61e.php (64).
[ 2016-08-16T10:17:16+08:00 ]NOTICE: Undefined variable: pageD:\wamp\www\Project\3601\Storage\view\compile\cdaf1e7d3fd0104d7450493dfb6fc61e.php (64).
[ 2016-08-16T10:22:46+08:00 ]NOTICE: Undefined variable: pageD:\wamp\www\Project\3601\Storage\view\compile\cdaf1e7d3fd0104d7450493dfb6fc61e.php (64).
[ 2016-08-16T10:25:20+08:00 ]NOTICE: Undefined variable: pageD:\wamp\www\Project\3601\Storage\view\compile\cdaf1e7d3fd0104d7450493dfb6fc61e.php (64).
[ 2016-08-16T10:27:07+08:00 ]NOTICE: Undefined variable: pageD:\wamp\www\Project\3601\Storage\view\compile\cdaf1e7d3fd0104d7450493dfb6fc61e.php (64).
[ 2016-08-16T10:27:23+08:00 ]NOTICE: Undefined variable: pageD:\wamp\www\Project\3601\Storage\view\compile\cdaf1e7d3fd0104d7450493dfb6fc61e.php (64).
[ 2016-08-16T10:28:13+08:00 ]NOTICE: Undefined variable: pageD:\wamp\www\Project\3601\Storage\view\compile\cdaf1e7d3fd0104d7450493dfb6fc61e.php (64).
[ 2016-08-16T10:28:20+08:00 ]NOTICE: Undefined variable: pageD:\wamp\www\Project\3601\Storage\view\compile\cdaf1e7d3fd0104d7450493dfb6fc61e.php (64).
[ 2016-08-16T10:30:57+08:00 ]NOTICE: Undefined variable: pageD:\wamp\www\Project\3601\Storage\view\compile\cdaf1e7d3fd0104d7450493dfb6fc61e.php (64).
[ 2016-08-16T10:44:59+08:00 ]NOTICE: Undefined variable: pageD:\wamp\www\Project\3601\Storage\view\compile\cdaf1e7d3fd0104d7450493dfb6fc61e.php (64).
[ 2016-08-16T11:22:24+08:00 ]NOTICE: Undefined variable: pageD:\wamp\www\Project\3601\Storage\view\compile\cdaf1e7d3fd0104d7450493dfb6fc61e.php (64).
[ 2016-08-16T11:24:13+08:00 ]NOTICE: Undefined variable: pageD:\wamp\www\Project\3601\Storage\view\compile\cdaf1e7d3fd0104d7450493dfb6fc61e.php (64).
[ 2016-08-16T11:24:49+08:00 ]NOTICE: Undefined variable: pageD:\wamp\www\Project\3601\Storage\view\compile\cdaf1e7d3fd0104d7450493dfb6fc61e.php (64).
[ 2016-08-16T11:30:42+08:00 ]NOTICE: Undefined variable: pageD:\wamp\www\Project\3601\Storage\view\compile\cdaf1e7d3fd0104d7450493dfb6fc61e.php (64).
[ 2016-08-16T11:31:50+08:00 ]NOTICE: Undefined variable: pageD:\wamp\www\Project\3601\Storage\view\compile\cdaf1e7d3fd0104d7450493dfb6fc61e.php (64).
[ 2016-08-16T11:40:39+08:00 ]EXCEPTION: SELECT  *  FROM shop_cate INNER JOIN shop_type_pp ON shop_cate.shop_type_tid = shop_type_pp.shop_type_tid WHERE cid= ;BindParams:array (
)42000;1064;You have an error in your SQL syntax; check the manual that corresponds to your MySQL server version for the right syntax to use near '' at line 1
[ 2016-08-16T11:45:50+08:00 ]NOTICE: Undefined variable: pageD:\wamp\www\Project\3601\Storage\view\compile\cdaf1e7d3fd0104d7450493dfb6fc61e.php (64).
[ 2016-08-16T13:06:11+08:00 ]NOTICE: Undefined variable: pageD:\wamp\www\Project\3601\Storage\view\compile\cdaf1e7d3fd0104d7450493dfb6fc61e.php (64).
[ 2016-08-16T13:07:50+08:00 ]NOTICE: Undefined variable: pageD:\wamp\www\Project\3601\Storage\view\compile\cdaf1e7d3fd0104d7450493dfb6fc61e.php (64).
[ 2016-08-16T13:20:10+08:00 ]NOTICE: Undefined offset: 0D:\wamp\www\Project\3601\Hdphp\Model\Model.php (209).
[ 2016-08-16T13:20:10+08:00 ]NOTICE: Non-static method Hdphp\View\View::success() should not be called statically, assuming $this from incompatible contextD:\wamp\www\Project\3601\App\Admin\Controller\GoodsController.php (19).
[ 2016-08-16T13:20:40+08:00 ]NOTICE: Undefined variable: pageD:\wamp\www\Project\3601\Storage\view\compile\cdaf1e7d3fd0104d7450493dfb6fc61e.php (64).
[ 2016-08-16T13:20:41+08:00 ]NOTICE: Undefined variable: pageD:\wamp\www\Project\3601\Storage\view\compile\cdaf1e7d3fd0104d7450493dfb6fc61e.php (64).
[ 2016-08-16T13:20:48+08:00 ]NOTICE: Undefined variable: pageD:\wamp\www\Project\3601\Storage\view\compile\cdaf1e7d3fd0104d7450493dfb6fc61e.php (64).
[ 2016-08-16T13:22:54+08:00 ]NOTICE: Non-static method Hdphp\View\View::with() should not be called statically, assuming $this from incompatible contextD:\wamp\www\Project\3601\App\Admin\Controller\GoodsController.php (12).
[ 2016-08-16T13:22:54+08:00 ]NOTICE: Non-static method Hdphp\View\View::make() should not be called statically, assuming $this from incompatible contextD:\wamp\www\Project\3601\App\Admin\Controller\GoodsController.php (13).
[ 2016-08-16T13:22:54+08:00 ]NOTICE: Undefined property: Admin\Controller\GoodsController::$tplD:\wamp\www\Project\3601\Hdphp\View\View.php (38).
[ 2016-08-16T13:22:54+08:00 ]NOTICE: Undefined property: Admin\Controller\GoodsController::$tplD:\wamp\www\Project\3601\Hdphp\View\View.php (56).
[ 2016-08-16T13:22:54+08:00 ]EXCEPTION: 模板不存在
[ 2016-08-16T13:23:02+08:00 ]NOTICE: Undefined variable: pageD:\wamp\www\Project\3601\Storage\view\compile\cdaf1e7d3fd0104d7450493dfb6fc61e.php (64).
[ 2016-08-16T13:23:06+08:00 ]NOTICE: Undefined variable: pageD:\wamp\www\Project\3601\Storage\view\compile\cdaf1e7d3fd0104d7450493dfb6fc61e.php (64).
[ 2016-08-16T13:25:30+08:00 ]NOTICE: Undefined offset: 0D:\wamp\www\Project\3601\Hdphp\Model\Model.php (209).
[ 2016-08-16T13:25:32+08:00 ]NOTICE: Undefined variable: pageD:\wamp\www\Project\3601\Storage\view\compile\cdaf1e7d3fd0104d7450493dfb6fc61e.php (64).
[ 2016-08-16T13:25:41+08:00 ]NOTICE: Undefined variable: pageD:\wamp\www\Project\3601\Storage\view\compile\cdaf1e7d3fd0104d7450493dfb6fc61e.php (64).
[ 2016-08-16T13:26:52+08:00 ]NOTICE: Undefined offset: 0D:\wamp\www\Project\3601\Hdphp\Model\Model.php (209).
[ 2016-08-16T13:26:55+08:00 ]NOTICE: Undefined variable: pageD:\wamp\www\Project\3601\Storage\view\compile\cdaf1e7d3fd0104d7450493dfb6fc61e.php (64).
[ 2016-08-16T13:28:41+08:00 ]NOTICE: Undefined variable: pageD:\wamp\www\Project\3601\Storage\view\compile\cdaf1e7d3fd0104d7450493dfb6fc61e.php (64).
[ 2016-08-16T13:35:14+08:00 ]NOTICE: Undefined variable: pageD:\wamp\www\Project\3601\Storage\view\compile\cdaf1e7d3fd0104d7450493dfb6fc61e.php (64).
[ 2016-08-16T13:35:41+08:00 ]NOTICE: Undefined offset: 0D:\wamp\www\Project\3601\Hdphp\Model\Model.php (209).
[ 2016-08-16T13:38:27+08:00 ]NOTICE: Undefined variable: pageD:\wamp\www\Project\3601\Storage\view\compile\cdaf1e7d3fd0104d7450493dfb6fc61e.php (64).
[ 2016-08-16T13:38:49+08:00 ]NOTICE: Undefined offset: 0D:\wamp\www\Project\3601\Hdphp\Model\Model.php (209).
[ 2016-08-16T13:39:17+08:00 ]NOTICE: Undefined variable: pageD:\wamp\www\Project\3601\Storage\view\compile\cdaf1e7d3fd0104d7450493dfb6fc61e.php (64).
[ 2016-08-16T13:39:19+08:00 ]NOTICE: Undefined variable: pageD:\wamp\www\Project\3601\Storage\view\compile\cdaf1e7d3fd0104d7450493dfb6fc61e.php (64).
[ 2016-08-16T13:39:34+08:00 ]NOTICE: Undefined offset: 0D:\wamp\www\Project\3601\Hdphp\Model\Model.php (209).
[ 2016-08-16T13:41:16+08:00 ]NOTICE: Undefined variable: pageD:\wamp\www\Project\3601\Storage\view\compile\cdaf1e7d3fd0104d7450493dfb6fc61e.php (64).
[ 2016-08-16T13:41:26+08:00 ]NOTICE: Undefined offset: 0D:\wamp\www\Project\3601\Hdphp\Model\Model.php (209).
[ 2016-08-16T13:41:55+08:00 ]NOTICE: Undefined variable: pageD:\wamp\www\Project\3601\Storage\view\compile\cdaf1e7d3fd0104d7450493dfb6fc61e.php (64).
[ 2016-08-16T13:41:58+08:00 ]NOTICE: Undefined variable: pageD:\wamp\www\Project\3601\Storage\view\compile\cdaf1e7d3fd0104d7450493dfb6fc61e.php (64).
[ 2016-08-16T13:42:01+08:00 ]NOTICE: Undefined variable: pageD:\wamp\www\Project\3601\Storage\view\compile\cdaf1e7d3fd0104d7450493dfb6fc61e.php (64).
[ 2016-08-16T13:42:58+08:00 ]NOTICE: Undefined offset: 0D:\wamp\www\Project\3601\Hdphp\Model\Model.php (209).
[ 2016-08-16T13:43:34+08:00 ]NOTICE: Undefined variable: pageD:\wamp\www\Project\3601\Storage\view\compile\cdaf1e7d3fd0104d7450493dfb6fc61e.php (64).
[ 2016-08-16T13:55:46+08:00 ]NOTICE: Undefined variable: pageD:\wamp\www\Project\3601\Storage\view\compile\cdaf1e7d3fd0104d7450493dfb6fc61e.php (64).
[ 2016-08-16T13:59:12+08:00 ]NOTICE: Undefined variable: pageD:\wamp\www\Project\3601\Storage\view\compile\cdaf1e7d3fd0104d7450493dfb6fc61e.php (64).
[ 2016-08-16T14:05:58+08:00 ]NOTICE: Undefined variable: pageD:\wamp\www\Project\3601\Storage\view\compile\cdaf1e7d3fd0104d7450493dfb6fc61e.php (64).
[ 2016-08-16T14:08:23+08:00 ]EXCEPTION: SELECT  *  FROM shop_cate INNER JOIN shop_type_pp ON shop_cate.shop_type_tid = shop_type_pp.shop_type_tid WHERE cid= ;BindParams:array (
)42000;1064;You have an error in your SQL syntax; check the manual that corresponds to your MySQL server version for the right syntax to use near '' at line 1
[ 2016-08-16T14:09:39+08:00 ]NOTICE: Undefined variable: pageD:\wamp\www\Project\3601\Storage\view\compile\cdaf1e7d3fd0104d7450493dfb6fc61e.php (64).
[ 2016-08-16T14:14:36+08:00 ]NOTICE: Undefined variable: pageD:\wamp\www\Project\3601\Storage\view\compile\cdaf1e7d3fd0104d7450493dfb6fc61e.php (64).
[ 2016-08-16T14:16:28+08:00 ]NOTICE: Undefined variable: pageD:\wamp\www\Project\3601\Storage\view\compile\dd39ce05a282cea06b169c209effb00f.php (56).
[ 2016-08-16T14:16:29+08:00 ]NOTICE: Undefined variable: pageD:\wamp\www\Project\3601\Storage\view\compile\7b90bf9d0d3583f17b102df6aa5979db.php (67).
[ 2016-08-16T14:16:49+08:00 ]NOTICE: Undefined variable: pageD:\wamp\www\Project\3601\Storage\view\compile\cdaf1e7d3fd0104d7450493dfb6fc61e.php (64).
[ 2016-08-16T14:18:48+08:00 ]NOTICE: Undefined variable: pageD:\wamp\www\Project\3601\Storage\view\compile\cdaf1e7d3fd0104d7450493dfb6fc61e.php (64).
[ 2016-08-16T14:22:42+08:00 ]NOTICE: Undefined variable: pageD:\wamp\www\Project\3601\Storage\view\compile\d2321ff4dbba56fbf66d46561f7ef14d.php (60).
[ 2016-08-16T14:22:43+08:00 ]NOTICE: Undefined variable: pageD:\wamp\www\Project\3601\Storage\view\compile\d2321ff4dbba56fbf66d46561f7ef14d.php (60).
[ 2016-08-16T14:22:48+08:00 ]NOTICE: Undefined variable: pageD:\wamp\www\Project\3601\Storage\view\compile\cdaf1e7d3fd0104d7450493dfb6fc61e.php (64).
[ 2016-08-16T14:27:07+08:00 ]NOTICE: Undefined variable: pageD:\wamp\www\Project\3601\Storage\view\compile\cdaf1e7d3fd0104d7450493dfb6fc61e.php (64).
[ 2016-08-16T14:28:18+08:00 ]NOTICE: Undefined variable: pageD:\wamp\www\Project\3601\Storage\view\compile\cdaf1e7d3fd0104d7450493dfb6fc61e.php (64).
[ 2016-08-16T14:29:39+08:00 ]NOTICE: Undefined variable: pageD:\wamp\www\Project\3601\Storage\view\compile\cdaf1e7d3fd0104d7450493dfb6fc61e.php (66).
[ 2016-08-16T14:29:43+08:00 ]NOTICE: Undefined variable: pageD:\wamp\www\Project\3601\Storage\view\compile\cdaf1e7d3fd0104d7450493dfb6fc61e.php (66).
[ 2016-08-16T14:30:08+08:00 ]NOTICE: Undefined variable: pageD:\wamp\www\Project\3601\Storage\view\compile\cdaf1e7d3fd0104d7450493dfb6fc61e.php (66).
[ 2016-08-16T14:31:31+08:00 ]NOTICE: Undefined variable: pageD:\wamp\www\Project\3601\Storage\view\compile\cdaf1e7d3fd0104d7450493dfb6fc61e.php (68).
[ 2016-08-16T14:31:52+08:00 ]NOTICE: Undefined variable: pageD:\wamp\www\Project\3601\Storage\view\compile\cdaf1e7d3fd0104d7450493dfb6fc61e.php (68).
[ 2016-08-16T14:32:00+08:00 ]NOTICE: Undefined variable: pageD:\wamp\www\Project\3601\Storage\view\compile\cdaf1e7d3fd0104d7450493dfb6fc61e.php (68).
[ 2016-08-16T14:33:59+08:00 ]NOTICE: Undefined variable: pageD:\wamp\www\Project\3601\Storage\view\compile\cdaf1e7d3fd0104d7450493dfb6fc61e.php (68).
[ 2016-08-16T14:35:39+08:00 ]NOTICE: Undefined variable: pageD:\wamp\www\Project\3601\Storage\view\compile\cdaf1e7d3fd0104d7450493dfb6fc61e.php (68).
[ 2016-08-16T14:38:24+08:00 ]NOTICE: Undefined variable: pageD:\wamp\www\Project\3601\Storage\view\compile\cdaf1e7d3fd0104d7450493dfb6fc61e.php (70).
[ 2016-08-16T14:38:44+08:00 ]NOTICE: Undefined variable: pageD:\wamp\www\Project\3601\Storage\view\compile\cdaf1e7d3fd0104d7450493dfb6fc61e.php (70).
[ 2016-08-16T14:41:03+08:00 ]NOTICE: Undefined variable: pageD:\wamp\www\Project\3601\Storage\view\compile\cdaf1e7d3fd0104d7450493dfb6fc61e.php (72).
[ 2016-08-16T14:41:57+08:00 ]NOTICE: Undefined variable: pageD:\wamp\www\Project\3601\Storage\view\compile\cdaf1e7d3fd0104d7450493dfb6fc61e.php (72).
[ 2016-08-16T14:55:08+08:00 ]NOTICE: Undefined variable: pageD:\wamp\www\Project\3601\Storage\view\compile\cdaf1e7d3fd0104d7450493dfb6fc61e.php (72).
[ 2016-08-16T14:56:43+08:00 ]NOTICE: Undefined variable: pageD:\wamp\www\Project\3601\Storage\view\compile\cdaf1e7d3fd0104d7450493dfb6fc61e.php (72).
[ 2016-08-16T14:56:47+08:00 ]NOTICE: Undefined variable: pageD:\wamp\www\Project\3601\Storage\view\compile\cdaf1e7d3fd0104d7450493dfb6fc61e.php (72).
[ 2016-08-16T15:44:26+08:00 ]NOTICE: Undefined variable: pageD:\wamp\www\Project\3601\Storage\view\compile\d2321ff4dbba56fbf66d46561f7ef14d.php (60).
[ 2016-08-16T15:52:26+08:00 ]NOTICE: Undefined variable: pageD:\wamp\www\Project\3601\Storage\view\compile\dd39ce05a282cea06b169c209effb00f.php (56).
[ 2016-08-16T15:52:31+08:00 ]NOTICE: Undefined variable: pageD:\wamp\www\Project\3601\Storage\view\compile\7b90bf9d0d3583f17b102df6aa5979db.php (67).
[ 2016-08-16T15:54:48+08:00 ]NOTICE: Undefined variable: pageD:\wamp\www\Project\3601\Storage\view\compile\d2321ff4dbba56fbf66d46561f7ef14d.php (60).
[ 2016-08-16T15:55:03+08:00 ]NOTICE: Undefined variable: pageD:\wamp\www\Project\3601\Storage\view\compile\d2321ff4dbba56fbf66d46561f7ef14d.php (60).
[ 2016-08-16T16:00:30+08:00 ]NOTICE: Undefined variable: pageD:\wamp\www\Project\3601\Storage\view\compile\d2321ff4dbba56fbf66d46561f7ef14d.php (60).
[ 2016-08-16T16:00:36+08:00 ]NOTICE: Undefined variable: pageD:\wamp\www\Project\3601\Storage\view\compile\d2321ff4dbba56fbf66d46561f7ef14d.php (60).
[ 2016-08-16T16:00:41+08:00 ]NOTICE: Undefined variable: pageD:\wamp\www\Project\3601\Storage\view\compile\d2321ff4dbba56fbf66d46561f7ef14d.php (60).
[ 2016-08-16T16:00:50+08:00 ]NOTICE: Undefined variable: pageD:\wamp\www\Project\3601\Storage\view\compile\d2321ff4dbba56fbf66d46561f7ef14d.php (60).
[ 2016-08-16T16:00:53+08:00 ]NOTICE: Undefined variable: pageD:\wamp\www\Project\3601\Storage\view\compile\d2321ff4dbba56fbf66d46561f7ef14d.php (60).
[ 2016-08-16T16:01:16+08:00 ]NOTICE: Undefined variable: pageD:\wamp\www\Project\3601\Storage\view\compile\cdaf1e7d3fd0104d7450493dfb6fc61e.php (72).
[ 2016-08-16T16:01:18+08:00 ]NOTICE: Undefined variable: pageD:\wamp\www\Project\3601\Storage\view\compile\cdaf1e7d3fd0104d7450493dfb6fc61e.php (72).
[ 2016-08-16T16:01:28+08:00 ]NOTICE: Undefined variable: pageD:\wamp\www\Project\3601\Storage\view\compile\dd39ce05a282cea06b169c209effb00f.php (56).
[ 2016-08-16T16:01:45+08:00 ]NOTICE: Undefined variable: pageD:\wamp\www\Project\3601\Storage\view\compile\dd39ce05a282cea06b169c209effb00f.php (56).
[ 2016-08-16T16:01:56+08:00 ]NOTICE: Undefined variable: pageD:\wamp\www\Project\3601\Storage\view\compile\d2321ff4dbba56fbf66d46561f7ef14d.php (60).
[ 2016-08-16T16:02:00+08:00 ]NOTICE: Undefined variable: pageD:\wamp\www\Project\3601\Storage\view\compile\d2321ff4dbba56fbf66d46561f7ef14d.php (60).
[ 2016-08-16T16:02:04+08:00 ]NOTICE: Undefined variable: pageD:\wamp\www\Project\3601\Storage\view\compile\d2321ff4dbba56fbf66d46561f7ef14d.php (60).
[ 2016-08-16T16:02:08+08:00 ]NOTICE: Undefined variable: pageD:\wamp\www\Project\3601\Storage\view\compile\d2321ff4dbba56fbf66d46561f7ef14d.php (60).
[ 2016-08-16T16:03:24+08:00 ]NOTICE: Undefined variable: pageD:\wamp\www\Project\3601\Storage\view\compile\dd39ce05a282cea06b169c209effb00f.php (56).
[ 2016-08-16T16:03:27+08:00 ]NOTICE: Undefined variable: pageD:\wamp\www\Project\3601\Storage\view\compile\dd39ce05a282cea06b169c209effb00f.php (56).
[ 2016-08-16T16:03:31+08:00 ]NOTICE: Undefined variable: pageD:\wamp\www\Project\3601\Storage\view\compile\dd39ce05a282cea06b169c209effb00f.php (56).
[ 2016-08-16T16:04:04+08:00 ]NOTICE: Undefined variable: pageD:\wamp\www\Project\3601\Storage\view\compile\dd39ce05a282cea06b169c209effb00f.php (56).
[ 2016-08-16T16:04:09+08:00 ]NOTICE: Undefined variable: pageD:\wamp\www\Project\3601\Storage\view\compile\dd39ce05a282cea06b169c209effb00f.php (56).
[ 2016-08-16T16:04:25+08:00 ]NOTICE: Undefined variable: pageD:\wamp\www\Project\3601\Storage\view\compile\d2321ff4dbba56fbf66d46561f7ef14d.php (60).
[ 2016-08-16T16:04:44+08:00 ]NOTICE: Undefined variable: pageD:\wamp\www\Project\3601\Storage\view\compile\d2321ff4dbba56fbf66d46561f7ef14d.php (60).
[ 2016-08-16T16:04:55+08:00 ]NOTICE: Undefined variable: pageD:\wamp\www\Project\3601\Storage\view\compile\d2321ff4dbba56fbf66d46561f7ef14d.php (60).
[ 2016-08-16T16:05:29+08:00 ]NOTICE: Undefined variable: pageD:\wamp\www\Project\3601\Storage\view\compile\d2321ff4dbba56fbf66d46561f7ef14d.php (60).
[ 2016-08-16T19:44:53+08:00 ]NOTICE: Undefined variable: pageD:\wamp\www\Project\3601\Storage\view\compile\cdaf1e7d3fd0104d7450493dfb6fc61e.php (72).
[ 2016-08-16T19:44:55+08:00 ]NOTICE: Undefined variable: pageD:\wamp\www\Project\3601\Storage\view\compile\dd39ce05a282cea06b169c209effb00f.php (56).
[ 2016-08-16T19:44:57+08:00 ]NOTICE: Undefined variable: pageD:\wamp\www\Project\3601\Storage\view\compile\d2321ff4dbba56fbf66d46561f7ef14d.php (60).
[ 2016-08-16T19:44:59+08:00 ]NOTICE: Undefined variable: pageD:\wamp\www\Project\3601\Storage\view\compile\d2321ff4dbba56fbf66d46561f7ef14d.php (60).
[ 2016-08-16T19:45:01+08:00 ]NOTICE: Undefined variable: pageD:\wamp\www\Project\3601\Storage\view\compile\d2321ff4dbba56fbf66d46561f7ef14d.php (60).
[ 2016-08-16T19:45:07+08:00 ]NOTICE: Undefined variable: pageD:\wamp\www\Project\3601\Storage\view\compile\cdaf1e7d3fd0104d7450493dfb6fc61e.php (72).
[ 2016-08-16T19:45:38+08:00 ]NOTICE: Undefined variable: pageD:\wamp\www\Project\3601\Storage\view\compile\cdaf1e7d3fd0104d7450493dfb6fc61e.php (72).
[ 2016-08-16T19:45:41+08:00 ]NOTICE: Undefined variable: pageD:\wamp\www\Project\3601\Storage\view\compile\cdaf1e7d3fd0104d7450493dfb6fc61e.php (72).
[ 2016-08-16T19:50:20+08:00 ]NOTICE: Undefined variable: pageD:\wamp\www\Project\3601\Storage\view\compile\cdaf1e7d3fd0104d7450493dfb6fc61e.php (72).
[ 2016-08-16T19:52:43+08:00 ]NOTICE: Undefined variable: pageD:\wamp\www\Project\3601\Storage\view\compile\0d76f5ffa3f8801ff70ffa722b2b72c2.php (66).
[ 2016-08-16T19:52:43+08:00 ]NOTICE: Undefined variable: oldDataD:\wamp\www\Project\3601\Storage\view\compile\0d76f5ffa3f8801ff70ffa722b2b72c2.php (70).
[ 2016-08-16T19:52:43+08:00 ]NOTICE: Undefined variable: oldDataD:\wamp\www\Project\3601\Storage\view\compile\0d76f5ffa3f8801ff70ffa722b2b72c2.php (71).
[ 2016-08-16T19:53:08+08:00 ]NOTICE: Undefined variable: pageD:\wamp\www\Project\3601\Storage\view\compile\0d76f5ffa3f8801ff70ffa722b2b72c2.php (66).
[ 2016-08-16T19:53:08+08:00 ]NOTICE: Undefined variable: oldDataD:\wamp\www\Project\3601\Storage\view\compile\0d76f5ffa3f8801ff70ffa722b2b72c2.php (70).
[ 2016-08-16T19:53:08+08:00 ]NOTICE: Undefined variable: oldDataD:\wamp\www\Project\3601\Storage\view\compile\0d76f5ffa3f8801ff70ffa722b2b72c2.php (71).
[ 2016-08-16T19:53:26+08:00 ]NOTICE: Undefined variable: pageD:\wamp\www\Project\3601\Storage\view\compile\0d76f5ffa3f8801ff70ffa722b2b72c2.php (66).
[ 2016-08-16T19:53:26+08:00 ]NOTICE: Undefined variable: oldDataD:\wamp\www\Project\3601\Storage\view\compile\0d76f5ffa3f8801ff70ffa722b2b72c2.php (70).
[ 2016-08-16T19:53:26+08:00 ]NOTICE: Undefined variable: oldDataD:\wamp\www\Project\3601\Storage\view\compile\0d76f5ffa3f8801ff70ffa722b2b72c2.php (71).
[ 2016-08-16T19:53:44+08:00 ]NOTICE: Undefined variable: pageD:\wamp\www\Project\3601\Storage\view\compile\0d76f5ffa3f8801ff70ffa722b2b72c2.php (66).
[ 2016-08-16T19:53:44+08:00 ]NOTICE: Undefined variable: oldDataD:\wamp\www\Project\3601\Storage\view\compile\0d76f5ffa3f8801ff70ffa722b2b72c2.php (70).
[ 2016-08-16T19:53:44+08:00 ]NOTICE: Undefined variable: oldDataD:\wamp\www\Project\3601\Storage\view\compile\0d76f5ffa3f8801ff70ffa722b2b72c2.php (71).
[ 2016-08-16T19:54:17+08:00 ]NOTICE: Undefined variable: pageD:\wamp\www\Project\3601\Storage\view\compile\cdaf1e7d3fd0104d7450493dfb6fc61e.php (72).
[ 2016-08-16T19:58:26+08:00 ]NOTICE: Undefined variable: pageD:\wamp\www\Project\3601\Storage\view\compile\cdaf1e7d3fd0104d7450493dfb6fc61e.php (72).
[ 2016-08-16T20:00:17+08:00 ]NOTICE: Undefined variable: pageD:\wamp\www\Project\3601\Storage\view\compile\cdaf1e7d3fd0104d7450493dfb6fc61e.php (72).
[ 2016-08-16T20:01:09+08:00 ]NOTICE: Undefined variable: pageD:\wamp\www\Project\3601\Storage\view\compile\cdaf1e7d3fd0104d7450493dfb6fc61e.php (72).
[ 2016-08-16T20:01:13+08:00 ]NOTICE: Undefined variable: pageD:\wamp\www\Project\3601\Storage\view\compile\cdaf1e7d3fd0104d7450493dfb6fc61e.php (72).
[ 2016-08-16T20:01:46+08:00 ]NOTICE: Undefined variable: pageD:\wamp\www\Project\3601\Storage\view\compile\cdaf1e7d3fd0104d7450493dfb6fc61e.php (72).
[ 2016-08-16T20:03:27+08:00 ]NOTICE: Undefined variable: pageD:\wamp\www\Project\3601\Storage\view\compile\cdaf1e7d3fd0104d7450493dfb6fc61e.php (74).
[ 2016-08-16T20:03:41+08:00 ]NOTICE: Undefined variable: pageD:\wamp\www\Project\3601\Storage\view\compile\cdaf1e7d3fd0104d7450493dfb6fc61e.php (74).
[ 2016-08-16T20:17:48+08:00 ]NOTICE: Undefined variable: pageD:\wamp\www\Project\3601\Storage\view\compile\cdaf1e7d3fd0104d7450493dfb6fc61e.php (74).
[ 2016-08-16T20:17:59+08:00 ]NOTICE: Undefined variable: pageD:\wamp\www\Project\3601\Storage\view\compile\cdaf1e7d3fd0104d7450493dfb6fc61e.php (74).
[ 2016-08-16T20:18:04+08:00 ]NOTICE: Undefined variable: pageD:\wamp\www\Project\3601\Storage\view\compile\cdaf1e7d3fd0104d7450493dfb6fc61e.php (74).
[ 2016-08-16T20:18:43+08:00 ]NOTICE: Undefined variable: pageD:\wamp\www\Project\3601\Storage\view\compile\cdaf1e7d3fd0104d7450493dfb6fc61e.php (74).
[ 2016-08-16T20:20:51+08:00 ]NOTICE: Undefined variable: pageD:\wamp\www\Project\3601\Storage\view\compile\cdaf1e7d3fd0104d7450493dfb6fc61e.php (76).
[ 2016-08-16T20:21:33+08:00 ]NOTICE: Undefined variable: pageD:\wamp\www\Project\3601\Storage\view\compile\cdaf1e7d3fd0104d7450493dfb6fc61e.php (76).
[ 2016-08-16T20:24:51+08:00 ]NOTICE: Undefined variable: pageD:\wamp\www\Project\3601\Storage\view\compile\dd39ce05a282cea06b169c209effb00f.php (56).
[ 2016-08-16T20:24:52+08:00 ]NOTICE: Undefined variable: pageD:\wamp\www\Project\3601\Storage\view\compile\7b90bf9d0d3583f17b102df6aa5979db.php (67).
[ 2016-08-16T20:24:54+08:00 ]NOTICE: Undefined variable: pageD:\wamp\www\Project\3601\Storage\view\compile\dd39ce05a282cea06b169c209effb00f.php (56).
[ 2016-08-16T20:25:58+08:00 ]NOTICE: Undefined variable: pageD:\wamp\www\Project\3601\Storage\view\compile\d2321ff4dbba56fbf66d46561f7ef14d.php (60).
[ 2016-08-16T20:26:06+08:00 ]NOTICE: Undefined variable: pageD:\wamp\www\Project\3601\Storage\view\compile\d2321ff4dbba56fbf66d46561f7ef14d.php (60).
[ 2016-08-16T20:26:10+08:00 ]NOTICE: Undefined variable: pageD:\wamp\www\Project\3601\Storage\view\compile\dd39ce05a282cea06b169c209effb00f.php (56).
[ 2016-08-16T20:26:18+08:00 ]NOTICE: Undefined variable: pageD:\wamp\www\Project\3601\Storage\view\compile\d2321ff4dbba56fbf66d46561f7ef14d.php (60).
[ 2016-08-16T20:27:15+08:00 ]NOTICE: Undefined variable: pageD:\wamp\www\Project\3601\Storage\view\compile\d2321ff4dbba56fbf66d46561f7ef14d.php (60).
[ 2016-08-16T20:27:24+08:00 ]NOTICE: Undefined variable: pageD:\wamp\www\Project\3601\Storage\view\compile\d2321ff4dbba56fbf66d46561f7ef14d.php (60).
[ 2016-08-16T20:55:50+08:00 ]NOTICE: Undefined variable: pageD:\wamp\www\Project\3601\Storage\view\compile\cdaf1e7d3fd0104d7450493dfb6fc61e.php (76).
[ 2016-08-16T20:59:51+08:00 ]NOTICE: Undefined variable: pageD:\wamp\www\Project\3601\Storage\view\compile\cdaf1e7d3fd0104d7450493dfb6fc61e.php (76).
[ 2016-08-16T21:00:14+08:00 ]NOTICE: Undefined variable: pageD:\wamp\www\Project\3601\Storage\view\compile\cdaf1e7d3fd0104d7450493dfb6fc61e.php (76).
[ 2016-08-16T21:01:54+08:00 ]NOTICE: Undefined variable: pageD:\wamp\www\Project\3601\Storage\view\compile\cdaf1e7d3fd0104d7450493dfb6fc61e.php (76).
[ 2016-08-16T21:29:54+08:00 ]EXCEPTION: INSERT INTO shop_goods_des (`gdimg`,`gdimages`,`shop_good_gid`)VALUES(?,?,?) ;BindParams:array (
  0 => 'Upload/Content/16/08/46961471354191.jpg',
  1 => '<p>1111111111111</p>',
  2 => NULL,
)42S22;1054;Unknown column 'shop_good_gid' in 'field list'
[ 2016-08-16T21:31:27+08:00 ]EXCEPTION: INSERT INTO shop_goods_des (`gdimg`,`gdimages`,`shop_good_gid`)VALUES(?,?,?) ;BindParams:array (
  0 => 'Upload/Content/16/08/31511471354284.jpg',
  1 => '<p>111111</p>',
  2 => '8',
)42S22;1054;Unknown column 'shop_good_gid' in 'field list'
[ 2016-08-16T21:32:05+08:00 ]NOTICE: Undefined variable: pageD:\wamp\www\Project\3601\Storage\view\compile\cdaf1e7d3fd0104d7450493dfb6fc61e.php (76).
[ 2016-08-16T21:43:34+08:00 ]NOTICE: Non-static method Hdphp\View\View::with() should not be called statically, assuming $this from incompatible contextD:\wamp\www\Project\3601\App\Admin\Controller\GoodsController.php (18).
[ 2016-08-16T21:43:34+08:00 ]NOTICE: Non-static method Hdphp\View\View::make() should not be called statically, assuming $this from incompatible contextD:\wamp\www\Project\3601\App\Admin\Controller\GoodsController.php (19).
[ 2016-08-16T21:43:34+08:00 ]NOTICE: Undefined property: Admin\Controller\GoodsController::$tplD:\wamp\www\Project\3601\Hdphp\View\View.php (38).
[ 2016-08-16T21:43:34+08:00 ]NOTICE: Undefined property: Admin\Controller\GoodsController::$tplD:\wamp\www\Project\3601\Hdphp\View\View.php (56).
[ 2016-08-16T21:43:34+08:00 ]EXCEPTION: 模板不存在
[ 2016-08-16T21:43:41+08:00 ]NOTICE: Undefined variable: pageD:\wamp\www\Project\3601\Storage\view\compile\cdaf1e7d3fd0104d7450493dfb6fc61e.php (76).
[ 2016-08-16T21:43:51+08:00 ]NOTICE: Undefined variable: pageD:\wamp\www\Project\3601\Storage\view\compile\cdaf1e7d3fd0104d7450493dfb6fc61e.php (76).
[ 2016-08-16T21:44:15+08:00 ]NOTICE: Undefined variable: pageD:\wamp\www\Project\3601\Storage\view\compile\cdaf1e7d3fd0104d7450493dfb6fc61e.php (76).
[ 2016-08-16T21:44:18+08:00 ]NOTICE: Undefined variable: pageD:\wamp\www\Project\3601\Storage\view\compile\cdaf1e7d3fd0104d7450493dfb6fc61e.php (76).
[ 2016-08-16T21:44:22+08:00 ]NOTICE: Undefined variable: pageD:\wamp\www\Project\3601\Storage\view\compile\cdaf1e7d3fd0104d7450493dfb6fc61e.php (76).
[ 2016-08-16T21:44:25+08:00 ]NOTICE: Undefined variable: pageD:\wamp\www\Project\3601\Storage\view\compile\cdaf1e7d3fd0104d7450493dfb6fc61e.php (76).
[ 2016-08-16T21:44:45+08:00 ]NOTICE: Undefined variable: pageD:\wamp\www\Project\3601\Storage\view\compile\cdaf1e7d3fd0104d7450493dfb6fc61e.php (76).
[ 2016-08-16T21:46:46+08:00 ]EXCEPTION: SELECT  *  FROM shop_cate INNER JOIN shop_type_pp ON shop_cate.shop_type_tid = shop_type_pp.shop_type_tid WHERE cid= ;BindParams:array (
)42000;1064;You have an error in your SQL syntax; check the manual that corresponds to your MySQL server version for the right syntax to use near '' at line 1
[ 2016-08-16T21:46:49+08:00 ]NOTICE: Undefined variable: pageD:\wamp\www\Project\3601\Storage\view\compile\dd39ce05a282cea06b169c209effb00f.php (56).
[ 2016-08-16T21:46:55+08:00 ]NOTICE: Undefined variable: pageD:\wamp\www\Project\3601\Storage\view\compile\7b90bf9d0d3583f17b102df6aa5979db.php (67).
[ 2016-08-16T21:47:07+08:00 ]NOTICE: Undefined variable: pageD:\wamp\www\Project\3601\Storage\view\compile\dd39ce05a282cea06b169c209effb00f.php (56).
[ 2016-08-16T21:47:10+08:00 ]NOTICE: Undefined variable: pageD:\wamp\www\Project\3601\Storage\view\compile\7b90bf9d0d3583f17b102df6aa5979db.php (67).
[ 2016-08-16T21:48:20+08:00 ]NOTICE: Undefined variable: pageD:\wamp\www\Project\3601\Storage\view\compile\7b90bf9d0d3583f17b102df6aa5979db.php (67).
[ 2016-08-16T21:49:35+08:00 ]NOTICE: Undefined variable: pageD:\wamp\www\Project\3601\Storage\view\compile\7b90bf9d0d3583f17b102df6aa5979db.php (67).
[ 2016-08-16T21:49:52+08:00 ]NOTICE: Undefined variable: pageD:\wamp\www\Project\3601\Storage\view\compile\7b90bf9d0d3583f17b102df6aa5979db.php (67).
[ 2016-08-16T21:49:58+08:00 ]NOTICE: Undefined variable: pageD:\wamp\www\Project\3601\Storage\view\compile\dd39ce05a282cea06b169c209effb00f.php (56).
[ 2016-08-16T21:50:00+08:00 ]NOTICE: Undefined variable: pageD:\wamp\www\Project\3601\Storage\view\compile\7b90bf9d0d3583f17b102df6aa5979db.php (67).
[ 2016-08-16T21:51:42+08:00 ]NOTICE: Undefined variable: pageD:\wamp\www\Project\3601\Storage\view\compile\7b90bf9d0d3583f17b102df6aa5979db.php (67).
[ 2016-08-16T21:52:40+08:00 ]NOTICE: Undefined variable: pageD:\wamp\www\Project\3601\Storage\view\compile\7b90bf9d0d3583f17b102df6aa5979db.php (67).
[ 2016-08-16T21:52:43+08:00 ]NOTICE: Undefined variable: pageD:\wamp\www\Project\3601\Storage\view\compile\dd39ce05a282cea06b169c209effb00f.php (56).
[ 2016-08-16T21:52:44+08:00 ]NOTICE: Undefined variable: pageD:\wamp\www\Project\3601\Storage\view\compile\7b90bf9d0d3583f17b102df6aa5979db.php (67).
[ 2016-08-16T21:53:38+08:00 ]NOTICE: Undefined variable: pageD:\wamp\www\Project\3601\Storage\view\compile\7b90bf9d0d3583f17b102df6aa5979db.php (67).
[ 2016-08-16T21:54:37+08:00 ]NOTICE: Undefined variable: pageD:\wamp\www\Project\3601\Storage\view\compile\7b90bf9d0d3583f17b102df6aa5979db.php (67).
[ 2016-08-16T21:54:40+08:00 ]NOTICE: Undefined variable: pageD:\wamp\www\Project\3601\Storage\view\compile\dd39ce05a282cea06b169c209effb00f.php (56).
[ 2016-08-16T21:54:41+08:00 ]NOTICE: Undefined variable: pageD:\wamp\www\Project\3601\Storage\view\compile\7b90bf9d0d3583f17b102df6aa5979db.php (67).
[ 2016-08-16T21:54:43+08:00 ]NOTICE: Undefined variable: pageD:\wamp\www\Project\3601\Storage\view\compile\dd39ce05a282cea06b169c209effb00f.php (56).
[ 2016-08-16T21:54:44+08:00 ]NOTICE: Undefined variable: pageD:\wamp\www\Project\3601\Storage\view\compile\7b90bf9d0d3583f17b102df6aa5979db.php (67).
[ 2016-08-16T21:54:46+08:00 ]NOTICE: Undefined variable: pageD:\wamp\www\Project\3601\Storage\view\compile\dd39ce05a282cea06b169c209effb00f.php (56).
[ 2016-08-16T21:54:47+08:00 ]NOTICE: Undefined variable: pageD:\wamp\www\Project\3601\Storage\view\compile\7b90bf9d0d3583f17b102df6aa5979db.php (67).
[ 2016-08-16T21:54:48+08:00 ]NOTICE: Undefined variable: pageD:\wamp\www\Project\3601\Storage\view\compile\dd39ce05a282cea06b169c209effb00f.php (56).
[ 2016-08-16T21:54:52+08:00 ]NOTICE: Undefined variable: pageD:\wamp\www\Project\3601\Storage\view\compile\cdaf1e7d3fd0104d7450493dfb6fc61e.php (76).
