[ 2016-08-17T08:24:35+08:00 ]NOTICE: Undefined variable: pageD:\wamp\www\Project\3601\Storage\view\compile\0d76f5ffa3f8801ff70ffa722b2b72c2.php (66).
[ 2016-08-17T08:24:35+08:00 ]NOTICE: Undefined variable: oldDataD:\wamp\www\Project\3601\Storage\view\compile\0d76f5ffa3f8801ff70ffa722b2b72c2.php (70).
[ 2016-08-17T08:24:35+08:00 ]NOTICE: Undefined variable: oldDataD:\wamp\www\Project\3601\Storage\view\compile\0d76f5ffa3f8801ff70ffa722b2b72c2.php (71).
[ 2016-08-17T08:24:42+08:00 ]NOTICE: Undefined variable: pageD:\wamp\www\Project\3601\Storage\view\compile\cdaf1e7d3fd0104d7450493dfb6fc61e.php (76).
[ 2016-08-17T08:28:45+08:00 ]NOTICE: Undefined variable: pageD:\wamp\www\Project\3601\Storage\view\compile\cdaf1e7d3fd0104d7450493dfb6fc61e.php (76).
[ 2016-08-17T08:30:21+08:00 ]NOTICE: Undefined variable: pageD:\wamp\www\Project\3601\Storage\view\compile\cdaf1e7d3fd0104d7450493dfb6fc61e.php (76).
[ 2016-08-17T08:31:06+08:00 ]NOTICE: Undefined variable: pageD:\wamp\www\Project\3601\Storage\view\compile\cdaf1e7d3fd0104d7450493dfb6fc61e.php (76).
[ 2016-08-17T09:18:04+08:00 ]NOTICE: Invalid argument supplied for foreach()D:\wamp\www\Project\3601\App\Common\Model\Goods.php (35).
[ 2016-08-17T09:18:06+08:00 ]NOTICE: Undefined variable: pageD:\wamp\www\Project\3601\Storage\view\compile\cdaf1e7d3fd0104d7450493dfb6fc61e.php (76).
[ 2016-08-17T09:20:08+08:00 ]NOTICE: Undefined variable: pageD:\wamp\www\Project\3601\Storage\view\compile\cdaf1e7d3fd0104d7450493dfb6fc61e.php (76).
[ 2016-08-17T09:34:26+08:00 ]NOTICE: Undefined variable: pageD:\wamp\www\Project\3601\Storage\view\compile\cdaf1e7d3fd0104d7450493dfb6fc61e.php (76).
[ 2016-08-17T09:35:19+08:00 ]NOTICE: Invalid argument supplied for foreach()D:\wamp\www\Project\3601\App\Common\Model\Goods.php (35).
[ 2016-08-17T09:35:21+08:00 ]NOTICE: Undefined variable: pageD:\wamp\www\Project\3601\Storage\view\compile\cdaf1e7d3fd0104d7450493dfb6fc61e.php (76).
[ 2016-08-17T09:37:50+08:00 ]NOTICE: Undefined variable: pageD:\wamp\www\Project\3601\Storage\view\compile\cdaf1e7d3fd0104d7450493dfb6fc61e.php (76).
[ 2016-08-17T09:38:15+08:00 ]NOTICE: Invalid argument supplied for foreach()D:\wamp\www\Project\3601\App\Common\Model\Goods.php (35).
[ 2016-08-17T09:38:17+08:00 ]NOTICE: Undefined variable: pageD:\wamp\www\Project\3601\Storage\view\compile\cdaf1e7d3fd0104d7450493dfb6fc61e.php (76).
[ 2016-08-17T09:38:58+08:00 ]NOTICE: Undefined variable: pageD:\wamp\www\Project\3601\Storage\view\compile\cdaf1e7d3fd0104d7450493dfb6fc61e.php (76).
[ 2016-08-17T09:39:15+08:00 ]NOTICE: Invalid argument supplied for foreach()D:\wamp\www\Project\3601\App\Common\Model\Goods.php (35).
[ 2016-08-17T09:41:05+08:00 ]NOTICE: Invalid argument supplied for foreach()D:\wamp\www\Project\3601\App\Common\Model\Goods.php (35).
[ 2016-08-17T09:41:13+08:00 ]NOTICE: Invalid argument supplied for foreach()D:\wamp\www\Project\3601\App\Common\Model\Goods.php (35).
[ 2016-08-17T09:41:19+08:00 ]EXCEPTION: INSERT INTO shop_goods (`shop_cate_cid`,`shop_adminuser_id`,`shop_brand_bid`,`gname`,`gmprice`,`gprice`,`gclick`,`gstock`,`gsendtime`,`gno`,`shop_type_tid`)VALUES(?,?,?,?,?,?,?,?,?,?,?) ;BindParams:array (
  0 => '',
  1 => '1',
  2 => '',
  3 => '',
  4 => '',
  5 => '',
  6 => '',
  7 => '',
  8 => 1471398079,
  9 => 1471398079,
  10 => NULL,
)23000;1048;Column 'shop_type_tid' cannot be null
[ 2016-08-17T09:41:40+08:00 ]NOTICE: Invalid argument supplied for foreach()D:\wamp\www\Project\3601\App\Common\Model\Goods.php (35).
[ 2016-08-17T09:45:55+08:00 ]NOTICE: Undefined variable: pageD:\wamp\www\Project\3601\Storage\view\compile\cdaf1e7d3fd0104d7450493dfb6fc61e.php (76).
[ 2016-08-17T09:46:01+08:00 ]EXCEPTION: SELECT  *  FROM shop_cate INNER JOIN shop_type_pp ON shop_cate.shop_type_tid = shop_type_pp.shop_type_tid WHERE cid= ;BindParams:array (
)42000;1064;You have an error in your SQL syntax; check the manual that corresponds to your MySQL server version for the right syntax to use near '' at line 1
[ 2016-08-17T09:46:52+08:00 ]EXCEPTION: SELECT  *  FROM shop_cate INNER JOIN shop_type_pp ON shop_cate.shop_type_tid = shop_type_pp.shop_type_tid WHERE cid= ;BindParams:array (
)42000;1064;You have an error in your SQL syntax; check the manual that corresponds to your MySQL server version for the right syntax to use near '' at line 1
[ 2016-08-17T09:48:53+08:00 ]NOTICE: Undefined variable: pageD:\wamp\www\Project\3601\Storage\view\compile\cdaf1e7d3fd0104d7450493dfb6fc61e.php (76).
[ 2016-08-17T10:18:24+08:00 ]NOTICE: Undefined variable: pageD:\wamp\www\Project\3601\Storage\view\compile\cdaf1e7d3fd0104d7450493dfb6fc61e.php (76).
[ 2016-08-17T10:19:10+08:00 ]EXCEPTION: Method Admin\Controller\GoodsController::getAttr() does not exist
[ 2016-08-17T10:19:23+08:00 ]EXCEPTION: Method Admin\Controller\GoodsController::getAttr() does not exist
[ 2016-08-17T10:19:42+08:00 ]EXCEPTION: Method Admin\Controller\GoodsController::getAttr() does not exist
[ 2016-08-17T10:19:47+08:00 ]EXCEPTION: Method Admin\Controller\GoodsController::getAttr() does not exist
[ 2016-08-17T10:19:48+08:00 ]EXCEPTION: Method Admin\Controller\GoodsController::getAttr() does not exist
[ 2016-08-17T10:19:49+08:00 ]EXCEPTION: Method Admin\Controller\GoodsController::getAttr() does not exist
[ 2016-08-17T10:20:11+08:00 ]NOTICE: Undefined index: cidD:\wamp\www\Project\3601\App\Admin\Controller\GoodsController.php (36).
[ 2016-08-17T10:20:11+08:00 ]EXCEPTION: SELECT  *  FROM shop_cate INNER JOIN shop_type_pp ON shop_cate.shop_type_tid = shop_type_pp.shop_type_tid WHERE cid= ;BindParams:array (
)42000;1064;You have an error in your SQL syntax; check the manual that corresponds to your MySQL server version for the right syntax to use near '' at line 1
[ 2016-08-17T10:20:13+08:00 ]NOTICE: Undefined index: cidD:\wamp\www\Project\3601\App\Admin\Controller\GoodsController.php (36).
[ 2016-08-17T10:20:13+08:00 ]EXCEPTION: SELECT  *  FROM shop_cate INNER JOIN shop_type_pp ON shop_cate.shop_type_tid = shop_type_pp.shop_type_tid WHERE cid= ;BindParams:array (
)42000;1064;You have an error in your SQL syntax; check the manual that corresponds to your MySQL server version for the right syntax to use near '' at line 1
[ 2016-08-17T10:20:18+08:00 ]NOTICE: Undefined index: cidD:\wamp\www\Project\3601\App\Admin\Controller\GoodsController.php (36).
[ 2016-08-17T10:20:18+08:00 ]EXCEPTION: SELECT  *  FROM shop_cate INNER JOIN shop_type_pp ON shop_cate.shop_type_tid = shop_type_pp.shop_type_tid WHERE cid= ;BindParams:array (
)42000;1064;You have an error in your SQL syntax; check the manual that corresponds to your MySQL server version for the right syntax to use near '' at line 1
[ 2016-08-17T10:20:51+08:00 ]NOTICE: Undefined variable: pageD:\wamp\www\Project\3601\Storage\view\compile\cdaf1e7d3fd0104d7450493dfb6fc61e.php (76).
[ 2016-08-17T10:21:02+08:00 ]NOTICE: Undefined index: cidD:\wamp\www\Project\3601\App\Admin\Controller\GoodsController.php (36).
[ 2016-08-17T10:21:02+08:00 ]EXCEPTION: SELECT  *  FROM shop_cate INNER JOIN shop_type_pp ON shop_cate.shop_type_tid = shop_type_pp.shop_type_tid WHERE cid= ;BindParams:array (
)42000;1064;You have an error in your SQL syntax; check the manual that corresponds to your MySQL server version for the right syntax to use near '' at line 1
[ 2016-08-17T10:21:05+08:00 ]NOTICE: Undefined index: cidD:\wamp\www\Project\3601\App\Admin\Controller\GoodsController.php (36).
[ 2016-08-17T10:21:05+08:00 ]EXCEPTION: SELECT  *  FROM shop_cate INNER JOIN shop_type_pp ON shop_cate.shop_type_tid = shop_type_pp.shop_type_tid WHERE cid= ;BindParams:array (
)42000;1064;You have an error in your SQL syntax; check the manual that corresponds to your MySQL server version for the right syntax to use near '' at line 1
[ 2016-08-17T10:21:09+08:00 ]NOTICE: Undefined index: cidD:\wamp\www\Project\3601\App\Admin\Controller\GoodsController.php (36).
[ 2016-08-17T10:21:09+08:00 ]EXCEPTION: SELECT  *  FROM shop_cate INNER JOIN shop_type_pp ON shop_cate.shop_type_tid = shop_type_pp.shop_type_tid WHERE cid= ;BindParams:array (
)42000;1064;You have an error in your SQL syntax; check the manual that corresponds to your MySQL server version for the right syntax to use near '' at line 1
[ 2016-08-17T10:21:32+08:00 ]NOTICE: Undefined variable: pageD:\wamp\www\Project\3601\Storage\view\compile\cdaf1e7d3fd0104d7450493dfb6fc61e.php (76).
[ 2016-08-17T10:21:38+08:00 ]NOTICE: Undefined index: cidD:\wamp\www\Project\3601\App\Admin\Controller\GoodsController.php (36).
[ 2016-08-17T10:21:38+08:00 ]EXCEPTION: SELECT  *  FROM shop_cate INNER JOIN shop_type_pp ON shop_cate.shop_type_tid = shop_type_pp.shop_type_tid WHERE cid= ;BindParams:array (
)42000;1064;You have an error in your SQL syntax; check the manual that corresponds to your MySQL server version for the right syntax to use near '' at line 1
[ 2016-08-17T10:28:47+08:00 ]EXCEPTION: SELECT  *  FROM shop_cate INNER JOIN shop_type_pp ON shop_cate.shop_type_tid = shop_type_pp.shop_type_tid WHERE cid= ;BindParams:array (
)42000;1064;You have an error in your SQL syntax; check the manual that corresponds to your MySQL server version for the right syntax to use near '' at line 1
[ 2016-08-17T10:29:48+08:00 ]NOTICE: Undefined variable: pageD:\wamp\www\Project\3601\Storage\view\compile\cdaf1e7d3fd0104d7450493dfb6fc61e.php (76).
[ 2016-08-17T10:31:16+08:00 ]EXCEPTION: SELECT  *  FROM shop_cate INNER JOIN shop_type_pp ON shop_cate.shop_type_tid = shop_type_pp.shop_type_tid WHERE cid= ;BindParams:array (
)42000;1064;You have an error in your SQL syntax; check the manual that corresponds to your MySQL server version for the right syntax to use near '' at line 1
[ 2016-08-17T11:08:42+08:00 ]EXCEPTION: SELECT  *  FROM shop_cate INNER JOIN shop_type_pp ON shop_cate.shop_type_tid = shop_type_pp.shop_type_tid WHERE cid= ;BindParams:array (
)42000;1064;You have an error in your SQL syntax; check the manual that corresponds to your MySQL server version for the right syntax to use near '' at line 1
[ 2016-08-17T11:27:53+08:00 ]EXCEPTION: SELECT  *  FROM shop_cate INNER JOIN shop_type_pp ON shop_cate.shop_type_tid = shop_type_pp.shop_type_tid WHERE cid= ;BindParams:array (
)42000;1064;You have an error in your SQL syntax; check the manual that corresponds to your MySQL server version for the right syntax to use near '' at line 1
[ 2016-08-17T11:28:16+08:00 ]EXCEPTION: SELECT  *  FROM shop_cate INNER JOIN shop_type_pp ON shop_cate.shop_type_tid = shop_type_pp.shop_type_tid WHERE cid= ;BindParams:array (
)42000;1064;You have an error in your SQL syntax; check the manual that corresponds to your MySQL server version for the right syntax to use near '' at line 1
[ 2016-08-17T11:37:22+08:00 ]NOTICE: Undefined variable: pageD:\wamp\www\Project\3601\Storage\view\compile\dd39ce05a282cea06b169c209effb00f.php (56).
[ 2016-08-17T11:37:23+08:00 ]NOTICE: Undefined variable: pageD:\wamp\www\Project\3601\Storage\view\compile\7b90bf9d0d3583f17b102df6aa5979db.php (67).
[ 2016-08-17T11:38:02+08:00 ]NOTICE: Undefined variable: pageD:\wamp\www\Project\3601\Storage\view\compile\dd39ce05a282cea06b169c209effb00f.php (56).
[ 2016-08-17T12:15:50+08:00 ]EXCEPTION: SELECT  *  FROM shop_cate INNER JOIN shop_type_pp ON shop_cate.shop_type_tid = shop_type_pp.shop_type_tid WHERE cid= ;BindParams:array (
)42000;1064;You have an error in your SQL syntax; check the manual that corresponds to your MySQL server version for the right syntax to use near '' at line 1
[ 2016-08-17T14:04:21+08:00 ]NOTICE: Undefined variable: pageD:\wamp\www\Project\3601\Storage\view\compile\cdaf1e7d3fd0104d7450493dfb6fc61e.php (76).
[ 2016-08-17T14:04:23+08:00 ]NOTICE: Undefined variable: pageD:\wamp\www\Project\3601\Storage\view\compile\cdaf1e7d3fd0104d7450493dfb6fc61e.php (76).
[ 2016-08-17T14:04:32+08:00 ]NOTICE: Undefined variable: pageD:\wamp\www\Project\3601\Storage\view\compile\cdaf1e7d3fd0104d7450493dfb6fc61e.php (76).
[ 2016-08-17T14:04:35+08:00 ]NOTICE: Undefined variable: pageD:\wamp\www\Project\3601\Storage\view\compile\cdaf1e7d3fd0104d7450493dfb6fc61e.php (76).
[ 2016-08-17T14:04:39+08:00 ]NOTICE: Undefined variable: pageD:\wamp\www\Project\3601\Storage\view\compile\cdaf1e7d3fd0104d7450493dfb6fc61e.php (76).
[ 2016-08-17T14:04:45+08:00 ]NOTICE: Undefined variable: pageD:\wamp\www\Project\3601\Storage\view\compile\cdaf1e7d3fd0104d7450493dfb6fc61e.php (76).
[ 2016-08-17T14:04:49+08:00 ]NOTICE: Undefined variable: pageD:\wamp\www\Project\3601\Storage\view\compile\cdaf1e7d3fd0104d7450493dfb6fc61e.php (76).
[ 2016-08-17T14:04:53+08:00 ]NOTICE: Undefined variable: pageD:\wamp\www\Project\3601\Storage\view\compile\cdaf1e7d3fd0104d7450493dfb6fc61e.php (76).
[ 2016-08-17T14:04:57+08:00 ]NOTICE: Undefined variable: pageD:\wamp\www\Project\3601\Storage\view\compile\cdaf1e7d3fd0104d7450493dfb6fc61e.php (76).
[ 2016-08-17T14:04:59+08:00 ]NOTICE: Undefined variable: pageD:\wamp\www\Project\3601\Storage\view\compile\cdaf1e7d3fd0104d7450493dfb6fc61e.php (76).
[ 2016-08-17T14:48:55+08:00 ]NOTICE: Invalid argument supplied for foreach()D:\wamp\www\Project\3601\App\Common\Model\Goods.php (36).
[ 2016-08-17T14:48:57+08:00 ]NOTICE: Undefined variable: pageD:\wamp\www\Project\3601\Storage\view\compile\cdaf1e7d3fd0104d7450493dfb6fc61e.php (76).
[ 2016-08-17T14:49:37+08:00 ]NOTICE: Undefined variable: pageD:\wamp\www\Project\3601\Storage\view\compile\cdaf1e7d3fd0104d7450493dfb6fc61e.php (76).
[ 2016-08-17T14:49:40+08:00 ]NOTICE: Undefined variable: pageD:\wamp\www\Project\3601\Storage\view\compile\cdaf1e7d3fd0104d7450493dfb6fc61e.php (76).
[ 2016-08-17T14:55:18+08:00 ]NOTICE: Undefined variable: pageD:\wamp\www\Project\3601\Storage\view\compile\cdaf1e7d3fd0104d7450493dfb6fc61e.php (76).
[ 2016-08-17T14:55:52+08:00 ]NOTICE: Undefined variable: pageD:\wamp\www\Project\3601\Storage\view\compile\cdaf1e7d3fd0104d7450493dfb6fc61e.php (76).
[ 2016-08-17T15:01:49+08:00 ]NOTICE: Undefined variable: pageD:\wamp\www\Project\3601\Storage\view\compile\cdaf1e7d3fd0104d7450493dfb6fc61e.php (76).
[ 2016-08-17T15:02:13+08:00 ]NOTICE: Undefined variable: pageD:\wamp\www\Project\3601\Storage\view\compile\cdaf1e7d3fd0104d7450493dfb6fc61e.php (76).
[ 2016-08-17T15:11:27+08:00 ]NOTICE: Undefined variable: pageD:\wamp\www\Project\3601\Storage\view\compile\cdaf1e7d3fd0104d7450493dfb6fc61e.php (76).
[ 2016-08-17T15:14:37+08:00 ]NOTICE: Invalid argument supplied for foreach()D:\wamp\www\Project\3601\App\Common\Model\Goods.php (35).
[ 2016-08-17T15:14:39+08:00 ]NOTICE: Undefined variable: pageD:\wamp\www\Project\3601\Storage\view\compile\cdaf1e7d3fd0104d7450493dfb6fc61e.php (76).
[ 2016-08-17T15:18:35+08:00 ]NOTICE: Invalid argument supplied for foreach()D:\wamp\www\Project\3601\App\Common\Model\Goods.php (35).
[ 2016-08-17T15:18:37+08:00 ]NOTICE: Undefined variable: pageD:\wamp\www\Project\3601\Storage\view\compile\cdaf1e7d3fd0104d7450493dfb6fc61e.php (76).
[ 2016-08-17T15:19:02+08:00 ]NOTICE: Invalid argument supplied for foreach()D:\wamp\www\Project\3601\App\Common\Model\Goods.php (35).
[ 2016-08-17T15:19:05+08:00 ]NOTICE: Undefined variable: pageD:\wamp\www\Project\3601\Storage\view\compile\cdaf1e7d3fd0104d7450493dfb6fc61e.php (76).
[ 2016-08-17T15:19:53+08:00 ]NOTICE: Undefined variable: pageD:\wamp\www\Project\3601\Storage\view\compile\cdaf1e7d3fd0104d7450493dfb6fc61e.php (76).
[ 2016-08-17T15:20:07+08:00 ]EXCEPTION: INSERT INTO shop_goods_pp (`gpvalue`,`shop_type_pp_tpid`,`shop_good_gid`)VALUES(?,?,?) ;BindParams:array (
  0 => '$v',
  1 => 3,
  2 => '26',
)42S22;1054;Unknown column 'shop_good_gid' in 'field list'
[ 2016-08-17T15:20:58+08:00 ]NOTICE: Undefined variable: pageD:\wamp\www\Project\3601\Storage\view\compile\cdaf1e7d3fd0104d7450493dfb6fc61e.php (76).
[ 2016-08-17T15:21:11+08:00 ]NOTICE: Undefined variable: pageD:\wamp\www\Project\3601\Storage\view\compile\cdaf1e7d3fd0104d7450493dfb6fc61e.php (76).
[ 2016-08-17T15:32:56+08:00 ]NOTICE: Undefined variable: pageD:\wamp\www\Project\3601\Storage\view\compile\cdaf1e7d3fd0104d7450493dfb6fc61e.php (76).
[ 2016-08-17T15:34:42+08:00 ]NOTICE: Undefined variable: pageD:\wamp\www\Project\3601\Storage\view\compile\cdaf1e7d3fd0104d7450493dfb6fc61e.php (76).
[ 2016-08-17T15:37:11+08:00 ]NOTICE: Undefined variable: pageD:\wamp\www\Project\3601\Storage\view\compile\cdaf1e7d3fd0104d7450493dfb6fc61e.php (76).
[ 2016-08-17T15:40:03+08:00 ]NOTICE: Undefined variable: pageD:\wamp\www\Project\3601\Storage\view\compile\cdaf1e7d3fd0104d7450493dfb6fc61e.php (76).
[ 2016-08-17T15:41:07+08:00 ]NOTICE: Undefined variable: pageD:\wamp\www\Project\3601\Storage\view\compile\cdaf1e7d3fd0104d7450493dfb6fc61e.php (76).
[ 2016-08-17T15:41:10+08:00 ]EXCEPTION: INSERT INTO shop_goods (`shop_cate_cid`,`shop_adminuser_id`,`shop_brand_bid`,`gname`,`gmprice`,`gprice`,`gclick`,`gstock`,`gsendtime`,`gno`,`shop_type_tid`)VALUES(?,?,?,?,?,?,?,?,?,?,?) ;BindParams:array (
  0 => '',
  1 => '1',
  2 => '',
  3 => '',
  4 => '',
  5 => '',
  6 => '',
  7 => '',
  8 => 1471419670,
  9 => 1471419670,
  10 => NULL,
)23000;1048;Column 'shop_type_tid' cannot be null
[ 2016-08-17T15:42:40+08:00 ]NOTICE: Undefined variable: pageD:\wamp\www\Project\3601\Storage\view\compile\cdaf1e7d3fd0104d7450493dfb6fc61e.php (76).
[ 2016-08-17T15:47:24+08:00 ]NOTICE: Undefined variable: pageD:\wamp\www\Project\3601\Storage\view\compile\cdaf1e7d3fd0104d7450493dfb6fc61e.php (76).
[ 2016-08-17T15:55:45+08:00 ]NOTICE: Undefined variable: pageD:\wamp\www\Project\3601\Storage\view\compile\cdaf1e7d3fd0104d7450493dfb6fc61e.php (76).
[ 2016-08-17T15:55:49+08:00 ]EXCEPTION: DELETE FROM shop_goods_pp WHERE shop_good_gid=30 ;BindParams:array (
)42S22;1054;Unknown column 'shop_good_gid' in 'where clause'
[ 2016-08-17T15:56:09+08:00 ]NOTICE: Undefined variable: pageD:\wamp\www\Project\3601\Storage\view\compile\cdaf1e7d3fd0104d7450493dfb6fc61e.php (76).
[ 2016-08-17T15:56:12+08:00 ]NOTICE: Undefined variable: pageD:\wamp\www\Project\3601\Storage\view\compile\cdaf1e7d3fd0104d7450493dfb6fc61e.php (76).
[ 2016-08-17T15:56:17+08:00 ]NOTICE: Undefined variable: pageD:\wamp\www\Project\3601\Storage\view\compile\cdaf1e7d3fd0104d7450493dfb6fc61e.php (76).
[ 2016-08-17T15:57:03+08:00 ]NOTICE: Undefined variable: pageD:\wamp\www\Project\3601\Storage\view\compile\cdaf1e7d3fd0104d7450493dfb6fc61e.php (76).
[ 2016-08-17T15:57:06+08:00 ]NOTICE: Undefined variable: pageD:\wamp\www\Project\3601\Storage\view\compile\cdaf1e7d3fd0104d7450493dfb6fc61e.php (76).
[ 2016-08-17T15:58:33+08:00 ]NOTICE: Undefined variable: cateDataD:\wamp\www\Project\3601\Storage\view\compile\d1789a3e220e607bb98342c6e716939b.php (127).
[ 2016-08-17T15:58:33+08:00 ]NOTICE: Invalid argument supplied for foreach()D:\wamp\www\Project\3601\Storage\view\compile\d1789a3e220e607bb98342c6e716939b.php (127).
[ 2016-08-17T15:58:33+08:00 ]NOTICE: Undefined variable: brandDataD:\wamp\www\Project\3601\Storage\view\compile\d1789a3e220e607bb98342c6e716939b.php (138).
[ 2016-08-17T15:58:33+08:00 ]NOTICE: Invalid argument supplied for foreach()D:\wamp\www\Project\3601\Storage\view\compile\d1789a3e220e607bb98342c6e716939b.php (138).
[ 2016-08-17T16:10:22+08:00 ]NOTICE: Undefined variable: pageD:\wamp\www\Project\3601\Storage\view\compile\cdaf1e7d3fd0104d7450493dfb6fc61e.php (76).
[ 2016-08-17T16:19:26+08:00 ]NOTICE: Undefined variable: brandDataD:\wamp\www\Project\3601\Storage\view\compile\d1789a3e220e607bb98342c6e716939b.php (140).
[ 2016-08-17T16:19:26+08:00 ]NOTICE: Invalid argument supplied for foreach()D:\wamp\www\Project\3601\Storage\view\compile\d1789a3e220e607bb98342c6e716939b.php (140).
[ 2016-08-17T16:19:54+08:00 ]NOTICE: Undefined variable: brandDataD:\wamp\www\Project\3601\Storage\view\compile\d1789a3e220e607bb98342c6e716939b.php (140).
[ 2016-08-17T16:19:54+08:00 ]NOTICE: Invalid argument supplied for foreach()D:\wamp\www\Project\3601\Storage\view\compile\d1789a3e220e607bb98342c6e716939b.php (140).
[ 2016-08-17T16:25:15+08:00 ]NOTICE: Undefined variable: pageD:\wamp\www\Project\3601\Storage\view\compile\cdaf1e7d3fd0104d7450493dfb6fc61e.php (76).
[ 2016-08-17T16:25:22+08:00 ]NOTICE: Undefined variable: pageD:\wamp\www\Project\3601\Storage\view\compile\cdaf1e7d3fd0104d7450493dfb6fc61e.php (76).
[ 2016-08-17T16:25:24+08:00 ]NOTICE: Undefined variable: pageD:\wamp\www\Project\3601\Storage\view\compile\cdaf1e7d3fd0104d7450493dfb6fc61e.php (76).
[ 2016-08-17T16:26:30+08:00 ]NOTICE: Undefined variable: pageD:\wamp\www\Project\3601\Storage\view\compile\cdaf1e7d3fd0104d7450493dfb6fc61e.php (76).
[ 2016-08-17T16:26:46+08:00 ]NOTICE: Undefined variable: brandDataD:\wamp\www\Project\3601\Storage\view\compile\d1789a3e220e607bb98342c6e716939b.php (140).
[ 2016-08-17T16:26:46+08:00 ]NOTICE: Invalid argument supplied for foreach()D:\wamp\www\Project\3601\Storage\view\compile\d1789a3e220e607bb98342c6e716939b.php (140).
[ 2016-08-17T16:29:42+08:00 ]NOTICE: Non-static method Hdphp\View\View::with() should not be called statically, assuming $this from incompatible contextD:\wamp\www\Project\3601\App\Admin\Controller\GoodsController.php (57).
[ 2016-08-17T16:29:42+08:00 ]NOTICE: Non-static method Hdphp\View\View::with() should not be called statically, assuming $this from incompatible contextD:\wamp\www\Project\3601\App\Admin\Controller\GoodsController.php (58).
[ 2016-08-17T16:29:42+08:00 ]NOTICE: Non-static method Hdphp\View\View::with() should not be called statically, assuming $this from incompatible contextD:\wamp\www\Project\3601\App\Admin\Controller\GoodsController.php (59).
[ 2016-08-17T16:29:42+08:00 ]NOTICE: Non-static method Hdphp\View\View::make() should not be called statically, assuming $this from incompatible contextD:\wamp\www\Project\3601\App\Admin\Controller\GoodsController.php (60).
[ 2016-08-17T16:29:42+08:00 ]NOTICE: Undefined property: Admin\Controller\GoodsController::$tplD:\wamp\www\Project\3601\Hdphp\View\View.php (38).
[ 2016-08-17T16:29:42+08:00 ]NOTICE: Undefined property: Admin\Controller\GoodsController::$tplD:\wamp\www\Project\3601\Hdphp\View\View.php (56).
[ 2016-08-17T16:29:42+08:00 ]EXCEPTION: 模板不存在
[ 2016-08-17T16:41:30+08:00 ]NOTICE: Non-static method Hdphp\View\View::with() should not be called statically, assuming $this from incompatible contextD:\wamp\www\Project\3601\App\Admin\Controller\GoodsController.php (61).
[ 2016-08-17T16:41:30+08:00 ]NOTICE: Non-static method Hdphp\View\View::with() should not be called statically, assuming $this from incompatible contextD:\wamp\www\Project\3601\App\Admin\Controller\GoodsController.php (62).
[ 2016-08-17T16:41:30+08:00 ]NOTICE: Non-static method Hdphp\View\View::with() should not be called statically, assuming $this from incompatible contextD:\wamp\www\Project\3601\App\Admin\Controller\GoodsController.php (63).
[ 2016-08-17T16:41:30+08:00 ]NOTICE: Non-static method Hdphp\View\View::with() should not be called statically, assuming $this from incompatible contextD:\wamp\www\Project\3601\App\Admin\Controller\GoodsController.php (64).
[ 2016-08-17T16:41:30+08:00 ]NOTICE: Non-static method Hdphp\View\View::make() should not be called statically, assuming $this from incompatible contextD:\wamp\www\Project\3601\App\Admin\Controller\GoodsController.php (65).
[ 2016-08-17T16:41:30+08:00 ]NOTICE: Undefined property: Admin\Controller\GoodsController::$tplD:\wamp\www\Project\3601\Hdphp\View\View.php (38).
[ 2016-08-17T16:41:30+08:00 ]NOTICE: Undefined property: Admin\Controller\GoodsController::$tplD:\wamp\www\Project\3601\Hdphp\View\View.php (56).
[ 2016-08-17T16:41:30+08:00 ]EXCEPTION: 模板不存在
[ 2016-08-17T16:46:08+08:00 ]NOTICE: Undefined variable: pageD:\wamp\www\Project\3601\Storage\view\compile\cdaf1e7d3fd0104d7450493dfb6fc61e.php (76).
[ 2016-08-17T16:55:03+08:00 ]NOTICE: Object of class Common\Model\Gpp could not be converted to stringD:\wamp\www\Project\3601\App\Admin\Controller\GoodsController.php (59).
[ 2016-08-17T16:55:03+08:00 ]EXCEPTION: SELECT  *  FROM shop_goods_pp WHERE shop_goods_pp= LIMIT 1 ;BindParams:array (
)42000;1064;You have an error in your SQL syntax; check the manual that corresponds to your MySQL server version for the right syntax to use near 'LIMIT 1' at line 1
[ 2016-08-17T16:55:34+08:00 ]EXCEPTION: SELECT  *  FROM shop_goods_pp WHERE shop_goods_pp=33 LIMIT 1 ;BindParams:array (
)42S22;1054;Unknown column 'shop_goods_pp' in 'where clause'
[ 2016-08-17T17:01:29+08:00 ]NOTICE: Undefined variable: pageD:\wamp\www\Project\3601\Storage\view\compile\cdaf1e7d3fd0104d7450493dfb6fc61e.php (76).
[ 2016-08-17T17:01:47+08:00 ]NOTICE: Undefined variable: pageD:\wamp\www\Project\3601\Storage\view\compile\dd39ce05a282cea06b169c209effb00f.php (56).
[ 2016-08-17T17:01:52+08:00 ]NOTICE: Undefined variable: pageD:\wamp\www\Project\3601\Storage\view\compile\7b90bf9d0d3583f17b102df6aa5979db.php (67).
[ 2016-08-17T17:04:22+08:00 ]NOTICE: Undefined variable: pageD:\wamp\www\Project\3601\Storage\view\compile\7b90bf9d0d3583f17b102df6aa5979db.php (67).
[ 2016-08-17T17:04:47+08:00 ]NOTICE: Undefined variable: pageD:\wamp\www\Project\3601\Storage\view\compile\dd39ce05a282cea06b169c209effb00f.php (56).
[ 2016-08-17T17:04:49+08:00 ]NOTICE: Undefined variable: pageD:\wamp\www\Project\3601\Storage\view\compile\7b90bf9d0d3583f17b102df6aa5979db.php (67).
[ 2016-08-17T17:06:16+08:00 ]NOTICE: Undefined variable: pageD:\wamp\www\Project\3601\Storage\view\compile\7b90bf9d0d3583f17b102df6aa5979db.php (67).
[ 2016-08-17T17:06:23+08:00 ]NOTICE: Undefined variable: pageD:\wamp\www\Project\3601\Storage\view\compile\cdaf1e7d3fd0104d7450493dfb6fc61e.php (76).
[ 2016-08-17T17:06:48+08:00 ]NOTICE: Undefined variable: pageD:\wamp\www\Project\3601\Storage\view\compile\d2321ff4dbba56fbf66d46561f7ef14d.php (60).
[ 2016-08-17T17:07:00+08:00 ]NOTICE: Undefined variable: pageD:\wamp\www\Project\3601\Storage\view\compile\d2321ff4dbba56fbf66d46561f7ef14d.php (60).
[ 2016-08-17T17:07:03+08:00 ]NOTICE: Undefined variable: pageD:\wamp\www\Project\3601\Storage\view\compile\cdaf1e7d3fd0104d7450493dfb6fc61e.php (76).
[ 2016-08-17T17:07:23+08:00 ]NOTICE: Undefined variable: pageD:\wamp\www\Project\3601\Storage\view\compile\dd39ce05a282cea06b169c209effb00f.php (56).
[ 2016-08-17T17:07:28+08:00 ]NOTICE: Undefined variable: pageD:\wamp\www\Project\3601\Storage\view\compile\7b90bf9d0d3583f17b102df6aa5979db.php (67).
[ 2016-08-17T17:09:04+08:00 ]NOTICE: Undefined variable: pageD:\wamp\www\Project\3601\Storage\view\compile\d2321ff4dbba56fbf66d46561f7ef14d.php (60).
[ 2016-08-17T17:09:06+08:00 ]NOTICE: Undefined variable: pageD:\wamp\www\Project\3601\Storage\view\compile\dd39ce05a282cea06b169c209effb00f.php (56).
[ 2016-08-17T17:09:07+08:00 ]NOTICE: Undefined variable: pageD:\wamp\www\Project\3601\Storage\view\compile\7b90bf9d0d3583f17b102df6aa5979db.php (67).
[ 2016-08-17T17:09:13+08:00 ]NOTICE: Undefined variable: pageD:\wamp\www\Project\3601\Storage\view\compile\7b90bf9d0d3583f17b102df6aa5979db.php (67).
[ 2016-08-17T17:09:17+08:00 ]NOTICE: Undefined variable: pageD:\wamp\www\Project\3601\Storage\view\compile\dd39ce05a282cea06b169c209effb00f.php (56).
[ 2016-08-17T17:09:20+08:00 ]NOTICE: Undefined variable: pageD:\wamp\www\Project\3601\Storage\view\compile\7b90bf9d0d3583f17b102df6aa5979db.php (67).
[ 2016-08-17T17:09:23+08:00 ]NOTICE: Undefined variable: pageD:\wamp\www\Project\3601\Storage\view\compile\dd39ce05a282cea06b169c209effb00f.php (56).
[ 2016-08-17T17:09:25+08:00 ]NOTICE: Undefined variable: pageD:\wamp\www\Project\3601\Storage\view\compile\7b90bf9d0d3583f17b102df6aa5979db.php (67).
[ 2016-08-17T17:18:17+08:00 ]NOTICE: Undefined variable: pageD:\wamp\www\Project\3601\Storage\view\compile\dd39ce05a282cea06b169c209effb00f.php (56).
[ 2016-08-17T17:18:19+08:00 ]NOTICE: Undefined variable: pageD:\wamp\www\Project\3601\Storage\view\compile\7b90bf9d0d3583f17b102df6aa5979db.php (67).
[ 2016-08-17T17:18:37+08:00 ]NOTICE: Undefined variable: pageD:\wamp\www\Project\3601\Storage\view\compile\7b90bf9d0d3583f17b102df6aa5979db.php (67).
[ 2016-08-17T17:19:01+08:00 ]NOTICE: Undefined variable: pageD:\wamp\www\Project\3601\Storage\view\compile\dd39ce05a282cea06b169c209effb00f.php (56).
[ 2016-08-17T17:19:03+08:00 ]NOTICE: Undefined variable: pageD:\wamp\www\Project\3601\Storage\view\compile\7b90bf9d0d3583f17b102df6aa5979db.php (67).
[ 2016-08-17T17:21:41+08:00 ]NOTICE: Undefined variable: pageD:\wamp\www\Project\3601\Storage\view\compile\7b90bf9d0d3583f17b102df6aa5979db.php (67).
[ 2016-08-17T17:27:52+08:00 ]NOTICE: Undefined variable: pageD:\wamp\www\Project\3601\Storage\view\compile\cdaf1e7d3fd0104d7450493dfb6fc61e.php (76).
[ 2016-08-17T17:27:55+08:00 ]NOTICE: Undefined variable: pageD:\wamp\www\Project\3601\Storage\view\compile\dd39ce05a282cea06b169c209effb00f.php (56).
[ 2016-08-17T17:27:57+08:00 ]NOTICE: Undefined variable: pageD:\wamp\www\Project\3601\Storage\view\compile\7b90bf9d0d3583f17b102df6aa5979db.php (67).
[ 2016-08-17T17:27:59+08:00 ]NOTICE: Undefined variable: pageD:\wamp\www\Project\3601\Storage\view\compile\dd39ce05a282cea06b169c209effb00f.php (56).
[ 2016-08-17T17:28:01+08:00 ]NOTICE: Undefined variable: pageD:\wamp\www\Project\3601\Storage\view\compile\7b90bf9d0d3583f17b102df6aa5979db.php (67).
[ 2016-08-17T17:28:02+08:00 ]NOTICE: Undefined variable: pageD:\wamp\www\Project\3601\Storage\view\compile\dd39ce05a282cea06b169c209effb00f.php (56).
[ 2016-08-17T17:34:01+08:00 ]EXCEPTION: SELECT  *  FROM shop_cate INNER JOIN shop_type_pp ON shop_cate.shop_type_tid = shop_type_pp.shop_type_tid WHERE cid= ;BindParams:array (
)42000;1064;You have an error in your SQL syntax; check the manual that corresponds to your MySQL server version for the right syntax to use near '' at line 1
[ 2016-08-17T17:39:08+08:00 ]EXCEPTION: SELECT  *  FROM shop_cate INNER JOIN shop_type_pp ON shop_cate.shop_type_tid = shop_type_pp.shop_type_tid WHERE cid= ;BindParams:array (
)42000;1064;You have an error in your SQL syntax; check the manual that corresponds to your MySQL server version for the right syntax to use near '' at line 1
[ 2016-08-17T17:54:38+08:00 ]NOTICE: Undefined variable: pageD:\wamp\www\Project\3601\Storage\view\compile\dd39ce05a282cea06b169c209effb00f.php (56).
[ 2016-08-17T17:54:41+08:00 ]NOTICE: Undefined variable: pageD:\wamp\www\Project\3601\Storage\view\compile\7b90bf9d0d3583f17b102df6aa5979db.php (67).
[ 2016-08-17T17:54:56+08:00 ]NOTICE: Undefined variable: pageD:\wamp\www\Project\3601\Storage\view\compile\7b90bf9d0d3583f17b102df6aa5979db.php (67).
[ 2016-08-17T17:55:03+08:00 ]NOTICE: Undefined variable: pageD:\wamp\www\Project\3601\Storage\view\compile\dd39ce05a282cea06b169c209effb00f.php (56).
[ 2016-08-17T17:55:07+08:00 ]NOTICE: Undefined variable: pageD:\wamp\www\Project\3601\Storage\view\compile\7b90bf9d0d3583f17b102df6aa5979db.php (67).
[ 2016-08-17T17:55:52+08:00 ]NOTICE: Undefined variable: pageD:\wamp\www\Project\3601\Storage\view\compile\7b90bf9d0d3583f17b102df6aa5979db.php (67).
[ 2016-08-17T17:55:54+08:00 ]NOTICE: Undefined variable: pageD:\wamp\www\Project\3601\Storage\view\compile\cdaf1e7d3fd0104d7450493dfb6fc61e.php (76).
[ 2016-08-17T18:02:41+08:00 ]NOTICE: Undefined variable: pageD:\wamp\www\Project\3601\Storage\view\compile\cdaf1e7d3fd0104d7450493dfb6fc61e.php (76).
[ 2016-08-17T18:03:05+08:00 ]NOTICE: Undefined variable: pageD:\wamp\www\Project\3601\Storage\view\compile\dd39ce05a282cea06b169c209effb00f.php (56).
[ 2016-08-17T18:03:06+08:00 ]NOTICE: Undefined variable: pageD:\wamp\www\Project\3601\Storage\view\compile\7b90bf9d0d3583f17b102df6aa5979db.php (67).
[ 2016-08-17T18:03:12+08:00 ]NOTICE: Undefined variable: pageD:\wamp\www\Project\3601\Storage\view\compile\dd39ce05a282cea06b169c209effb00f.php (56).
[ 2016-08-17T18:03:14+08:00 ]NOTICE: Undefined variable: pageD:\wamp\www\Project\3601\Storage\view\compile\7b90bf9d0d3583f17b102df6aa5979db.php (67).
[ 2016-08-17T18:03:20+08:00 ]NOTICE: Undefined variable: pageD:\wamp\www\Project\3601\Storage\view\compile\7b90bf9d0d3583f17b102df6aa5979db.php (67).
[ 2016-08-17T18:03:23+08:00 ]NOTICE: Undefined variable: pageD:\wamp\www\Project\3601\Storage\view\compile\dd39ce05a282cea06b169c209effb00f.php (56).
[ 2016-08-17T18:03:25+08:00 ]NOTICE: Undefined variable: pageD:\wamp\www\Project\3601\Storage\view\compile\dd39ce05a282cea06b169c209effb00f.php (56).
[ 2016-08-17T18:03:28+08:00 ]NOTICE: Undefined variable: pageD:\wamp\www\Project\3601\Storage\view\compile\7b90bf9d0d3583f17b102df6aa5979db.php (67).
[ 2016-08-17T18:03:39+08:00 ]NOTICE: Undefined variable: pageD:\wamp\www\Project\3601\Storage\view\compile\dd39ce05a282cea06b169c209effb00f.php (56).
[ 2016-08-17T18:03:41+08:00 ]NOTICE: Undefined variable: pageD:\wamp\www\Project\3601\Storage\view\compile\7b90bf9d0d3583f17b102df6aa5979db.php (67).
[ 2016-08-17T18:03:44+08:00 ]NOTICE: Undefined variable: pageD:\wamp\www\Project\3601\Storage\view\compile\cdaf1e7d3fd0104d7450493dfb6fc61e.php (76).
[ 2016-08-17T19:29:34+08:00 ]NOTICE: Undefined variable: pageD:\wamp\www\Project\3601\Storage\view\compile\cdaf1e7d3fd0104d7450493dfb6fc61e.php (76).
[ 2016-08-17T19:30:32+08:00 ]NOTICE: Undefined variable: pageD:\wamp\www\Project\3601\Storage\view\compile\cdaf1e7d3fd0104d7450493dfb6fc61e.php (76).
[ 2016-08-17T19:30:36+08:00 ]NOTICE: Undefined variable: pageD:\wamp\www\Project\3601\Storage\view\compile\cdaf1e7d3fd0104d7450493dfb6fc61e.php (76).
[ 2016-08-17T19:30:40+08:00 ]NOTICE: Undefined variable: pageD:\wamp\www\Project\3601\Storage\view\compile\cdaf1e7d3fd0104d7450493dfb6fc61e.php (76).
[ 2016-08-17T19:30:46+08:00 ]NOTICE: Undefined variable: pageD:\wamp\www\Project\3601\Storage\view\compile\cdaf1e7d3fd0104d7450493dfb6fc61e.php (76).
[ 2016-08-17T19:30:52+08:00 ]NOTICE: Undefined variable: pageD:\wamp\www\Project\3601\Storage\view\compile\cdaf1e7d3fd0104d7450493dfb6fc61e.php (76).
[ 2016-08-17T19:36:26+08:00 ]NOTICE: Non-static method Hdphp\View\View::with() should not be called statically, assuming $this from incompatible contextD:\wamp\www\Project\3601\App\Admin\Controller\GoodsController.php (32).
[ 2016-08-17T19:36:26+08:00 ]NOTICE: Non-static method Hdphp\View\View::with() should not be called statically, assuming $this from incompatible contextD:\wamp\www\Project\3601\App\Admin\Controller\GoodsController.php (33).
[ 2016-08-17T19:36:26+08:00 ]NOTICE: Non-static method Hdphp\View\View::make() should not be called statically, assuming $this from incompatible contextD:\wamp\www\Project\3601\App\Admin\Controller\GoodsController.php (34).
[ 2016-08-17T19:36:26+08:00 ]NOTICE: Undefined property: Admin\Controller\GoodsController::$tplD:\wamp\www\Project\3601\Hdphp\View\View.php (38).
[ 2016-08-17T19:36:26+08:00 ]NOTICE: Undefined property: Admin\Controller\GoodsController::$tplD:\wamp\www\Project\3601\Hdphp\View\View.php (56).
[ 2016-08-17T19:36:26+08:00 ]EXCEPTION: 模板不存在
[ 2016-08-17T19:36:49+08:00 ]NOTICE: Non-static method Hdphp\View\View::with() should not be called statically, assuming $this from incompatible contextD:\wamp\www\Project\3601\App\Admin\Controller\GoodsController.php (32).
[ 2016-08-17T19:36:49+08:00 ]NOTICE: Non-static method Hdphp\View\View::with() should not be called statically, assuming $this from incompatible contextD:\wamp\www\Project\3601\App\Admin\Controller\GoodsController.php (33).
[ 2016-08-17T19:36:49+08:00 ]NOTICE: Non-static method Hdphp\View\View::make() should not be called statically, assuming $this from incompatible contextD:\wamp\www\Project\3601\App\Admin\Controller\GoodsController.php (34).
[ 2016-08-17T19:36:49+08:00 ]NOTICE: Undefined property: Admin\Controller\GoodsController::$tplD:\wamp\www\Project\3601\Hdphp\View\View.php (38).
[ 2016-08-17T19:36:49+08:00 ]NOTICE: Undefined property: Admin\Controller\GoodsController::$tplD:\wamp\www\Project\3601\Hdphp\View\View.php (56).
[ 2016-08-17T19:36:49+08:00 ]EXCEPTION: 模板不存在
[ 2016-08-17T19:37:16+08:00 ]NOTICE: Undefined variable: pageD:\wamp\www\Project\3601\Storage\view\compile\cdaf1e7d3fd0104d7450493dfb6fc61e.php (76).
[ 2016-08-17T19:47:27+08:00 ]NOTICE: Undefined variable: pageD:\wamp\www\Project\3601\Storage\view\compile\cdaf1e7d3fd0104d7450493dfb6fc61e.php (76).
[ 2016-08-17T19:49:31+08:00 ]NOTICE: Undefined variable: pageD:\wamp\www\Project\3601\Storage\view\compile\cdaf1e7d3fd0104d7450493dfb6fc61e.php (76).
[ 2016-08-17T19:50:07+08:00 ]NOTICE: Undefined variable: pageD:\wamp\www\Project\3601\Storage\view\compile\cdaf1e7d3fd0104d7450493dfb6fc61e.php (76).
[ 2016-08-17T19:51:11+08:00 ]NOTICE: Undefined variable: pageD:\wamp\www\Project\3601\Storage\view\compile\cdaf1e7d3fd0104d7450493dfb6fc61e.php (76).
[ 2016-08-17T19:52:59+08:00 ]NOTICE: Invalid argument supplied for foreach()D:\wamp\www\Project\3601\App\Common\Model\Goods.php (79).
[ 2016-08-17T19:53:01+08:00 ]NOTICE: Undefined variable: pageD:\wamp\www\Project\3601\Storage\view\compile\cdaf1e7d3fd0104d7450493dfb6fc61e.php (76).
[ 2016-08-17T20:03:52+08:00 ]NOTICE: Undefined variable: pageD:\wamp\www\Project\3601\Storage\view\compile\cdaf1e7d3fd0104d7450493dfb6fc61e.php (76).
[ 2016-08-17T20:05:31+08:00 ]NOTICE: Undefined variable: gidD:\wamp\www\Project\3601\App\Common\Model\Goods.php (85).
[ 2016-08-17T20:05:31+08:00 ]NOTICE: Undefined variable: gidD:\wamp\www\Project\3601\App\Common\Model\Goods.php (101).
[ 2016-08-17T20:05:33+08:00 ]NOTICE: Undefined variable: pageD:\wamp\www\Project\3601\Storage\view\compile\cdaf1e7d3fd0104d7450493dfb6fc61e.php (76).
[ 2016-08-17T20:09:06+08:00 ]NOTICE: Undefined variable: pageD:\wamp\www\Project\3601\Storage\view\compile\cdaf1e7d3fd0104d7450493dfb6fc61e.php (76).
[ 2016-08-17T20:09:42+08:00 ]NOTICE: Undefined variable: pageD:\wamp\www\Project\3601\Storage\view\compile\cdaf1e7d3fd0104d7450493dfb6fc61e.php (76).
[ 2016-08-17T20:10:52+08:00 ]NOTICE: Undefined variable: pageD:\wamp\www\Project\3601\Storage\view\compile\cdaf1e7d3fd0104d7450493dfb6fc61e.php (76).
[ 2016-08-17T20:12:08+08:00 ]NOTICE: Undefined variable: pageD:\wamp\www\Project\3601\Storage\view\compile\cdaf1e7d3fd0104d7450493dfb6fc61e.php (76).
[ 2016-08-17T20:14:00+08:00 ]NOTICE: Undefined variable: pageD:\wamp\www\Project\3601\Storage\view\compile\cdaf1e7d3fd0104d7450493dfb6fc61e.php (76).
[ 2016-08-17T20:16:15+08:00 ]NOTICE: Undefined variable: pageD:\wamp\www\Project\3601\Storage\view\compile\cdaf1e7d3fd0104d7450493dfb6fc61e.php (76).
[ 2016-08-17T20:16:56+08:00 ]NOTICE: Undefined variable: pageD:\wamp\www\Project\3601\Storage\view\compile\cdaf1e7d3fd0104d7450493dfb6fc61e.php (76).
[ 2016-08-17T20:18:08+08:00 ]NOTICE: Undefined variable: pageD:\wamp\www\Project\3601\Storage\view\compile\cdaf1e7d3fd0104d7450493dfb6fc61e.php (76).
[ 2016-08-17T20:19:59+08:00 ]NOTICE: Undefined variable: pageD:\wamp\www\Project\3601\Storage\view\compile\cdaf1e7d3fd0104d7450493dfb6fc61e.php (76).
[ 2016-08-17T20:25:52+08:00 ]NOTICE: Undefined variable: pageD:\wamp\www\Project\3601\Storage\view\compile\cdaf1e7d3fd0104d7450493dfb6fc61e.php (76).
[ 2016-08-17T20:45:07+08:00 ]NOTICE: Undefined variable: pageD:\wamp\www\Project\3601\Storage\view\compile\cdaf1e7d3fd0104d7450493dfb6fc61e.php (76).
[ 2016-08-17T20:49:03+08:00 ]NOTICE: Undefined variable: pageD:\wamp\www\Project\3601\Storage\view\compile\cdaf1e7d3fd0104d7450493dfb6fc61e.php (76).
[ 2016-08-17T20:53:43+08:00 ]NOTICE: Invalid argument supplied for foreach()D:\wamp\www\Project\3601\App\Common\Model\Goods.php (83).
[ 2016-08-17T20:53:43+08:00 ]NOTICE: Invalid argument supplied for foreach()D:\wamp\www\Project\3601\App\Common\Model\Goods.php (83).
[ 2016-08-17T20:53:45+08:00 ]NOTICE: Undefined variable: pageD:\wamp\www\Project\3601\Storage\view\compile\cdaf1e7d3fd0104d7450493dfb6fc61e.php (76).
[ 2016-08-17T20:54:10+08:00 ]NOTICE: Invalid argument supplied for foreach()D:\wamp\www\Project\3601\App\Common\Model\Goods.php (83).
[ 2016-08-17T20:54:10+08:00 ]NOTICE: Invalid argument supplied for foreach()D:\wamp\www\Project\3601\App\Common\Model\Goods.php (83).
[ 2016-08-17T20:54:12+08:00 ]NOTICE: Undefined variable: pageD:\wamp\www\Project\3601\Storage\view\compile\cdaf1e7d3fd0104d7450493dfb6fc61e.php (76).
[ 2016-08-17T20:54:16+08:00 ]NOTICE: Invalid argument supplied for foreach()D:\wamp\www\Project\3601\App\Common\Model\Goods.php (83).
[ 2016-08-17T20:54:16+08:00 ]NOTICE: Invalid argument supplied for foreach()D:\wamp\www\Project\3601\App\Common\Model\Goods.php (83).
[ 2016-08-17T20:54:18+08:00 ]NOTICE: Undefined variable: pageD:\wamp\www\Project\3601\Storage\view\compile\cdaf1e7d3fd0104d7450493dfb6fc61e.php (76).
[ 2016-08-17T20:54:53+08:00 ]NOTICE: Invalid argument supplied for foreach()D:\wamp\www\Project\3601\App\Common\Model\Goods.php (83).
[ 2016-08-17T20:54:53+08:00 ]NOTICE: Invalid argument supplied for foreach()D:\wamp\www\Project\3601\App\Common\Model\Goods.php (83).
[ 2016-08-17T20:54:55+08:00 ]NOTICE: Undefined variable: pageD:\wamp\www\Project\3601\Storage\view\compile\cdaf1e7d3fd0104d7450493dfb6fc61e.php (76).
[ 2016-08-17T20:55:09+08:00 ]NOTICE: Invalid argument supplied for foreach()D:\wamp\www\Project\3601\App\Common\Model\Goods.php (83).
[ 2016-08-17T20:55:09+08:00 ]NOTICE: Invalid argument supplied for foreach()D:\wamp\www\Project\3601\App\Common\Model\Goods.php (83).
[ 2016-08-17T20:55:11+08:00 ]NOTICE: Undefined variable: pageD:\wamp\www\Project\3601\Storage\view\compile\cdaf1e7d3fd0104d7450493dfb6fc61e.php (76).
[ 2016-08-17T20:56:17+08:00 ]NOTICE: Invalid argument supplied for foreach()D:\wamp\www\Project\3601\App\Common\Model\Goods.php (82).
[ 2016-08-17T20:56:17+08:00 ]NOTICE: Invalid argument supplied for foreach()D:\wamp\www\Project\3601\App\Common\Model\Goods.php (82).
[ 2016-08-17T20:56:19+08:00 ]NOTICE: Undefined variable: pageD:\wamp\www\Project\3601\Storage\view\compile\cdaf1e7d3fd0104d7450493dfb6fc61e.php (76).
[ 2016-08-17T20:56:36+08:00 ]NOTICE: Invalid argument supplied for foreach()D:\wamp\www\Project\3601\App\Common\Model\Goods.php (82).
[ 2016-08-17T20:58:26+08:00 ]NOTICE: Undefined variable: pageD:\wamp\www\Project\3601\Storage\view\compile\cdaf1e7d3fd0104d7450493dfb6fc61e.php (76).
[ 2016-08-17T20:59:03+08:00 ]NOTICE: Undefined variable: pageD:\wamp\www\Project\3601\Storage\view\compile\cdaf1e7d3fd0104d7450493dfb6fc61e.php (76).
[ 2016-08-17T20:59:39+08:00 ]NOTICE: Undefined variable: pageD:\wamp\www\Project\3601\Storage\view\compile\cdaf1e7d3fd0104d7450493dfb6fc61e.php (76).
[ 2016-08-17T21:00:41+08:00 ]NOTICE: Undefined variable: pageD:\wamp\www\Project\3601\Storage\view\compile\cdaf1e7d3fd0104d7450493dfb6fc61e.php (76).
