[ 2016-08-19T09:16:21+08:00 ]NOTICE: Undefined variable: pageD:\wamp\www\Project\3601\Storage\view\compile\cdaf1e7d3fd0104d7450493dfb6fc61e.php (76).
[ 2016-08-19T09:16:28+08:00 ]NOTICE: Undefined variable: pageD:\wamp\www\Project\3601\Storage\view\compile\cdaf1e7d3fd0104d7450493dfb6fc61e.php (76).
[ 2016-08-19T09:21:46+08:00 ]NOTICE: Undefined variable: pageD:\wamp\www\Project\3601\Storage\view\compile\cdaf1e7d3fd0104d7450493dfb6fc61e.php (76).
[ 2016-08-19T09:21:50+08:00 ]NOTICE: Undefined variable: pageD:\wamp\www\Project\3601\Storage\view\compile\2d563ec543d7dd3eac1177ef46fb2c75.php (66).
[ 2016-08-19T09:24:32+08:00 ]NOTICE: Undefined variable: pageD:\wamp\www\Project\3601\Storage\view\compile\cdaf1e7d3fd0104d7450493dfb6fc61e.php (76).
[ 2016-08-19T09:24:35+08:00 ]NOTICE: Undefined variable: pageD:\wamp\www\Project\3601\Storage\view\compile\2d563ec543d7dd3eac1177ef46fb2c75.php (66).
[ 2016-08-19T09:24:37+08:00 ]NOTICE: Undefined variable: pageD:\wamp\www\Project\3601\Storage\view\compile\cdaf1e7d3fd0104d7450493dfb6fc61e.php (76).
[ 2016-08-19T09:24:41+08:00 ]NOTICE: Undefined variable: pageD:\wamp\www\Project\3601\Storage\view\compile\2d563ec543d7dd3eac1177ef46fb2c75.php (66).
[ 2016-08-19T09:24:52+08:00 ]NOTICE: Undefined variable: pageD:\wamp\www\Project\3601\Storage\view\compile\2d563ec543d7dd3eac1177ef46fb2c75.php (66).
[ 2016-08-19T09:24:54+08:00 ]NOTICE: Undefined variable: pageD:\wamp\www\Project\3601\Storage\view\compile\cdaf1e7d3fd0104d7450493dfb6fc61e.php (76).
[ 2016-08-19T09:25:32+08:00 ]NOTICE: Undefined variable: pageD:\wamp\www\Project\3601\Storage\view\compile\cdaf1e7d3fd0104d7450493dfb6fc61e.php (76).
[ 2016-08-19T09:25:33+08:00 ]NOTICE: Undefined variable: pageD:\wamp\www\Project\3601\Storage\view\compile\2d563ec543d7dd3eac1177ef46fb2c75.php (66).
[ 2016-08-19T09:26:35+08:00 ]NOTICE: Undefined variable: pageD:\wamp\www\Project\3601\Storage\view\compile\cdaf1e7d3fd0104d7450493dfb6fc61e.php (76).
[ 2016-08-19T09:28:54+08:00 ]NOTICE: Undefined variable: pageD:\wamp\www\Project\3601\Storage\view\compile\2d563ec543d7dd3eac1177ef46fb2c75.php (66).
[ 2016-08-19T09:34:26+08:00 ]NOTICE: Undefined variable: pageD:\wamp\www\Project\3601\Storage\view\compile\cdaf1e7d3fd0104d7450493dfb6fc61e.php (76).
[ 2016-08-19T09:34:29+08:00 ]NOTICE: Non-static method Hdphp\View\View::with() should not be called statically, assuming $this from incompatible contextD:\wamp\www\Project\3601\App\Admin\Controller\DarlingController.php (37).
[ 2016-08-19T09:34:29+08:00 ]NOTICE: Non-static method Hdphp\View\View::with() should not be called statically, assuming $this from incompatible contextD:\wamp\www\Project\3601\App\Admin\Controller\DarlingController.php (39).
[ 2016-08-19T09:34:29+08:00 ]NOTICE: Non-static method Hdphp\View\View::make() should not be called statically, assuming $this from incompatible contextD:\wamp\www\Project\3601\App\Admin\Controller\DarlingController.php (40).
[ 2016-08-19T09:34:29+08:00 ]NOTICE: Undefined property: Admin\Controller\DarlingController::$tplD:\wamp\www\Project\3601\Hdphp\View\View.php (38).
[ 2016-08-19T09:34:29+08:00 ]NOTICE: Undefined property: Admin\Controller\DarlingController::$tplD:\wamp\www\Project\3601\Hdphp\View\View.php (56).
[ 2016-08-19T09:34:29+08:00 ]EXCEPTION: 模板不存在
[ 2016-08-19T09:34:36+08:00 ]NOTICE: Undefined variable: pageD:\wamp\www\Project\3601\Storage\view\compile\2d563ec543d7dd3eac1177ef46fb2c75.php (66).
[ 2016-08-19T09:35:18+08:00 ]EXCEPTION: SELECT  tpid  FROM shop_type_pp WHERE shop_type_tid= AND tptype!=0 ;BindParams:array (
)42000;1064;You have an error in your SQL syntax; check the manual that corresponds to your MySQL server version for the right syntax to use near 'AND tptype!=0' at line 1
[ 2016-08-19T09:35:22+08:00 ]NOTICE: Undefined variable: pageD:\wamp\www\Project\3601\Storage\view\compile\cdaf1e7d3fd0104d7450493dfb6fc61e.php (76).
[ 2016-08-19T09:35:25+08:00 ]EXCEPTION: SELECT  *  FROM shop_goods_pp WHERE gpid= LIMIT 1 ;BindParams:array (
)42000;1064;You have an error in your SQL syntax; check the manual that corresponds to your MySQL server version for the right syntax to use near 'LIMIT 1' at line 1
[ 2016-08-19T09:35:29+08:00 ]NOTICE: Undefined variable: pageD:\wamp\www\Project\3601\Storage\view\compile\cdaf1e7d3fd0104d7450493dfb6fc61e.php (76).
[ 2016-08-19T09:35:32+08:00 ]NOTICE: Undefined variable: pageD:\wamp\www\Project\3601\Storage\view\compile\2d563ec543d7dd3eac1177ef46fb2c75.php (66).
[ 2016-08-19T09:35:35+08:00 ]NOTICE: Undefined variable: pageD:\wamp\www\Project\3601\Storage\view\compile\cdaf1e7d3fd0104d7450493dfb6fc61e.php (76).
[ 2016-08-19T09:35:37+08:00 ]NOTICE: Undefined variable: pageD:\wamp\www\Project\3601\Storage\view\compile\2d563ec543d7dd3eac1177ef46fb2c75.php (66).
[ 2016-08-19T09:35:44+08:00 ]NOTICE: Undefined variable: pageD:\wamp\www\Project\3601\Storage\view\compile\cdaf1e7d3fd0104d7450493dfb6fc61e.php (76).
[ 2016-08-19T09:35:45+08:00 ]EXCEPTION: SELECT  *  FROM shop_goods_pp WHERE gpid= LIMIT 1 ;BindParams:array (
)42000;1064;You have an error in your SQL syntax; check the manual that corresponds to your MySQL server version for the right syntax to use near 'LIMIT 1' at line 1
[ 2016-08-19T09:36:17+08:00 ]NOTICE: Undefined variable: pageD:\wamp\www\Project\3601\Storage\view\compile\cdaf1e7d3fd0104d7450493dfb6fc61e.php (76).
[ 2016-08-19T09:37:05+08:00 ]NOTICE: Undefined variable: pageD:\wamp\www\Project\3601\Storage\view\compile\2d563ec543d7dd3eac1177ef46fb2c75.php (66).
[ 2016-08-19T09:37:37+08:00 ]NOTICE: Undefined variable: pageD:\wamp\www\Project\3601\Storage\view\compile\2d563ec543d7dd3eac1177ef46fb2c75.php (66).
[ 2016-08-19T09:38:22+08:00 ]NOTICE: Array to string conversionD:\wamp\www\Project\3601\Storage\view\compile\fd4530fd805eda7964f7c8a40c5251ad.php (44).
[ 2016-08-19T09:38:22+08:00 ]NOTICE: Array to string conversionD:\wamp\www\Project\3601\Storage\view\compile\fd4530fd805eda7964f7c8a40c5251ad.php (44).
[ 2016-08-19T09:38:22+08:00 ]NOTICE: Array to string conversionD:\wamp\www\Project\3601\Storage\view\compile\fd4530fd805eda7964f7c8a40c5251ad.php (44).
[ 2016-08-19T09:38:22+08:00 ]NOTICE: Array to string conversionD:\wamp\www\Project\3601\Storage\view\compile\fd4530fd805eda7964f7c8a40c5251ad.php (44).
[ 2016-08-19T09:38:22+08:00 ]NOTICE: Array to string conversionD:\wamp\www\Project\3601\Storage\view\compile\fd4530fd805eda7964f7c8a40c5251ad.php (44).
[ 2016-08-19T09:38:22+08:00 ]NOTICE: Array to string conversionD:\wamp\www\Project\3601\Storage\view\compile\fd4530fd805eda7964f7c8a40c5251ad.php (44).
[ 2016-08-19T09:38:22+08:00 ]NOTICE: Array to string conversionD:\wamp\www\Project\3601\Storage\view\compile\fd4530fd805eda7964f7c8a40c5251ad.php (44).
[ 2016-08-19T09:38:38+08:00 ]NOTICE: Array to string conversionD:\wamp\www\Project\3601\Storage\view\compile\fd4530fd805eda7964f7c8a40c5251ad.php (44).
[ 2016-08-19T09:38:38+08:00 ]NOTICE: Array to string conversionD:\wamp\www\Project\3601\Storage\view\compile\fd4530fd805eda7964f7c8a40c5251ad.php (44).
[ 2016-08-19T09:38:38+08:00 ]NOTICE: Array to string conversionD:\wamp\www\Project\3601\Storage\view\compile\fd4530fd805eda7964f7c8a40c5251ad.php (44).
[ 2016-08-19T09:38:38+08:00 ]NOTICE: Array to string conversionD:\wamp\www\Project\3601\Storage\view\compile\fd4530fd805eda7964f7c8a40c5251ad.php (44).
[ 2016-08-19T09:38:38+08:00 ]NOTICE: Array to string conversionD:\wamp\www\Project\3601\Storage\view\compile\fd4530fd805eda7964f7c8a40c5251ad.php (44).
[ 2016-08-19T09:38:38+08:00 ]NOTICE: Array to string conversionD:\wamp\www\Project\3601\Storage\view\compile\fd4530fd805eda7964f7c8a40c5251ad.php (44).
[ 2016-08-19T09:38:38+08:00 ]NOTICE: Array to string conversionD:\wamp\www\Project\3601\Storage\view\compile\fd4530fd805eda7964f7c8a40c5251ad.php (44).
[ 2016-08-19T09:49:34+08:00 ]EXCEPTION: SELECT  tpid  FROM shop_type_pp WHERE shop_type_tid= AND tptype!=0 ;BindParams:array (
)42000;1064;You have an error in your SQL syntax; check the manual that corresponds to your MySQL server version for the right syntax to use near 'AND tptype!=0' at line 1
[ 2016-08-19T09:49:34+08:00 ]EXCEPTION: SELECT  tpid  FROM shop_type_pp WHERE shop_type_tid= AND tptype!=0 ;BindParams:array (
)42000;1064;You have an error in your SQL syntax; check the manual that corresponds to your MySQL server version for the right syntax to use near 'AND tptype!=0' at line 1
[ 2016-08-19T09:49:45+08:00 ]NOTICE: Undefined variable: pageD:\wamp\www\Project\3601\Storage\view\compile\cdaf1e7d3fd0104d7450493dfb6fc61e.php (76).
[ 2016-08-19T09:49:48+08:00 ]EXCEPTION: SELECT  *  FROM shop_goods_pp WHERE gpid= LIMIT 1 ;BindParams:array (
)42000;1064;You have an error in your SQL syntax; check the manual that corresponds to your MySQL server version for the right syntax to use near 'LIMIT 1' at line 1
[ 2016-08-19T09:49:50+08:00 ]NOTICE: Undefined variable: pageD:\wamp\www\Project\3601\Storage\view\compile\cdaf1e7d3fd0104d7450493dfb6fc61e.php (76).
[ 2016-08-19T09:49:52+08:00 ]EXCEPTION: SELECT  *  FROM shop_goods_pp WHERE gpid= LIMIT 1 ;BindParams:array (
)42000;1064;You have an error in your SQL syntax; check the manual that corresponds to your MySQL server version for the right syntax to use near 'LIMIT 1' at line 1
[ 2016-08-19T09:49:53+08:00 ]NOTICE: Undefined variable: pageD:\wamp\www\Project\3601\Storage\view\compile\cdaf1e7d3fd0104d7450493dfb6fc61e.php (76).
[ 2016-08-19T09:50:07+08:00 ]NOTICE: Undefined variable: pageD:\wamp\www\Project\3601\Storage\view\compile\cdaf1e7d3fd0104d7450493dfb6fc61e.php (76).
[ 2016-08-19T09:50:08+08:00 ]NOTICE: Undefined variable: pageD:\wamp\www\Project\3601\Storage\view\compile\cdaf1e7d3fd0104d7450493dfb6fc61e.php (76).
[ 2016-08-19T09:50:10+08:00 ]EXCEPTION: SELECT  *  FROM shop_goods_pp WHERE gpid= LIMIT 1 ;BindParams:array (
)42000;1064;You have an error in your SQL syntax; check the manual that corresponds to your MySQL server version for the right syntax to use near 'LIMIT 1' at line 1
[ 2016-08-19T09:50:50+08:00 ]EXCEPTION: SELECT  *  FROM shop_goods_pp WHERE gpid= LIMIT 1 ;BindParams:array (
)42000;1064;You have an error in your SQL syntax; check the manual that corresponds to your MySQL server version for the right syntax to use near 'LIMIT 1' at line 1
[ 2016-08-19T09:50:51+08:00 ]NOTICE: Undefined variable: pageD:\wamp\www\Project\3601\Storage\view\compile\cdaf1e7d3fd0104d7450493dfb6fc61e.php (76).
[ 2016-08-19T09:50:54+08:00 ]EXCEPTION: SELECT  *  FROM shop_goods_pp WHERE gpid= LIMIT 1 ;BindParams:array (
)42000;1064;You have an error in your SQL syntax; check the manual that corresponds to your MySQL server version for the right syntax to use near 'LIMIT 1' at line 1
[ 2016-08-19T09:51:21+08:00 ]NOTICE: Undefined variable: pageD:\wamp\www\Project\3601\Storage\view\compile\cdaf1e7d3fd0104d7450493dfb6fc61e.php (76).
[ 2016-08-19T09:51:24+08:00 ]EXCEPTION: SELECT  *  FROM shop_goods_pp WHERE gpid= LIMIT 1 ;BindParams:array (
)42000;1064;You have an error in your SQL syntax; check the manual that corresponds to your MySQL server version for the right syntax to use near 'LIMIT 1' at line 1
[ 2016-08-19T09:51:52+08:00 ]NOTICE: Undefined variable: pageD:\wamp\www\Project\3601\Storage\view\compile\cdaf1e7d3fd0104d7450493dfb6fc61e.php (76).
[ 2016-08-19T09:51:55+08:00 ]NOTICE: Undefined variable: tnameD:\wamp\www\Project\3601\Storage\view\compile\2d563ec543d7dd3eac1177ef46fb2c75.php (35).
[ 2016-08-19T09:51:55+08:00 ]NOTICE: Invalid argument supplied for foreach()D:\wamp\www\Project\3601\Storage\view\compile\2d563ec543d7dd3eac1177ef46fb2c75.php (35).
[ 2016-08-19T09:51:55+08:00 ]NOTICE: Undefined variable: dataD:\wamp\www\Project\3601\Storage\view\compile\2d563ec543d7dd3eac1177ef46fb2c75.php (40).
[ 2016-08-19T09:51:55+08:00 ]NOTICE: Invalid argument supplied for foreach()D:\wamp\www\Project\3601\Storage\view\compile\2d563ec543d7dd3eac1177ef46fb2c75.php (40).
[ 2016-08-19T09:51:55+08:00 ]NOTICE: Undefined variable: pageD:\wamp\www\Project\3601\Storage\view\compile\2d563ec543d7dd3eac1177ef46fb2c75.php (66).
[ 2016-08-19T09:52:06+08:00 ]EXCEPTION: SELECT  *  FROM shop_goods_pp WHERE gpid= LIMIT 1 ;BindParams:array (
)42000;1064;You have an error in your SQL syntax; check the manual that corresponds to your MySQL server version for the right syntax to use near 'LIMIT 1' at line 1
[ 2016-08-19T09:52:25+08:00 ]NOTICE: Undefined variable: pageD:\wamp\www\Project\3601\Storage\view\compile\cdaf1e7d3fd0104d7450493dfb6fc61e.php (76).
[ 2016-08-19T09:52:28+08:00 ]EXCEPTION: SELECT  *  FROM shop_goods_pp WHERE gpid= LIMIT 1 ;BindParams:array (
)42000;1064;You have an error in your SQL syntax; check the manual that corresponds to your MySQL server version for the right syntax to use near 'LIMIT 1' at line 1
[ 2016-08-19T09:53:30+08:00 ]NOTICE: Undefined variable: pageD:\wamp\www\Project\3601\Storage\view\compile\cdaf1e7d3fd0104d7450493dfb6fc61e.php (76).
[ 2016-08-19T09:53:33+08:00 ]EXCEPTION: SELECT  *  FROM shop_goods_pp WHERE gpid= LIMIT 1 ;BindParams:array (
)42000;1064;You have an error in your SQL syntax; check the manual that corresponds to your MySQL server version for the right syntax to use near 'LIMIT 1' at line 1
[ 2016-08-19T09:53:36+08:00 ]NOTICE: Undefined variable: pageD:\wamp\www\Project\3601\Storage\view\compile\cdaf1e7d3fd0104d7450493dfb6fc61e.php (76).
[ 2016-08-19T09:53:39+08:00 ]EXCEPTION: SELECT  *  FROM shop_goods_pp WHERE gpid= LIMIT 1 ;BindParams:array (
)42000;1064;You have an error in your SQL syntax; check the manual that corresponds to your MySQL server version for the right syntax to use near 'LIMIT 1' at line 1
[ 2016-08-19T09:55:06+08:00 ]EXCEPTION: SELECT  *  FROM shop_goods_pp WHERE gpid= LIMIT 1 ;BindParams:array (
)42000;1064;You have an error in your SQL syntax; check the manual that corresponds to your MySQL server version for the right syntax to use near 'LIMIT 1' at line 1
[ 2016-08-19T09:55:19+08:00 ]NOTICE: Undefined variable: pageD:\wamp\www\Project\3601\Storage\view\compile\2d563ec543d7dd3eac1177ef46fb2c75.php (66).
[ 2016-08-19T09:55:37+08:00 ]EXCEPTION: SELECT  *  FROM shop_goods_pp WHERE gpid= LIMIT 1 ;BindParams:array (
)42000;1064;You have an error in your SQL syntax; check the manual that corresponds to your MySQL server version for the right syntax to use near 'LIMIT 1' at line 1
[ 2016-08-19T09:55:58+08:00 ]EXCEPTION: SELECT  *  FROM shop_goods_pp WHERE gpid= LIMIT 1 ;BindParams:array (
)42000;1064;You have an error in your SQL syntax; check the manual that corresponds to your MySQL server version for the right syntax to use near 'LIMIT 1' at line 1
[ 2016-08-19T09:56:43+08:00 ]NOTICE: Undefined variable: pageD:\wamp\www\Project\3601\Storage\view\compile\2d563ec543d7dd3eac1177ef46fb2c75.php (66).
[ 2016-08-19T10:01:46+08:00 ]NOTICE: Non-static method Hdphp\View\View::error() should not be called statically, assuming $this from incompatible contextD:\wamp\www\Project\3601\App\Admin\Controller\DarlingController.php (17).
[ 2016-08-19T10:02:08+08:00 ]NOTICE: Non-static method Hdphp\View\View::success() should not be called statically, assuming $this from incompatible contextD:\wamp\www\Project\3601\App\Admin\Controller\DarlingController.php (17).
[ 2016-08-19T10:02:18+08:00 ]NOTICE: Undefined variable: pageD:\wamp\www\Project\3601\Storage\view\compile\cdaf1e7d3fd0104d7450493dfb6fc61e.php (76).
[ 2016-08-19T10:02:22+08:00 ]NOTICE: Undefined variable: pageD:\wamp\www\Project\3601\Storage\view\compile\cdaf1e7d3fd0104d7450493dfb6fc61e.php (76).
[ 2016-08-19T10:02:23+08:00 ]NOTICE: Undefined variable: pageD:\wamp\www\Project\3601\Storage\view\compile\2d563ec543d7dd3eac1177ef46fb2c75.php (66).
[ 2016-08-19T10:02:27+08:00 ]NOTICE: Undefined variable: pageD:\wamp\www\Project\3601\Storage\view\compile\cdaf1e7d3fd0104d7450493dfb6fc61e.php (76).
[ 2016-08-19T10:02:58+08:00 ]NOTICE: Undefined variable: pageD:\wamp\www\Project\3601\Storage\view\compile\2d563ec543d7dd3eac1177ef46fb2c75.php (66).
[ 2016-08-19T10:31:51+08:00 ]NOTICE: Argument 1 passed to Hdphp\Model\Model::add() must be of the type array, string given, called in D:\wamp\www\Project\3601\App\Common\Model\Darling.php on line 17 and definedD:\wamp\www\Project\3601\Hdphp\Model\Model.php (488).
[ 2016-08-19T10:31:51+08:00 ]EXCEPTION: 31,35 ;BindParams:array (
)42000;1064;You have an error in your SQL syntax; check the manual that corresponds to your MySQL server version for the right syntax to use near '31,35' at line 1
[ 2016-08-19T10:33:49+08:00 ]NOTICE: Array to string conversionD:\wamp\www\Project\3601\Hdphp\Db\Mysql.php (204).
[ 2016-08-19T10:33:49+08:00 ]EXCEPTION: INSERT INTO shop_darling (`tid`,`dstock`,`shop_goods_gid`,`group`)VALUES(?,?,?,?) ;BindParams:array (
  0 => 
  array (
    0 => '31',
    1 => '35',
  ),
  1 => '11',
  2 => '35',
  3 => '31,35',
)42S22;1054;Unknown column 'tid' in 'field list'
[ 2016-08-19T10:35:45+08:00 ]NOTICE: Undefined variable: pageD:\wamp\www\Project\3601\Storage\view\compile\cdaf1e7d3fd0104d7450493dfb6fc61e.php (76).
[ 2016-08-19T10:35:49+08:00 ]NOTICE: Undefined variable: pageD:\wamp\www\Project\3601\Storage\view\compile\2d563ec543d7dd3eac1177ef46fb2c75.php (66).
[ 2016-08-19T10:43:29+08:00 ]NOTICE: Undefined variable: pageD:\wamp\www\Project\3601\Storage\view\compile\cdaf1e7d3fd0104d7450493dfb6fc61e.php (76).
[ 2016-08-19T10:43:32+08:00 ]NOTICE: Undefined variable: pageD:\wamp\www\Project\3601\Storage\view\compile\2d563ec543d7dd3eac1177ef46fb2c75.php (66).
[ 2016-08-19T10:46:35+08:00 ]EXCEPTION: SELECT  group  FROM shop_darling WHERE shop_goods_gid=0 ;BindParams:array (
)42000;1064;You have an error in your SQL syntax; check the manual that corresponds to your MySQL server version for the right syntax to use near 'group  FROM shop_darling WHERE shop_goods_gid=0' at line 1
[ 2016-08-19T10:48:31+08:00 ]EXCEPTION: SELECT  group  FROM shop_darling WHERE shop_goods_gid=0 ;BindParams:array (
)42000;1064;You have an error in your SQL syntax; check the manual that corresponds to your MySQL server version for the right syntax to use near 'group  FROM shop_darling WHERE shop_goods_gid=0' at line 1
[ 2016-08-19T10:48:59+08:00 ]EXCEPTION: SELECT  group  FROM shop_darling WHERE shop_goods_gid=0 ;BindParams:array (
)42000;1064;You have an error in your SQL syntax; check the manual that corresponds to your MySQL server version for the right syntax to use near 'group  FROM shop_darling WHERE shop_goods_gid=0' at line 1
[ 2016-08-19T10:49:20+08:00 ]EXCEPTION: SELECT  group  FROM shop_darling WHERE shop_goods_gid=35 ;BindParams:array (
)42000;1064;You have an error in your SQL syntax; check the manual that corresponds to your MySQL server version for the right syntax to use near 'group  FROM shop_darling WHERE shop_goods_gid=35' at line 1
[ 2016-08-19T10:51:09+08:00 ]EXCEPTION: SELECT  group  FROM shop_darling WHERE shop_goods_gid=35 ;BindParams:array (
)42000;1064;You have an error in your SQL syntax; check the manual that corresponds to your MySQL server version for the right syntax to use near 'group  FROM shop_darling WHERE shop_goods_gid=35' at line 1
[ 2016-08-19T10:54:57+08:00 ]NOTICE: Undefined variable: pageD:\wamp\www\Project\3601\Storage\view\compile\cdaf1e7d3fd0104d7450493dfb6fc61e.php (76).
[ 2016-08-19T10:55:01+08:00 ]NOTICE: Undefined variable: pageD:\wamp\www\Project\3601\Storage\view\compile\2d563ec543d7dd3eac1177ef46fb2c75.php (66).
[ 2016-08-19T10:55:12+08:00 ]NOTICE: Non-static method Hdphp\View\View::success() should not be called statically, assuming $this from incompatible contextD:\wamp\www\Project\3601\App\Common\Model\Darling.php (24).
[ 2016-08-19T10:55:46+08:00 ]NOTICE: Undefined variable: pageD:\wamp\www\Project\3601\Storage\view\compile\2d563ec543d7dd3eac1177ef46fb2c75.php (66).
[ 2016-08-19T10:55:49+08:00 ]NOTICE: Undefined variable: pageD:\wamp\www\Project\3601\Storage\view\compile\cdaf1e7d3fd0104d7450493dfb6fc61e.php (76).
[ 2016-08-19T10:55:52+08:00 ]NOTICE: Undefined variable: pageD:\wamp\www\Project\3601\Storage\view\compile\2d563ec543d7dd3eac1177ef46fb2c75.php (66).
[ 2016-08-19T10:57:37+08:00 ]EXCEPTION: SELECT  tpid  FROM shop_type_pp WHERE shop_type_tid= AND tptype!=0 ;BindParams:array (
)42000;1064;You have an error in your SQL syntax; check the manual that corresponds to your MySQL server version for the right syntax to use near 'AND tptype!=0' at line 1
[ 2016-08-19T10:57:54+08:00 ]NOTICE: Undefined variable: pageD:\wamp\www\Project\3601\Storage\view\compile\cdaf1e7d3fd0104d7450493dfb6fc61e.php (76).
[ 2016-08-19T10:57:56+08:00 ]NOTICE: Undefined variable: pageD:\wamp\www\Project\3601\Storage\view\compile\2d563ec543d7dd3eac1177ef46fb2c75.php (66).
[ 2016-08-19T10:58:15+08:00 ]NOTICE: Undefined variable: pageD:\wamp\www\Project\3601\Storage\view\compile\cdaf1e7d3fd0104d7450493dfb6fc61e.php (76).
[ 2016-08-19T10:58:17+08:00 ]NOTICE: Undefined variable: pageD:\wamp\www\Project\3601\Storage\view\compile\2d563ec543d7dd3eac1177ef46fb2c75.php (66).
[ 2016-08-19T10:58:30+08:00 ]EXCEPTION: SELECT  tpid  FROM shop_type_pp WHERE shop_type_tid= AND tptype!=0 ;BindParams:array (
)42000;1064;You have an error in your SQL syntax; check the manual that corresponds to your MySQL server version for the right syntax to use near 'AND tptype!=0' at line 1
[ 2016-08-19T10:59:08+08:00 ]EXCEPTION: SELECT  tpid  FROM shop_type_pp WHERE shop_type_tid= AND tptype!=0 ;BindParams:array (
)42000;1064;You have an error in your SQL syntax; check the manual that corresponds to your MySQL server version for the right syntax to use near 'AND tptype!=0' at line 1
[ 2016-08-19T10:59:14+08:00 ]NOTICE: Undefined variable: pageD:\wamp\www\Project\3601\Storage\view\compile\2d563ec543d7dd3eac1177ef46fb2c75.php (66).
[ 2016-08-19T10:59:38+08:00 ]EXCEPTION: SELECT  tpid  FROM shop_type_pp WHERE shop_type_tid= AND tptype!=0 ;BindParams:array (
)42000;1064;You have an error in your SQL syntax; check the manual that corresponds to your MySQL server version for the right syntax to use near 'AND tptype!=0' at line 1
[ 2016-08-19T11:01:47+08:00 ]EXCEPTION: SELECT  tpid  FROM shop_type_pp WHERE shop_type_tid= AND tptype!=0 ;BindParams:array (
)42000;1064;You have an error in your SQL syntax; check the manual that corresponds to your MySQL server version for the right syntax to use near 'AND tptype!=0' at line 1
[ 2016-08-19T11:01:53+08:00 ]NOTICE: Undefined variable: pageD:\wamp\www\Project\3601\Storage\view\compile\2d563ec543d7dd3eac1177ef46fb2c75.php (66).
[ 2016-08-19T11:03:19+08:00 ]NOTICE: Undefined variable: pageD:\wamp\www\Project\3601\Storage\view\compile\2d563ec543d7dd3eac1177ef46fb2c75.php (66).
[ 2016-08-19T11:04:06+08:00 ]NOTICE: Undefined index: gidD:\wamp\www\Project\3601\Storage\view\compile\8872bfd051a258949feaefd4c93f5a4a.php (57).
[ 2016-08-19T11:04:40+08:00 ]NOTICE: Undefined variable: pageD:\wamp\www\Project\3601\Storage\view\compile\2d563ec543d7dd3eac1177ef46fb2c75.php (66).
[ 2016-08-19T11:18:47+08:00 ]NOTICE: Undefined variable: pageD:\wamp\www\Project\3601\Storage\view\compile\2d563ec543d7dd3eac1177ef46fb2c75.php (66).
[ 2016-08-19T11:21:11+08:00 ]NOTICE: Undefined variable: oldDataD:\wamp\www\Project\3601\Storage\view\compile\8872bfd051a258949feaefd4c93f5a4a.php (50).
[ 2016-08-19T11:21:11+08:00 ]NOTICE: Undefined variable: oldDataD:\wamp\www\Project\3601\Storage\view\compile\8872bfd051a258949feaefd4c93f5a4a.php (54).
[ 2016-08-19T11:21:31+08:00 ]NOTICE: Non-static method Hdphp\View\View::with() should not be called statically, assuming $this from incompatible contextD:\wamp\www\Project\3601\App\Admin\Controller\DarlingController.php (110).
[ 2016-08-19T11:21:31+08:00 ]NOTICE: Non-static method Hdphp\View\View::make() should not be called statically, assuming $this from incompatible contextD:\wamp\www\Project\3601\App\Admin\Controller\DarlingController.php (111).
[ 2016-08-19T11:21:31+08:00 ]NOTICE: Undefined property: Admin\Controller\DarlingController::$tplD:\wamp\www\Project\3601\Hdphp\View\View.php (38).
[ 2016-08-19T11:21:31+08:00 ]NOTICE: Undefined property: Admin\Controller\DarlingController::$tplD:\wamp\www\Project\3601\Hdphp\View\View.php (56).
[ 2016-08-19T11:21:31+08:00 ]EXCEPTION: 模板不存在
[ 2016-08-19T11:23:30+08:00 ]NOTICE: Undefined variable: gidD:\wamp\www\Project\3601\App\Admin\Controller\DarlingController.php (105).
[ 2016-08-19T11:23:30+08:00 ]EXCEPTION: SELECT  *  FROM shop_goods_pp INNER JOIN shop_type_pp ON shop_type_pp.tpid = shop_goods_pp.shop_type_pp_tpid WHERE shop_goods_gid= AND tptype=1 ;BindParams:array (
)42000;1064;You have an error in your SQL syntax; check the manual that corresponds to your MySQL server version for the right syntax to use near 'AND tptype=1' at line 1
[ 2016-08-19T11:24:35+08:00 ]NOTICE: Undefined variable: newdataD:\wamp\www\Project\3601\Storage\view\compile\8872bfd051a258949feaefd4c93f5a4a.php (36).
[ 2016-08-19T11:24:35+08:00 ]NOTICE: Invalid argument supplied for foreach()D:\wamp\www\Project\3601\Storage\view\compile\8872bfd051a258949feaefd4c93f5a4a.php (36).
[ 2016-08-19T11:25:34+08:00 ]NOTICE: Undefined index: shop_good_gidD:\wamp\www\Project\3601\App\Admin\Controller\DarlingController.php (111).
[ 2016-08-19T11:25:34+08:00 ]EXCEPTION: SELECT  *  FROM shop_goods_pp INNER JOIN shop_type_pp ON shop_type_pp.tpid = shop_goods_pp.shop_type_pp_tpid WHERE shop_goods_gid= AND tptype=1 ;BindParams:array (
)42000;1064;You have an error in your SQL syntax; check the manual that corresponds to your MySQL server version for the right syntax to use near 'AND tptype=1' at line 1
[ 2016-08-19T14:01:29+08:00 ]NOTICE: Undefined variable: pageD:\wamp\www\Project\3601\Storage\view\compile\cdaf1e7d3fd0104d7450493dfb6fc61e.php (76).
[ 2016-08-19T14:01:33+08:00 ]NOTICE: Undefined variable: pageD:\wamp\www\Project\3601\Storage\view\compile\2d563ec543d7dd3eac1177ef46fb2c75.php (66).
[ 2016-08-19T14:01:41+08:00 ]NOTICE: Undefined variable: pageD:\wamp\www\Project\3601\Storage\view\compile\2d563ec543d7dd3eac1177ef46fb2c75.php (66).
[ 2016-08-19T14:01:42+08:00 ]NOTICE: Undefined variable: pageD:\wamp\www\Project\3601\Storage\view\compile\cdaf1e7d3fd0104d7450493dfb6fc61e.php (76).
[ 2016-08-19T14:01:45+08:00 ]NOTICE: Undefined variable: pageD:\wamp\www\Project\3601\Storage\view\compile\2d563ec543d7dd3eac1177ef46fb2c75.php (66).
[ 2016-08-19T14:03:18+08:00 ]NOTICE: Undefined variable: pageD:\wamp\www\Project\3601\Storage\view\compile\cdaf1e7d3fd0104d7450493dfb6fc61e.php (76).
[ 2016-08-19T14:03:23+08:00 ]NOTICE: Undefined variable: pageD:\wamp\www\Project\3601\Storage\view\compile\2d563ec543d7dd3eac1177ef46fb2c75.php (66).
[ 2016-08-19T14:03:28+08:00 ]NOTICE: Undefined variable: pageD:\wamp\www\Project\3601\Storage\view\compile\2d563ec543d7dd3eac1177ef46fb2c75.php (66).
[ 2016-08-19T14:03:37+08:00 ]NOTICE: Undefined variable: pageD:\wamp\www\Project\3601\Storage\view\compile\2d563ec543d7dd3eac1177ef46fb2c75.php (66).
[ 2016-08-19T14:05:20+08:00 ]NOTICE: Undefined variable: pageD:\wamp\www\Project\3601\Storage\view\compile\cdaf1e7d3fd0104d7450493dfb6fc61e.php (76).
[ 2016-08-19T14:05:24+08:00 ]NOTICE: Undefined variable: pageD:\wamp\www\Project\3601\Storage\view\compile\cdaf1e7d3fd0104d7450493dfb6fc61e.php (76).
[ 2016-08-19T14:05:26+08:00 ]NOTICE: Undefined variable: pageD:\wamp\www\Project\3601\Storage\view\compile\2d563ec543d7dd3eac1177ef46fb2c75.php (66).
[ 2016-08-19T14:05:30+08:00 ]NOTICE: Undefined variable: pageD:\wamp\www\Project\3601\Storage\view\compile\cdaf1e7d3fd0104d7450493dfb6fc61e.php (76).
[ 2016-08-19T14:05:34+08:00 ]NOTICE: Undefined variable: pageD:\wamp\www\Project\3601\Storage\view\compile\2d563ec543d7dd3eac1177ef46fb2c75.php (66).
[ 2016-08-19T14:07:59+08:00 ]NOTICE: Undefined variable: pageD:\wamp\www\Project\3601\Storage\view\compile\2d563ec543d7dd3eac1177ef46fb2c75.php (66).
[ 2016-08-19T14:09:28+08:00 ]NOTICE: Undefined variable: pageD:\wamp\www\Project\3601\Storage\view\compile\2d563ec543d7dd3eac1177ef46fb2c75.php (66).
[ 2016-08-19T14:12:19+08:00 ]NOTICE: implode(): Invalid arguments passedD:\wamp\www\Project\3601\App\Admin\Controller\DarlingController.php (110).
[ 2016-08-19T14:14:27+08:00 ]NOTICE: Non-static method Hdphp\View\View::with() should not be called statically, assuming $this from incompatible contextD:\wamp\www\Project\3601\App\Admin\Controller\DarlingController.php (127).
[ 2016-08-19T14:14:27+08:00 ]NOTICE: Non-static method Hdphp\View\View::with() should not be called statically, assuming $this from incompatible contextD:\wamp\www\Project\3601\App\Admin\Controller\DarlingController.php (128).
[ 2016-08-19T14:14:27+08:00 ]NOTICE: Non-static method Hdphp\View\View::with() should not be called statically, assuming $this from incompatible contextD:\wamp\www\Project\3601\App\Admin\Controller\DarlingController.php (129).
[ 2016-08-19T14:14:27+08:00 ]NOTICE: Non-static method Hdphp\View\View::make() should not be called statically, assuming $this from incompatible contextD:\wamp\www\Project\3601\App\Admin\Controller\DarlingController.php (130).
[ 2016-08-19T14:14:27+08:00 ]NOTICE: Undefined property: Admin\Controller\DarlingController::$tplD:\wamp\www\Project\3601\Hdphp\View\View.php (38).
[ 2016-08-19T14:14:27+08:00 ]NOTICE: Undefined property: Admin\Controller\DarlingController::$tplD:\wamp\www\Project\3601\Hdphp\View\View.php (56).
[ 2016-08-19T14:14:27+08:00 ]EXCEPTION: 模板不存在
[ 2016-08-19T14:19:02+08:00 ]NOTICE: Undefined variable: rD:\wamp\www\Project\3601\Storage\view\compile\8872bfd051a258949feaefd4c93f5a4a.php (44).
[ 2016-08-19T14:19:02+08:00 ]NOTICE: Undefined variable: rD:\wamp\www\Project\3601\Storage\view\compile\8872bfd051a258949feaefd4c93f5a4a.php (44).
[ 2016-08-19T14:19:02+08:00 ]NOTICE: Undefined variable: rD:\wamp\www\Project\3601\Storage\view\compile\8872bfd051a258949feaefd4c93f5a4a.php (44).
[ 2016-08-19T14:19:02+08:00 ]NOTICE: Undefined variable: rD:\wamp\www\Project\3601\Storage\view\compile\8872bfd051a258949feaefd4c93f5a4a.php (44).
[ 2016-08-19T14:19:02+08:00 ]NOTICE: Undefined variable: rD:\wamp\www\Project\3601\Storage\view\compile\8872bfd051a258949feaefd4c93f5a4a.php (44).
[ 2016-08-19T14:19:02+08:00 ]NOTICE: Undefined variable: rD:\wamp\www\Project\3601\Storage\view\compile\8872bfd051a258949feaefd4c93f5a4a.php (44).
[ 2016-08-19T14:19:02+08:00 ]NOTICE: Undefined variable: rD:\wamp\www\Project\3601\Storage\view\compile\8872bfd051a258949feaefd4c93f5a4a.php (44).
[ 2016-08-19T14:19:04+08:00 ]NOTICE: Undefined variable: rD:\wamp\www\Project\3601\Storage\view\compile\8872bfd051a258949feaefd4c93f5a4a.php (44).
[ 2016-08-19T14:19:04+08:00 ]NOTICE: Undefined variable: rD:\wamp\www\Project\3601\Storage\view\compile\8872bfd051a258949feaefd4c93f5a4a.php (44).
[ 2016-08-19T14:19:04+08:00 ]NOTICE: Undefined variable: rD:\wamp\www\Project\3601\Storage\view\compile\8872bfd051a258949feaefd4c93f5a4a.php (44).
[ 2016-08-19T14:19:04+08:00 ]NOTICE: Undefined variable: rD:\wamp\www\Project\3601\Storage\view\compile\8872bfd051a258949feaefd4c93f5a4a.php (44).
[ 2016-08-19T14:19:04+08:00 ]NOTICE: Undefined variable: rD:\wamp\www\Project\3601\Storage\view\compile\8872bfd051a258949feaefd4c93f5a4a.php (44).
[ 2016-08-19T14:19:04+08:00 ]NOTICE: Undefined variable: rD:\wamp\www\Project\3601\Storage\view\compile\8872bfd051a258949feaefd4c93f5a4a.php (44).
[ 2016-08-19T14:19:04+08:00 ]NOTICE: Undefined variable: rD:\wamp\www\Project\3601\Storage\view\compile\8872bfd051a258949feaefd4c93f5a4a.php (44).
[ 2016-08-19T14:19:31+08:00 ]NOTICE: Undefined variable: pageD:\wamp\www\Project\3601\Storage\view\compile\2d563ec543d7dd3eac1177ef46fb2c75.php (66).
[ 2016-08-19T14:30:29+08:00 ]NOTICE: Illegal string offset 'group'D:\wamp\www\Project\3601\App\Admin\Controller\DarlingController.php (112).
[ 2016-08-19T14:30:29+08:00 ]NOTICE: Array to string conversionD:\wamp\www\Project\3601\App\Admin\Controller\DarlingController.php (112).
[ 2016-08-19T14:30:29+08:00 ]NOTICE: Illegal string offset 'group'D:\wamp\www\Project\3601\App\Admin\Controller\DarlingController.php (112).
[ 2016-08-19T14:30:29+08:00 ]NOTICE: Array to string conversionD:\wamp\www\Project\3601\App\Admin\Controller\DarlingController.php (112).
[ 2016-08-19T14:30:29+08:00 ]NOTICE: Illegal string offset 'group'D:\wamp\www\Project\3601\App\Admin\Controller\DarlingController.php (112).
[ 2016-08-19T14:30:29+08:00 ]NOTICE: Array to string conversionD:\wamp\www\Project\3601\App\Admin\Controller\DarlingController.php (112).
[ 2016-08-19T14:30:29+08:00 ]NOTICE: Illegal string offset 'group'D:\wamp\www\Project\3601\App\Admin\Controller\DarlingController.php (112).
[ 2016-08-19T14:30:29+08:00 ]NOTICE: Array to string conversionD:\wamp\www\Project\3601\App\Admin\Controller\DarlingController.php (112).
[ 2016-08-19T14:30:29+08:00 ]NOTICE: Illegal string offset 'group'D:\wamp\www\Project\3601\App\Admin\Controller\DarlingController.php (112).
[ 2016-08-19T14:30:29+08:00 ]NOTICE: Array to string conversionD:\wamp\www\Project\3601\App\Admin\Controller\DarlingController.php (112).
[ 2016-08-19T14:30:29+08:00 ]EXCEPTION: SELECT  *  FROM shop_goods_pp INNER JOIN shop_type_pp ON shop_type_pp.tpid = shop_goods_pp.shop_type_pp_tpid WHERE shop_goods_gid=A5 AND tptype=1 ;BindParams:array (
)42S22;1054;Unknown column 'A5' in 'where clause'
[ 2016-08-19T14:30:46+08:00 ]NOTICE: Illegal string offset 'group'D:\wamp\www\Project\3601\App\Admin\Controller\DarlingController.php (112).
[ 2016-08-19T14:30:46+08:00 ]NOTICE: Array to string conversionD:\wamp\www\Project\3601\App\Admin\Controller\DarlingController.php (112).
[ 2016-08-19T14:30:46+08:00 ]NOTICE: Illegal string offset 'group'D:\wamp\www\Project\3601\App\Admin\Controller\DarlingController.php (112).
[ 2016-08-19T14:30:46+08:00 ]NOTICE: Array to string conversionD:\wamp\www\Project\3601\App\Admin\Controller\DarlingController.php (112).
[ 2016-08-19T14:30:46+08:00 ]NOTICE: Illegal string offset 'group'D:\wamp\www\Project\3601\App\Admin\Controller\DarlingController.php (112).
[ 2016-08-19T14:30:46+08:00 ]NOTICE: Array to string conversionD:\wamp\www\Project\3601\App\Admin\Controller\DarlingController.php (112).
[ 2016-08-19T14:30:46+08:00 ]NOTICE: Illegal string offset 'group'D:\wamp\www\Project\3601\App\Admin\Controller\DarlingController.php (112).
[ 2016-08-19T14:30:46+08:00 ]NOTICE: Array to string conversionD:\wamp\www\Project\3601\App\Admin\Controller\DarlingController.php (112).
[ 2016-08-19T14:30:46+08:00 ]NOTICE: Illegal string offset 'group'D:\wamp\www\Project\3601\App\Admin\Controller\DarlingController.php (112).
[ 2016-08-19T14:30:46+08:00 ]NOTICE: Array to string conversionD:\wamp\www\Project\3601\App\Admin\Controller\DarlingController.php (112).
[ 2016-08-19T14:30:46+08:00 ]EXCEPTION: SELECT  *  FROM shop_goods_pp INNER JOIN shop_type_pp ON shop_type_pp.tpid = shop_goods_pp.shop_type_pp_tpid WHERE shop_goods_gid=A5 AND tptype=1 ;BindParams:array (
)42S22;1054;Unknown column 'A5' in 'where clause'
[ 2016-08-19T14:31:21+08:00 ]NOTICE: Illegal string offset 'group'D:\wamp\www\Project\3601\App\Admin\Controller\DarlingController.php (112).
[ 2016-08-19T14:31:21+08:00 ]NOTICE: Array to string conversionD:\wamp\www\Project\3601\App\Admin\Controller\DarlingController.php (112).
[ 2016-08-19T14:31:21+08:00 ]NOTICE: Illegal string offset 'group'D:\wamp\www\Project\3601\App\Admin\Controller\DarlingController.php (112).
[ 2016-08-19T14:31:21+08:00 ]NOTICE: Array to string conversionD:\wamp\www\Project\3601\App\Admin\Controller\DarlingController.php (112).
[ 2016-08-19T14:31:21+08:00 ]NOTICE: Illegal string offset 'group'D:\wamp\www\Project\3601\App\Admin\Controller\DarlingController.php (112).
[ 2016-08-19T14:31:21+08:00 ]NOTICE: Array to string conversionD:\wamp\www\Project\3601\App\Admin\Controller\DarlingController.php (112).
[ 2016-08-19T14:31:21+08:00 ]NOTICE: Illegal string offset 'group'D:\wamp\www\Project\3601\App\Admin\Controller\DarlingController.php (112).
[ 2016-08-19T14:31:21+08:00 ]NOTICE: Array to string conversionD:\wamp\www\Project\3601\App\Admin\Controller\DarlingController.php (112).
[ 2016-08-19T14:31:21+08:00 ]NOTICE: Illegal string offset 'group'D:\wamp\www\Project\3601\App\Admin\Controller\DarlingController.php (112).
[ 2016-08-19T14:31:21+08:00 ]NOTICE: Array to string conversionD:\wamp\www\Project\3601\App\Admin\Controller\DarlingController.php (112).
[ 2016-08-19T14:31:21+08:00 ]EXCEPTION: SELECT  *  FROM shop_goods_pp INNER JOIN shop_type_pp ON shop_type_pp.tpid = shop_goods_pp.shop_type_pp_tpid WHERE shop_goods_gid=A5 AND tptype=1 ;BindParams:array (
)42S22;1054;Unknown column 'A5' in 'where clause'
[ 2016-08-19T14:31:36+08:00 ]NOTICE: implode(): Invalid arguments passedD:\wamp\www\Project\3601\App\Admin\Controller\DarlingController.php (112).
[ 2016-08-19T14:31:36+08:00 ]NOTICE: Illegal string offset 'group'D:\wamp\www\Project\3601\App\Admin\Controller\DarlingController.php (112).
[ 2016-08-19T14:31:36+08:00 ]NOTICE: implode(): Invalid arguments passedD:\wamp\www\Project\3601\App\Admin\Controller\DarlingController.php (112).
[ 2016-08-19T14:31:36+08:00 ]NOTICE: Illegal string offset 'group'D:\wamp\www\Project\3601\App\Admin\Controller\DarlingController.php (112).
[ 2016-08-19T14:31:36+08:00 ]NOTICE: implode(): Invalid arguments passedD:\wamp\www\Project\3601\App\Admin\Controller\DarlingController.php (112).
[ 2016-08-19T14:31:36+08:00 ]NOTICE: Illegal string offset 'group'D:\wamp\www\Project\3601\App\Admin\Controller\DarlingController.php (112).
[ 2016-08-19T14:31:36+08:00 ]NOTICE: implode(): Invalid arguments passedD:\wamp\www\Project\3601\App\Admin\Controller\DarlingController.php (112).
[ 2016-08-19T14:31:36+08:00 ]NOTICE: Illegal string offset 'group'D:\wamp\www\Project\3601\App\Admin\Controller\DarlingController.php (112).
[ 2016-08-19T14:31:36+08:00 ]NOTICE: implode(): Invalid arguments passedD:\wamp\www\Project\3601\App\Admin\Controller\DarlingController.php (112).
[ 2016-08-19T14:31:36+08:00 ]NOTICE: Illegal string offset 'group'D:\wamp\www\Project\3601\App\Admin\Controller\DarlingController.php (112).
[ 2016-08-19T14:31:36+08:00 ]EXCEPTION: SELECT  *  FROM shop_goods_pp INNER JOIN shop_type_pp ON shop_type_pp.tpid = shop_goods_pp.shop_type_pp_tpid WHERE shop_goods_gid= 5 AND tptype=1 ;BindParams:array (
)42000;1064;You have an error in your SQL syntax; check the manual that corresponds to your MySQL server version for the right syntax to use near '' at line 1
[ 2016-08-19T14:32:02+08:00 ]NOTICE: Illegal string offset 'group'D:\wamp\www\Project\3601\App\Admin\Controller\DarlingController.php (111).
[ 2016-08-19T14:32:02+08:00 ]NOTICE: implode(): Invalid arguments passedD:\wamp\www\Project\3601\App\Admin\Controller\DarlingController.php (111).
[ 2016-08-19T14:32:02+08:00 ]NOTICE: Illegal string offset 'group'D:\wamp\www\Project\3601\App\Admin\Controller\DarlingController.php (111).
[ 2016-08-19T14:32:02+08:00 ]NOTICE: Illegal string offset 'group'D:\wamp\www\Project\3601\App\Admin\Controller\DarlingController.php (111).
[ 2016-08-19T14:32:02+08:00 ]NOTICE: implode(): Invalid arguments passedD:\wamp\www\Project\3601\App\Admin\Controller\DarlingController.php (111).
[ 2016-08-19T14:32:02+08:00 ]NOTICE: Illegal string offset 'group'D:\wamp\www\Project\3601\App\Admin\Controller\DarlingController.php (111).
[ 2016-08-19T14:32:02+08:00 ]NOTICE: Illegal string offset 'group'D:\wamp\www\Project\3601\App\Admin\Controller\DarlingController.php (111).
[ 2016-08-19T14:32:02+08:00 ]NOTICE: implode(): Invalid arguments passedD:\wamp\www\Project\3601\App\Admin\Controller\DarlingController.php (111).
[ 2016-08-19T14:32:02+08:00 ]NOTICE: Illegal string offset 'group'D:\wamp\www\Project\3601\App\Admin\Controller\DarlingController.php (111).
[ 2016-08-19T14:32:02+08:00 ]NOTICE: Illegal string offset 'group'D:\wamp\www\Project\3601\App\Admin\Controller\DarlingController.php (111).
[ 2016-08-19T14:32:02+08:00 ]NOTICE: implode(): Invalid arguments passedD:\wamp\www\Project\3601\App\Admin\Controller\DarlingController.php (111).
[ 2016-08-19T14:32:02+08:00 ]NOTICE: Illegal string offset 'group'D:\wamp\www\Project\3601\App\Admin\Controller\DarlingController.php (111).
[ 2016-08-19T14:32:02+08:00 ]NOTICE: Illegal string offset 'group'D:\wamp\www\Project\3601\App\Admin\Controller\DarlingController.php (111).
[ 2016-08-19T14:32:02+08:00 ]NOTICE: implode(): Invalid arguments passedD:\wamp\www\Project\3601\App\Admin\Controller\DarlingController.php (111).
[ 2016-08-19T14:32:02+08:00 ]NOTICE: Illegal string offset 'group'D:\wamp\www\Project\3601\App\Admin\Controller\DarlingController.php (111).
[ 2016-08-19T14:32:02+08:00 ]EXCEPTION: SELECT  *  FROM shop_goods_pp INNER JOIN shop_type_pp ON shop_type_pp.tpid = shop_goods_pp.shop_type_pp_tpid WHERE shop_goods_gid= 5 AND tptype=1 ;BindParams:array (
)42000;1064;You have an error in your SQL syntax; check the manual that corresponds to your MySQL server version for the right syntax to use near '' at line 1
[ 2016-08-19T14:32:16+08:00 ]NOTICE: Illegal string offset 'group'D:\wamp\www\Project\3601\App\Admin\Controller\DarlingController.php (111).
[ 2016-08-19T14:32:16+08:00 ]NOTICE: Illegal string offset 'group'D:\wamp\www\Project\3601\App\Admin\Controller\DarlingController.php (111).
[ 2016-08-19T14:32:16+08:00 ]NOTICE: Array to string conversionD:\wamp\www\Project\3601\App\Admin\Controller\DarlingController.php (111).
[ 2016-08-19T14:32:16+08:00 ]NOTICE: Illegal string offset 'group'D:\wamp\www\Project\3601\App\Admin\Controller\DarlingController.php (111).
[ 2016-08-19T14:32:16+08:00 ]NOTICE: Illegal string offset 'group'D:\wamp\www\Project\3601\App\Admin\Controller\DarlingController.php (111).
[ 2016-08-19T14:32:16+08:00 ]NOTICE: Array to string conversionD:\wamp\www\Project\3601\App\Admin\Controller\DarlingController.php (111).
[ 2016-08-19T14:32:16+08:00 ]NOTICE: Illegal string offset 'group'D:\wamp\www\Project\3601\App\Admin\Controller\DarlingController.php (111).
[ 2016-08-19T14:32:16+08:00 ]NOTICE: Illegal string offset 'group'D:\wamp\www\Project\3601\App\Admin\Controller\DarlingController.php (111).
[ 2016-08-19T14:32:16+08:00 ]NOTICE: Array to string conversionD:\wamp\www\Project\3601\App\Admin\Controller\DarlingController.php (111).
[ 2016-08-19T14:32:16+08:00 ]NOTICE: Illegal string offset 'group'D:\wamp\www\Project\3601\App\Admin\Controller\DarlingController.php (111).
[ 2016-08-19T14:32:16+08:00 ]NOTICE: Illegal string offset 'group'D:\wamp\www\Project\3601\App\Admin\Controller\DarlingController.php (111).
[ 2016-08-19T14:32:16+08:00 ]NOTICE: Array to string conversionD:\wamp\www\Project\3601\App\Admin\Controller\DarlingController.php (111).
[ 2016-08-19T14:32:16+08:00 ]NOTICE: Illegal string offset 'group'D:\wamp\www\Project\3601\App\Admin\Controller\DarlingController.php (111).
[ 2016-08-19T14:32:16+08:00 ]NOTICE: Illegal string offset 'group'D:\wamp\www\Project\3601\App\Admin\Controller\DarlingController.php (111).
[ 2016-08-19T14:32:16+08:00 ]NOTICE: Array to string conversionD:\wamp\www\Project\3601\App\Admin\Controller\DarlingController.php (111).
[ 2016-08-19T14:32:16+08:00 ]EXCEPTION: SELECT  *  FROM shop_goods_pp INNER JOIN shop_type_pp ON shop_type_pp.tpid = shop_goods_pp.shop_type_pp_tpid WHERE shop_goods_gid=A5 AND tptype=1 ;BindParams:array (
)42S22;1054;Unknown column 'A5' in 'where clause'
[ 2016-08-19T14:32:58+08:00 ]NOTICE: Illegal string offset 'group'D:\wamp\www\Project\3601\App\Admin\Controller\DarlingController.php (111).
[ 2016-08-19T14:32:58+08:00 ]NOTICE: Illegal string offset 'group'D:\wamp\www\Project\3601\App\Admin\Controller\DarlingController.php (111).
[ 2016-08-19T14:32:58+08:00 ]NOTICE: Illegal string offset 'group'D:\wamp\www\Project\3601\App\Admin\Controller\DarlingController.php (111).
[ 2016-08-19T14:32:58+08:00 ]NOTICE: Illegal string offset 'group'D:\wamp\www\Project\3601\App\Admin\Controller\DarlingController.php (111).
[ 2016-08-19T14:32:58+08:00 ]NOTICE: Illegal string offset 'group'D:\wamp\www\Project\3601\App\Admin\Controller\DarlingController.php (111).
[ 2016-08-19T14:32:59+08:00 ]NOTICE: Undefined variable: gD:\wamp\www\Project\3601\Storage\view\compile\8872bfd051a258949feaefd4c93f5a4a.php (45).
[ 2016-08-19T14:32:59+08:00 ]NOTICE: Undefined variable: gD:\wamp\www\Project\3601\Storage\view\compile\8872bfd051a258949feaefd4c93f5a4a.php (45).
[ 2016-08-19T14:32:59+08:00 ]NOTICE: Undefined variable: gD:\wamp\www\Project\3601\Storage\view\compile\8872bfd051a258949feaefd4c93f5a4a.php (45).
[ 2016-08-19T14:32:59+08:00 ]NOTICE: Undefined variable: gD:\wamp\www\Project\3601\Storage\view\compile\8872bfd051a258949feaefd4c93f5a4a.php (45).
[ 2016-08-19T14:32:59+08:00 ]NOTICE: Undefined variable: gD:\wamp\www\Project\3601\Storage\view\compile\8872bfd051a258949feaefd4c93f5a4a.php (45).
[ 2016-08-19T14:32:59+08:00 ]NOTICE: Undefined variable: gD:\wamp\www\Project\3601\Storage\view\compile\8872bfd051a258949feaefd4c93f5a4a.php (45).
[ 2016-08-19T14:32:59+08:00 ]NOTICE: Undefined variable: gD:\wamp\www\Project\3601\Storage\view\compile\8872bfd051a258949feaefd4c93f5a4a.php (45).
[ 2016-08-19T14:33:54+08:00 ]NOTICE: Undefined variable: gD:\wamp\www\Project\3601\Storage\view\compile\8872bfd051a258949feaefd4c93f5a4a.php (45).
[ 2016-08-19T14:33:54+08:00 ]NOTICE: Undefined variable: gD:\wamp\www\Project\3601\Storage\view\compile\8872bfd051a258949feaefd4c93f5a4a.php (45).
[ 2016-08-19T14:33:54+08:00 ]NOTICE: Undefined variable: gD:\wamp\www\Project\3601\Storage\view\compile\8872bfd051a258949feaefd4c93f5a4a.php (45).
[ 2016-08-19T14:33:54+08:00 ]NOTICE: Undefined variable: gD:\wamp\www\Project\3601\Storage\view\compile\8872bfd051a258949feaefd4c93f5a4a.php (45).
[ 2016-08-19T14:33:54+08:00 ]NOTICE: Undefined variable: gD:\wamp\www\Project\3601\Storage\view\compile\8872bfd051a258949feaefd4c93f5a4a.php (45).
[ 2016-08-19T14:33:54+08:00 ]NOTICE: Undefined variable: gD:\wamp\www\Project\3601\Storage\view\compile\8872bfd051a258949feaefd4c93f5a4a.php (45).
[ 2016-08-19T14:33:54+08:00 ]NOTICE: Undefined variable: gD:\wamp\www\Project\3601\Storage\view\compile\8872bfd051a258949feaefd4c93f5a4a.php (45).
[ 2016-08-19T14:34:15+08:00 ]NOTICE: Undefined variable: gD:\wamp\www\Project\3601\Storage\view\compile\8872bfd051a258949feaefd4c93f5a4a.php (45).
[ 2016-08-19T14:34:15+08:00 ]NOTICE: Undefined variable: gD:\wamp\www\Project\3601\Storage\view\compile\8872bfd051a258949feaefd4c93f5a4a.php (45).
[ 2016-08-19T14:34:15+08:00 ]NOTICE: Undefined variable: gD:\wamp\www\Project\3601\Storage\view\compile\8872bfd051a258949feaefd4c93f5a4a.php (45).
[ 2016-08-19T14:34:15+08:00 ]NOTICE: Undefined variable: gD:\wamp\www\Project\3601\Storage\view\compile\8872bfd051a258949feaefd4c93f5a4a.php (45).
[ 2016-08-19T14:34:15+08:00 ]NOTICE: Undefined variable: gD:\wamp\www\Project\3601\Storage\view\compile\8872bfd051a258949feaefd4c93f5a4a.php (45).
[ 2016-08-19T14:34:15+08:00 ]NOTICE: Undefined variable: gD:\wamp\www\Project\3601\Storage\view\compile\8872bfd051a258949feaefd4c93f5a4a.php (45).
[ 2016-08-19T14:34:15+08:00 ]NOTICE: Undefined variable: gD:\wamp\www\Project\3601\Storage\view\compile\8872bfd051a258949feaefd4c93f5a4a.php (45).
[ 2016-08-19T14:34:32+08:00 ]NOTICE: Illegal string offset 'group'D:\wamp\www\Project\3601\App\Admin\Controller\DarlingController.php (111).
[ 2016-08-19T14:34:32+08:00 ]NOTICE: Illegal string offset 'group'D:\wamp\www\Project\3601\App\Admin\Controller\DarlingController.php (111).
[ 2016-08-19T14:34:32+08:00 ]NOTICE: Illegal string offset 'group'D:\wamp\www\Project\3601\App\Admin\Controller\DarlingController.php (111).
[ 2016-08-19T14:34:32+08:00 ]NOTICE: Illegal string offset 'group'D:\wamp\www\Project\3601\App\Admin\Controller\DarlingController.php (111).
[ 2016-08-19T14:34:32+08:00 ]NOTICE: Illegal string offset 'group'D:\wamp\www\Project\3601\App\Admin\Controller\DarlingController.php (111).
[ 2016-08-19T14:34:32+08:00 ]NOTICE: Undefined variable: gD:\wamp\www\Project\3601\Storage\view\compile\8872bfd051a258949feaefd4c93f5a4a.php (45).
[ 2016-08-19T14:34:32+08:00 ]NOTICE: Undefined variable: gD:\wamp\www\Project\3601\Storage\view\compile\8872bfd051a258949feaefd4c93f5a4a.php (45).
[ 2016-08-19T14:34:32+08:00 ]NOTICE: Undefined variable: gD:\wamp\www\Project\3601\Storage\view\compile\8872bfd051a258949feaefd4c93f5a4a.php (45).
[ 2016-08-19T14:34:32+08:00 ]NOTICE: Undefined variable: gD:\wamp\www\Project\3601\Storage\view\compile\8872bfd051a258949feaefd4c93f5a4a.php (45).
[ 2016-08-19T14:34:32+08:00 ]NOTICE: Undefined variable: gD:\wamp\www\Project\3601\Storage\view\compile\8872bfd051a258949feaefd4c93f5a4a.php (45).
[ 2016-08-19T14:34:32+08:00 ]NOTICE: Undefined variable: gD:\wamp\www\Project\3601\Storage\view\compile\8872bfd051a258949feaefd4c93f5a4a.php (45).
[ 2016-08-19T14:34:32+08:00 ]NOTICE: Undefined variable: gD:\wamp\www\Project\3601\Storage\view\compile\8872bfd051a258949feaefd4c93f5a4a.php (45).
[ 2016-08-19T14:34:44+08:00 ]NOTICE: Illegal string offset 'group'D:\wamp\www\Project\3601\App\Admin\Controller\DarlingController.php (111).
[ 2016-08-19T14:34:44+08:00 ]NOTICE: Illegal string offset 'group'D:\wamp\www\Project\3601\App\Admin\Controller\DarlingController.php (111).
[ 2016-08-19T14:34:44+08:00 ]NOTICE: Illegal string offset 'group'D:\wamp\www\Project\3601\App\Admin\Controller\DarlingController.php (111).
[ 2016-08-19T14:34:44+08:00 ]NOTICE: Illegal string offset 'group'D:\wamp\www\Project\3601\App\Admin\Controller\DarlingController.php (111).
[ 2016-08-19T14:34:44+08:00 ]NOTICE: Illegal string offset 'group'D:\wamp\www\Project\3601\App\Admin\Controller\DarlingController.php (111).
[ 2016-08-19T14:34:44+08:00 ]NOTICE: Undefined variable: gD:\wamp\www\Project\3601\Storage\view\compile\8872bfd051a258949feaefd4c93f5a4a.php (45).
[ 2016-08-19T14:34:44+08:00 ]NOTICE: Undefined variable: gD:\wamp\www\Project\3601\Storage\view\compile\8872bfd051a258949feaefd4c93f5a4a.php (45).
[ 2016-08-19T14:34:44+08:00 ]NOTICE: Undefined variable: gD:\wamp\www\Project\3601\Storage\view\compile\8872bfd051a258949feaefd4c93f5a4a.php (45).
[ 2016-08-19T14:34:44+08:00 ]NOTICE: Undefined variable: gD:\wamp\www\Project\3601\Storage\view\compile\8872bfd051a258949feaefd4c93f5a4a.php (45).
[ 2016-08-19T14:34:44+08:00 ]NOTICE: Undefined variable: gD:\wamp\www\Project\3601\Storage\view\compile\8872bfd051a258949feaefd4c93f5a4a.php (45).
[ 2016-08-19T14:34:44+08:00 ]NOTICE: Undefined variable: gD:\wamp\www\Project\3601\Storage\view\compile\8872bfd051a258949feaefd4c93f5a4a.php (45).
[ 2016-08-19T14:34:44+08:00 ]NOTICE: Undefined variable: gD:\wamp\www\Project\3601\Storage\view\compile\8872bfd051a258949feaefd4c93f5a4a.php (45).
[ 2016-08-19T14:34:56+08:00 ]NOTICE: Undefined variable: gD:\wamp\www\Project\3601\Storage\view\compile\8872bfd051a258949feaefd4c93f5a4a.php (45).
[ 2016-08-19T14:34:56+08:00 ]NOTICE: Undefined variable: gD:\wamp\www\Project\3601\Storage\view\compile\8872bfd051a258949feaefd4c93f5a4a.php (45).
[ 2016-08-19T14:34:56+08:00 ]NOTICE: Undefined variable: gD:\wamp\www\Project\3601\Storage\view\compile\8872bfd051a258949feaefd4c93f5a4a.php (45).
[ 2016-08-19T14:34:56+08:00 ]NOTICE: Undefined variable: gD:\wamp\www\Project\3601\Storage\view\compile\8872bfd051a258949feaefd4c93f5a4a.php (45).
[ 2016-08-19T14:34:56+08:00 ]NOTICE: Undefined variable: gD:\wamp\www\Project\3601\Storage\view\compile\8872bfd051a258949feaefd4c93f5a4a.php (45).
[ 2016-08-19T14:34:56+08:00 ]NOTICE: Undefined variable: gD:\wamp\www\Project\3601\Storage\view\compile\8872bfd051a258949feaefd4c93f5a4a.php (45).
[ 2016-08-19T14:34:56+08:00 ]NOTICE: Undefined variable: gD:\wamp\www\Project\3601\Storage\view\compile\8872bfd051a258949feaefd4c93f5a4a.php (45).
[ 2016-08-19T14:35:31+08:00 ]NOTICE: Undefined variable: gD:\wamp\www\Project\3601\Storage\view\compile\8872bfd051a258949feaefd4c93f5a4a.php (45).
[ 2016-08-19T14:35:31+08:00 ]NOTICE: Undefined variable: gD:\wamp\www\Project\3601\Storage\view\compile\8872bfd051a258949feaefd4c93f5a4a.php (45).
[ 2016-08-19T14:35:31+08:00 ]NOTICE: Undefined variable: gD:\wamp\www\Project\3601\Storage\view\compile\8872bfd051a258949feaefd4c93f5a4a.php (45).
[ 2016-08-19T14:35:31+08:00 ]NOTICE: Undefined variable: gD:\wamp\www\Project\3601\Storage\view\compile\8872bfd051a258949feaefd4c93f5a4a.php (45).
[ 2016-08-19T14:35:31+08:00 ]NOTICE: Undefined variable: gD:\wamp\www\Project\3601\Storage\view\compile\8872bfd051a258949feaefd4c93f5a4a.php (45).
[ 2016-08-19T14:35:31+08:00 ]NOTICE: Undefined variable: gD:\wamp\www\Project\3601\Storage\view\compile\8872bfd051a258949feaefd4c93f5a4a.php (45).
[ 2016-08-19T14:35:31+08:00 ]NOTICE: Undefined variable: gD:\wamp\www\Project\3601\Storage\view\compile\8872bfd051a258949feaefd4c93f5a4a.php (45).
[ 2016-08-19T14:56:01+08:00 ]NOTICE: Undefined variable: pageD:\wamp\www\Project\3601\Storage\view\compile\2d563ec543d7dd3eac1177ef46fb2c75.php (66).
[ 2016-08-19T14:56:05+08:00 ]NOTICE: Undefined variable: pageD:\wamp\www\Project\3601\Storage\view\compile\2d563ec543d7dd3eac1177ef46fb2c75.php (66).
[ 2016-08-19T14:56:09+08:00 ]NOTICE: Undefined variable: pageD:\wamp\www\Project\3601\Storage\view\compile\2d563ec543d7dd3eac1177ef46fb2c75.php (66).
[ 2016-08-19T14:58:20+08:00 ]NOTICE: Non-static method Hdphp\View\View::with() should not be called statically, assuming $this from incompatible contextD:\wamp\www\Project\3601\App\Admin\Controller\DarlingController.php (135).
[ 2016-08-19T14:58:20+08:00 ]NOTICE: Non-static method Hdphp\View\View::with() should not be called statically, assuming $this from incompatible contextD:\wamp\www\Project\3601\App\Admin\Controller\DarlingController.php (136).
[ 2016-08-19T14:58:20+08:00 ]NOTICE: Non-static method Hdphp\View\View::with() should not be called statically, assuming $this from incompatible contextD:\wamp\www\Project\3601\App\Admin\Controller\DarlingController.php (137).
[ 2016-08-19T14:58:20+08:00 ]NOTICE: Non-static method Hdphp\View\View::make() should not be called statically, assuming $this from incompatible contextD:\wamp\www\Project\3601\App\Admin\Controller\DarlingController.php (138).
[ 2016-08-19T14:58:20+08:00 ]NOTICE: Undefined property: Admin\Controller\DarlingController::$tplD:\wamp\www\Project\3601\Hdphp\View\View.php (38).
[ 2016-08-19T14:58:20+08:00 ]NOTICE: Undefined property: Admin\Controller\DarlingController::$tplD:\wamp\www\Project\3601\Hdphp\View\View.php (56).
[ 2016-08-19T14:58:20+08:00 ]EXCEPTION: 模板不存在
[ 2016-08-19T14:58:39+08:00 ]EXCEPTION: 模板不存在:App/Admin/View/Darling/编辑货品成功.php
[ 2016-08-19T14:59:15+08:00 ]NOTICE: Undefined variable: pageD:\wamp\www\Project\3601\Storage\view\compile\cdaf1e7d3fd0104d7450493dfb6fc61e.php (76).
[ 2016-08-19T14:59:21+08:00 ]NOTICE: Undefined variable: pageD:\wamp\www\Project\3601\Storage\view\compile\2d563ec543d7dd3eac1177ef46fb2c75.php (66).
[ 2016-08-19T14:59:50+08:00 ]NOTICE: Undefined variable: pageD:\wamp\www\Project\3601\Storage\view\compile\cdaf1e7d3fd0104d7450493dfb6fc61e.php (76).
[ 2016-08-19T14:59:52+08:00 ]NOTICE: Undefined variable: pageD:\wamp\www\Project\3601\Storage\view\compile\2d563ec543d7dd3eac1177ef46fb2c75.php (66).
[ 2016-08-19T14:59:54+08:00 ]NOTICE: Undefined variable: pageD:\wamp\www\Project\3601\Storage\view\compile\cdaf1e7d3fd0104d7450493dfb6fc61e.php (76).
[ 2016-08-19T14:59:56+08:00 ]NOTICE: Undefined variable: pageD:\wamp\www\Project\3601\Storage\view\compile\2d563ec543d7dd3eac1177ef46fb2c75.php (66).
[ 2016-08-19T15:00:39+08:00 ]NOTICE: Undefined variable: pageD:\wamp\www\Project\3601\Storage\view\compile\cdaf1e7d3fd0104d7450493dfb6fc61e.php (76).
[ 2016-08-19T15:00:40+08:00 ]NOTICE: Undefined variable: pageD:\wamp\www\Project\3601\Storage\view\compile\2d563ec543d7dd3eac1177ef46fb2c75.php (66).
[ 2016-08-19T15:00:41+08:00 ]NOTICE: Undefined variable: pageD:\wamp\www\Project\3601\Storage\view\compile\cdaf1e7d3fd0104d7450493dfb6fc61e.php (76).
[ 2016-08-19T15:00:46+08:00 ]NOTICE: Undefined variable: pageD:\wamp\www\Project\3601\Storage\view\compile\2d563ec543d7dd3eac1177ef46fb2c75.php (66).
[ 2016-08-19T15:02:04+08:00 ]EXCEPTION: 模板不存在:App/Admin/View/Darling/编辑货品成功.php
[ 2016-08-19T15:02:38+08:00 ]EXCEPTION: SELECT  tpid  FROM shop_type_pp WHERE shop_type_tid= AND tptype!=0 ;BindParams:array (
)42000;1064;You have an error in your SQL syntax; check the manual that corresponds to your MySQL server version for the right syntax to use near 'AND tptype!=0' at line 1
[ 2016-08-19T15:04:05+08:00 ]NOTICE: Undefined variable: pageD:\wamp\www\Project\3601\Storage\view\compile\cdaf1e7d3fd0104d7450493dfb6fc61e.php (76).
[ 2016-08-19T15:04:08+08:00 ]NOTICE: Undefined variable: pageD:\wamp\www\Project\3601\Storage\view\compile\2d563ec543d7dd3eac1177ef46fb2c75.php (66).
[ 2016-08-19T15:04:19+08:00 ]EXCEPTION: SELECT  tpid  FROM shop_type_pp WHERE shop_type_tid= AND tptype!=0 ;BindParams:array (
)42000;1064;You have an error in your SQL syntax; check the manual that corresponds to your MySQL server version for the right syntax to use near 'AND tptype!=0' at line 1
[ 2016-08-19T15:04:44+08:00 ]EXCEPTION: SELECT  tpid  FROM shop_type_pp WHERE shop_type_tid= AND tptype!=0 ;BindParams:array (
)42000;1064;You have an error in your SQL syntax; check the manual that corresponds to your MySQL server version for the right syntax to use near 'AND tptype!=0' at line 1
[ 2016-08-19T15:04:46+08:00 ]NOTICE: Undefined variable: pageD:\wamp\www\Project\3601\Storage\view\compile\cdaf1e7d3fd0104d7450493dfb6fc61e.php (76).
[ 2016-08-19T15:04:51+08:00 ]NOTICE: Undefined variable: pageD:\wamp\www\Project\3601\Storage\view\compile\2d563ec543d7dd3eac1177ef46fb2c75.php (66).
[ 2016-08-19T15:05:02+08:00 ]NOTICE: Undefined variable: pageD:\wamp\www\Project\3601\Storage\view\compile\cdaf1e7d3fd0104d7450493dfb6fc61e.php (76).
[ 2016-08-19T15:05:06+08:00 ]NOTICE: Undefined variable: pageD:\wamp\www\Project\3601\Storage\view\compile\2d563ec543d7dd3eac1177ef46fb2c75.php (66).
[ 2016-08-19T15:05:08+08:00 ]NOTICE: Undefined variable: pageD:\wamp\www\Project\3601\Storage\view\compile\cdaf1e7d3fd0104d7450493dfb6fc61e.php (76).
[ 2016-08-19T15:05:10+08:00 ]NOTICE: Undefined variable: pageD:\wamp\www\Project\3601\Storage\view\compile\2d563ec543d7dd3eac1177ef46fb2c75.php (66).
[ 2016-08-19T15:30:04+08:00 ]NOTICE: Undefined variable: pageD:\wamp\www\Project\3601\Storage\view\compile\cdaf1e7d3fd0104d7450493dfb6fc61e.php (76).
[ 2016-08-19T15:30:08+08:00 ]NOTICE: Undefined variable: pageD:\wamp\www\Project\3601\Storage\view\compile\2d563ec543d7dd3eac1177ef46fb2c75.php (66).
[ 2016-08-19T15:30:21+08:00 ]NOTICE: Undefined variable: pageD:\wamp\www\Project\3601\Storage\view\compile\2d563ec543d7dd3eac1177ef46fb2c75.php (66).
[ 2016-08-19T15:30:28+08:00 ]NOTICE: Undefined variable: pageD:\wamp\www\Project\3601\Storage\view\compile\cdaf1e7d3fd0104d7450493dfb6fc61e.php (76).
[ 2016-08-19T15:30:32+08:00 ]NOTICE: Undefined variable: pageD:\wamp\www\Project\3601\Storage\view\compile\2d563ec543d7dd3eac1177ef46fb2c75.php (66).
[ 2016-08-19T15:35:39+08:00 ]NOTICE: Undefined variable: pageD:\wamp\www\Project\3601\Storage\view\compile\cdaf1e7d3fd0104d7450493dfb6fc61e.php (76).
[ 2016-08-19T15:35:42+08:00 ]NOTICE: Undefined variable: pageD:\wamp\www\Project\3601\Storage\view\compile\cdaf1e7d3fd0104d7450493dfb6fc61e.php (76).
[ 2016-08-19T15:35:56+08:00 ]NOTICE: Undefined variable: pageD:\wamp\www\Project\3601\Storage\view\compile\2d563ec543d7dd3eac1177ef46fb2c75.php (66).
[ 2016-08-19T15:36:00+08:00 ]NOTICE: Undefined variable: pageD:\wamp\www\Project\3601\Storage\view\compile\2d563ec543d7dd3eac1177ef46fb2c75.php (66).
[ 2016-08-19T15:48:40+08:00 ]NOTICE: Undefined variable: pageD:\wamp\www\Project\3601\Storage\view\compile\cdaf1e7d3fd0104d7450493dfb6fc61e.php (76).
[ 2016-08-19T15:48:52+08:00 ]NOTICE: Undefined variable: pageD:\wamp\www\Project\3601\Storage\view\compile\2d563ec543d7dd3eac1177ef46fb2c75.php (66).
[ 2016-08-19T15:49:26+08:00 ]NOTICE: Undefined variable: pageD:\wamp\www\Project\3601\Storage\view\compile\cdaf1e7d3fd0104d7450493dfb6fc61e.php (76).
[ 2016-08-19T15:49:30+08:00 ]NOTICE: Non-static method Hdphp\View\View::with() should not be called statically, assuming $this from incompatible contextD:\wamp\www\Project\3601\App\Admin\Controller\DarlingController.php (38).
[ 2016-08-19T15:49:30+08:00 ]NOTICE: Non-static method Hdphp\View\View::with() should not be called statically, assuming $this from incompatible contextD:\wamp\www\Project\3601\App\Admin\Controller\DarlingController.php (40).
[ 2016-08-19T15:49:30+08:00 ]NOTICE: Non-static method Hdphp\View\View::make() should not be called statically, assuming $this from incompatible contextD:\wamp\www\Project\3601\App\Admin\Controller\DarlingController.php (41).
[ 2016-08-19T15:49:30+08:00 ]NOTICE: Undefined property: Admin\Controller\DarlingController::$tplD:\wamp\www\Project\3601\Hdphp\View\View.php (38).
[ 2016-08-19T15:49:30+08:00 ]NOTICE: Undefined property: Admin\Controller\DarlingController::$tplD:\wamp\www\Project\3601\Hdphp\View\View.php (56).
[ 2016-08-19T15:49:30+08:00 ]EXCEPTION: 模板不存在
[ 2016-08-19T15:49:38+08:00 ]NOTICE: Undefined variable: pageD:\wamp\www\Project\3601\Storage\view\compile\2d563ec543d7dd3eac1177ef46fb2c75.php (66).
[ 2016-08-19T15:49:45+08:00 ]EXCEPTION: SELECT  tpid  FROM shop_type_pp WHERE shop_type_tid= AND tptype!=0 ;BindParams:array (
)42000;1064;You have an error in your SQL syntax; check the manual that corresponds to your MySQL server version for the right syntax to use near 'AND tptype!=0' at line 1
[ 2016-08-19T15:49:55+08:00 ]NOTICE: Undefined variable: pageD:\wamp\www\Project\3601\Storage\view\compile\cdaf1e7d3fd0104d7450493dfb6fc61e.php (76).
[ 2016-08-19T15:49:58+08:00 ]NOTICE: Undefined variable: pageD:\wamp\www\Project\3601\Storage\view\compile\2d563ec543d7dd3eac1177ef46fb2c75.php (66).
[ 2016-08-19T15:50:02+08:00 ]NOTICE: Undefined variable: pageD:\wamp\www\Project\3601\Storage\view\compile\2d563ec543d7dd3eac1177ef46fb2c75.php (66).
[ 2016-08-19T15:55:28+08:00 ]NOTICE: Undefined variable: pageD:\wamp\www\Project\3601\Storage\view\compile\cdaf1e7d3fd0104d7450493dfb6fc61e.php (76).
[ 2016-08-19T15:55:29+08:00 ]NOTICE: Undefined variable: pageD:\wamp\www\Project\3601\Storage\view\compile\2d563ec543d7dd3eac1177ef46fb2c75.php (66).
[ 2016-08-19T15:55:32+08:00 ]NOTICE: Undefined variable: pageD:\wamp\www\Project\3601\Storage\view\compile\cdaf1e7d3fd0104d7450493dfb6fc61e.php (76).
[ 2016-08-19T15:55:33+08:00 ]NOTICE: Undefined variable: pageD:\wamp\www\Project\3601\Storage\view\compile\2d563ec543d7dd3eac1177ef46fb2c75.php (66).
[ 2016-08-19T15:55:44+08:00 ]EXCEPTION: Method Admin\Controller\DarlingController::35='35''() does not exist
[ 2016-08-19T15:55:58+08:00 ]NOTICE: Undefined variable: pageD:\wamp\www\Project\3601\Storage\view\compile\cdaf1e7d3fd0104d7450493dfb6fc61e.php (76).
[ 2016-08-19T15:56:02+08:00 ]NOTICE: Undefined variable: pageD:\wamp\www\Project\3601\Storage\view\compile\2d563ec543d7dd3eac1177ef46fb2c75.php (66).
[ 2016-08-19T15:56:17+08:00 ]EXCEPTION: Method Admin\Controller\DarlingController::35=35() does not exist
[ 2016-08-19T15:56:29+08:00 ]NOTICE: Undefined variable: pageD:\wamp\www\Project\3601\Storage\view\compile\cdaf1e7d3fd0104d7450493dfb6fc61e.php (76).
[ 2016-08-19T15:56:32+08:00 ]NOTICE: Undefined variable: pageD:\wamp\www\Project\3601\Storage\view\compile\2d563ec543d7dd3eac1177ef46fb2c75.php (66).
[ 2016-08-19T15:56:53+08:00 ]EXCEPTION: Method Admin\Controller\DarlingController::gid=35() does not exist
[ 2016-08-19T15:57:41+08:00 ]NOTICE: Undefined variable: pageD:\wamp\www\Project\3601\Storage\view\compile\cdaf1e7d3fd0104d7450493dfb6fc61e.php (76).
[ 2016-08-19T15:57:45+08:00 ]NOTICE: Undefined variable: pageD:\wamp\www\Project\3601\Storage\view\compile\2d563ec543d7dd3eac1177ef46fb2c75.php (66).
[ 2016-08-19T15:59:13+08:00 ]EXCEPTION: SELECT  tpid  FROM shop_type_pp WHERE shop_type_tid= AND tptype!=0 ;BindParams:array (
)42000;1064;You have an error in your SQL syntax; check the manual that corresponds to your MySQL server version for the right syntax to use near 'AND tptype!=0' at line 1
[ 2016-08-19T15:59:43+08:00 ]NOTICE: Undefined variable: pageD:\wamp\www\Project\3601\Storage\view\compile\2d563ec543d7dd3eac1177ef46fb2c75.php (66).
[ 2016-08-19T16:00:27+08:00 ]NOTICE: Undefined variable: pageD:\wamp\www\Project\3601\Storage\view\compile\2d563ec543d7dd3eac1177ef46fb2c75.php (66).
[ 2016-08-19T16:00:31+08:00 ]NOTICE: Undefined variable: pageD:\wamp\www\Project\3601\Storage\view\compile\cdaf1e7d3fd0104d7450493dfb6fc61e.php (76).
[ 2016-08-19T16:00:33+08:00 ]NOTICE: Undefined variable: pageD:\wamp\www\Project\3601\Storage\view\compile\2d563ec543d7dd3eac1177ef46fb2c75.php (66).
[ 2016-08-19T16:00:39+08:00 ]NOTICE: Undefined variable: pageD:\wamp\www\Project\3601\Storage\view\compile\2d563ec543d7dd3eac1177ef46fb2c75.php (66).
[ 2016-08-19T16:00:50+08:00 ]NOTICE: Undefined variable: pageD:\wamp\www\Project\3601\Storage\view\compile\2d563ec543d7dd3eac1177ef46fb2c75.php (66).
[ 2016-08-19T16:03:21+08:00 ]NOTICE: Undefined variable: pageD:\wamp\www\Project\3601\Storage\view\compile\2d563ec543d7dd3eac1177ef46fb2c75.php (66).
[ 2016-08-19T16:05:35+08:00 ]NOTICE: Undefined variable: pageD:\wamp\www\Project\3601\Storage\view\compile\2d563ec543d7dd3eac1177ef46fb2c75.php (66).
[ 2016-08-19T16:05:38+08:00 ]NOTICE: Undefined variable: pageD:\wamp\www\Project\3601\Storage\view\compile\2d563ec543d7dd3eac1177ef46fb2c75.php (66).
[ 2016-08-19T16:05:40+08:00 ]NOTICE: Undefined variable: pageD:\wamp\www\Project\3601\Storage\view\compile\cdaf1e7d3fd0104d7450493dfb6fc61e.php (76).
[ 2016-08-19T16:06:41+08:00 ]NOTICE: Undefined variable: pageD:\wamp\www\Project\3601\Storage\view\compile\2d563ec543d7dd3eac1177ef46fb2c75.php (66).
[ 2016-08-19T16:07:30+08:00 ]NOTICE: Undefined variable: pageD:\wamp\www\Project\3601\Storage\view\compile\2d563ec543d7dd3eac1177ef46fb2c75.php (66).
[ 2016-08-19T16:08:55+08:00 ]NOTICE: Undefined variable: pageD:\wamp\www\Project\3601\Storage\view\compile\cdaf1e7d3fd0104d7450493dfb6fc61e.php (76).
[ 2016-08-19T16:08:58+08:00 ]NOTICE: Undefined variable: pageD:\wamp\www\Project\3601\Storage\view\compile\dd39ce05a282cea06b169c209effb00f.php (56).
[ 2016-08-19T16:09:06+08:00 ]NOTICE: Undefined variable: pageD:\wamp\www\Project\3601\Storage\view\compile\dd39ce05a282cea06b169c209effb00f.php (56).
[ 2016-08-19T16:09:08+08:00 ]NOTICE: Undefined variable: pageD:\wamp\www\Project\3601\Storage\view\compile\7b90bf9d0d3583f17b102df6aa5979db.php (67).
[ 2016-08-19T16:09:28+08:00 ]NOTICE: Undefined variable: pageD:\wamp\www\Project\3601\Storage\view\compile\dd39ce05a282cea06b169c209effb00f.php (56).
[ 2016-08-19T16:09:29+08:00 ]NOTICE: Undefined variable: pageD:\wamp\www\Project\3601\Storage\view\compile\7b90bf9d0d3583f17b102df6aa5979db.php (67).
[ 2016-08-19T16:09:54+08:00 ]NOTICE: Undefined variable: pageD:\wamp\www\Project\3601\Storage\view\compile\dd39ce05a282cea06b169c209effb00f.php (56).
[ 2016-08-19T16:09:56+08:00 ]NOTICE: Undefined variable: pageD:\wamp\www\Project\3601\Storage\view\compile\dd39ce05a282cea06b169c209effb00f.php (56).
[ 2016-08-19T16:09:57+08:00 ]NOTICE: Undefined variable: pageD:\wamp\www\Project\3601\Storage\view\compile\dd39ce05a282cea06b169c209effb00f.php (56).
[ 2016-08-19T16:09:59+08:00 ]NOTICE: Undefined variable: pageD:\wamp\www\Project\3601\Storage\view\compile\dd39ce05a282cea06b169c209effb00f.php (56).
[ 2016-08-19T16:10:01+08:00 ]NOTICE: Undefined variable: pageD:\wamp\www\Project\3601\Storage\view\compile\dd39ce05a282cea06b169c209effb00f.php (56).
[ 2016-08-19T16:10:02+08:00 ]NOTICE: Undefined variable: pageD:\wamp\www\Project\3601\Storage\view\compile\7b90bf9d0d3583f17b102df6aa5979db.php (68).
[ 2016-08-19T16:10:16+08:00 ]NOTICE: Undefined variable: pageD:\wamp\www\Project\3601\Storage\view\compile\7b90bf9d0d3583f17b102df6aa5979db.php (68).
[ 2016-08-19T16:10:17+08:00 ]NOTICE: Undefined variable: pageD:\wamp\www\Project\3601\Storage\view\compile\dd39ce05a282cea06b169c209effb00f.php (56).
[ 2016-08-19T16:10:20+08:00 ]NOTICE: Undefined variable: pageD:\wamp\www\Project\3601\Storage\view\compile\dd39ce05a282cea06b169c209effb00f.php (56).
[ 2016-08-19T16:10:45+08:00 ]NOTICE: Undefined variable: pageD:\wamp\www\Project\3601\Storage\view\compile\d2321ff4dbba56fbf66d46561f7ef14d.php (60).
[ 2016-08-19T16:10:50+08:00 ]NOTICE: Undefined variable: pageD:\wamp\www\Project\3601\Storage\view\compile\d2321ff4dbba56fbf66d46561f7ef14d.php (60).
[ 2016-08-19T16:10:53+08:00 ]NOTICE: Undefined variable: pageD:\wamp\www\Project\3601\Storage\view\compile\d2321ff4dbba56fbf66d46561f7ef14d.php (60).
[ 2016-08-19T16:10:56+08:00 ]NOTICE: Undefined variable: pageD:\wamp\www\Project\3601\Storage\view\compile\d2321ff4dbba56fbf66d46561f7ef14d.php (60).
[ 2016-08-19T16:10:59+08:00 ]NOTICE: Undefined variable: pageD:\wamp\www\Project\3601\Storage\view\compile\d2321ff4dbba56fbf66d46561f7ef14d.php (60).
[ 2016-08-19T16:11:01+08:00 ]NOTICE: Undefined variable: pageD:\wamp\www\Project\3601\Storage\view\compile\0d76f5ffa3f8801ff70ffa722b2b72c2.php (66).
[ 2016-08-19T16:11:01+08:00 ]NOTICE: Undefined variable: oldDataD:\wamp\www\Project\3601\Storage\view\compile\0d76f5ffa3f8801ff70ffa722b2b72c2.php (70).
[ 2016-08-19T16:11:01+08:00 ]NOTICE: Undefined variable: oldDataD:\wamp\www\Project\3601\Storage\view\compile\0d76f5ffa3f8801ff70ffa722b2b72c2.php (71).
[ 2016-08-19T16:11:04+08:00 ]NOTICE: Undefined variable: pageD:\wamp\www\Project\3601\Storage\view\compile\0d76f5ffa3f8801ff70ffa722b2b72c2.php (66).
[ 2016-08-19T16:11:04+08:00 ]NOTICE: Undefined variable: oldDataD:\wamp\www\Project\3601\Storage\view\compile\0d76f5ffa3f8801ff70ffa722b2b72c2.php (70).
[ 2016-08-19T16:11:04+08:00 ]NOTICE: Undefined variable: oldDataD:\wamp\www\Project\3601\Storage\view\compile\0d76f5ffa3f8801ff70ffa722b2b72c2.php (71).
[ 2016-08-19T16:11:07+08:00 ]NOTICE: Undefined variable: pageD:\wamp\www\Project\3601\Storage\view\compile\0d76f5ffa3f8801ff70ffa722b2b72c2.php (66).
[ 2016-08-19T16:11:07+08:00 ]NOTICE: Undefined variable: oldDataD:\wamp\www\Project\3601\Storage\view\compile\0d76f5ffa3f8801ff70ffa722b2b72c2.php (70).
[ 2016-08-19T16:11:07+08:00 ]NOTICE: Undefined variable: oldDataD:\wamp\www\Project\3601\Storage\view\compile\0d76f5ffa3f8801ff70ffa722b2b72c2.php (71).
[ 2016-08-19T16:11:12+08:00 ]NOTICE: Undefined variable: pageD:\wamp\www\Project\3601\Storage\view\compile\cdaf1e7d3fd0104d7450493dfb6fc61e.php (76).
[ 2016-08-19T16:11:17+08:00 ]NOTICE: Undefined variable: pageD:\wamp\www\Project\3601\Storage\view\compile\cdaf1e7d3fd0104d7450493dfb6fc61e.php (76).
[ 2016-08-19T16:11:19+08:00 ]NOTICE: Undefined variable: pageD:\wamp\www\Project\3601\Storage\view\compile\2d563ec543d7dd3eac1177ef46fb2c75.php (66).
[ 2016-08-19T16:11:51+08:00 ]NOTICE: Undefined variable: pageD:\wamp\www\Project\3601\Storage\view\compile\2d563ec543d7dd3eac1177ef46fb2c75.php (67).
[ 2016-08-19T16:11:53+08:00 ]NOTICE: Undefined variable: pageD:\wamp\www\Project\3601\Storage\view\compile\cdaf1e7d3fd0104d7450493dfb6fc61e.php (76).
[ 2016-08-19T16:11:56+08:00 ]NOTICE: Undefined variable: pageD:\wamp\www\Project\3601\Storage\view\compile\cdaf1e7d3fd0104d7450493dfb6fc61e.php (76).
[ 2016-08-19T16:11:58+08:00 ]NOTICE: Undefined variable: pageD:\wamp\www\Project\3601\Storage\view\compile\2d563ec543d7dd3eac1177ef46fb2c75.php (67).
[ 2016-08-19T16:12:01+08:00 ]NOTICE: Undefined variable: pageD:\wamp\www\Project\3601\Storage\view\compile\cdaf1e7d3fd0104d7450493dfb6fc61e.php (76).
[ 2016-08-19T16:12:03+08:00 ]NOTICE: Undefined variable: pageD:\wamp\www\Project\3601\Storage\view\compile\2d563ec543d7dd3eac1177ef46fb2c75.php (67).
[ 2016-08-19T16:12:05+08:00 ]NOTICE: Undefined variable: pageD:\wamp\www\Project\3601\Storage\view\compile\cdaf1e7d3fd0104d7450493dfb6fc61e.php (76).
[ 2016-08-19T16:12:06+08:00 ]NOTICE: Undefined variable: pageD:\wamp\www\Project\3601\Storage\view\compile\2d563ec543d7dd3eac1177ef46fb2c75.php (67).
[ 2016-08-19T16:12:10+08:00 ]NOTICE: Undefined variable: pageD:\wamp\www\Project\3601\Storage\view\compile\2d563ec543d7dd3eac1177ef46fb2c75.php (67).
[ 2016-08-19T16:12:12+08:00 ]NOTICE: Undefined variable: pageD:\wamp\www\Project\3601\Storage\view\compile\cdaf1e7d3fd0104d7450493dfb6fc61e.php (76).
[ 2016-08-19T16:37:28+08:00 ]NOTICE: implode(): Invalid arguments passedD:\wamp\www\Project\3601\App\Common\Model\Goods.php (31).
[ 2016-08-19T16:37:28+08:00 ]NOTICE: implode(): Invalid arguments passedD:\wamp\www\Project\3601\App\Common\Model\Goods.php (31).
[ 2016-08-19T16:37:28+08:00 ]NOTICE: implode(): Invalid arguments passedD:\wamp\www\Project\3601\App\Common\Model\Goods.php (31).
[ 2016-08-19T16:37:28+08:00 ]NOTICE: implode(): Invalid arguments passedD:\wamp\www\Project\3601\App\Common\Model\Goods.php (31).
[ 2016-08-19T16:37:45+08:00 ]NOTICE: implode(): Invalid arguments passedD:\wamp\www\Project\3601\App\Common\Model\Goods.php (31).
[ 2016-08-19T16:37:45+08:00 ]NOTICE: implode(): Invalid arguments passedD:\wamp\www\Project\3601\App\Common\Model\Goods.php (31).
[ 2016-08-19T16:37:45+08:00 ]NOTICE: implode(): Invalid arguments passedD:\wamp\www\Project\3601\App\Common\Model\Goods.php (31).
[ 2016-08-19T16:37:45+08:00 ]NOTICE: implode(): Invalid arguments passedD:\wamp\www\Project\3601\App\Common\Model\Goods.php (31).
[ 2016-08-19T16:44:10+08:00 ]NOTICE: implode(): Invalid arguments passedD:\wamp\www\Project\3601\App\Common\Model\Goods.php (33).
[ 2016-08-19T16:46:33+08:00 ]NOTICE: Undefined variable: pageD:\wamp\www\Project\3601\Storage\view\compile\cdaf1e7d3fd0104d7450493dfb6fc61e.php (76).
[ 2016-08-19T16:52:18+08:00 ]NOTICE: Undefined variable: pageD:\wamp\www\Project\3601\Storage\view\compile\cdaf1e7d3fd0104d7450493dfb6fc61e.php (76).
[ 2016-08-19T17:02:03+08:00 ]NOTICE: Undefined variable: pageD:\wamp\www\Project\3601\Storage\view\compile\dd39ce05a282cea06b169c209effb00f.php (56).
[ 2016-08-19T17:02:06+08:00 ]NOTICE: Undefined variable: pageD:\wamp\www\Project\3601\Storage\view\compile\d2321ff4dbba56fbf66d46561f7ef14d.php (60).
[ 2016-08-19T17:02:10+08:00 ]NOTICE: Undefined variable: pageD:\wamp\www\Project\3601\Storage\view\compile\0d76f5ffa3f8801ff70ffa722b2b72c2.php (66).
[ 2016-08-19T17:02:10+08:00 ]NOTICE: Undefined variable: oldDataD:\wamp\www\Project\3601\Storage\view\compile\0d76f5ffa3f8801ff70ffa722b2b72c2.php (70).
[ 2016-08-19T17:02:10+08:00 ]NOTICE: Undefined variable: oldDataD:\wamp\www\Project\3601\Storage\view\compile\0d76f5ffa3f8801ff70ffa722b2b72c2.php (71).
[ 2016-08-19T17:02:21+08:00 ]NOTICE: Undefined variable: pageD:\wamp\www\Project\3601\Storage\view\compile\cdaf1e7d3fd0104d7450493dfb6fc61e.php (76).
[ 2016-08-19T17:04:49+08:00 ]NOTICE: Undefined variable: pageD:\wamp\www\Project\3601\Storage\view\compile\cdaf1e7d3fd0104d7450493dfb6fc61e.php (76).
[ 2016-08-19T17:10:50+08:00 ]NOTICE: Cannot modify header information - headers already sent by (output started at D:\wamp\www\Project\3601\Hdphp\Kernel\Functions.php:131)D:\wamp\www\Project\3601\Storage\view\compile\cdaf1e7d3fd0104d7450493dfb6fc61e.php (7).
[ 2016-08-19T17:12:22+08:00 ]NOTICE: Undefined variable: pageD:\wamp\www\Project\3601\Storage\view\compile\0d76f5ffa3f8801ff70ffa722b2b72c2.php (66).
[ 2016-08-19T17:12:22+08:00 ]NOTICE: Undefined variable: oldDataD:\wamp\www\Project\3601\Storage\view\compile\0d76f5ffa3f8801ff70ffa722b2b72c2.php (70).
[ 2016-08-19T17:12:22+08:00 ]NOTICE: Undefined variable: oldDataD:\wamp\www\Project\3601\Storage\view\compile\0d76f5ffa3f8801ff70ffa722b2b72c2.php (71).
[ 2016-08-19T17:12:24+08:00 ]NOTICE: Undefined variable: pageD:\wamp\www\Project\3601\Storage\view\compile\d2321ff4dbba56fbf66d46561f7ef14d.php (60).
[ 2016-08-19T17:12:30+08:00 ]NOTICE: Undefined variable: pageD:\wamp\www\Project\3601\Storage\view\compile\dd39ce05a282cea06b169c209effb00f.php (56).
[ 2016-08-19T17:12:35+08:00 ]NOTICE: Undefined variable: pageD:\wamp\www\Project\3601\Storage\view\compile\0d76f5ffa3f8801ff70ffa722b2b72c2.php (66).
[ 2016-08-19T17:12:35+08:00 ]NOTICE: Undefined variable: oldDataD:\wamp\www\Project\3601\Storage\view\compile\0d76f5ffa3f8801ff70ffa722b2b72c2.php (70).
[ 2016-08-19T17:12:35+08:00 ]NOTICE: Undefined variable: oldDataD:\wamp\www\Project\3601\Storage\view\compile\0d76f5ffa3f8801ff70ffa722b2b72c2.php (71).
[ 2016-08-19T17:14:09+08:00 ]NOTICE: Undefined variable: pageD:\wamp\www\Project\3601\Storage\view\compile\0d76f5ffa3f8801ff70ffa722b2b72c2.php (66).
[ 2016-08-19T17:14:09+08:00 ]NOTICE: Undefined variable: oldDataD:\wamp\www\Project\3601\Storage\view\compile\0d76f5ffa3f8801ff70ffa722b2b72c2.php (70).
[ 2016-08-19T17:14:09+08:00 ]NOTICE: Undefined variable: oldDataD:\wamp\www\Project\3601\Storage\view\compile\0d76f5ffa3f8801ff70ffa722b2b72c2.php (71).
[ 2016-08-19T17:14:53+08:00 ]NOTICE: Undefined variable: pageD:\wamp\www\Project\3601\Storage\view\compile\0d76f5ffa3f8801ff70ffa722b2b72c2.php (66).
[ 2016-08-19T17:14:53+08:00 ]NOTICE: Undefined variable: oldDataD:\wamp\www\Project\3601\Storage\view\compile\0d76f5ffa3f8801ff70ffa722b2b72c2.php (70).
[ 2016-08-19T17:14:53+08:00 ]NOTICE: Undefined variable: oldDataD:\wamp\www\Project\3601\Storage\view\compile\0d76f5ffa3f8801ff70ffa722b2b72c2.php (71).
[ 2016-08-19T17:15:29+08:00 ]NOTICE: Undefined variable: pageD:\wamp\www\Project\3601\Storage\view\compile\0d76f5ffa3f8801ff70ffa722b2b72c2.php (66).
[ 2016-08-19T17:15:29+08:00 ]NOTICE: Undefined variable: oldDataD:\wamp\www\Project\3601\Storage\view\compile\0d76f5ffa3f8801ff70ffa722b2b72c2.php (70).
[ 2016-08-19T17:15:29+08:00 ]NOTICE: Undefined variable: oldDataD:\wamp\www\Project\3601\Storage\view\compile\0d76f5ffa3f8801ff70ffa722b2b72c2.php (71).
[ 2016-08-19T17:15:55+08:00 ]NOTICE: Undefined variable: pageD:\wamp\www\Project\3601\Storage\view\compile\0d76f5ffa3f8801ff70ffa722b2b72c2.php (66).
[ 2016-08-19T17:15:55+08:00 ]NOTICE: Undefined variable: oldDataD:\wamp\www\Project\3601\Storage\view\compile\0d76f5ffa3f8801ff70ffa722b2b72c2.php (70).
[ 2016-08-19T17:15:55+08:00 ]NOTICE: Undefined variable: oldDataD:\wamp\www\Project\3601\Storage\view\compile\0d76f5ffa3f8801ff70ffa722b2b72c2.php (71).
[ 2016-08-19T17:16:46+08:00 ]NOTICE: Undefined variable: pageD:\wamp\www\Project\3601\Storage\view\compile\0d76f5ffa3f8801ff70ffa722b2b72c2.php (65).
[ 2016-08-19T17:16:46+08:00 ]NOTICE: Undefined variable: oldDataD:\wamp\www\Project\3601\Storage\view\compile\0d76f5ffa3f8801ff70ffa722b2b72c2.php (69).
[ 2016-08-19T17:16:46+08:00 ]NOTICE: Undefined variable: oldDataD:\wamp\www\Project\3601\Storage\view\compile\0d76f5ffa3f8801ff70ffa722b2b72c2.php (70).
[ 2016-08-19T17:18:54+08:00 ]NOTICE: Undefined variable: oldDataD:\wamp\www\Project\3601\Storage\view\compile\0d76f5ffa3f8801ff70ffa722b2b72c2.php (69).
[ 2016-08-19T17:18:54+08:00 ]NOTICE: Undefined variable: oldDataD:\wamp\www\Project\3601\Storage\view\compile\0d76f5ffa3f8801ff70ffa722b2b72c2.php (70).
[ 2016-08-19T17:19:07+08:00 ]NOTICE: Undefined variable: pageD:\wamp\www\Project\3601\Storage\view\compile\d2321ff4dbba56fbf66d46561f7ef14d.php (60).
[ 2016-08-19T17:19:10+08:00 ]NOTICE: Undefined variable: pageD:\wamp\www\Project\3601\Storage\view\compile\dd39ce05a282cea06b169c209effb00f.php (56).
[ 2016-08-19T17:26:59+08:00 ]NOTICE: Undefined variable: pageD:\wamp\www\Project\3601\Storage\view\compile\d2321ff4dbba56fbf66d46561f7ef14d.php (60).
[ 2016-08-19T17:36:36+08:00 ]NOTICE: Division by zeroD:\wamp\www\Project\3601\Hdphp\Page\Page.php (105).
[ 2016-08-19T17:36:36+08:00 ]EXCEPTION: SELECT  *  FROM shop_goods INNER JOIN shop_brand ON shop_goods.shop_brand_bid = shop_brand.bid  INNER JOIN shop_cate ON shop_goods.shop_cate_cid = shop_cate.cid  INNER JOIN shop_type ON shop_goods.shop_type_tid = shop_type.tid LIMIT 0, ;BindParams:array (
)42000;1064;You have an error in your SQL syntax; check the manual that corresponds to your MySQL server version for the right syntax to use near '' at line 1
[ 2016-08-19T17:38:30+08:00 ]NOTICE: Undefined variable: pageD:\wamp\www\Project\3601\Storage\view\compile\dd39ce05a282cea06b169c209effb00f.php (56).
[ 2016-08-19T17:40:17+08:00 ]NOTICE: Undefined variable: pageD:\wamp\www\Project\3601\Storage\view\compile\dd39ce05a282cea06b169c209effb00f.php (56).
[ 2016-08-19T17:41:29+08:00 ]NOTICE: Division by zeroD:\wamp\www\Project\3601\Hdphp\Page\Page.php (105).
[ 2016-08-19T17:41:29+08:00 ]EXCEPTION: SELECT  *  FROM shop_brand LIMIT 0,webSet.BRAND ;BindParams:array (
)42000;1327;Undeclared variable: webSet
[ 2016-08-19T17:41:47+08:00 ]NOTICE: Division by zeroD:\wamp\www\Project\3601\Hdphp\Page\Page.php (105).
[ 2016-08-19T17:41:47+08:00 ]EXCEPTION: SELECT  *  FROM shop_brand LIMIT 0, ;BindParams:array (
)42000;1064;You have an error in your SQL syntax; check the manual that corresponds to your MySQL server version for the right syntax to use near '' at line 1
[ 2016-08-19T17:42:11+08:00 ]NOTICE: Undefined variable: oldDataD:\wamp\www\Project\3601\Storage\view\compile\0d76f5ffa3f8801ff70ffa722b2b72c2.php (69).
[ 2016-08-19T17:42:11+08:00 ]NOTICE: Undefined variable: oldDataD:\wamp\www\Project\3601\Storage\view\compile\0d76f5ffa3f8801ff70ffa722b2b72c2.php (70).
[ 2016-08-19T17:42:15+08:00 ]NOTICE: Undefined variable: pageD:\wamp\www\Project\3601\Storage\view\compile\2d563ec543d7dd3eac1177ef46fb2c75.php (67).
[ 2016-08-19T17:42:27+08:00 ]NOTICE: Undefined variable: pageD:\wamp\www\Project\3601\Storage\view\compile\2d563ec543d7dd3eac1177ef46fb2c75.php (67).
[ 2016-08-19T17:44:31+08:00 ]NOTICE: Non-static method Hdphp\View\View::with() should not be called statically, assuming $this from incompatible contextD:\wamp\www\Project\3601\App\Admin\Controller\DarlingController.php (12).
[ 2016-08-19T17:44:31+08:00 ]NOTICE: Non-static method Hdphp\View\View::with() should not be called statically, assuming $this from incompatible contextD:\wamp\www\Project\3601\App\Admin\Controller\DarlingController.php (40).
[ 2016-08-19T17:44:31+08:00 ]NOTICE: Non-static method Hdphp\View\View::with() should not be called statically, assuming $this from incompatible contextD:\wamp\www\Project\3601\App\Admin\Controller\DarlingController.php (42).
[ 2016-08-19T17:44:31+08:00 ]NOTICE: Non-static method Hdphp\View\View::make() should not be called statically, assuming $this from incompatible contextD:\wamp\www\Project\3601\App\Admin\Controller\DarlingController.php (43).
[ 2016-08-19T17:44:31+08:00 ]NOTICE: Undefined property: Admin\Controller\DarlingController::$tplD:\wamp\www\Project\3601\Hdphp\View\View.php (38).
[ 2016-08-19T17:44:31+08:00 ]NOTICE: Undefined property: Admin\Controller\DarlingController::$tplD:\wamp\www\Project\3601\Hdphp\View\View.php (56).
[ 2016-08-19T17:44:31+08:00 ]EXCEPTION: 模板不存在
[ 2016-08-19T17:45:04+08:00 ]EXCEPTION: Admin\Controller\LinkController 不存在
[ 2016-08-19T17:45:05+08:00 ]EXCEPTION: Admin\Controller\LinkController 不存在
[ 2016-08-19T17:45:55+08:00 ]EXCEPTION: Method Admin\Controller\DarlingController::gid=35() does not exist
[ 2016-08-19T17:48:24+08:00 ]NOTICE: Undefined variable: oldDataD:\wamp\www\Project\3601\Storage\view\compile\0d76f5ffa3f8801ff70ffa722b2b72c2.php (69).
[ 2016-08-19T17:48:24+08:00 ]NOTICE: Undefined variable: oldDataD:\wamp\www\Project\3601\Storage\view\compile\0d76f5ffa3f8801ff70ffa722b2b72c2.php (70).
[ 2016-08-19T17:49:18+08:00 ]NOTICE: Undefined variable: pageD:\wamp\www\Project\3601\Storage\view\compile\dd39ce05a282cea06b169c209effb00f.php (56).
[ 2016-08-19T17:49:23+08:00 ]EXCEPTION: Admin\Controller\LinkController 不存在
[ 2016-08-19T17:52:36+08:00 ]EXCEPTION: 模板不存在:App/Admin/View/Link/add.php
[ 2016-08-19T17:52:36+08:00 ]EXCEPTION: 模板不存在:App/Admin/View/Link/index.php
