[ 2016-08-23T14:03:48+08:00 ]NOTICE: Cannot modify header information - headers already sent by (output started at D:\wamp\www\Project\3601\Hdphp\Kernel\Functions.php:131)D:\wamp\www\Project\3601\Storage\view\compile\afdce09b6879141ead2167fb28c505be.php (7).
[ 2016-08-23T14:05:24+08:00 ]NOTICE: Cannot modify header information - headers already sent by (output started at D:\wamp\www\Project\3601\Hdphp\Kernel\Functions.php:131)D:\wamp\www\Project\3601\Storage\view\compile\afdce09b6879141ead2167fb28c505be.php (7).
[ 2016-08-23T14:05:35+08:00 ]NOTICE: Cannot modify header information - headers already sent by (output started at D:\wamp\www\Project\3601\Hdphp\Kernel\Functions.php:131)D:\wamp\www\Project\3601\Storage\view\compile\afdce09b6879141ead2167fb28c505be.php (7).
[ 2016-08-23T14:05:44+08:00 ]NOTICE: Cannot modify header information - headers already sent by (output started at D:\wamp\www\Project\3601\Hdphp\Kernel\Functions.php:131)D:\wamp\www\Project\3601\Storage\view\compile\afdce09b6879141ead2167fb28c505be.php (7).
[ 2016-08-23T14:06:08+08:00 ]NOTICE: Cannot modify header information - headers already sent by (output started at D:\wamp\www\Project\3601\Hdphp\Kernel\Functions.php:131)D:\wamp\www\Project\3601\Storage\view\compile\afdce09b6879141ead2167fb28c505be.php (7).
[ 2016-08-23T14:07:22+08:00 ]NOTICE: Undefined variable: pageD:\wamp\www\Project\3601\Storage\view\compile\d2321ff4dbba56fbf66d46561f7ef14d.php (60).
[ 2016-08-23T14:07:57+08:00 ]NOTICE: Undefined variable: pageD:\wamp\www\Project\3601\Storage\view\compile\d2321ff4dbba56fbf66d46561f7ef14d.php (60).
[ 2016-08-23T14:08:13+08:00 ]NOTICE: Cannot modify header information - headers already sent by (output started at D:\wamp\www\Project\3601\Hdphp\Kernel\Functions.php:131)D:\wamp\www\Project\3601\Storage\view\compile\afdce09b6879141ead2167fb28c505be.php (7).
[ 2016-08-23T14:09:18+08:00 ]NOTICE: Cannot modify header information - headers already sent by (output started at D:\wamp\www\Project\3601\Hdphp\Kernel\Functions.php:131)D:\wamp\www\Project\3601\Storage\view\compile\afdce09b6879141ead2167fb28c505be.php (7).
[ 2016-08-23T14:09:38+08:00 ]NOTICE: Cannot modify header information - headers already sent by (output started at D:\wamp\www\Project\3601\Hdphp\Kernel\Functions.php:131)D:\wamp\www\Project\3601\Storage\view\compile\afdce09b6879141ead2167fb28c505be.php (7).
[ 2016-08-23T14:15:22+08:00 ]NOTICE: Cannot modify header information - headers already sent by (output started at D:\wamp\www\Project\3601\Hdphp\Kernel\Functions.php:131)D:\wamp\www\Project\3601\Storage\view\compile\afdce09b6879141ead2167fb28c505be.php (7).
[ 2016-08-23T14:15:51+08:00 ]NOTICE: Cannot modify header information - headers already sent by (output started at D:\wamp\www\Project\3601\Hdphp\Kernel\Functions.php:131)D:\wamp\www\Project\3601\Storage\view\compile\afdce09b6879141ead2167fb28c505be.php (7).
[ 2016-08-23T14:16:35+08:00 ]NOTICE: Cannot modify header information - headers already sent by (output started at D:\wamp\www\Project\3601\Hdphp\Kernel\Functions.php:131)D:\wamp\www\Project\3601\Storage\view\compile\afdce09b6879141ead2167fb28c505be.php (7).
[ 2016-08-23T14:23:27+08:00 ]NOTICE: Cannot modify header information - headers already sent by (output started at D:\wamp\www\Project\3601\Hdphp\Kernel\Functions.php:131)D:\wamp\www\Project\3601\Storage\view\compile\afdce09b6879141ead2167fb28c505be.php (7).
[ 2016-08-23T14:23:49+08:00 ]NOTICE: Cannot modify header information - headers already sent by (output started at D:\wamp\www\Project\3601\Hdphp\Kernel\Functions.php:131)D:\wamp\www\Project\3601\Storage\view\compile\afdce09b6879141ead2167fb28c505be.php (7).
[ 2016-08-23T14:24:08+08:00 ]NOTICE: Cannot modify header information - headers already sent by (output started at D:\wamp\www\Project\3601\Hdphp\Kernel\Functions.php:131)D:\wamp\www\Project\3601\Storage\view\compile\afdce09b6879141ead2167fb28c505be.php (7).
[ 2016-08-23T14:34:21+08:00 ]NOTICE: Cannot modify header information - headers already sent by (output started at D:\wamp\www\Project\3601\Hdphp\Kernel\Functions.php:131)D:\wamp\www\Project\3601\Storage\view\compile\afdce09b6879141ead2167fb28c505be.php (7).
[ 2016-08-23T14:34:21+08:00 ]NOTICE: Undefined variable: topCateD:\wamp\www\Project\3601\Storage\view\compile\0c28e7150ba5d668f4a1564650d3d0d8.php (199).
[ 2016-08-23T14:34:21+08:00 ]NOTICE: Invalid argument supplied for foreach()D:\wamp\www\Project\3601\Storage\view\compile\0c28e7150ba5d668f4a1564650d3d0d8.php (199).
[ 2016-08-23T14:35:13+08:00 ]NOTICE: Cannot modify header information - headers already sent by (output started at D:\wamp\www\Project\3601\Hdphp\Kernel\Functions.php:131)D:\wamp\www\Project\3601\Storage\view\compile\afdce09b6879141ead2167fb28c505be.php (7).
[ 2016-08-23T14:35:13+08:00 ]NOTICE: Undefined variable: topCateD:\wamp\www\Project\3601\Storage\view\compile\0c28e7150ba5d668f4a1564650d3d0d8.php (199).
[ 2016-08-23T14:35:13+08:00 ]NOTICE: Invalid argument supplied for foreach()D:\wamp\www\Project\3601\Storage\view\compile\0c28e7150ba5d668f4a1564650d3d0d8.php (199).
[ 2016-08-23T14:36:28+08:00 ]NOTICE: Cannot modify header information - headers already sent by (output started at D:\wamp\www\Project\3601\Hdphp\Kernel\Functions.php:131)D:\wamp\www\Project\3601\Storage\view\compile\afdce09b6879141ead2167fb28c505be.php (7).
[ 2016-08-23T14:36:28+08:00 ]NOTICE: Undefined variable: topCateD:\wamp\www\Project\3601\Storage\view\compile\0c28e7150ba5d668f4a1564650d3d0d8.php (199).
[ 2016-08-23T14:36:28+08:00 ]NOTICE: Invalid argument supplied for foreach()D:\wamp\www\Project\3601\Storage\view\compile\0c28e7150ba5d668f4a1564650d3d0d8.php (199).
[ 2016-08-23T14:38:16+08:00 ]NOTICE: Cannot modify header information - headers already sent by (output started at D:\wamp\www\Project\3601\Hdphp\Kernel\Functions.php:131)D:\wamp\www\Project\3601\Storage\view\compile\afdce09b6879141ead2167fb28c505be.php (7).
[ 2016-08-23T14:39:51+08:00 ]NOTICE: Cannot modify header information - headers already sent by (output started at D:\wamp\www\Project\3601\Hdphp\Kernel\Functions.php:131)D:\wamp\www\Project\3601\Storage\view\compile\afdce09b6879141ead2167fb28c505be.php (7).
[ 2016-08-23T14:47:16+08:00 ]NOTICE: Cannot modify header information - headers already sent by (output started at D:\wamp\www\Project\3601\Hdphp\Kernel\Functions.php:131)D:\wamp\www\Project\3601\Storage\view\compile\afdce09b6879141ead2167fb28c505be.php (7).
[ 2016-08-23T14:47:22+08:00 ]NOTICE: Cannot modify header information - headers already sent by (output started at D:\wamp\www\Project\3601\Hdphp\Kernel\Functions.php:131)D:\wamp\www\Project\3601\Storage\view\compile\afdce09b6879141ead2167fb28c505be.php (7).
[ 2016-08-23T14:47:42+08:00 ]NOTICE: Cannot modify header information - headers already sent by (output started at D:\wamp\www\Project\3601\Hdphp\Kernel\Functions.php:131)D:\wamp\www\Project\3601\Storage\view\compile\afdce09b6879141ead2167fb28c505be.php (7).
[ 2016-08-23T15:44:16+08:00 ]NOTICE: Cannot modify header information - headers already sent by (output started at D:\wamp\www\Project\3601\Hdphp\Kernel\Functions.php:131)D:\wamp\www\Project\3601\Storage\view\compile\afdce09b6879141ead2167fb28c505be.php (7).
[ 2016-08-23T16:00:48+08:00 ]NOTICE: Cannot modify header information - headers already sent by (output started at D:\wamp\www\Project\3601\Hdphp\Kernel\Functions.php:131)D:\wamp\www\Project\3601\Storage\view\compile\afdce09b6879141ead2167fb28c505be.php (7).
[ 2016-08-23T16:00:51+08:00 ]NOTICE: Non-static method Hdphp\View\View::make() should not be called statically, assuming $this from incompatible contextD:\wamp\www\Project\3601\App\Home\Controller\CateController.php (7).
[ 2016-08-23T16:00:51+08:00 ]NOTICE: Undefined property: Home\Controller\CateController::$tplD:\wamp\www\Project\3601\Hdphp\View\View.php (38).
[ 2016-08-23T16:00:51+08:00 ]NOTICE: Undefined property: Home\Controller\CateController::$tplD:\wamp\www\Project\3601\Hdphp\View\View.php (56).
[ 2016-08-23T16:00:51+08:00 ]EXCEPTION: 模板不存在
[ 2016-08-23T16:02:18+08:00 ]EXCEPTION: 模板不存在:App/Home/View/Cate/index.php
[ 2016-08-23T16:05:13+08:00 ]EXCEPTION: 模板不存在:App/Home/View/Cate/../Public/Home/Common/header.php
[ 2016-08-23T16:05:44+08:00 ]EXCEPTION: 模板不存在:App/Home/View/Cate/../Public/Home/Common/footer.php
[ 2016-08-23T16:23:00+08:00 ]NOTICE: Use of undefined constant intval - assumed 'intval'D:\wamp\www\Project\3601\App\Home\Controller\CateController.php (5).
[ 2016-08-23T16:37:36+08:00 ]NOTICE: Array to string conversionD:\wamp\www\Project\3601\App\Home\Controller\CateController.php (11).
[ 2016-08-23T16:37:36+08:00 ]EXCEPTION: SELECT  gid  FROM shop_goods WHERE cid IN('.implode(',',Array).') ;BindParams:array (
)42S22;1054;Unknown column 'cid' in 'where clause'
[ 2016-08-23T16:38:13+08:00 ]NOTICE: Array to string conversionD:\wamp\www\Project\3601\App\Home\Controller\CateController.php (11).
[ 2016-08-23T16:38:13+08:00 ]EXCEPTION: SELECT  gid  FROM shop_goods WHERE cid IN(14,38,58,50,51,52,53,54,55,56,57,Array) ;BindParams:array (
)42S22;1054;Unknown column 'cid' in 'where clause'
[ 2016-08-23T16:38:54+08:00 ]NOTICE: Array to string conversionD:\wamp\www\Project\3601\App\Home\Controller\CateController.php (11).
[ 2016-08-23T16:38:54+08:00 ]EXCEPTION: SELECT  gid  FROM shop_goods WHERE shop_cate_cid IN(14,38,58,50,51,52,53,54,55,56,57,Array) ;BindParams:array (
)42S22;1054;Unknown column 'Array' in 'where clause'
[ 2016-08-23T16:42:11+08:00 ]NOTICE: Array to string conversionD:\wamp\www\Project\3601\App\Home\Controller\CateController.php (14).
[ 2016-08-23T16:42:11+08:00 ]EXCEPTION: SELECT  *  FROM shop_goods WHERE shop_cate_cid={$cids} ;BindParams:array (
)42000;1064;You have an error in your SQL syntax; check the manual that corresponds to your MySQL server version for the right syntax to use near '}' at line 1
[ 2016-08-23T16:42:56+08:00 ]NOTICE: Array to string conversionD:\wamp\www\Project\3601\App\Home\Controller\CateController.php (14).
[ 2016-08-23T16:42:56+08:00 ]EXCEPTION: SELECT  *  FROM shop_goods WHERE shop_cate_cid={$cids} ;BindParams:array (
)42000;1064;You have an error in your SQL syntax; check the manual that corresponds to your MySQL server version for the right syntax to use near '}' at line 1
[ 2016-08-23T16:44:21+08:00 ]EXCEPTION: SELECT  *  FROM shop_goods WHERE shop_cate_cid={$cids} ;BindParams:array (
)42000;1064;You have an error in your SQL syntax; check the manual that corresponds to your MySQL server version for the right syntax to use near '}' at line 1
[ 2016-08-23T17:42:21+08:00 ]EXCEPTION: Method Home\Controller\LoginController::reg() does not exist
[ 2016-08-23T17:47:00+08:00 ]EXCEPTION: Method Home\Controller\LoginController::login() does not exist
[ 2016-08-23T17:47:51+08:00 ]EXCEPTION: Method Home\Controller\LoginController::login() does not exist
[ 2016-08-23T17:51:53+08:00 ]EXCEPTION: Method Home\Controller\LoginController::login() does not exist
[ 2016-08-23T19:33:38+08:00 ]NOTICE: Undefined index: shop_type_pp_tpidD:\wamp\www\Project\3601\App\Home\Controller\CateController.php (26).
[ 2016-08-23T19:33:38+08:00 ]NOTICE: Undefined index: shop_type_pp_tpidD:\wamp\www\Project\3601\App\Home\Controller\CateController.php (26).
[ 2016-08-23T19:33:38+08:00 ]NOTICE: Undefined index: shop_type_pp_tpidD:\wamp\www\Project\3601\App\Home\Controller\CateController.php (26).
[ 2016-08-23T19:34:56+08:00 ]NOTICE: Cannot modify header information - headers already sent by (output started at D:\wamp\www\Project\3601\Hdphp\Kernel\Functions.php:131)D:\wamp\www\Project\3601\Storage\view\compile\240824fe9f8fe68540206bea0ab99a13.php (7).
[ 2016-08-23T19:36:41+08:00 ]NOTICE: Cannot modify header information - headers already sent by (output started at D:\wamp\www\Project\3601\Hdphp\Kernel\Functions.php:131)D:\wamp\www\Project\3601\Storage\view\compile\240824fe9f8fe68540206bea0ab99a13.php (7).
[ 2016-08-23T19:37:05+08:00 ]NOTICE: Cannot modify header information - headers already sent by (output started at D:\wamp\www\Project\3601\Hdphp\Kernel\Functions.php:131)D:\wamp\www\Project\3601\Storage\view\compile\240824fe9f8fe68540206bea0ab99a13.php (7).
[ 2016-08-23T19:38:40+08:00 ]NOTICE: Array to string conversionD:\wamp\www\Project\3601\App\Home\Controller\CateController.php (35).
[ 2016-08-23T19:38:40+08:00 ]NOTICE: Array to string conversionD:\wamp\www\Project\3601\App\Home\Controller\CateController.php (35).
[ 2016-08-23T19:38:40+08:00 ]NOTICE: Array to string conversionD:\wamp\www\Project\3601\App\Home\Controller\CateController.php (35).
[ 2016-08-23T19:38:40+08:00 ]NOTICE: Array to string conversionD:\wamp\www\Project\3601\App\Home\Controller\CateController.php (35).
[ 2016-08-23T19:38:40+08:00 ]NOTICE: Array to string conversionD:\wamp\www\Project\3601\App\Home\Controller\CateController.php (35).
[ 2016-08-23T19:38:40+08:00 ]NOTICE: Array to string conversionD:\wamp\www\Project\3601\App\Home\Controller\CateController.php (35).
[ 2016-08-23T19:38:40+08:00 ]NOTICE: Array to string conversionD:\wamp\www\Project\3601\App\Home\Controller\CateController.php (35).
[ 2016-08-23T19:38:40+08:00 ]NOTICE: Array to string conversionD:\wamp\www\Project\3601\App\Home\Controller\CateController.php (35).
[ 2016-08-23T19:38:40+08:00 ]NOTICE: Array to string conversionD:\wamp\www\Project\3601\App\Home\Controller\CateController.php (35).
[ 2016-08-23T19:38:40+08:00 ]NOTICE: Array to string conversionD:\wamp\www\Project\3601\App\Home\Controller\CateController.php (35).
[ 2016-08-23T19:38:40+08:00 ]NOTICE: Array to string conversionD:\wamp\www\Project\3601\App\Home\Controller\CateController.php (35).
[ 2016-08-23T19:38:40+08:00 ]NOTICE: Array to string conversionD:\wamp\www\Project\3601\App\Home\Controller\CateController.php (35).
[ 2016-08-23T19:38:40+08:00 ]NOTICE: Array to string conversionD:\wamp\www\Project\3601\App\Home\Controller\CateController.php (35).
[ 2016-08-23T19:38:40+08:00 ]NOTICE: Array to string conversionD:\wamp\www\Project\3601\App\Home\Controller\CateController.php (35).
[ 2016-08-23T19:38:40+08:00 ]NOTICE: Array to string conversionD:\wamp\www\Project\3601\App\Home\Controller\CateController.php (35).
[ 2016-08-23T19:38:40+08:00 ]NOTICE: Array to string conversionD:\wamp\www\Project\3601\App\Home\Controller\CateController.php (35).
[ 2016-08-23T19:38:40+08:00 ]NOTICE: Array to string conversionD:\wamp\www\Project\3601\App\Home\Controller\CateController.php (35).
[ 2016-08-23T19:38:40+08:00 ]NOTICE: Array to string conversionD:\wamp\www\Project\3601\App\Home\Controller\CateController.php (35).
[ 2016-08-23T19:38:40+08:00 ]NOTICE: Array to string conversionD:\wamp\www\Project\3601\App\Home\Controller\CateController.php (35).
[ 2016-08-23T19:38:40+08:00 ]NOTICE: Array to string conversionD:\wamp\www\Project\3601\App\Home\Controller\CateController.php (35).
[ 2016-08-23T19:38:40+08:00 ]NOTICE: Array to string conversionD:\wamp\www\Project\3601\App\Home\Controller\CateController.php (35).
[ 2016-08-23T19:38:40+08:00 ]NOTICE: Array to string conversionD:\wamp\www\Project\3601\App\Home\Controller\CateController.php (35).
[ 2016-08-23T19:38:40+08:00 ]NOTICE: Array to string conversionD:\wamp\www\Project\3601\App\Home\Controller\CateController.php (35).
[ 2016-08-23T19:38:40+08:00 ]NOTICE: Array to string conversionD:\wamp\www\Project\3601\App\Home\Controller\CateController.php (35).
[ 2016-08-23T19:38:40+08:00 ]NOTICE: Array to string conversionD:\wamp\www\Project\3601\App\Home\Controller\CateController.php (35).
[ 2016-08-23T19:38:40+08:00 ]NOTICE: Array to string conversionD:\wamp\www\Project\3601\App\Home\Controller\CateController.php (35).
[ 2016-08-23T19:38:40+08:00 ]NOTICE: Cannot modify header information - headers already sent by (output started at D:\wamp\www\Project\3601\Hdphp\Error\View\notice.php:10)D:\wamp\www\Project\3601\Storage\view\compile\240824fe9f8fe68540206bea0ab99a13.php (7).
[ 2016-08-23T19:39:23+08:00 ]NOTICE: Cannot modify header information - headers already sent by (output started at D:\wamp\www\Project\3601\Hdphp\Kernel\Functions.php:131)D:\wamp\www\Project\3601\Storage\view\compile\240824fe9f8fe68540206bea0ab99a13.php (7).
[ 2016-08-23T19:43:03+08:00 ]NOTICE: Non-static method Hdphp\View\View::with() should not be called statically, assuming $this from incompatible contextD:\wamp\www\Project\3601\App\Home\Controller\CateController.php (43).
[ 2016-08-23T19:43:03+08:00 ]NOTICE: Non-static method Hdphp\View\View::make() should not be called statically, assuming $this from incompatible contextD:\wamp\www\Project\3601\App\Home\Controller\CateController.php (44).
[ 2016-08-23T19:43:03+08:00 ]NOTICE: Undefined property: Home\Controller\CateController::$tplD:\wamp\www\Project\3601\Hdphp\View\View.php (38).
[ 2016-08-23T19:43:03+08:00 ]NOTICE: Undefined property: Home\Controller\CateController::$tplD:\wamp\www\Project\3601\Hdphp\View\View.php (56).
[ 2016-08-23T19:43:03+08:00 ]EXCEPTION: 模板不存在
[ 2016-08-23T19:44:59+08:00 ]NOTICE: Illegal string offset 'gpvalue'D:\wamp\www\Project\3601\Storage\view\compile\7d5499ba9939f7ff97fbcd1becf47e8a.php (191).
[ 2016-08-23T19:44:59+08:00 ]NOTICE: Undefined index: gpvalueD:\wamp\www\Project\3601\Storage\view\compile\7d5499ba9939f7ff97fbcd1becf47e8a.php (191).
[ 2016-08-23T19:44:59+08:00 ]NOTICE: Illegal string offset 'gpvalue'D:\wamp\www\Project\3601\Storage\view\compile\7d5499ba9939f7ff97fbcd1becf47e8a.php (191).
[ 2016-08-23T19:44:59+08:00 ]NOTICE: Undefined index: gpvalueD:\wamp\www\Project\3601\Storage\view\compile\7d5499ba9939f7ff97fbcd1becf47e8a.php (191).
[ 2016-08-23T19:44:59+08:00 ]NOTICE: Illegal string offset 'gpvalue'D:\wamp\www\Project\3601\Storage\view\compile\7d5499ba9939f7ff97fbcd1becf47e8a.php (191).
[ 2016-08-23T19:44:59+08:00 ]NOTICE: Undefined index: gpvalueD:\wamp\www\Project\3601\Storage\view\compile\7d5499ba9939f7ff97fbcd1becf47e8a.php (191).
[ 2016-08-23T20:25:42+08:00 ]NOTICE: Cannot modify header information - headers already sent by (output started at D:\wamp\www\Project\3601\Hdphp\Kernel\Functions.php:131)D:\wamp\www\Project\3601\Storage\view\compile\afdce09b6879141ead2167fb28c505be.php (7).
[ 2016-08-23T20:42:11+08:00 ]NOTICE: Undefined index: tpvalueD:\wamp\www\Project\3601\Storage\view\compile\7d5499ba9939f7ff97fbcd1becf47e8a.php (171).
[ 2016-08-23T20:42:11+08:00 ]NOTICE: Undefined index: tpvalueD:\wamp\www\Project\3601\Storage\view\compile\7d5499ba9939f7ff97fbcd1becf47e8a.php (171).
[ 2016-08-23T20:42:11+08:00 ]NOTICE: Undefined index: tpvalueD:\wamp\www\Project\3601\Storage\view\compile\7d5499ba9939f7ff97fbcd1becf47e8a.php (171).
[ 2016-08-23T20:42:11+08:00 ]NOTICE: Undefined index: tpvalueD:\wamp\www\Project\3601\Storage\view\compile\7d5499ba9939f7ff97fbcd1becf47e8a.php (171).
[ 2016-08-23T20:42:11+08:00 ]NOTICE: Undefined index: tpvalueD:\wamp\www\Project\3601\Storage\view\compile\7d5499ba9939f7ff97fbcd1becf47e8a.php (171).
[ 2016-08-23T20:42:11+08:00 ]NOTICE: Undefined index: tpvalueD:\wamp\www\Project\3601\Storage\view\compile\7d5499ba9939f7ff97fbcd1becf47e8a.php (171).
[ 2016-08-23T20:42:32+08:00 ]NOTICE: Use of undefined constant value - assumed 'value'D:\wamp\www\Project\3601\Storage\view\compile\7d5499ba9939f7ff97fbcd1becf47e8a.php (170).
[ 2016-08-23T20:42:32+08:00 ]NOTICE: Undefined index: tpvalueD:\wamp\www\Project\3601\Storage\view\compile\7d5499ba9939f7ff97fbcd1becf47e8a.php (171).
[ 2016-08-23T20:42:32+08:00 ]NOTICE: Undefined index: tpvalueD:\wamp\www\Project\3601\Storage\view\compile\7d5499ba9939f7ff97fbcd1becf47e8a.php (171).
[ 2016-08-23T20:42:32+08:00 ]NOTICE: Use of undefined constant value - assumed 'value'D:\wamp\www\Project\3601\Storage\view\compile\7d5499ba9939f7ff97fbcd1becf47e8a.php (170).
[ 2016-08-23T20:42:32+08:00 ]NOTICE: Undefined index: tpvalueD:\wamp\www\Project\3601\Storage\view\compile\7d5499ba9939f7ff97fbcd1becf47e8a.php (171).
[ 2016-08-23T20:42:32+08:00 ]NOTICE: Undefined index: tpvalueD:\wamp\www\Project\3601\Storage\view\compile\7d5499ba9939f7ff97fbcd1becf47e8a.php (171).
[ 2016-08-23T20:42:32+08:00 ]NOTICE: Use of undefined constant value - assumed 'value'D:\wamp\www\Project\3601\Storage\view\compile\7d5499ba9939f7ff97fbcd1becf47e8a.php (170).
[ 2016-08-23T20:42:32+08:00 ]NOTICE: Undefined index: tpvalueD:\wamp\www\Project\3601\Storage\view\compile\7d5499ba9939f7ff97fbcd1becf47e8a.php (171).
[ 2016-08-23T20:42:32+08:00 ]NOTICE: Undefined index: tpvalueD:\wamp\www\Project\3601\Storage\view\compile\7d5499ba9939f7ff97fbcd1becf47e8a.php (171).
[ 2016-08-23T20:54:43+08:00 ]NOTICE: Cannot modify header information - headers already sent by (output started at D:\wamp\www\Project\3601\Hdphp\Kernel\Functions.php:131)D:\wamp\www\Project\3601\Storage\view\compile\afdce09b6879141ead2167fb28c505be.php (7).
[ 2016-08-23T20:55:56+08:00 ]NOTICE: Cannot modify header information - headers already sent by (output started at D:\wamp\www\Project\3601\Hdphp\Kernel\Functions.php:131)D:\wamp\www\Project\3601\Storage\view\compile\afdce09b6879141ead2167fb28c505be.php (7).
[ 2016-08-23T20:56:20+08:00 ]NOTICE: Cannot modify header information - headers already sent by (output started at D:\wamp\www\Project\3601\Hdphp\Kernel\Functions.php:131)D:\wamp\www\Project\3601\Storage\view\compile\afdce09b6879141ead2167fb28c505be.php (7).
[ 2016-08-23T20:56:50+08:00 ]NOTICE: Cannot modify header information - headers already sent by (output started at D:\wamp\www\Project\3601\Hdphp\Kernel\Functions.php:131)D:\wamp\www\Project\3601\Storage\view\compile\afdce09b6879141ead2167fb28c505be.php (7).
[ 2016-08-23T20:57:16+08:00 ]NOTICE: Cannot modify header information - headers already sent by (output started at D:\wamp\www\Project\3601\Hdphp\Kernel\Functions.php:131)D:\wamp\www\Project\3601\Storage\view\compile\afdce09b6879141ead2167fb28c505be.php (7).
[ 2016-08-23T20:57:59+08:00 ]NOTICE: Cannot modify header information - headers already sent by (output started at D:\wamp\www\Project\3601\Hdphp\Kernel\Functions.php:131)D:\wamp\www\Project\3601\Storage\view\compile\afdce09b6879141ead2167fb28c505be.php (7).
[ 2016-08-23T21:07:34+08:00 ]EXCEPTION: Method Home\Controller\LoginController::login() does not exist
[ 2016-08-23T21:11:11+08:00 ]EXCEPTION: Method Home\Controller\LoginController::index() does not exist
[ 2016-08-23T21:11:25+08:00 ]EXCEPTION: Method Home\Controller\LoginController::index() does not exist
[ 2016-08-23T21:11:27+08:00 ]EXCEPTION: Method Home\Controller\LoginController::index() does not exist
