[ 2016-08-25T10:07:58+08:00 ]NOTICE: Undefined variable: oldDataD:\wamp\www\Project\3601\Storage\view\compile\0d76f5ffa3f8801ff70ffa722b2b72c2.php (69).
[ 2016-08-25T10:07:58+08:00 ]NOTICE: Undefined variable: oldDataD:\wamp\www\Project\3601\Storage\view\compile\0d76f5ffa3f8801ff70ffa722b2b72c2.php (70).
[ 2016-08-25T11:19:59+08:00 ]NOTICE: Undefined variable: pageD:\wamp\www\Project\3601\Storage\view\compile\dd39ce05a282cea06b169c209effb00f.php (56).
[ 2016-08-25T11:22:03+08:00 ]NOTICE: Non-static method Hdphp\View\View::with() should not be called statically, assuming $this from incompatible contextD:\wamp\www\Project\3601\App\Home\Controller\CateController.php (40).
[ 2016-08-25T11:22:03+08:00 ]NOTICE: Non-static method Hdphp\View\View::with() should not be called statically, assuming $this from incompatible contextD:\wamp\www\Project\3601\App\Home\Controller\CateController.php (46).
[ 2016-08-25T11:22:03+08:00 ]NOTICE: Non-static method Hdphp\View\View::with() should not be called statically, assuming $this from incompatible contextD:\wamp\www\Project\3601\App\Home\Controller\CateController.php (53).
[ 2016-08-25T11:22:03+08:00 ]NOTICE: Array to string conversionD:\wamp\www\Project\3601\App\Home\Controller\CateController.php (53).
[ 2016-08-25T11:22:03+08:00 ]NOTICE: Non-static method Hdphp\View\View::with() should not be called statically, assuming $this from incompatible contextD:\wamp\www\Project\3601\App\Home\Controller\CateController.php (64).
[ 2016-08-25T11:22:03+08:00 ]NOTICE: Non-static method Hdphp\View\View::make() should not be called statically, assuming $this from incompatible contextD:\wamp\www\Project\3601\App\Home\Controller\CateController.php (66).
[ 2016-08-25T11:22:03+08:00 ]NOTICE: Undefined property: Home\Controller\CateController::$tplD:\wamp\www\Project\3601\Hdphp\View\View.php (38).
[ 2016-08-25T11:22:03+08:00 ]NOTICE: Undefined property: Home\Controller\CateController::$tplD:\wamp\www\Project\3601\Hdphp\View\View.php (56).
[ 2016-08-25T11:22:03+08:00 ]EXCEPTION: 模板不存在
[ 2016-08-25T11:22:10+08:00 ]NOTICE: Array to string conversionD:\wamp\www\Project\3601\App\Home\Controller\CateController.php (52).
[ 2016-08-25T11:22:32+08:00 ]NOTICE: Array to string conversionD:\wamp\www\Project\3601\App\Home\Controller\CateController.php (51).
[ 2016-08-25T11:23:34+08:00 ]NOTICE: Undefined index: valueD:\wamp\www\Project\3601\Hdphp\View\HdphpTag.php (134).
[ 2016-08-25T11:24:35+08:00 ]NOTICE: Non-static method Hdphp\View\View::with() should not be called statically, assuming $this from incompatible contextD:\wamp\www\Project\3601\App\Home\Controller\CateController.php (40).
[ 2016-08-25T11:24:35+08:00 ]NOTICE: Non-static method Hdphp\View\View::with() should not be called statically, assuming $this from incompatible contextD:\wamp\www\Project\3601\App\Home\Controller\CateController.php (46).
[ 2016-08-25T11:24:35+08:00 ]NOTICE: Non-static method Hdphp\View\View::with() should not be called statically, assuming $this from incompatible contextD:\wamp\www\Project\3601\App\Home\Controller\CateController.php (53).
[ 2016-08-25T11:24:35+08:00 ]NOTICE: Non-static method Hdphp\View\View::with() should not be called statically, assuming $this from incompatible contextD:\wamp\www\Project\3601\App\Home\Controller\CateController.php (66).
[ 2016-08-25T11:24:35+08:00 ]NOTICE: Non-static method Hdphp\View\View::make() should not be called statically, assuming $this from incompatible contextD:\wamp\www\Project\3601\App\Home\Controller\CateController.php (68).
[ 2016-08-25T11:24:35+08:00 ]NOTICE: Undefined property: Home\Controller\CateController::$tplD:\wamp\www\Project\3601\Hdphp\View\View.php (38).
[ 2016-08-25T11:24:35+08:00 ]NOTICE: Undefined property: Home\Controller\CateController::$tplD:\wamp\www\Project\3601\Hdphp\View\View.php (56).
[ 2016-08-25T11:24:35+08:00 ]EXCEPTION: 模板不存在
[ 2016-08-25T14:22:25+08:00 ]NOTICE: Undefined index: cnameD:\wamp\www\Project\3601\Storage\view\compile\7d5499ba9939f7ff97fbcd1becf47e8a.php (184).
[ 2016-08-25T14:22:25+08:00 ]NOTICE: Undefined index: cnameD:\wamp\www\Project\3601\Storage\view\compile\7d5499ba9939f7ff97fbcd1becf47e8a.php (184).
[ 2016-08-25T14:22:25+08:00 ]NOTICE: Undefined index: cnameD:\wamp\www\Project\3601\Storage\view\compile\7d5499ba9939f7ff97fbcd1becf47e8a.php (184).
[ 2016-08-25T14:22:25+08:00 ]NOTICE: Undefined index: cnameD:\wamp\www\Project\3601\Storage\view\compile\7d5499ba9939f7ff97fbcd1becf47e8a.php (184).
[ 2016-08-25T14:24:00+08:00 ]NOTICE: Undefined index: cnameD:\wamp\www\Project\3601\Storage\view\compile\7d5499ba9939f7ff97fbcd1becf47e8a.php (183).
[ 2016-08-25T14:24:00+08:00 ]NOTICE: Undefined index: cnameD:\wamp\www\Project\3601\Storage\view\compile\7d5499ba9939f7ff97fbcd1becf47e8a.php (183).
[ 2016-08-25T14:24:00+08:00 ]NOTICE: Undefined index: cnameD:\wamp\www\Project\3601\Storage\view\compile\7d5499ba9939f7ff97fbcd1becf47e8a.php (183).
[ 2016-08-25T14:24:00+08:00 ]NOTICE: Undefined index: cnameD:\wamp\www\Project\3601\Storage\view\compile\7d5499ba9939f7ff97fbcd1becf47e8a.php (183).
[ 2016-08-25T14:25:38+08:00 ]NOTICE: Undefined variable: dataD:\wamp\www\Project\3601\Storage\view\compile\7d5499ba9939f7ff97fbcd1becf47e8a.php (220).
[ 2016-08-25T14:25:38+08:00 ]NOTICE: Invalid argument supplied for foreach()D:\wamp\www\Project\3601\Storage\view\compile\7d5499ba9939f7ff97fbcd1becf47e8a.php (220).
[ 2016-08-25T14:25:54+08:00 ]NOTICE: Undefined variable: dataD:\wamp\www\Project\3601\Storage\view\compile\7d5499ba9939f7ff97fbcd1becf47e8a.php (220).
[ 2016-08-25T14:25:54+08:00 ]NOTICE: Invalid argument supplied for foreach()D:\wamp\www\Project\3601\Storage\view\compile\7d5499ba9939f7ff97fbcd1becf47e8a.php (220).
[ 2016-08-25T14:34:37+08:00 ]NOTICE: Undefined variable: dataD:\wamp\www\Project\3601\Storage\view\compile\7d5499ba9939f7ff97fbcd1becf47e8a.php (220).
[ 2016-08-25T14:34:37+08:00 ]NOTICE: Invalid argument supplied for foreach()D:\wamp\www\Project\3601\Storage\view\compile\7d5499ba9939f7ff97fbcd1becf47e8a.php (220).
[ 2016-08-25T14:38:53+08:00 ]NOTICE: Non-static method Hdphp\View\View::with() should not be called statically, assuming $this from incompatible contextD:\wamp\www\Project\3601\App\Home\Controller\CateController.php (41).
[ 2016-08-25T14:38:53+08:00 ]NOTICE: Non-static method Hdphp\View\View::with() should not be called statically, assuming $this from incompatible contextD:\wamp\www\Project\3601\App\Home\Controller\CateController.php (47).
[ 2016-08-25T14:38:53+08:00 ]NOTICE: Non-static method Hdphp\View\View::with() should not be called statically, assuming $this from incompatible contextD:\wamp\www\Project\3601\App\Home\Controller\CateController.php (55).
[ 2016-08-25T14:38:53+08:00 ]NOTICE: Non-static method Hdphp\View\View::with() should not be called statically, assuming $this from incompatible contextD:\wamp\www\Project\3601\App\Home\Controller\CateController.php (68).
[ 2016-08-25T14:38:53+08:00 ]NOTICE: Non-static method Hdphp\View\View::make() should not be called statically, assuming $this from incompatible contextD:\wamp\www\Project\3601\App\Home\Controller\CateController.php (70).
[ 2016-08-25T14:38:53+08:00 ]NOTICE: Undefined property: Home\Controller\CateController::$tplD:\wamp\www\Project\3601\Hdphp\View\View.php (38).
[ 2016-08-25T14:38:53+08:00 ]NOTICE: Undefined property: Home\Controller\CateController::$tplD:\wamp\www\Project\3601\Hdphp\View\View.php (56).
[ 2016-08-25T14:38:53+08:00 ]EXCEPTION: 模板不存在
[ 2016-08-25T16:45:09+08:00 ]NOTICE: Use of undefined constant gid - assumed 'gid'D:\wamp\www\Project\3601\Storage\view\compile\7d5499ba9939f7ff97fbcd1becf47e8a.php (221).
[ 2016-08-25T16:45:09+08:00 ]NOTICE: Use of undefined constant gid - assumed 'gid'D:\wamp\www\Project\3601\Storage\view\compile\7d5499ba9939f7ff97fbcd1becf47e8a.php (221).
[ 2016-08-25T16:45:09+08:00 ]NOTICE: Use of undefined constant gid - assumed 'gid'D:\wamp\www\Project\3601\Storage\view\compile\7d5499ba9939f7ff97fbcd1becf47e8a.php (221).
[ 2016-08-25T16:45:09+08:00 ]NOTICE: Use of undefined constant gid - assumed 'gid'D:\wamp\www\Project\3601\Storage\view\compile\7d5499ba9939f7ff97fbcd1becf47e8a.php (221).
[ 2016-08-25T16:45:09+08:00 ]NOTICE: Use of undefined constant gid - assumed 'gid'D:\wamp\www\Project\3601\Storage\view\compile\7d5499ba9939f7ff97fbcd1becf47e8a.php (221).
[ 2016-08-25T16:45:09+08:00 ]NOTICE: Use of undefined constant gid - assumed 'gid'D:\wamp\www\Project\3601\Storage\view\compile\7d5499ba9939f7ff97fbcd1becf47e8a.php (221).
[ 2016-08-25T16:45:09+08:00 ]NOTICE: Use of undefined constant gid - assumed 'gid'D:\wamp\www\Project\3601\Storage\view\compile\7d5499ba9939f7ff97fbcd1becf47e8a.php (221).
[ 2016-08-25T16:45:09+08:00 ]NOTICE: Use of undefined constant gid - assumed 'gid'D:\wamp\www\Project\3601\Storage\view\compile\7d5499ba9939f7ff97fbcd1becf47e8a.php (221).
[ 2016-08-25T16:45:09+08:00 ]NOTICE: Use of undefined constant gid - assumed 'gid'D:\wamp\www\Project\3601\Storage\view\compile\7d5499ba9939f7ff97fbcd1becf47e8a.php (221).
[ 2016-08-25T16:45:09+08:00 ]NOTICE: Use of undefined constant gid - assumed 'gid'D:\wamp\www\Project\3601\Storage\view\compile\7d5499ba9939f7ff97fbcd1becf47e8a.php (221).
[ 2016-08-25T16:45:09+08:00 ]NOTICE: Use of undefined constant gid - assumed 'gid'D:\wamp\www\Project\3601\Storage\view\compile\7d5499ba9939f7ff97fbcd1becf47e8a.php (221).
[ 2016-08-25T16:45:09+08:00 ]NOTICE: Use of undefined constant gid - assumed 'gid'D:\wamp\www\Project\3601\Storage\view\compile\7d5499ba9939f7ff97fbcd1becf47e8a.php (221).
[ 2016-08-25T16:47:34+08:00 ]EXCEPTION: 模板不存在:App/Home/View/Content/../Public/Home/Common/header.php
[ 2016-08-25T17:56:40+08:00 ]NOTICE: Array to string conversionD:\wamp\www\Project\3601\Hdphp\Db\Mysql.php (204).
[ 2016-08-25T20:03:13+08:00 ]NOTICE: Undefined index: gnameD:\wamp\www\Project\3601\Storage\view\compile\2285f5ecd290c2ae060f2c24a56dc0d2.php (176).
[ 2016-08-25T20:03:13+08:00 ]NOTICE: Undefined index: gdesD:\wamp\www\Project\3601\Storage\view\compile\2285f5ecd290c2ae060f2c24a56dc0d2.php (182).
[ 2016-08-25T20:03:13+08:00 ]NOTICE: Undefined index: gpriceD:\wamp\www\Project\3601\Storage\view\compile\2285f5ecd290c2ae060f2c24a56dc0d2.php (188).
[ 2016-08-25T20:03:13+08:00 ]NOTICE: Undefined variable: vvD:\wamp\www\Project\3601\Storage\view\compile\2285f5ecd290c2ae060f2c24a56dc0d2.php (212).
[ 2016-08-25T20:06:47+08:00 ]EXCEPTION: SELECT  *  FROM shop_cate WHERE shop_goods_gid=45 ;BindParams:array (
)42S22;1054;Unknown column 'shop_goods_gid' in 'where clause'
[ 2016-08-25T20:31:47+08:00 ]NOTICE: Non-static method Hdphp\View\View::with() should not be called statically, assuming $this from incompatible contextD:\wamp\www\Project\3601\App\Home\Controller\ContentController.php (34).
[ 2016-08-25T20:31:47+08:00 ]NOTICE: Non-static method Hdphp\View\View::with() should not be called statically, assuming $this from incompatible contextD:\wamp\www\Project\3601\App\Home\Controller\ContentController.php (38).
[ 2016-08-25T20:31:47+08:00 ]NOTICE: Non-static method Hdphp\View\View::make() should not be called statically, assuming $this from incompatible contextD:\wamp\www\Project\3601\App\Home\Controller\ContentController.php (39).
[ 2016-08-25T20:31:47+08:00 ]NOTICE: Undefined property: Home\Controller\ContentController::$tplD:\wamp\www\Project\3601\Hdphp\View\View.php (38).
[ 2016-08-25T20:31:47+08:00 ]NOTICE: Undefined property: Home\Controller\ContentController::$tplD:\wamp\www\Project\3601\Hdphp\View\View.php (56).
[ 2016-08-25T20:31:47+08:00 ]EXCEPTION: 模板不存在
[ 2016-08-25T20:31:52+08:00 ]NOTICE: Illegal string offset 'gpvalue'D:\wamp\www\Project\3601\Storage\view\compile\2285f5ecd290c2ae060f2c24a56dc0d2.php (199).
[ 2016-08-25T20:31:52+08:00 ]NOTICE: Undefined index: gpvalueD:\wamp\www\Project\3601\Storage\view\compile\2285f5ecd290c2ae060f2c24a56dc0d2.php (199).
[ 2016-08-25T20:31:52+08:00 ]NOTICE: Illegal string offset 'gpvalue'D:\wamp\www\Project\3601\Storage\view\compile\2285f5ecd290c2ae060f2c24a56dc0d2.php (199).
[ 2016-08-25T20:31:52+08:00 ]NOTICE: Undefined index: gpvalueD:\wamp\www\Project\3601\Storage\view\compile\2285f5ecd290c2ae060f2c24a56dc0d2.php (199).
[ 2016-08-25T20:31:52+08:00 ]NOTICE: Illegal string offset 'gpvalue'D:\wamp\www\Project\3601\Storage\view\compile\2285f5ecd290c2ae060f2c24a56dc0d2.php (199).
[ 2016-08-25T20:31:52+08:00 ]NOTICE: Undefined index: gpvalueD:\wamp\www\Project\3601\Storage\view\compile\2285f5ecd290c2ae060f2c24a56dc0d2.php (199).
[ 2016-08-25T20:31:52+08:00 ]NOTICE: Undefined index: gpvalueD:\wamp\www\Project\3601\Storage\view\compile\2285f5ecd290c2ae060f2c24a56dc0d2.php (199).
[ 2016-08-25T20:32:10+08:00 ]NOTICE: Illegal string offset 'gpvalue'D:\wamp\www\Project\3601\Storage\view\compile\2285f5ecd290c2ae060f2c24a56dc0d2.php (199).
[ 2016-08-25T20:32:10+08:00 ]NOTICE: Undefined index: gpvalueD:\wamp\www\Project\3601\Storage\view\compile\2285f5ecd290c2ae060f2c24a56dc0d2.php (199).
[ 2016-08-25T20:32:10+08:00 ]NOTICE: Illegal string offset 'gpvalue'D:\wamp\www\Project\3601\Storage\view\compile\2285f5ecd290c2ae060f2c24a56dc0d2.php (199).
[ 2016-08-25T20:32:10+08:00 ]NOTICE: Undefined index: gpvalueD:\wamp\www\Project\3601\Storage\view\compile\2285f5ecd290c2ae060f2c24a56dc0d2.php (199).
[ 2016-08-25T20:32:10+08:00 ]NOTICE: Illegal string offset 'gpvalue'D:\wamp\www\Project\3601\Storage\view\compile\2285f5ecd290c2ae060f2c24a56dc0d2.php (199).
[ 2016-08-25T20:32:10+08:00 ]NOTICE: Undefined index: gpvalueD:\wamp\www\Project\3601\Storage\view\compile\2285f5ecd290c2ae060f2c24a56dc0d2.php (199).
[ 2016-08-25T20:32:10+08:00 ]NOTICE: Undefined index: gpvalueD:\wamp\www\Project\3601\Storage\view\compile\2285f5ecd290c2ae060f2c24a56dc0d2.php (199).
[ 2016-08-25T20:32:36+08:00 ]NOTICE: Illegal string offset 'gpvalue'D:\wamp\www\Project\3601\Storage\view\compile\2285f5ecd290c2ae060f2c24a56dc0d2.php (200).
[ 2016-08-25T20:32:36+08:00 ]NOTICE: Undefined index: gpvalueD:\wamp\www\Project\3601\Storage\view\compile\2285f5ecd290c2ae060f2c24a56dc0d2.php (200).
[ 2016-08-25T20:32:36+08:00 ]NOTICE: Illegal string offset 'gpvalue'D:\wamp\www\Project\3601\Storage\view\compile\2285f5ecd290c2ae060f2c24a56dc0d2.php (200).
[ 2016-08-25T20:32:36+08:00 ]NOTICE: Undefined index: gpvalueD:\wamp\www\Project\3601\Storage\view\compile\2285f5ecd290c2ae060f2c24a56dc0d2.php (200).
[ 2016-08-25T20:32:36+08:00 ]NOTICE: Illegal string offset 'gpvalue'D:\wamp\www\Project\3601\Storage\view\compile\2285f5ecd290c2ae060f2c24a56dc0d2.php (200).
[ 2016-08-25T20:32:36+08:00 ]NOTICE: Undefined index: gpvalueD:\wamp\www\Project\3601\Storage\view\compile\2285f5ecd290c2ae060f2c24a56dc0d2.php (200).
[ 2016-08-25T20:32:36+08:00 ]NOTICE: Undefined index: gpvalueD:\wamp\www\Project\3601\Storage\view\compile\2285f5ecd290c2ae060f2c24a56dc0d2.php (200).
[ 2016-08-25T20:32:54+08:00 ]NOTICE: Illegal string offset 'gpvalue'D:\wamp\www\Project\3601\Storage\view\compile\2285f5ecd290c2ae060f2c24a56dc0d2.php (199).
[ 2016-08-25T20:32:54+08:00 ]NOTICE: Undefined index: gpvalueD:\wamp\www\Project\3601\Storage\view\compile\2285f5ecd290c2ae060f2c24a56dc0d2.php (199).
[ 2016-08-25T20:32:54+08:00 ]NOTICE: Illegal string offset 'gpvalue'D:\wamp\www\Project\3601\Storage\view\compile\2285f5ecd290c2ae060f2c24a56dc0d2.php (199).
[ 2016-08-25T20:32:54+08:00 ]NOTICE: Undefined index: gpvalueD:\wamp\www\Project\3601\Storage\view\compile\2285f5ecd290c2ae060f2c24a56dc0d2.php (199).
[ 2016-08-25T20:32:54+08:00 ]NOTICE: Illegal string offset 'gpvalue'D:\wamp\www\Project\3601\Storage\view\compile\2285f5ecd290c2ae060f2c24a56dc0d2.php (199).
[ 2016-08-25T20:32:54+08:00 ]NOTICE: Undefined index: gpvalueD:\wamp\www\Project\3601\Storage\view\compile\2285f5ecd290c2ae060f2c24a56dc0d2.php (199).
[ 2016-08-25T20:32:54+08:00 ]NOTICE: Undefined index: gpvalueD:\wamp\www\Project\3601\Storage\view\compile\2285f5ecd290c2ae060f2c24a56dc0d2.php (199).
[ 2016-08-25T20:33:46+08:00 ]NOTICE: Illegal string offset 'gpvalue'D:\wamp\www\Project\3601\Storage\view\compile\2285f5ecd290c2ae060f2c24a56dc0d2.php (199).
[ 2016-08-25T20:33:46+08:00 ]NOTICE: Undefined index: gpvalueD:\wamp\www\Project\3601\Storage\view\compile\2285f5ecd290c2ae060f2c24a56dc0d2.php (199).
[ 2016-08-25T20:33:46+08:00 ]NOTICE: Illegal string offset 'gpvalue'D:\wamp\www\Project\3601\Storage\view\compile\2285f5ecd290c2ae060f2c24a56dc0d2.php (199).
[ 2016-08-25T20:33:46+08:00 ]NOTICE: Undefined index: gpvalueD:\wamp\www\Project\3601\Storage\view\compile\2285f5ecd290c2ae060f2c24a56dc0d2.php (199).
[ 2016-08-25T20:33:46+08:00 ]NOTICE: Illegal string offset 'gpvalue'D:\wamp\www\Project\3601\Storage\view\compile\2285f5ecd290c2ae060f2c24a56dc0d2.php (199).
[ 2016-08-25T20:33:46+08:00 ]NOTICE: Undefined index: gpvalueD:\wamp\www\Project\3601\Storage\view\compile\2285f5ecd290c2ae060f2c24a56dc0d2.php (199).
[ 2016-08-25T20:33:46+08:00 ]NOTICE: Undefined index: gpvalueD:\wamp\www\Project\3601\Storage\view\compile\2285f5ecd290c2ae060f2c24a56dc0d2.php (199).
[ 2016-08-25T20:33:58+08:00 ]NOTICE: Illegal string offset 'gpvalue'D:\wamp\www\Project\3601\Storage\view\compile\2285f5ecd290c2ae060f2c24a56dc0d2.php (199).
[ 2016-08-25T20:33:58+08:00 ]NOTICE: Undefined index: gpvalueD:\wamp\www\Project\3601\Storage\view\compile\2285f5ecd290c2ae060f2c24a56dc0d2.php (199).
[ 2016-08-25T20:33:58+08:00 ]NOTICE: Illegal string offset 'gpvalue'D:\wamp\www\Project\3601\Storage\view\compile\2285f5ecd290c2ae060f2c24a56dc0d2.php (199).
[ 2016-08-25T20:33:58+08:00 ]NOTICE: Undefined index: gpvalueD:\wamp\www\Project\3601\Storage\view\compile\2285f5ecd290c2ae060f2c24a56dc0d2.php (199).
[ 2016-08-25T20:33:58+08:00 ]NOTICE: Illegal string offset 'gpvalue'D:\wamp\www\Project\3601\Storage\view\compile\2285f5ecd290c2ae060f2c24a56dc0d2.php (199).
[ 2016-08-25T20:33:58+08:00 ]NOTICE: Undefined index: gpvalueD:\wamp\www\Project\3601\Storage\view\compile\2285f5ecd290c2ae060f2c24a56dc0d2.php (199).
[ 2016-08-25T20:33:58+08:00 ]NOTICE: Undefined index: gpvalueD:\wamp\www\Project\3601\Storage\view\compile\2285f5ecd290c2ae060f2c24a56dc0d2.php (199).
[ 2016-08-25T20:35:26+08:00 ]NOTICE: Illegal string offset 'gpvalue'D:\wamp\www\Project\3601\Storage\view\compile\2285f5ecd290c2ae060f2c24a56dc0d2.php (200).
[ 2016-08-25T20:35:26+08:00 ]NOTICE: Undefined index: gpvalueD:\wamp\www\Project\3601\Storage\view\compile\2285f5ecd290c2ae060f2c24a56dc0d2.php (200).
[ 2016-08-25T20:35:26+08:00 ]NOTICE: Illegal string offset 'gpvalue'D:\wamp\www\Project\3601\Storage\view\compile\2285f5ecd290c2ae060f2c24a56dc0d2.php (200).
[ 2016-08-25T20:35:26+08:00 ]NOTICE: Undefined index: gpvalueD:\wamp\www\Project\3601\Storage\view\compile\2285f5ecd290c2ae060f2c24a56dc0d2.php (200).
[ 2016-08-25T20:35:26+08:00 ]NOTICE: Illegal string offset 'gpvalue'D:\wamp\www\Project\3601\Storage\view\compile\2285f5ecd290c2ae060f2c24a56dc0d2.php (200).
[ 2016-08-25T20:35:26+08:00 ]NOTICE: Undefined index: gpvalueD:\wamp\www\Project\3601\Storage\view\compile\2285f5ecd290c2ae060f2c24a56dc0d2.php (200).
[ 2016-08-25T20:36:20+08:00 ]NOTICE: Invalid argument supplied for foreach()D:\wamp\www\Project\3601\Storage\view\compile\2285f5ecd290c2ae060f2c24a56dc0d2.php (201).
[ 2016-08-25T20:36:20+08:00 ]NOTICE: Invalid argument supplied for foreach()D:\wamp\www\Project\3601\Storage\view\compile\2285f5ecd290c2ae060f2c24a56dc0d2.php (201).
[ 2016-08-25T20:36:20+08:00 ]NOTICE: Invalid argument supplied for foreach()D:\wamp\www\Project\3601\Storage\view\compile\2285f5ecd290c2ae060f2c24a56dc0d2.php (201).
[ 2016-08-25T20:37:40+08:00 ]NOTICE: Illegal string offset 'gpvalue'D:\wamp\www\Project\3601\Storage\view\compile\2285f5ecd290c2ae060f2c24a56dc0d2.php (203).
[ 2016-08-25T20:37:40+08:00 ]NOTICE: Illegal string offset 'gpvalue'D:\wamp\www\Project\3601\Storage\view\compile\2285f5ecd290c2ae060f2c24a56dc0d2.php (203).
[ 2016-08-25T20:37:40+08:00 ]NOTICE: Illegal string offset 'gpvalue'D:\wamp\www\Project\3601\Storage\view\compile\2285f5ecd290c2ae060f2c24a56dc0d2.php (203).
[ 2016-08-25T20:37:51+08:00 ]NOTICE: Array to string conversionD:\wamp\www\Project\3601\Storage\view\compile\2285f5ecd290c2ae060f2c24a56dc0d2.php (203).
[ 2016-08-25T20:37:51+08:00 ]NOTICE: Array to string conversionD:\wamp\www\Project\3601\Storage\view\compile\2285f5ecd290c2ae060f2c24a56dc0d2.php (203).
[ 2016-08-25T20:37:51+08:00 ]NOTICE: Array to string conversionD:\wamp\www\Project\3601\Storage\view\compile\2285f5ecd290c2ae060f2c24a56dc0d2.php (203).
[ 2016-08-25T21:24:06+08:00 ]NOTICE: Non-static method Hdphp\View\View::with() should not be called statically, assuming $this from incompatible contextD:\wamp\www\Project\3601\App\Home\Controller\ContentController.php (43).
[ 2016-08-25T21:24:06+08:00 ]NOTICE: Non-static method Hdphp\View\View::with() should not be called statically, assuming $this from incompatible contextD:\wamp\www\Project\3601\App\Home\Controller\ContentController.php (46).
[ 2016-08-25T21:24:06+08:00 ]NOTICE: Non-static method Hdphp\View\View::with() should not be called statically, assuming $this from incompatible contextD:\wamp\www\Project\3601\App\Home\Controller\ContentController.php (50).
[ 2016-08-25T21:24:06+08:00 ]NOTICE: Non-static method Hdphp\View\View::make() should not be called statically, assuming $this from incompatible contextD:\wamp\www\Project\3601\App\Home\Controller\ContentController.php (51).
[ 2016-08-25T21:24:06+08:00 ]NOTICE: Undefined property: Home\Controller\ContentController::$tplD:\wamp\www\Project\3601\Hdphp\View\View.php (38).
[ 2016-08-25T21:24:06+08:00 ]NOTICE: Undefined property: Home\Controller\ContentController::$tplD:\wamp\www\Project\3601\Hdphp\View\View.php (56).
[ 2016-08-25T21:24:06+08:00 ]EXCEPTION: 模板不存在
[ 2016-08-25T21:24:12+08:00 ]NOTICE: Illegal string offset 'gname'D:\wamp\www\Project\3601\Storage\view\compile\2285f5ecd290c2ae060f2c24a56dc0d2.php (183).
[ 2016-08-25T21:24:12+08:00 ]NOTICE: Illegal string offset 'gdes'D:\wamp\www\Project\3601\Storage\view\compile\2285f5ecd290c2ae060f2c24a56dc0d2.php (189).
[ 2016-08-25T21:24:12+08:00 ]NOTICE: Illegal string offset 'gprice'D:\wamp\www\Project\3601\Storage\view\compile\2285f5ecd290c2ae060f2c24a56dc0d2.php (195).
[ 2016-08-25T21:24:12+08:00 ]NOTICE: Illegal string offset 'gname'D:\wamp\www\Project\3601\Storage\view\compile\2285f5ecd290c2ae060f2c24a56dc0d2.php (183).
[ 2016-08-25T21:24:12+08:00 ]NOTICE: Illegal string offset 'gdes'D:\wamp\www\Project\3601\Storage\view\compile\2285f5ecd290c2ae060f2c24a56dc0d2.php (189).
[ 2016-08-25T21:24:12+08:00 ]NOTICE: Illegal string offset 'gprice'D:\wamp\www\Project\3601\Storage\view\compile\2285f5ecd290c2ae060f2c24a56dc0d2.php (195).
[ 2016-08-25T21:24:12+08:00 ]NOTICE: Illegal string offset 'gname'D:\wamp\www\Project\3601\Storage\view\compile\2285f5ecd290c2ae060f2c24a56dc0d2.php (183).
[ 2016-08-25T21:24:12+08:00 ]NOTICE: Illegal string offset 'gdes'D:\wamp\www\Project\3601\Storage\view\compile\2285f5ecd290c2ae060f2c24a56dc0d2.php (189).
[ 2016-08-25T21:24:12+08:00 ]NOTICE: Illegal string offset 'gprice'D:\wamp\www\Project\3601\Storage\view\compile\2285f5ecd290c2ae060f2c24a56dc0d2.php (195).
[ 2016-08-25T21:24:12+08:00 ]NOTICE: Illegal string offset 'gname'D:\wamp\www\Project\3601\Storage\view\compile\2285f5ecd290c2ae060f2c24a56dc0d2.php (183).
[ 2016-08-25T21:24:12+08:00 ]NOTICE: Illegal string offset 'gdes'D:\wamp\www\Project\3601\Storage\view\compile\2285f5ecd290c2ae060f2c24a56dc0d2.php (189).
[ 2016-08-25T21:24:12+08:00 ]NOTICE: Illegal string offset 'gprice'D:\wamp\www\Project\3601\Storage\view\compile\2285f5ecd290c2ae060f2c24a56dc0d2.php (195).
[ 2016-08-25T21:24:12+08:00 ]NOTICE: Illegal string offset 'gname'D:\wamp\www\Project\3601\Storage\view\compile\2285f5ecd290c2ae060f2c24a56dc0d2.php (183).
[ 2016-08-25T21:24:12+08:00 ]NOTICE: Illegal string offset 'gdes'D:\wamp\www\Project\3601\Storage\view\compile\2285f5ecd290c2ae060f2c24a56dc0d2.php (189).
[ 2016-08-25T21:24:12+08:00 ]NOTICE: Illegal string offset 'gprice'D:\wamp\www\Project\3601\Storage\view\compile\2285f5ecd290c2ae060f2c24a56dc0d2.php (195).
[ 2016-08-25T21:24:12+08:00 ]NOTICE: Illegal string offset 'gname'D:\wamp\www\Project\3601\Storage\view\compile\2285f5ecd290c2ae060f2c24a56dc0d2.php (183).
[ 2016-08-25T21:24:12+08:00 ]NOTICE: Illegal string offset 'gdes'D:\wamp\www\Project\3601\Storage\view\compile\2285f5ecd290c2ae060f2c24a56dc0d2.php (189).
[ 2016-08-25T21:24:12+08:00 ]NOTICE: Illegal string offset 'gprice'D:\wamp\www\Project\3601\Storage\view\compile\2285f5ecd290c2ae060f2c24a56dc0d2.php (195).
[ 2016-08-25T21:24:12+08:00 ]NOTICE: Illegal string offset 'gname'D:\wamp\www\Project\3601\Storage\view\compile\2285f5ecd290c2ae060f2c24a56dc0d2.php (183).
[ 2016-08-25T21:24:12+08:00 ]NOTICE: Illegal string offset 'gdes'D:\wamp\www\Project\3601\Storage\view\compile\2285f5ecd290c2ae060f2c24a56dc0d2.php (189).
[ 2016-08-25T21:24:12+08:00 ]NOTICE: Illegal string offset 'gprice'D:\wamp\www\Project\3601\Storage\view\compile\2285f5ecd290c2ae060f2c24a56dc0d2.php (195).
[ 2016-08-25T21:24:12+08:00 ]NOTICE: Illegal string offset 'gname'D:\wamp\www\Project\3601\Storage\view\compile\2285f5ecd290c2ae060f2c24a56dc0d2.php (183).
[ 2016-08-25T21:24:12+08:00 ]NOTICE: Illegal string offset 'gdes'D:\wamp\www\Project\3601\Storage\view\compile\2285f5ecd290c2ae060f2c24a56dc0d2.php (189).
[ 2016-08-25T21:24:12+08:00 ]NOTICE: Illegal string offset 'gprice'D:\wamp\www\Project\3601\Storage\view\compile\2285f5ecd290c2ae060f2c24a56dc0d2.php (195).
[ 2016-08-25T21:24:12+08:00 ]NOTICE: Illegal string offset 'gname'D:\wamp\www\Project\3601\Storage\view\compile\2285f5ecd290c2ae060f2c24a56dc0d2.php (183).
[ 2016-08-25T21:24:12+08:00 ]NOTICE: Illegal string offset 'gdes'D:\wamp\www\Project\3601\Storage\view\compile\2285f5ecd290c2ae060f2c24a56dc0d2.php (189).
[ 2016-08-25T21:24:12+08:00 ]NOTICE: Illegal string offset 'gprice'D:\wamp\www\Project\3601\Storage\view\compile\2285f5ecd290c2ae060f2c24a56dc0d2.php (195).
[ 2016-08-25T21:24:12+08:00 ]NOTICE: Illegal string offset 'gname'D:\wamp\www\Project\3601\Storage\view\compile\2285f5ecd290c2ae060f2c24a56dc0d2.php (183).
[ 2016-08-25T21:24:12+08:00 ]NOTICE: Illegal string offset 'gdes'D:\wamp\www\Project\3601\Storage\view\compile\2285f5ecd290c2ae060f2c24a56dc0d2.php (189).
[ 2016-08-25T21:24:12+08:00 ]NOTICE: Illegal string offset 'gprice'D:\wamp\www\Project\3601\Storage\view\compile\2285f5ecd290c2ae060f2c24a56dc0d2.php (195).
[ 2016-08-25T21:24:12+08:00 ]NOTICE: Illegal string offset 'gname'D:\wamp\www\Project\3601\Storage\view\compile\2285f5ecd290c2ae060f2c24a56dc0d2.php (183).
[ 2016-08-25T21:24:12+08:00 ]NOTICE: Illegal string offset 'gdes'D:\wamp\www\Project\3601\Storage\view\compile\2285f5ecd290c2ae060f2c24a56dc0d2.php (189).
[ 2016-08-25T21:24:12+08:00 ]NOTICE: Illegal string offset 'gprice'D:\wamp\www\Project\3601\Storage\view\compile\2285f5ecd290c2ae060f2c24a56dc0d2.php (195).
[ 2016-08-25T21:24:12+08:00 ]NOTICE: Illegal string offset 'gname'D:\wamp\www\Project\3601\Storage\view\compile\2285f5ecd290c2ae060f2c24a56dc0d2.php (183).
[ 2016-08-25T21:24:12+08:00 ]NOTICE: Illegal string offset 'gdes'D:\wamp\www\Project\3601\Storage\view\compile\2285f5ecd290c2ae060f2c24a56dc0d2.php (189).
[ 2016-08-25T21:24:12+08:00 ]NOTICE: Illegal string offset 'gprice'D:\wamp\www\Project\3601\Storage\view\compile\2285f5ecd290c2ae060f2c24a56dc0d2.php (195).
[ 2016-08-25T21:24:12+08:00 ]NOTICE: Illegal string offset 'gname'D:\wamp\www\Project\3601\Storage\view\compile\2285f5ecd290c2ae060f2c24a56dc0d2.php (183).
[ 2016-08-25T21:24:12+08:00 ]NOTICE: Illegal string offset 'gdes'D:\wamp\www\Project\3601\Storage\view\compile\2285f5ecd290c2ae060f2c24a56dc0d2.php (189).
[ 2016-08-25T21:24:12+08:00 ]NOTICE: Illegal string offset 'gprice'D:\wamp\www\Project\3601\Storage\view\compile\2285f5ecd290c2ae060f2c24a56dc0d2.php (195).
[ 2016-08-25T21:24:12+08:00 ]NOTICE: Illegal string offset 'gname'D:\wamp\www\Project\3601\Storage\view\compile\2285f5ecd290c2ae060f2c24a56dc0d2.php (183).
[ 2016-08-25T21:24:12+08:00 ]NOTICE: Illegal string offset 'gdes'D:\wamp\www\Project\3601\Storage\view\compile\2285f5ecd290c2ae060f2c24a56dc0d2.php (189).
[ 2016-08-25T21:24:12+08:00 ]NOTICE: Illegal string offset 'gprice'D:\wamp\www\Project\3601\Storage\view\compile\2285f5ecd290c2ae060f2c24a56dc0d2.php (195).
[ 2016-08-25T21:38:59+08:00 ]NOTICE: Non-static method Hdphp\View\View::with() should not be called statically, assuming $this from incompatible contextD:\wamp\www\Project\3601\App\Home\Controller\ContentController.php (49).
[ 2016-08-25T21:38:59+08:00 ]NOTICE: Non-static method Hdphp\View\View::with() should not be called statically, assuming $this from incompatible contextD:\wamp\www\Project\3601\App\Home\Controller\ContentController.php (50).
[ 2016-08-25T21:38:59+08:00 ]NOTICE: Non-static method Hdphp\View\View::with() should not be called statically, assuming $this from incompatible contextD:\wamp\www\Project\3601\App\Home\Controller\ContentController.php (53).
[ 2016-08-25T21:38:59+08:00 ]NOTICE: Non-static method Hdphp\View\View::with() should not be called statically, assuming $this from incompatible contextD:\wamp\www\Project\3601\App\Home\Controller\ContentController.php (57).
[ 2016-08-25T21:38:59+08:00 ]NOTICE: Non-static method Hdphp\View\View::make() should not be called statically, assuming $this from incompatible contextD:\wamp\www\Project\3601\App\Home\Controller\ContentController.php (58).
[ 2016-08-25T21:38:59+08:00 ]NOTICE: Undefined property: Home\Controller\ContentController::$tplD:\wamp\www\Project\3601\Hdphp\View\View.php (38).
[ 2016-08-25T21:38:59+08:00 ]NOTICE: Undefined property: Home\Controller\ContentController::$tplD:\wamp\www\Project\3601\Hdphp\View\View.php (56).
[ 2016-08-25T21:38:59+08:00 ]EXCEPTION: 模板不存在
[ 2016-08-25T21:39:35+08:00 ]NOTICE: Non-static method Hdphp\View\View::with() should not be called statically, assuming $this from incompatible contextD:\wamp\www\Project\3601\App\Home\Controller\ContentController.php (49).
[ 2016-08-25T21:39:35+08:00 ]NOTICE: Non-static method Hdphp\View\View::with() should not be called statically, assuming $this from incompatible contextD:\wamp\www\Project\3601\App\Home\Controller\ContentController.php (54).
[ 2016-08-25T21:39:35+08:00 ]NOTICE: Non-static method Hdphp\View\View::with() should not be called statically, assuming $this from incompatible contextD:\wamp\www\Project\3601\App\Home\Controller\ContentController.php (57).
[ 2016-08-25T21:39:35+08:00 ]NOTICE: Non-static method Hdphp\View\View::with() should not be called statically, assuming $this from incompatible contextD:\wamp\www\Project\3601\App\Home\Controller\ContentController.php (61).
[ 2016-08-25T21:39:35+08:00 ]NOTICE: Non-static method Hdphp\View\View::make() should not be called statically, assuming $this from incompatible contextD:\wamp\www\Project\3601\App\Home\Controller\ContentController.php (62).
[ 2016-08-25T21:39:35+08:00 ]NOTICE: Undefined property: Home\Controller\ContentController::$tplD:\wamp\www\Project\3601\Hdphp\View\View.php (38).
[ 2016-08-25T21:39:35+08:00 ]NOTICE: Undefined property: Home\Controller\ContentController::$tplD:\wamp\www\Project\3601\Hdphp\View\View.php (56).
[ 2016-08-25T21:39:35+08:00 ]EXCEPTION: 模板不存在
