[ 2016-08-26T10:21:45+08:00 ]NOTICE: Non-static method Hdphp\View\View::with() should not be called statically, assuming $this from incompatible contextD:\wamp\www\Project\3601\App\Home\Controller\ContentController.php (49).
[ 2016-08-26T10:21:45+08:00 ]NOTICE: Non-static method Hdphp\View\View::with() should not be called statically, assuming $this from incompatible contextD:\wamp\www\Project\3601\App\Home\Controller\ContentController.php (53).
[ 2016-08-26T10:21:45+08:00 ]NOTICE: Non-static method Hdphp\View\View::with() should not be called statically, assuming $this from incompatible contextD:\wamp\www\Project\3601\App\Home\Controller\ContentController.php (54).
[ 2016-08-26T10:21:45+08:00 ]NOTICE: Non-static method Hdphp\View\View::with() should not be called statically, assuming $this from incompatible contextD:\wamp\www\Project\3601\App\Home\Controller\ContentController.php (57).
[ 2016-08-26T10:21:45+08:00 ]NOTICE: Non-static method Hdphp\View\View::with() should not be called statically, assuming $this from incompatible contextD:\wamp\www\Project\3601\App\Home\Controller\ContentController.php (62).
[ 2016-08-26T10:21:45+08:00 ]NOTICE: Non-static method Hdphp\View\View::make() should not be called statically, assuming $this from incompatible contextD:\wamp\www\Project\3601\App\Home\Controller\ContentController.php (63).
[ 2016-08-26T10:21:45+08:00 ]NOTICE: Undefined property: Home\Controller\ContentController::$tplD:\wamp\www\Project\3601\Hdphp\View\View.php (38).
[ 2016-08-26T10:21:45+08:00 ]NOTICE: Undefined property: Home\Controller\ContentController::$tplD:\wamp\www\Project\3601\Hdphp\View\View.php (56).
[ 2016-08-26T10:21:45+08:00 ]EXCEPTION: 模板不存在
[ 2016-08-26T10:25:03+08:00 ]NOTICE: Undefined index: gdimgD:\wamp\www\Project\3601\App\Home\Controller\ContentController.php (46).
[ 2016-08-26T10:46:42+08:00 ]NOTICE: Undefined variable: pageD:\wamp\www\Project\3601\Storage\view\compile\dd39ce05a282cea06b169c209effb00f.php (56).
[ 2016-08-26T10:58:51+08:00 ]NOTICE: Undefined variable: pageD:\wamp\www\Project\3601\Storage\view\compile\dd39ce05a282cea06b169c209effb00f.php (56).
[ 2016-08-26T10:58:54+08:00 ]NOTICE: Undefined variable: pageD:\wamp\www\Project\3601\Storage\view\compile\7b90bf9d0d3583f17b102df6aa5979db.php (68).
[ 2016-08-26T10:58:55+08:00 ]NOTICE: Undefined variable: pageD:\wamp\www\Project\3601\Storage\view\compile\dd39ce05a282cea06b169c209effb00f.php (56).
[ 2016-08-26T10:58:57+08:00 ]NOTICE: Undefined variable: pageD:\wamp\www\Project\3601\Storage\view\compile\7b90bf9d0d3583f17b102df6aa5979db.php (68).
[ 2016-08-26T11:22:59+08:00 ]NOTICE: Undefined variable: pageD:\wamp\www\Project\3601\Storage\view\compile\dd39ce05a282cea06b169c209effb00f.php (56).
[ 2016-08-26T11:23:01+08:00 ]NOTICE: Undefined variable: pageD:\wamp\www\Project\3601\Storage\view\compile\7b90bf9d0d3583f17b102df6aa5979db.php (68).
[ 2016-08-26T11:23:40+08:00 ]NOTICE: Undefined variable: oldDataD:\wamp\www\Project\3601\Storage\view\compile\0d76f5ffa3f8801ff70ffa722b2b72c2.php (69).
[ 2016-08-26T11:23:40+08:00 ]NOTICE: Undefined variable: oldDataD:\wamp\www\Project\3601\Storage\view\compile\0d76f5ffa3f8801ff70ffa722b2b72c2.php (70).
[ 2016-08-26T11:23:40+08:00 ]NOTICE: Undefined variable: oldDataD:\wamp\www\Project\3601\Storage\view\compile\0d76f5ffa3f8801ff70ffa722b2b72c2.php (69).
[ 2016-08-26T11:23:40+08:00 ]NOTICE: Undefined variable: oldDataD:\wamp\www\Project\3601\Storage\view\compile\0d76f5ffa3f8801ff70ffa722b2b72c2.php (70).
[ 2016-08-26T11:23:41+08:00 ]NOTICE: Undefined variable: oldDataD:\wamp\www\Project\3601\Storage\view\compile\0d76f5ffa3f8801ff70ffa722b2b72c2.php (69).
[ 2016-08-26T11:23:41+08:00 ]NOTICE: Undefined variable: oldDataD:\wamp\www\Project\3601\Storage\view\compile\0d76f5ffa3f8801ff70ffa722b2b72c2.php (70).
[ 2016-08-26T14:36:57+08:00 ]NOTICE: Undefined index: gpidD:\wamp\www\Project\3601\Storage\view\compile\2285f5ecd290c2ae060f2c24a56dc0d2.php (223).
[ 2016-08-26T14:36:57+08:00 ]NOTICE: Undefined index: gpidD:\wamp\www\Project\3601\Storage\view\compile\2285f5ecd290c2ae060f2c24a56dc0d2.php (223).
[ 2016-08-26T14:36:57+08:00 ]NOTICE: Undefined index: gpidD:\wamp\www\Project\3601\Storage\view\compile\2285f5ecd290c2ae060f2c24a56dc0d2.php (223).
[ 2016-08-26T14:36:57+08:00 ]NOTICE: Undefined index: gpidD:\wamp\www\Project\3601\Storage\view\compile\2285f5ecd290c2ae060f2c24a56dc0d2.php (223).
[ 2016-08-26T14:36:57+08:00 ]NOTICE: Undefined index: gpidD:\wamp\www\Project\3601\Storage\view\compile\2285f5ecd290c2ae060f2c24a56dc0d2.php (223).
[ 2016-08-26T14:36:57+08:00 ]NOTICE: Undefined index: gpidD:\wamp\www\Project\3601\Storage\view\compile\2285f5ecd290c2ae060f2c24a56dc0d2.php (223).
[ 2016-08-26T14:36:57+08:00 ]NOTICE: Undefined index: gpidD:\wamp\www\Project\3601\Storage\view\compile\2285f5ecd290c2ae060f2c24a56dc0d2.php (223).
[ 2016-08-26T14:36:57+08:00 ]NOTICE: Undefined index: gpidD:\wamp\www\Project\3601\Storage\view\compile\2285f5ecd290c2ae060f2c24a56dc0d2.php (223).
[ 2016-08-26T14:54:20+08:00 ]NOTICE: Illegal string offset 'group'D:\wamp\www\Project\3601\App\Home\Controller\ContentController.php (63).
[ 2016-08-26T14:54:20+08:00 ]NOTICE: Illegal string offset 'group'D:\wamp\www\Project\3601\App\Home\Controller\ContentController.php (63).
[ 2016-08-26T14:54:20+08:00 ]NOTICE: Illegal string offset 'group'D:\wamp\www\Project\3601\App\Home\Controller\ContentController.php (63).
[ 2016-08-26T14:54:20+08:00 ]NOTICE: Illegal string offset 'group'D:\wamp\www\Project\3601\App\Home\Controller\ContentController.php (63).
[ 2016-08-26T14:54:20+08:00 ]NOTICE: Illegal string offset 'group'D:\wamp\www\Project\3601\App\Home\Controller\ContentController.php (63).
[ 2016-08-26T14:54:20+08:00 ]NOTICE: Illegal string offset 'group'D:\wamp\www\Project\3601\App\Home\Controller\ContentController.php (63).
[ 2016-08-26T14:54:20+08:00 ]NOTICE: Illegal string offset 'group'D:\wamp\www\Project\3601\App\Home\Controller\ContentController.php (63).
[ 2016-08-26T14:54:20+08:00 ]NOTICE: Illegal string offset 'group'D:\wamp\www\Project\3601\App\Home\Controller\ContentController.php (63).
[ 2016-08-26T14:54:20+08:00 ]NOTICE: Illegal string offset 'group'D:\wamp\www\Project\3601\App\Home\Controller\ContentController.php (63).
[ 2016-08-26T14:54:20+08:00 ]NOTICE: Illegal string offset 'group'D:\wamp\www\Project\3601\App\Home\Controller\ContentController.php (63).
[ 2016-08-26T14:54:20+08:00 ]NOTICE: Illegal string offset 'group'D:\wamp\www\Project\3601\App\Home\Controller\ContentController.php (63).
[ 2016-08-26T14:54:20+08:00 ]NOTICE: Illegal string offset 'group'D:\wamp\www\Project\3601\App\Home\Controller\ContentController.php (63).
[ 2016-08-26T14:54:20+08:00 ]NOTICE: Illegal string offset 'group'D:\wamp\www\Project\3601\App\Home\Controller\ContentController.php (63).
[ 2016-08-26T14:54:20+08:00 ]NOTICE: Illegal string offset 'group'D:\wamp\www\Project\3601\App\Home\Controller\ContentController.php (63).
[ 2016-08-26T14:54:20+08:00 ]NOTICE: Illegal string offset 'group'D:\wamp\www\Project\3601\App\Home\Controller\ContentController.php (63).
[ 2016-08-26T14:54:20+08:00 ]NOTICE: Illegal string offset 'group'D:\wamp\www\Project\3601\App\Home\Controller\ContentController.php (63).
[ 2016-08-26T14:54:20+08:00 ]NOTICE: Illegal string offset 'group'D:\wamp\www\Project\3601\App\Home\Controller\ContentController.php (63).
[ 2016-08-26T14:54:20+08:00 ]NOTICE: Illegal string offset 'group'D:\wamp\www\Project\3601\App\Home\Controller\ContentController.php (63).
[ 2016-08-26T14:54:20+08:00 ]NOTICE: Illegal string offset 'group'D:\wamp\www\Project\3601\App\Home\Controller\ContentController.php (63).
[ 2016-08-26T14:54:20+08:00 ]NOTICE: Illegal string offset 'group'D:\wamp\www\Project\3601\App\Home\Controller\ContentController.php (63).
[ 2016-08-26T14:54:20+08:00 ]NOTICE: Illegal string offset 'group'D:\wamp\www\Project\3601\App\Home\Controller\ContentController.php (63).
[ 2016-08-26T14:54:20+08:00 ]NOTICE: Illegal string offset 'group'D:\wamp\www\Project\3601\App\Home\Controller\ContentController.php (63).
[ 2016-08-26T14:54:20+08:00 ]NOTICE: Illegal string offset 'group'D:\wamp\www\Project\3601\App\Home\Controller\ContentController.php (63).
[ 2016-08-26T14:54:20+08:00 ]NOTICE: Illegal string offset 'group'D:\wamp\www\Project\3601\App\Home\Controller\ContentController.php (63).
[ 2016-08-26T14:54:20+08:00 ]NOTICE: Illegal string offset 'group'D:\wamp\www\Project\3601\App\Home\Controller\ContentController.php (63).
[ 2016-08-26T14:54:20+08:00 ]NOTICE: Illegal string offset 'group'D:\wamp\www\Project\3601\App\Home\Controller\ContentController.php (63).
[ 2016-08-26T14:54:20+08:00 ]NOTICE: Illegal string offset 'group'D:\wamp\www\Project\3601\App\Home\Controller\ContentController.php (63).
[ 2016-08-26T14:54:20+08:00 ]NOTICE: Illegal string offset 'group'D:\wamp\www\Project\3601\App\Home\Controller\ContentController.php (63).
[ 2016-08-26T14:54:20+08:00 ]NOTICE: Illegal string offset 'group'D:\wamp\www\Project\3601\App\Home\Controller\ContentController.php (63).
[ 2016-08-26T14:54:20+08:00 ]NOTICE: Illegal string offset 'group'D:\wamp\www\Project\3601\App\Home\Controller\ContentController.php (63).
[ 2016-08-26T15:04:22+08:00 ]NOTICE: Undefined variable: dataD:\wamp\www\Project\3601\App\Home\Controller\ContentController.php (79).
[ 2016-08-26T15:05:36+08:00 ]NOTICE: Undefined variable: dataD:\wamp\www\Project\3601\App\Home\Controller\ContentController.php (79).
[ 2016-08-26T15:08:23+08:00 ]NOTICE: Undefined variable: dataD:\wamp\www\Project\3601\App\Home\Controller\ContentController.php (79).
[ 2016-08-26T15:08:24+08:00 ]NOTICE: Undefined variable: dataD:\wamp\www\Project\3601\App\Home\Controller\ContentController.php (79).
[ 2016-08-26T15:08:24+08:00 ]NOTICE: Undefined variable: dataD:\wamp\www\Project\3601\App\Home\Controller\ContentController.php (79).
[ 2016-08-26T15:08:25+08:00 ]NOTICE: Undefined variable: dataD:\wamp\www\Project\3601\App\Home\Controller\ContentController.php (79).
[ 2016-08-26T15:08:26+08:00 ]NOTICE: Undefined variable: dataD:\wamp\www\Project\3601\App\Home\Controller\ContentController.php (79).
[ 2016-08-26T15:08:26+08:00 ]NOTICE: Undefined variable: dataD:\wamp\www\Project\3601\App\Home\Controller\ContentController.php (79).
[ 2016-08-26T15:09:25+08:00 ]NOTICE: Undefined variable: dataD:\wamp\www\Project\3601\App\Home\Controller\ContentController.php (78).
[ 2016-08-26T15:10:03+08:00 ]NOTICE: Undefined offset: 4D:\wamp\www\Project\3601\Storage\view\compile\2285f5ecd290c2ae060f2c24a56dc0d2.php (157).
[ 2016-08-26T15:10:20+08:00 ]NOTICE: Undefined offset: 4D:\wamp\www\Project\3601\Storage\view\compile\2285f5ecd290c2ae060f2c24a56dc0d2.php (157).
[ 2016-08-26T15:32:27+08:00 ]NOTICE: Undefined variable: dataD:\wamp\www\Project\3601\App\Home\Controller\ContentController.php (80).
[ 2016-08-26T15:32:39+08:00 ]NOTICE: Undefined variable: dataD:\wamp\www\Project\3601\App\Home\Controller\ContentController.php (80).
[ 2016-08-26T15:36:28+08:00 ]NOTICE: Undefined variable: dataD:\wamp\www\Project\3601\App\Home\Controller\ContentController.php (82).
[ 2016-08-26T15:37:53+08:00 ]NOTICE: Undefined variable: dataD:\wamp\www\Project\3601\App\Home\Controller\ContentController.php (86).
[ 2016-08-26T15:41:42+08:00 ]NOTICE: Undefined variable: dataD:\wamp\www\Project\3601\App\Home\Controller\ContentController.php (90).
[ 2016-08-26T15:43:30+08:00 ]NOTICE: Undefined variable: gidD:\wamp\www\Project\3601\App\Home\Controller\ContentController.php (77).
[ 2016-08-26T15:43:30+08:00 ]EXCEPTION: SELECT  *  FROM shop_darling WHERE shop_goods_gid= ;BindParams:array (
)42000;1064;You have an error in your SQL syntax; check the manual that corresponds to your MySQL server version for the right syntax to use near '' at line 1
[ 2016-08-26T15:43:45+08:00 ]NOTICE: Undefined variable: gidD:\wamp\www\Project\3601\App\Home\Controller\ContentController.php (77).
[ 2016-08-26T15:43:45+08:00 ]EXCEPTION: SELECT  *  FROM shop_darling WHERE shop_goods_gid= ;BindParams:array (
)42000;1064;You have an error in your SQL syntax; check the manual that corresponds to your MySQL server version for the right syntax to use near '' at line 1
[ 2016-08-26T15:43:49+08:00 ]NOTICE: Undefined variable: gidD:\wamp\www\Project\3601\App\Home\Controller\ContentController.php (77).
[ 2016-08-26T15:43:49+08:00 ]EXCEPTION: SELECT  *  FROM shop_darling WHERE shop_goods_gid= ;BindParams:array (
)42000;1064;You have an error in your SQL syntax; check the manual that corresponds to your MySQL server version for the right syntax to use near '' at line 1
[ 2016-08-26T15:44:01+08:00 ]NOTICE: Undefined variable: gidD:\wamp\www\Project\3601\App\Home\Controller\ContentController.php (77).
[ 2016-08-26T15:44:01+08:00 ]EXCEPTION: SELECT  *  FROM shop_darling WHERE shop_goods_gid= ;BindParams:array (
)42000;1064;You have an error in your SQL syntax; check the manual that corresponds to your MySQL server version for the right syntax to use near '' at line 1
[ 2016-08-26T16:03:53+08:00 ]NOTICE: Undefined variable: dataD:\wamp\www\Project\3601\App\Home\Controller\ContentController.php (89).
[ 2016-08-26T16:04:32+08:00 ]NOTICE: Undefined variable: dataD:\wamp\www\Project\3601\App\Home\Controller\ContentController.php (89).
[ 2016-08-26T16:09:11+08:00 ]NOTICE: Undefined index: groupD:\wamp\www\Project\3601\App\Home\Controller\ContentController.php (72).
[ 2016-08-26T17:12:13+08:00 ]NOTICE: Non-static method Hdphp\View\View::with() should not be called statically, assuming $this from incompatible contextD:\wamp\www\Project\3601\App\Home\Controller\ContentController.php (47).
[ 2016-08-26T17:12:13+08:00 ]NOTICE: Non-static method Hdphp\View\View::with() should not be called statically, assuming $this from incompatible contextD:\wamp\www\Project\3601\App\Home\Controller\ContentController.php (51).
[ 2016-08-26T17:12:13+08:00 ]NOTICE: Non-static method Hdphp\View\View::with() should not be called statically, assuming $this from incompatible contextD:\wamp\www\Project\3601\App\Home\Controller\ContentController.php (52).
[ 2016-08-26T17:12:13+08:00 ]NOTICE: Non-static method Hdphp\View\View::with() should not be called statically, assuming $this from incompatible contextD:\wamp\www\Project\3601\App\Home\Controller\ContentController.php (55).
[ 2016-08-26T17:12:13+08:00 ]NOTICE: Non-static method Hdphp\View\View::with() should not be called statically, assuming $this from incompatible contextD:\wamp\www\Project\3601\App\Home\Controller\ContentController.php (68).
[ 2016-08-26T17:12:13+08:00 ]NOTICE: Non-static method Hdphp\View\View::make() should not be called statically, assuming $this from incompatible contextD:\wamp\www\Project\3601\App\Home\Controller\ContentController.php (69).
[ 2016-08-26T17:12:13+08:00 ]NOTICE: Undefined property: Home\Controller\ContentController::$tplD:\wamp\www\Project\3601\Hdphp\View\View.php (38).
[ 2016-08-26T17:12:13+08:00 ]NOTICE: Undefined property: Home\Controller\ContentController::$tplD:\wamp\www\Project\3601\Hdphp\View\View.php (56).
[ 2016-08-26T17:12:13+08:00 ]EXCEPTION: 模板不存在
[ 2016-08-26T18:08:44+08:00 ]NOTICE: Undefined index: priceD:\wamp\www\Project\3601\App\Home\Controller\ContentController.php (87).
[ 2016-08-26T18:11:45+08:00 ]NOTICE: Undefined index: priceD:\wamp\www\Project\3601\App\Home\Controller\ContentController.php (87).
[ 2016-08-26T18:20:35+08:00 ]NOTICE: Undefined index: priceD:\wamp\www\Project\3601\App\Home\Controller\ContentController.php (85).
[ 2016-08-26T18:21:17+08:00 ]NOTICE: Undefined index: priceD:\wamp\www\Project\3601\App\Home\Controller\ContentController.php (85).
[ 2016-08-26T18:22:08+08:00 ]NOTICE: Undefined index: priceD:\wamp\www\Project\3601\App\Home\Controller\ContentController.php (85).
[ 2016-08-26T18:22:11+08:00 ]NOTICE: Undefined index: priceD:\wamp\www\Project\3601\App\Home\Controller\ContentController.php (85).
[ 2016-08-26T18:22:11+08:00 ]NOTICE: Undefined index: priceD:\wamp\www\Project\3601\App\Home\Controller\ContentController.php (85).
[ 2016-08-26T18:22:13+08:00 ]NOTICE: Undefined index: priceD:\wamp\www\Project\3601\App\Home\Controller\ContentController.php (85).
[ 2016-08-26T18:22:13+08:00 ]NOTICE: Undefined index: priceD:\wamp\www\Project\3601\App\Home\Controller\ContentController.php (85).
[ 2016-08-26T18:22:14+08:00 ]NOTICE: Undefined index: priceD:\wamp\www\Project\3601\App\Home\Controller\ContentController.php (85).
[ 2016-08-26T18:22:15+08:00 ]NOTICE: Undefined index: priceD:\wamp\www\Project\3601\App\Home\Controller\ContentController.php (85).
[ 2016-08-26T18:22:16+08:00 ]NOTICE: Undefined index: priceD:\wamp\www\Project\3601\App\Home\Controller\ContentController.php (85).
[ 2016-08-26T18:23:07+08:00 ]NOTICE: Undefined variable: groupD:\wamp\www\Project\3601\App\Home\Controller\ContentController.php (67).
[ 2016-08-26T18:29:02+08:00 ]NOTICE: Undefined index: priceD:\wamp\www\Project\3601\App\Home\Controller\ContentController.php (82).
[ 2016-08-26T18:29:10+08:00 ]NOTICE: Undefined index: priceD:\wamp\www\Project\3601\App\Home\Controller\ContentController.php (82).
[ 2016-08-26T18:29:14+08:00 ]NOTICE: Undefined index: priceD:\wamp\www\Project\3601\App\Home\Controller\ContentController.php (82).
[ 2016-08-26T18:29:15+08:00 ]NOTICE: Undefined index: priceD:\wamp\www\Project\3601\App\Home\Controller\ContentController.php (82).
[ 2016-08-26T18:33:18+08:00 ]NOTICE: Undefined index: priceD:\wamp\www\Project\3601\App\Home\Controller\ContentController.php (82).
[ 2016-08-26T18:33:35+08:00 ]NOTICE: Undefined index: priceD:\wamp\www\Project\3601\App\Home\Controller\ContentController.php (82).
[ 2016-08-26T18:33:50+08:00 ]NOTICE: Undefined index: priceD:\wamp\www\Project\3601\App\Home\Controller\ContentController.php (82).
[ 2016-08-26T18:34:06+08:00 ]NOTICE: Undefined index: priceD:\wamp\www\Project\3601\App\Home\Controller\ContentController.php (82).
[ 2016-08-26T18:34:40+08:00 ]NOTICE: Undefined index: priceD:\wamp\www\Project\3601\App\Home\Controller\ContentController.php (82).
[ 2016-08-26T18:35:22+08:00 ]NOTICE: Undefined index: priceD:\wamp\www\Project\3601\App\Home\Controller\ContentController.php (82).
[ 2016-08-26T18:36:16+08:00 ]NOTICE: Undefined index: priceD:\wamp\www\Project\3601\App\Home\Controller\ContentController.php (82).
