[ 2016-08-29T15:56:01+08:00 ]NOTICE: Undefined variable: goodsD:\wamp\www\Project\3601\App\Home\Controller\ShopcarController.php (21).
[ 2016-08-29T15:56:01+08:00 ]NOTICE: Invalid argument supplied for foreach()D:\wamp\www\Project\3601\App\Home\Controller\ShopcarController.php (21).
[ 2016-08-29T15:56:01+08:00 ]NOTICE: Undefined variable: gidD:\wamp\www\Project\3601\App\Home\Controller\ShopcarController.php (27).
[ 2016-08-29T15:56:01+08:00 ]EXCEPTION: SELECT  *  FROM shop_goods WHERE gid= LIMIT 1 ;BindParams:array (
)42000;1064;You have an error in your SQL syntax; check the manual that corresponds to your MySQL server version for the right syntax to use near 'LIMIT 1' at line 1
[ 2016-08-29T15:56:01+08:00 ]NOTICE: Undefined variable: goodsD:\wamp\www\Project\3601\App\Home\Controller\ShopcarController.php (21).
[ 2016-08-29T15:56:01+08:00 ]NOTICE: Invalid argument supplied for foreach()D:\wamp\www\Project\3601\App\Home\Controller\ShopcarController.php (21).
[ 2016-08-29T15:56:01+08:00 ]NOTICE: Undefined variable: gidD:\wamp\www\Project\3601\App\Home\Controller\ShopcarController.php (27).
[ 2016-08-29T15:56:01+08:00 ]EXCEPTION: SELECT  *  FROM shop_goods WHERE gid= LIMIT 1 ;BindParams:array (
)42000;1064;You have an error in your SQL syntax; check the manual that corresponds to your MySQL server version for the right syntax to use near 'LIMIT 1' at line 1
[ 2016-08-29T16:21:57+08:00 ]NOTICE: Non-static method Hdphp\View\View::with() should not be called statically, assuming $this from incompatible contextD:\wamp\www\Project\3601\App\Home\Controller\ShopcarController.php (11).
[ 2016-08-29T16:21:57+08:00 ]NOTICE: Non-static method Hdphp\View\View::with() should not be called statically, assuming $this from incompatible contextD:\wamp\www\Project\3601\App\Home\Controller\ShopcarController.php (12).
[ 2016-08-29T16:21:57+08:00 ]NOTICE: Non-static method Hdphp\View\View::with() should not be called statically, assuming $this from incompatible contextD:\wamp\www\Project\3601\App\Home\Controller\ShopcarController.php (31).
[ 2016-08-29T16:21:57+08:00 ]NOTICE: Non-static method Hdphp\View\View::with() should not be called statically, assuming $this from incompatible contextD:\wamp\www\Project\3601\App\Home\Controller\ShopcarController.php (34).
[ 2016-08-29T16:21:57+08:00 ]NOTICE: Non-static method Hdphp\View\View::make() should not be called statically, assuming $this from incompatible contextD:\wamp\www\Project\3601\App\Home\Controller\ShopcarController.php (35).
[ 2016-08-29T16:21:57+08:00 ]NOTICE: Undefined property: Home\Controller\ShopcarController::$tplD:\wamp\www\Project\3601\Hdphp\View\View.php (38).
[ 2016-08-29T16:21:57+08:00 ]NOTICE: Undefined property: Home\Controller\ShopcarController::$tplD:\wamp\www\Project\3601\Hdphp\View\View.php (56).
[ 2016-08-29T16:21:57+08:00 ]EXCEPTION: 模板不存在
[ 2016-08-29T16:31:25+08:00 ]NOTICE: Use of undefined constant Shopcar - assumed 'Shopcar'D:\wamp\www\Project\3601\Storage\view\compile\459b201598d60087cc467905528112f5.php (109).
[ 2016-08-29T16:31:25+08:00 ]NOTICE: Use of undefined constant del - assumed 'del'D:\wamp\www\Project\3601\Storage\view\compile\459b201598d60087cc467905528112f5.php (109).
[ 2016-08-29T16:31:25+08:00 ]NOTICE: Division by zeroD:\wamp\www\Project\3601\Storage\view\compile\459b201598d60087cc467905528112f5.php (109).
[ 2016-08-29T16:49:26+08:00 ]NOTICE: Undefined variable: kD:\wamp\www\Project\3601\Storage\view\compile\459b201598d60087cc467905528112f5.php (79).
[ 2016-08-29T16:49:43+08:00 ]NOTICE: Undefined variable: kD:\wamp\www\Project\3601\Storage\view\compile\459b201598d60087cc467905528112f5.php (80).
[ 2016-08-29T16:49:58+08:00 ]NOTICE: Undefined variable: kD:\wamp\www\Project\3601\Storage\view\compile\459b201598d60087cc467905528112f5.php (80).
[ 2016-08-29T16:51:33+08:00 ]NOTICE: Undefined variable: kD:\wamp\www\Project\3601\Storage\view\compile\459b201598d60087cc467905528112f5.php (82).
[ 2016-08-29T17:24:59+08:00 ]EXCEPTION: 模板不存在:App/Home/View/Pay/index.php
[ 2016-08-29T17:25:14+08:00 ]NOTICE: Undefined index: fileD:\wamp\www\Project\3601\Hdphp\View\HdphpTag.php (147).
[ 2016-08-29T17:25:14+08:00 ]NOTICE: Undefined index: fileD:\wamp\www\Project\3601\Hdphp\View\HdphpTag.php (147).
[ 2016-08-29T17:25:14+08:00 ]NOTICE: Undefined index: fileD:\wamp\www\Project\3601\Hdphp\View\HdphpTag.php (147).
[ 2016-08-29T17:25:14+08:00 ]NOTICE: Undefined index: fileD:\wamp\www\Project\3601\Hdphp\View\HdphpTag.php (147).
[ 2016-08-29T17:25:14+08:00 ]NOTICE: Undefined index: fileD:\wamp\www\Project\3601\Hdphp\View\HdphpTag.php (147).
[ 2016-08-29T17:25:14+08:00 ]NOTICE: Undefined index: fileD:\wamp\www\Project\3601\Hdphp\View\HdphpTag.php (147).
[ 2016-08-29T17:25:14+08:00 ]NOTICE: Undefined index: fileD:\wamp\www\Project\3601\Hdphp\View\HdphpTag.php (147).
[ 2016-08-29T17:25:14+08:00 ]NOTICE: Undefined index: fileD:\wamp\www\Project\3601\Hdphp\View\HdphpTag.php (147).
[ 2016-08-29T17:25:14+08:00 ]NOTICE: Undefined index: fileD:\wamp\www\Project\3601\Hdphp\View\HdphpTag.php (147).
[ 2016-08-29T17:25:14+08:00 ]NOTICE: Undefined index: fileD:\wamp\www\Project\3601\Hdphp\View\HdphpTag.php (147).
[ 2016-08-29T17:25:14+08:00 ]NOTICE: Undefined index: fileD:\wamp\www\Project\3601\Hdphp\View\HdphpTag.php (147).
[ 2016-08-29T17:25:15+08:00 ]NOTICE: Undefined index: fileD:\wamp\www\Project\3601\Hdphp\View\HdphpTag.php (147).
[ 2016-08-29T17:25:15+08:00 ]NOTICE: Undefined index: fileD:\wamp\www\Project\3601\Hdphp\View\HdphpTag.php (147).
[ 2016-08-29T17:25:15+08:00 ]NOTICE: Undefined index: fileD:\wamp\www\Project\3601\Hdphp\View\HdphpTag.php (147).
[ 2016-08-29T17:25:15+08:00 ]NOTICE: Undefined index: fileD:\wamp\www\Project\3601\Hdphp\View\HdphpTag.php (147).
[ 2016-08-29T17:25:15+08:00 ]NOTICE: Undefined index: fileD:\wamp\www\Project\3601\Hdphp\View\HdphpTag.php (147).
[ 2016-08-29T17:25:15+08:00 ]NOTICE: Undefined index: fileD:\wamp\www\Project\3601\Hdphp\View\HdphpTag.php (147).
[ 2016-08-29T17:25:15+08:00 ]NOTICE: Undefined index: fileD:\wamp\www\Project\3601\Hdphp\View\HdphpTag.php (147).
[ 2016-08-29T17:25:15+08:00 ]NOTICE: Undefined index: fileD:\wamp\www\Project\3601\Hdphp\View\HdphpTag.php (147).
[ 2016-08-29T17:25:15+08:00 ]NOTICE: Undefined index: fileD:\wamp\www\Project\3601\Hdphp\View\HdphpTag.php (147).
[ 2016-08-29T17:25:15+08:00 ]NOTICE: Undefined index: fileD:\wamp\www\Project\3601\Hdphp\View\HdphpTag.php (147).
[ 2016-08-29T17:25:15+08:00 ]NOTICE: Undefined index: fileD:\wamp\www\Project\3601\Hdphp\View\HdphpTag.php (147).
[ 2016-08-29T17:26:54+08:00 ]NOTICE: Undefined index: fileD:\wamp\www\Project\3601\Hdphp\View\HdphpTag.php (147).
[ 2016-08-29T17:26:54+08:00 ]NOTICE: Undefined index: fileD:\wamp\www\Project\3601\Hdphp\View\HdphpTag.php (147).
[ 2016-08-29T17:26:54+08:00 ]NOTICE: Undefined index: fileD:\wamp\www\Project\3601\Hdphp\View\HdphpTag.php (147).
[ 2016-08-29T17:26:54+08:00 ]NOTICE: Undefined index: fileD:\wamp\www\Project\3601\Hdphp\View\HdphpTag.php (147).
[ 2016-08-29T17:26:54+08:00 ]NOTICE: Undefined index: fileD:\wamp\www\Project\3601\Hdphp\View\HdphpTag.php (147).
[ 2016-08-29T17:26:54+08:00 ]NOTICE: Undefined index: fileD:\wamp\www\Project\3601\Hdphp\View\HdphpTag.php (147).
[ 2016-08-29T17:26:54+08:00 ]NOTICE: Undefined index: fileD:\wamp\www\Project\3601\Hdphp\View\HdphpTag.php (147).
[ 2016-08-29T17:26:54+08:00 ]NOTICE: Undefined index: fileD:\wamp\www\Project\3601\Hdphp\View\HdphpTag.php (147).
[ 2016-08-29T17:26:54+08:00 ]NOTICE: Undefined index: fileD:\wamp\www\Project\3601\Hdphp\View\HdphpTag.php (147).
[ 2016-08-29T17:26:54+08:00 ]NOTICE: Undefined index: fileD:\wamp\www\Project\3601\Hdphp\View\HdphpTag.php (147).
[ 2016-08-29T17:26:54+08:00 ]NOTICE: Undefined index: fileD:\wamp\www\Project\3601\Hdphp\View\HdphpTag.php (147).
[ 2016-08-29T17:28:53+08:00 ]NOTICE: Undefined index: fileD:\wamp\www\Project\3601\Hdphp\View\HdphpTag.php (147).
[ 2016-08-29T17:28:53+08:00 ]NOTICE: Undefined index: fileD:\wamp\www\Project\3601\Hdphp\View\HdphpTag.php (147).
[ 2016-08-29T17:28:53+08:00 ]NOTICE: Undefined index: fileD:\wamp\www\Project\3601\Hdphp\View\HdphpTag.php (147).
[ 2016-08-29T17:28:53+08:00 ]NOTICE: Undefined index: fileD:\wamp\www\Project\3601\Hdphp\View\HdphpTag.php (147).
[ 2016-08-29T17:28:53+08:00 ]NOTICE: Undefined index: fileD:\wamp\www\Project\3601\Hdphp\View\HdphpTag.php (147).
[ 2016-08-29T17:28:53+08:00 ]NOTICE: Undefined index: fileD:\wamp\www\Project\3601\Hdphp\View\HdphpTag.php (147).
[ 2016-08-29T17:28:53+08:00 ]NOTICE: Undefined index: fileD:\wamp\www\Project\3601\Hdphp\View\HdphpTag.php (147).
[ 2016-08-29T17:28:53+08:00 ]NOTICE: Undefined index: fileD:\wamp\www\Project\3601\Hdphp\View\HdphpTag.php (147).
[ 2016-08-29T17:28:53+08:00 ]NOTICE: Undefined index: fileD:\wamp\www\Project\3601\Hdphp\View\HdphpTag.php (147).
[ 2016-08-29T17:28:53+08:00 ]NOTICE: Undefined index: fileD:\wamp\www\Project\3601\Hdphp\View\HdphpTag.php (147).
[ 2016-08-29T17:28:53+08:00 ]NOTICE: Undefined index: fileD:\wamp\www\Project\3601\Hdphp\View\HdphpTag.php (147).
[ 2016-08-29T17:30:08+08:00 ]NOTICE: Undefined index: fileD:\wamp\www\Project\3601\Hdphp\View\HdphpTag.php (147).
[ 2016-08-29T17:30:08+08:00 ]NOTICE: Undefined index: fileD:\wamp\www\Project\3601\Hdphp\View\HdphpTag.php (147).
[ 2016-08-29T17:30:08+08:00 ]NOTICE: Undefined index: fileD:\wamp\www\Project\3601\Hdphp\View\HdphpTag.php (147).
[ 2016-08-29T17:30:08+08:00 ]NOTICE: Undefined index: fileD:\wamp\www\Project\3601\Hdphp\View\HdphpTag.php (147).
[ 2016-08-29T17:30:08+08:00 ]NOTICE: Undefined index: fileD:\wamp\www\Project\3601\Hdphp\View\HdphpTag.php (147).
[ 2016-08-29T17:30:08+08:00 ]NOTICE: Undefined index: fileD:\wamp\www\Project\3601\Hdphp\View\HdphpTag.php (147).
[ 2016-08-29T17:30:08+08:00 ]NOTICE: Undefined index: fileD:\wamp\www\Project\3601\Hdphp\View\HdphpTag.php (147).
[ 2016-08-29T17:30:08+08:00 ]NOTICE: Undefined index: fileD:\wamp\www\Project\3601\Hdphp\View\HdphpTag.php (147).
[ 2016-08-29T17:30:08+08:00 ]NOTICE: Undefined index: fileD:\wamp\www\Project\3601\Hdphp\View\HdphpTag.php (147).
[ 2016-08-29T17:30:08+08:00 ]NOTICE: Undefined index: fileD:\wamp\www\Project\3601\Hdphp\View\HdphpTag.php (147).
[ 2016-08-29T17:30:08+08:00 ]NOTICE: Undefined index: fileD:\wamp\www\Project\3601\Hdphp\View\HdphpTag.php (147).
[ 2016-08-29T17:32:32+08:00 ]NOTICE: Undefined index: fileD:\wamp\www\Project\3601\Hdphp\View\HdphpTag.php (147).
[ 2016-08-29T17:32:32+08:00 ]NOTICE: Undefined index: fileD:\wamp\www\Project\3601\Hdphp\View\HdphpTag.php (147).
[ 2016-08-29T17:32:32+08:00 ]NOTICE: Undefined index: fileD:\wamp\www\Project\3601\Hdphp\View\HdphpTag.php (147).
[ 2016-08-29T17:32:32+08:00 ]NOTICE: Undefined index: fileD:\wamp\www\Project\3601\Hdphp\View\HdphpTag.php (147).
[ 2016-08-29T17:32:32+08:00 ]NOTICE: Undefined index: fileD:\wamp\www\Project\3601\Hdphp\View\HdphpTag.php (147).
[ 2016-08-29T17:32:32+08:00 ]NOTICE: Undefined index: fileD:\wamp\www\Project\3601\Hdphp\View\HdphpTag.php (147).
[ 2016-08-29T17:32:32+08:00 ]NOTICE: Undefined index: fileD:\wamp\www\Project\3601\Hdphp\View\HdphpTag.php (147).
[ 2016-08-29T17:32:32+08:00 ]NOTICE: Undefined index: fileD:\wamp\www\Project\3601\Hdphp\View\HdphpTag.php (147).
[ 2016-08-29T17:32:32+08:00 ]NOTICE: Undefined index: fileD:\wamp\www\Project\3601\Hdphp\View\HdphpTag.php (147).
[ 2016-08-29T17:32:32+08:00 ]NOTICE: Undefined index: fileD:\wamp\www\Project\3601\Hdphp\View\HdphpTag.php (147).
[ 2016-08-29T17:32:32+08:00 ]NOTICE: Undefined index: fileD:\wamp\www\Project\3601\Hdphp\View\HdphpTag.php (147).
[ 2016-08-29T17:32:36+08:00 ]NOTICE: Undefined index: fileD:\wamp\www\Project\3601\Hdphp\View\HdphpTag.php (147).
[ 2016-08-29T17:32:36+08:00 ]NOTICE: Undefined index: fileD:\wamp\www\Project\3601\Hdphp\View\HdphpTag.php (147).
[ 2016-08-29T17:32:36+08:00 ]NOTICE: Undefined index: fileD:\wamp\www\Project\3601\Hdphp\View\HdphpTag.php (147).
[ 2016-08-29T17:32:36+08:00 ]NOTICE: Undefined index: fileD:\wamp\www\Project\3601\Hdphp\View\HdphpTag.php (147).
[ 2016-08-29T17:32:36+08:00 ]NOTICE: Undefined index: fileD:\wamp\www\Project\3601\Hdphp\View\HdphpTag.php (147).
[ 2016-08-29T17:32:36+08:00 ]NOTICE: Undefined index: fileD:\wamp\www\Project\3601\Hdphp\View\HdphpTag.php (147).
[ 2016-08-29T17:32:36+08:00 ]NOTICE: Undefined index: fileD:\wamp\www\Project\3601\Hdphp\View\HdphpTag.php (147).
[ 2016-08-29T17:32:36+08:00 ]NOTICE: Undefined index: fileD:\wamp\www\Project\3601\Hdphp\View\HdphpTag.php (147).
[ 2016-08-29T17:32:36+08:00 ]NOTICE: Undefined index: fileD:\wamp\www\Project\3601\Hdphp\View\HdphpTag.php (147).
[ 2016-08-29T17:32:36+08:00 ]NOTICE: Undefined index: fileD:\wamp\www\Project\3601\Hdphp\View\HdphpTag.php (147).
[ 2016-08-29T17:32:36+08:00 ]NOTICE: Undefined index: fileD:\wamp\www\Project\3601\Hdphp\View\HdphpTag.php (147).
[ 2016-08-29T17:33:56+08:00 ]NOTICE: Undefined index: fileD:\wamp\www\Project\3601\Hdphp\View\HdphpTag.php (147).
[ 2016-08-29T17:33:56+08:00 ]NOTICE: Undefined index: fileD:\wamp\www\Project\3601\Hdphp\View\HdphpTag.php (147).
[ 2016-08-29T17:33:56+08:00 ]NOTICE: Undefined index: fileD:\wamp\www\Project\3601\Hdphp\View\HdphpTag.php (147).
[ 2016-08-29T17:33:56+08:00 ]NOTICE: Undefined index: fileD:\wamp\www\Project\3601\Hdphp\View\HdphpTag.php (147).
[ 2016-08-29T17:33:57+08:00 ]NOTICE: Undefined index: fileD:\wamp\www\Project\3601\Hdphp\View\HdphpTag.php (147).
[ 2016-08-29T17:33:57+08:00 ]NOTICE: Undefined index: fileD:\wamp\www\Project\3601\Hdphp\View\HdphpTag.php (147).
[ 2016-08-29T17:33:57+08:00 ]NOTICE: Undefined index: fileD:\wamp\www\Project\3601\Hdphp\View\HdphpTag.php (147).
[ 2016-08-29T17:33:57+08:00 ]NOTICE: Undefined index: fileD:\wamp\www\Project\3601\Hdphp\View\HdphpTag.php (147).
[ 2016-08-29T17:33:57+08:00 ]NOTICE: Undefined index: fileD:\wamp\www\Project\3601\Hdphp\View\HdphpTag.php (147).
[ 2016-08-29T17:33:57+08:00 ]NOTICE: Undefined index: fileD:\wamp\www\Project\3601\Hdphp\View\HdphpTag.php (147).
[ 2016-08-29T17:33:57+08:00 ]NOTICE: Undefined index: fileD:\wamp\www\Project\3601\Hdphp\View\HdphpTag.php (147).
[ 2016-08-29T17:34:08+08:00 ]NOTICE: Undefined index: fileD:\wamp\www\Project\3601\Hdphp\View\HdphpTag.php (147).
[ 2016-08-29T17:34:08+08:00 ]NOTICE: Undefined index: fileD:\wamp\www\Project\3601\Hdphp\View\HdphpTag.php (147).
[ 2016-08-29T17:34:08+08:00 ]NOTICE: Undefined index: fileD:\wamp\www\Project\3601\Hdphp\View\HdphpTag.php (147).
[ 2016-08-29T17:34:08+08:00 ]NOTICE: Undefined index: fileD:\wamp\www\Project\3601\Hdphp\View\HdphpTag.php (147).
[ 2016-08-29T17:34:08+08:00 ]NOTICE: Undefined index: fileD:\wamp\www\Project\3601\Hdphp\View\HdphpTag.php (147).
[ 2016-08-29T17:34:08+08:00 ]NOTICE: Undefined index: fileD:\wamp\www\Project\3601\Hdphp\View\HdphpTag.php (147).
[ 2016-08-29T17:34:08+08:00 ]NOTICE: Undefined index: fileD:\wamp\www\Project\3601\Hdphp\View\HdphpTag.php (147).
[ 2016-08-29T17:34:08+08:00 ]NOTICE: Undefined index: fileD:\wamp\www\Project\3601\Hdphp\View\HdphpTag.php (147).
[ 2016-08-29T17:34:08+08:00 ]NOTICE: Undefined index: fileD:\wamp\www\Project\3601\Hdphp\View\HdphpTag.php (147).
[ 2016-08-29T17:34:08+08:00 ]NOTICE: Undefined index: fileD:\wamp\www\Project\3601\Hdphp\View\HdphpTag.php (147).
[ 2016-08-29T17:34:08+08:00 ]NOTICE: Undefined index: fileD:\wamp\www\Project\3601\Hdphp\View\HdphpTag.php (147).
[ 2016-08-29T19:23:45+08:00 ]NOTICE: Undefined variable: goodsD:\wamp\www\Project\3601\App\Home\Controller\ShopcarController.php (22).
[ 2016-08-29T19:23:45+08:00 ]NOTICE: Invalid argument supplied for foreach()D:\wamp\www\Project\3601\App\Home\Controller\ShopcarController.php (22).
[ 2016-08-29T19:23:45+08:00 ]NOTICE: Undefined variable: gidD:\wamp\www\Project\3601\App\Home\Controller\ShopcarController.php (28).
[ 2016-08-29T19:23:45+08:00 ]EXCEPTION: SELECT  *  FROM shop_goods WHERE gid= LIMIT 1 ;BindParams:array (
)42000;1064;You have an error in your SQL syntax; check the manual that corresponds to your MySQL server version for the right syntax to use near 'LIMIT 1' at line 1
[ 2016-08-29T19:23:45+08:00 ]NOTICE: Undefined variable: goodsD:\wamp\www\Project\3601\App\Home\Controller\ShopcarController.php (22).
[ 2016-08-29T19:23:45+08:00 ]NOTICE: Invalid argument supplied for foreach()D:\wamp\www\Project\3601\App\Home\Controller\ShopcarController.php (22).
[ 2016-08-29T19:23:45+08:00 ]NOTICE: Undefined variable: gidD:\wamp\www\Project\3601\App\Home\Controller\ShopcarController.php (28).
[ 2016-08-29T19:23:45+08:00 ]EXCEPTION: SELECT  *  FROM shop_goods WHERE gid= LIMIT 1 ;BindParams:array (
)42000;1064;You have an error in your SQL syntax; check the manual that corresponds to your MySQL server version for the right syntax to use near 'LIMIT 1' at line 1
[ 2016-08-29T19:26:29+08:00 ]NOTICE: Non-static method Hdphp\View\View::with() should not be called statically, assuming $this from incompatible contextD:\wamp\www\Project\3601\App\Home\Controller\ShopcarController.php (15).
[ 2016-08-29T19:26:29+08:00 ]NOTICE: Non-static method Hdphp\View\View::with() should not be called statically, assuming $this from incompatible contextD:\wamp\www\Project\3601\App\Home\Controller\ShopcarController.php (27).
[ 2016-08-29T19:26:29+08:00 ]NOTICE: Non-static method Hdphp\View\View::with() should not be called statically, assuming $this from incompatible contextD:\wamp\www\Project\3601\App\Home\Controller\ShopcarController.php (32).
[ 2016-08-29T19:26:29+08:00 ]NOTICE: Non-static method Hdphp\View\View::make() should not be called statically, assuming $this from incompatible contextD:\wamp\www\Project\3601\App\Home\Controller\ShopcarController.php (33).
[ 2016-08-29T19:26:29+08:00 ]NOTICE: Undefined property: Home\Controller\ShopcarController::$tplD:\wamp\www\Project\3601\Hdphp\View\View.php (38).
[ 2016-08-29T19:26:29+08:00 ]NOTICE: Undefined property: Home\Controller\ShopcarController::$tplD:\wamp\www\Project\3601\Hdphp\View\View.php (56).
[ 2016-08-29T19:26:29+08:00 ]EXCEPTION: 模板不存在
[ 2016-08-29T19:26:29+08:00 ]NOTICE: Non-static method Hdphp\View\View::with() should not be called statically, assuming $this from incompatible contextD:\wamp\www\Project\3601\App\Home\Controller\ShopcarController.php (12).
[ 2016-08-29T19:26:29+08:00 ]NOTICE: Non-static method Hdphp\View\View::with() should not be called statically, assuming $this from incompatible contextD:\wamp\www\Project\3601\App\Home\Controller\ShopcarController.php (13).
[ 2016-08-29T19:26:29+08:00 ]NOTICE: Non-static method Hdphp\View\View::with() should not be called statically, assuming $this from incompatible contextD:\wamp\www\Project\3601\App\Home\Controller\ShopcarController.php (25).
[ 2016-08-29T19:26:29+08:00 ]NOTICE: Non-static method Hdphp\View\View::with() should not be called statically, assuming $this from incompatible contextD:\wamp\www\Project\3601\App\Home\Controller\ShopcarController.php (32).
[ 2016-08-29T19:26:29+08:00 ]NOTICE: Non-static method Hdphp\View\View::make() should not be called statically, assuming $this from incompatible contextD:\wamp\www\Project\3601\App\Home\Controller\ShopcarController.php (33).
[ 2016-08-29T19:26:29+08:00 ]NOTICE: Undefined property: Home\Controller\ShopcarController::$tplD:\wamp\www\Project\3601\Hdphp\View\View.php (38).
[ 2016-08-29T19:26:29+08:00 ]NOTICE: Undefined property: Home\Controller\ShopcarController::$tplD:\wamp\www\Project\3601\Hdphp\View\View.php (56).
[ 2016-08-29T19:26:29+08:00 ]EXCEPTION: 模板不存在
[ 2016-08-29T21:20:52+08:00 ]NOTICE: Undefined variable: goodsD:\wamp\www\Project\3601\App\Home\Controller\ShopcarController.php (17).
[ 2016-08-29T21:20:52+08:00 ]NOTICE: Invalid argument supplied for foreach()D:\wamp\www\Project\3601\App\Home\Controller\ShopcarController.php (17).
[ 2016-08-29T21:20:52+08:00 ]NOTICE: Undefined variable: gidD:\wamp\www\Project\3601\App\Home\Controller\ShopcarController.php (22).
[ 2016-08-29T21:20:53+08:00 ]EXCEPTION: SELECT  *  FROM shop_goods WHERE gid= LIMIT 1 ;BindParams:array (
)42000;1064;You have an error in your SQL syntax; check the manual that corresponds to your MySQL server version for the right syntax to use near 'LIMIT 1' at line 1
[ 2016-08-29T21:27:59+08:00 ]NOTICE: Undefined variable: goodsDataD:\wamp\www\Project\3601\Storage\view\compile\f2dfa7c40bde159643163b219b6c2cdd.php (283).
[ 2016-08-29T21:27:59+08:00 ]NOTICE: Undefined variable: goodsDataD:\wamp\www\Project\3601\Storage\view\compile\f2dfa7c40bde159643163b219b6c2cdd.php (283).
[ 2016-08-29T21:27:59+08:00 ]NOTICE: Undefined variable: goodsDataD:\wamp\www\Project\3601\Storage\view\compile\f2dfa7c40bde159643163b219b6c2cdd.php (283).
[ 2016-08-29T21:27:59+08:00 ]NOTICE: Undefined variable: goodsDataD:\wamp\www\Project\3601\Storage\view\compile\f2dfa7c40bde159643163b219b6c2cdd.php (283).
[ 2016-08-29T21:39:38+08:00 ]NOTICE: Undefined index: valueD:\wamp\www\Project\3601\Hdphp\View\HdphpTag.php (134).
